2024-08-27 00:47:40,521 [ERROR] LogOutputStream:75 - [STDERR_REDIRECT] 
2024-08-27 11:47:21,863 [INFO] Activator:176 - 


2024-08-27 11:47:21,875 [INFO] Activator:177 - !SESSION log4j initialized
2024-08-27 11:47:40,780 [INFO] LogOutputStream:77 - [STDOUT_REDIRECT] 
2024-08-27 11:51:12,034 [INFO] ApplicationProperties:184 - Using Application install path: /opt/st/stm32cubeide_1.16.0/plugins/com.st.stm32cube.common.mx_6.12.0.202406281431
2024-08-27 11:51:12,191 [INFO] DbMcusXml:78 - Set database path to: /opt/st/stm32cubeide_1.16.0/plugins/com.st.stm32cube.common.mx_6.12.0.202406281431//db//mcu/
2024-08-27 11:51:12,192 [INFO] ApiDb:274 - Set plugin database path to: /opt/st/stm32cubeide_1.16.0/plugins/com.st.stm32cube.common.mx_6.12.0.202406281431//db//plugins/boardmanager/
2024-08-27 11:51:12,192 [WARN] ApiDb:259 - Overriding images path with different value:  => /opt/st/stm32cubeide_1.16.0/plugins/com.st.stm32cube.common.mx_6.12.0.202406281431//db//plugins/mcufinder/images/
2024-08-27 11:51:12,542 [INFO] ApiDb:250 - Set database path to: /home/lubuntu/.stmcufinder/plugins/mcufinder//mcu/
2024-08-27 11:51:12,546 [INFO] DbMcusAds:125 - Set database path to: /home/lubuntu/.stmcufinder/plugins/mcufinder//mcu/
2024-08-27 11:51:28,309 [INFO] CrossReferenceDbSqlite:203 - Set database path to: /home/lubuntu/.stmcufinder/plugins/mcufinder//mcu/cs/
2024-08-27 11:51:28,585 [INFO] RulesReader:64 - Compatibility file has been processed (297 Rules)
2024-08-27 11:51:28,939 [INFO] DbMcusXml:78 - Set database path to: /opt/st/stm32cubeide_1.16.0/plugins/com.st.stm32cube.common.mx_6.12.0.202406281431//db//mcu/
2024-08-27 11:51:28,940 [INFO] ApiDb:274 - Set plugin database path to: /opt/st/stm32cubeide_1.16.0/plugins/com.st.stm32cube.common.mx_6.12.0.202406281431//db//plugins/boardmanager/
2024-08-27 11:51:28,940 [INFO] ApiDb:261 - Set plugin images path to: /opt/st/stm32cubeide_1.16.0/plugins/com.st.stm32cube.common.mx_6.12.0.202406281431//db//plugins/mcufinder/images/
2024-08-27 11:51:28,941 [WARN] DbFile:41 - Overriding database path with different value: /home/lubuntu/.stmcufinder/plugins/mcufinder/ => /home/lubuntu/.stmcufinder/plugins/mcufinder
2024-08-27 11:51:28,941 [INFO] ApiDb:250 - Set database path to: /home/lubuntu/.stmcufinder/plugins/mcufinder//mcu/
2024-08-27 11:51:28,941 [WARN] DbFile:41 - Overriding database path with different value: /home/lubuntu/.stmcufinder/plugins/mcufinder/ => /home/lubuntu/.stmcufinder/plugins/mcufinder
2024-08-27 11:51:28,941 [INFO] DbMcusAds:125 - Set database path to: /home/lubuntu/.stmcufinder/plugins/mcufinder//mcu/
2024-08-27 11:51:28,942 [WARN] DbFile:41 - Overriding database path with different value: /home/lubuntu/.stmcufinder/plugins/mcufinder/ => /home/lubuntu/.stmcufinder/plugins/mcufinder
2024-08-27 11:51:28,942 [WARN] DbFile:41 - Overriding database path with different value: /home/lubuntu/.stmcufinder/plugins/mcufinder/ => /home/lubuntu/.stmcufinder/plugins/mcufinder
2024-08-27 11:51:28,942 [INFO] CrossReferenceDbSqlite:203 - Set database path to: /home/lubuntu/.stmcufinder/plugins/mcufinder//mcu/cs/
2024-08-27 11:51:29,384 [INFO] MainPanel:268 - HeapMemory: 465567744
2024-08-27 11:51:30,174 [INFO] DbMcusXml:78 - Set database path to: /opt/st/stm32cubeide_1.16.0/plugins/com.st.stm32cube.common.mx_6.12.0.202406281431//db//mcu/
2024-08-27 11:51:30,175 [INFO] ApiDb:274 - Set plugin database path to: /opt/st/stm32cubeide_1.16.0/plugins/com.st.stm32cube.common.mx_6.12.0.202406281431//db//plugins/boardmanager/
2024-08-27 11:51:30,175 [INFO] ApiDb:261 - Set plugin images path to: /opt/st/stm32cubeide_1.16.0/plugins/com.st.stm32cube.common.mx_6.12.0.202406281431//db//plugins/mcufinder/images/
2024-08-27 11:51:30,175 [WARN] DbFile:41 - Overriding database path with different value: /home/lubuntu/.stmcufinder/plugins/mcufinder/ => /home/lubuntu/.stmcufinder/plugins/mcufinder
2024-08-27 11:51:30,175 [INFO] ApiDb:250 - Set database path to: /home/lubuntu/.stmcufinder/plugins/mcufinder//mcu/
2024-08-27 11:51:30,176 [WARN] DbFile:41 - Overriding database path with different value: /home/lubuntu/.stmcufinder/plugins/mcufinder/ => /home/lubuntu/.stmcufinder/plugins/mcufinder
2024-08-27 11:51:30,176 [INFO] DbMcusAds:125 - Set database path to: /home/lubuntu/.stmcufinder/plugins/mcufinder//mcu/
2024-08-27 11:51:30,176 [WARN] DbFile:41 - Overriding database path with different value: /home/lubuntu/.stmcufinder/plugins/mcufinder/ => /home/lubuntu/.stmcufinder/plugins/mcufinder
2024-08-27 11:51:30,176 [WARN] DbFile:41 - Overriding database path with different value: /home/lubuntu/.stmcufinder/plugins/mcufinder/ => /home/lubuntu/.stmcufinder/plugins/mcufinder
2024-08-27 11:51:30,176 [INFO] CrossReferenceDbSqlite:203 - Set database path to: /home/lubuntu/.stmcufinder/plugins/mcufinder//mcu/cs/
2024-08-27 11:51:30,258 [INFO] ApplicationProperties:184 - Using Application install path: /opt/st/stm32cubeide_1.16.0/plugins/com.st.stm32cube.common.mx_6.12.0.202406281431
2024-08-27 11:51:30,260 [INFO] PluginManage:196 - Search for loadable plugins [exclusion list=, ]
2024-08-27 11:51:30,283 [INFO] PluginManage:310 - Check plugin analytics
2024-08-27 11:51:30,861 [INFO] AnalyticsPlugin:253 - Accepted Software Licenses: 
2024-08-27 11:51:30,862 [INFO] AnalyticsPlugin:255 - Accepted CMSIS Pack Licenses: 
2024-08-27 11:51:30,862 [INFO] AnalyticsPlugin:257 - Accepted Firmware Licenses: FW.MP1.1.6.0
2024-08-27 11:51:30,864 [INFO] PluginManage:359 - Loaded plugin analytics (category:tool,tabindex:-1)
2024-08-27 11:51:30,865 [INFO] PluginManage:310 - Check plugin cadmodel
2024-08-27 11:51:30,900 [INFO] CADModel:105 - Init CAD model plugin
2024-08-27 11:51:30,901 [INFO] PluginManage:359 - Loaded plugin cadmodel (category:power,tabindex:5)
2024-08-27 11:51:30,901 [INFO] PluginManage:310 - Check plugin clock
2024-08-27 11:51:30,963 [INFO] PluginManage:359 - Loaded plugin clock (category:base,tabindex:2)
2024-08-27 11:51:30,963 [INFO] PluginManage:310 - Check plugin ddr
2024-08-27 11:51:30,979 [INFO] PluginManage:359 - Loaded plugin ddr (category:tool,tabindex:6)
2024-08-27 11:51:30,979 [INFO] PluginManage:310 - Check plugin filemanager
2024-08-27 11:51:31,414 [INFO] PluginManage:359 - Loaded plugin filemanager (category:base,tabindex:10)
2024-08-27 11:51:31,415 [INFO] PluginManage:310 - Check plugin ipmanager
2024-08-27 11:51:31,457 [INFO] PluginManage:359 - Loaded plugin ipmanager (category:base,tabindex:5)
2024-08-27 11:51:31,457 [INFO] PluginManage:310 - Check plugin lpbam
2024-08-27 11:51:31,497 [INFO] PluginManage:359 - Loaded plugin lpbam (category:base,tabindex:0)
2024-08-27 11:51:31,498 [INFO] PluginManage:310 - Check plugin memorymap
2024-08-27 11:51:31,544 [INFO] PluginManage:359 - Loaded plugin memorymap (category:base,tabindex:4)
2024-08-27 11:51:31,546 [INFO] PluginManage:310 - Check plugin pinoutandconfiguration
2024-08-27 11:51:31,559 [INFO] PluginManage:359 - Loaded plugin pinoutandconfiguration (category:base,tabindex:1)
2024-08-27 11:51:31,560 [INFO] PluginManage:310 - Check plugin pinoutconfig
2024-08-27 11:51:31,793 [WARN] SupportedApi:132 - Cannot load RTOS API schema: s4s-elt-must-match.1: The content of 'definitions' must match (annotation?, (simpleType | complexType)?, (unique | key | keyref)*)). A problem was found starting at: attribute.
2024-08-27 11:51:32,200 [INFO] PluginManage:359 - Loaded plugin pinoutconfig (category:base,tabindex:0)
2024-08-27 11:51:32,201 [INFO] PluginManage:310 - Check plugin power
2024-08-27 11:51:32,285 [INFO] PluginManage:359 - Loaded plugin power (category:power,tabindex:4)
2024-08-27 11:51:32,286 [INFO] PluginManage:310 - Check plugin projectmanager
2024-08-27 11:51:32,333 [INFO] PluginManage:359 - Loaded plugin projectmanager (category:projectmanager,tabindex:4)
2024-08-27 11:51:32,333 [INFO] PluginManage:310 - Check plugin rif
2024-08-27 11:51:32,345 [INFO] PluginManage:359 - Loaded plugin rif (category:base,tabindex:3)
2024-08-27 11:51:32,345 [INFO] PluginManage:310 - Check plugin thirdparty
2024-08-27 11:51:32,900 [WARN] IntegrityCheckThread:84 - waiting for thirdparty lock release [integrity check]
2024-08-27 11:51:32,900 [INFO] IntegrityCheckThread:86 - entering critical section [integrity check]
2024-08-27 11:51:32,901 [INFO] ThirdPartyUpdaterWithRetryManager:70 - Updater plugin not ready yet. [1/15]
2024-08-27 11:51:32,900 [INFO] PluginManage:359 - Loaded plugin thirdparty (category:base,tabindex:-1)
2024-08-27 11:51:32,903 [INFO] PluginManage:310 - Check plugin tools
2024-08-27 11:51:32,949 [INFO] PluginManage:359 - Loaded plugin tools (category:base,tabindex:7)
2024-08-27 11:51:32,950 [INFO] PluginManage:310 - Check plugin tutovideos
2024-08-27 11:51:33,361 [INFO] PluginManage:359 - Loaded plugin tutovideos (category:base,tabindex:-1)
2024-08-27 11:51:33,361 [INFO] PluginManage:310 - Check plugin updater
2024-08-27 11:51:33,414 [INFO] PluginManage:359 - Loaded plugin updater (category:base,tabindex:12)
2024-08-27 11:51:33,414 [INFO] PluginManage:310 - Check plugin userauth
2024-08-27 11:51:33,437 [INFO] UserAuth:113 - Init User Auth plugin
2024-08-27 11:51:33,437 [INFO] PluginManage:359 - Loaded plugin userauth (category:base,tabindex:14)
2024-08-27 11:51:33,438 [INFO] PluginManage:283 - PluginManage : Loaded plugins [18]
2024-08-27 11:51:34,043 [INFO] PinOutPanel:1561 - setPackage(No Configuration,No Configuration)
2024-08-27 11:51:34,318 [INFO] CADModel:165 - CPN selected for project level
2024-08-27 11:51:34,318 [INFO] CADModel:114 - Register for checkConnection events
2024-08-27 11:51:34,368 [INFO] IPUIPlugin:80 - create IPUIPlugin
2024-08-27 11:51:34,368 [INFO] PluginManager:220 - loadIPPluginJar : add tsc
2024-08-27 11:51:34,409 [INFO] IPUIPlugin:80 - create IPUIPlugin
2024-08-27 11:51:34,411 [INFO] PluginManager:220 - loadIPPluginJar : add adc
2024-08-27 11:51:34,415 [INFO] IPUIPlugin:80 - create IPUIPlugin
2024-08-27 11:51:34,415 [INFO] PluginManager:220 - loadIPPluginJar : add pdm2pcm
2024-08-27 11:51:34,418 [INFO] IPUIPlugin:80 - create IPUIPlugin
2024-08-27 11:51:34,418 [INFO] PluginManager:220 - loadIPPluginJar : add gfxmmu
2024-08-27 11:51:34,430 [INFO] IPUIPlugin:80 - create IPUIPlugin
2024-08-27 11:51:34,431 [INFO] PluginManager:220 - loadIPPluginJar : add gic
2024-08-27 11:51:34,435 [INFO] IPUIPlugin:80 - create IPUIPlugin
2024-08-27 11:51:34,435 [INFO] PluginManager:220 - loadIPPluginJar : add extmemmanager
2024-08-27 11:51:34,444 [INFO] IPUIPlugin:80 - create IPUIPlugin
2024-08-27 11:51:34,444 [INFO] PluginManager:220 - loadIPPluginJar : add tracer_emb
2024-08-27 11:51:34,473 [INFO] IPUIPlugin:80 - create IPUIPlugin
2024-08-27 11:51:34,473 [INFO] PluginManager:220 - loadIPPluginJar : add lorawan
2024-08-27 11:51:34,480 [INFO] IPUIPlugin:80 - create IPUIPlugin
2024-08-27 11:51:34,480 [INFO] PluginManager:220 - loadIPPluginJar : add cryp
2024-08-27 11:51:34,513 [INFO] IPUIPlugin:80 - create IPUIPlugin
2024-08-27 11:51:34,513 [INFO] PluginManager:220 - loadIPPluginJar : add gpio
2024-08-27 11:51:34,548 [INFO] IPUIPlugin:80 - create IPUIPlugin
2024-08-27 11:51:34,549 [INFO] PluginManager:220 - loadIPPluginJar : add ipddr
2024-08-27 11:51:34,556 [INFO] IPUIPlugin:80 - create IPUIPlugin
2024-08-27 11:51:34,556 [INFO] PluginManager:220 - loadIPPluginJar : add usbx
2024-08-27 11:51:34,559 [INFO] IPUIPlugin:80 - create IPUIPlugin
2024-08-27 11:51:34,560 [INFO] PluginManager:220 - loadIPPluginJar : add ts
2024-08-27 11:51:34,607 [INFO] IPUIPlugin:80 - create IPUIPlugin
2024-08-27 11:51:34,607 [INFO] PluginManager:220 - loadIPPluginJar : add mdma
2024-08-27 11:51:34,617 [INFO] IPUIPlugin:80 - create IPUIPlugin
2024-08-27 11:51:34,618 [INFO] PluginManager:220 - loadIPPluginJar : add stm32_wpan
2024-08-27 11:51:34,631 [INFO] IPUIPlugin:80 - create IPUIPlugin
2024-08-27 11:51:34,632 [INFO] PluginManager:220 - loadIPPluginJar : add ddr_ctrl_phy
2024-08-27 11:51:34,641 [INFO] IPUIPlugin:80 - create IPUIPlugin
2024-08-27 11:51:34,641 [INFO] PluginManager:220 - loadIPPluginJar : add genericplugin
2024-08-27 11:51:34,644 [INFO] IPUIPlugin:80 - create IPUIPlugin
2024-08-27 11:51:34,645 [INFO] PluginManager:220 - loadIPPluginJar : add quadspi
2024-08-27 11:51:34,655 [INFO] IPUIPlugin:80 - create IPUIPlugin
2024-08-27 11:51:34,656 [INFO] PluginManager:220 - loadIPPluginJar : add dma3
2024-08-27 11:51:34,658 [INFO] IPUIPlugin:80 - create IPUIPlugin
2024-08-27 11:51:34,659 [INFO] PluginManager:220 - loadIPPluginJar : add comp
2024-08-27 11:51:34,666 [INFO] IPUIPlugin:80 - create IPUIPlugin
2024-08-27 11:51:34,667 [INFO] PluginManager:220 - loadIPPluginJar : add hash
2024-08-27 11:51:34,677 [INFO] IPUIPlugin:80 - create IPUIPlugin
2024-08-27 11:51:34,679 [INFO] PluginManager:220 - loadIPPluginJar : add touchsensing
2024-08-27 11:51:34,688 [INFO] IPUIPlugin:80 - create IPUIPlugin
2024-08-27 11:51:34,688 [INFO] PluginManager:220 - loadIPPluginJar : add spi
2024-08-27 11:51:34,692 [INFO] IPUIPlugin:80 - create IPUIPlugin
2024-08-27 11:51:34,692 [INFO] PluginManager:220 - loadIPPluginJar : add dfsdm
2024-08-27 11:51:34,724 [INFO] IPUIPlugin:80 - create IPUIPlugin
2024-08-27 11:51:34,725 [INFO] PluginManager:220 - loadIPPluginJar : add dma
2024-08-27 11:51:34,731 [INFO] IPUIPlugin:80 - create IPUIPlugin
2024-08-27 11:51:34,732 [INFO] PluginManager:220 - loadIPPluginJar : add sai
2024-08-27 11:51:34,743 [INFO] IPUIPlugin:80 - create IPUIPlugin
2024-08-27 11:51:34,743 [INFO] PluginManager:220 - loadIPPluginJar : add i2s
2024-08-27 11:51:34,752 [INFO] IPUIPlugin:80 - create IPUIPlugin
2024-08-27 11:51:34,753 [INFO] PluginManager:220 - loadIPPluginJar : add i3c
2024-08-27 11:51:34,762 [INFO] IPUIPlugin:80 - create IPUIPlugin
2024-08-27 11:51:34,762 [INFO] PluginManager:220 - loadIPPluginJar : add fatfs
2024-08-27 11:51:34,770 [INFO] IPUIPlugin:80 - create IPUIPlugin
2024-08-27 11:51:34,771 [INFO] PluginManager:220 - loadIPPluginJar : add radio
2024-08-27 11:51:34,843 [INFO] IPUIPlugin:80 - create IPUIPlugin
2024-08-27 11:51:34,847 [INFO] PluginManager:220 - loadIPPluginJar : add plateformsettings
2024-08-27 11:51:34,855 [INFO] IPUIPlugin:80 - create IPUIPlugin
2024-08-27 11:51:34,856 [INFO] PluginManager:220 - loadIPPluginJar : add i2c
2024-08-27 11:51:34,872 [INFO] IPUIPlugin:80 - create IPUIPlugin
2024-08-27 11:51:34,872 [INFO] PluginManager:220 - loadIPPluginJar : add opamp
2024-08-27 11:51:34,878 [INFO] IPUIPlugin:80 - create IPUIPlugin
2024-08-27 11:51:34,878 [INFO] PluginManager:220 - loadIPPluginJar : add openamp
2024-08-27 11:51:34,908 [INFO] IPUIPlugin:80 - create IPUIPlugin
2024-08-27 11:51:34,908 [INFO] PluginManager:220 - loadIPPluginJar : add resmgrutility
2024-08-27 11:51:34,916 [INFO] IPUIPlugin:80 - create IPUIPlugin
2024-08-27 11:51:34,917 [INFO] PluginManager:220 - loadIPPluginJar : add can
2024-08-27 11:51:34,919 [INFO] IPUIPlugin:80 - create IPUIPlugin
2024-08-27 11:51:34,919 [INFO] PluginManager:220 - loadIPPluginJar : add ucpd
2024-08-27 11:51:34,930 [INFO] IPUIPlugin:80 - create IPUIPlugin
2024-08-27 11:51:34,930 [INFO] PluginManager:220 - loadIPPluginJar : add linkedlist
2024-08-27 11:51:34,949 [INFO] IPUIPlugin:80 - create IPUIPlugin
2024-08-27 11:51:34,950 [INFO] PluginManager:220 - loadIPPluginJar : add freertos
2024-08-27 11:51:34,954 [INFO] IPUIPlugin:80 - create IPUIPlugin
2024-08-27 11:51:34,954 [INFO] PluginManager:220 - loadIPPluginJar : add ltdc
2024-08-27 11:51:34,968 [INFO] IPUIPlugin:80 - create IPUIPlugin
2024-08-27 11:51:34,968 [INFO] PluginManager:220 - loadIPPluginJar : add nvic
2024-08-27 11:51:34,974 [INFO] IPUIPlugin:80 - create IPUIPlugin
2024-08-27 11:51:34,974 [INFO] PluginManager:220 - loadIPPluginJar : add tim
2024-08-27 11:51:34,977 [INFO] IPUIPlugin:80 - create IPUIPlugin
2024-08-27 11:51:34,977 [INFO] PluginManager:220 - loadIPPluginJar : add usart
2024-08-27 11:51:34,981 [INFO] IPUIPlugin:80 - create IPUIPlugin
2024-08-27 11:51:34,982 [INFO] PluginManager:220 - loadIPPluginJar : add aes
2024-08-27 11:51:34,988 [INFO] IPUIPlugin:80 - create IPUIPlugin
2024-08-27 11:51:34,988 [INFO] PluginManager:220 - loadIPPluginJar : add fmc
2024-08-27 11:51:34,991 [INFO] IPUIPlugin:80 - create IPUIPlugin
2024-08-27 11:51:34,992 [INFO] PluginManager:220 - loadIPPluginJar : add gtzc
2024-08-27 11:51:35,151 [INFO] CADModel:165 - CPN selected for project level
2024-08-27 11:51:35,151 [INFO] CADModel:114 - Register for checkConnection events
2024-08-27 11:51:35,151 [FATAL] Updater:334 - Updater called before beeing initialized
2024-08-27 11:51:35,152 [ERROR] CADModel:125 - Updater not yet initialized, retry later 
2024-08-27 11:51:35,514 [INFO] CADModel:165 - CPN selected for project level
2024-08-27 11:51:35,514 [INFO] CADModel:114 - Register for checkConnection events
2024-08-27 11:51:35,514 [FATAL] Updater:334 - Updater called before beeing initialized
2024-08-27 11:51:35,514 [ERROR] CADModel:125 - Updater not yet initialized, retry later 
2024-08-27 11:51:35,525 [FATAL] Updater:334 - Updater called before beeing initialized
2024-08-27 11:51:35,726 [FATAL] Updater:334 - Updater called before beeing initialized
2024-08-27 11:51:35,747 [INFO] DbMcusAds:53 - JSON generation date=Thu May 16 11:22:00 CEST 2024 (1715851320667)
2024-08-27 11:51:35,747 [FATAL] Updater:334 - Updater called before beeing initialized
2024-08-27 11:51:35,901 [INFO] ThirdPartyUpdaterWithRetryManager:70 - Updater plugin not ready yet. [2/15]
2024-08-27 11:51:35,910 [WARN] DetailPanel:346 - Failed to get advertising image, set to default
2024-08-27 11:51:36,057 [FATAL] Updater:334 - Updater called before beeing initialized
2024-08-27 11:51:36,097 [FATAL] Updater:334 - Updater called before beeing initialized
2024-08-27 11:51:36,097 [FATAL] Updater:334 - Updater called before beeing initialized
2024-08-27 11:51:36,097 [WARN] DetailPanel:346 - Failed to get advertising image, set to default
2024-08-27 11:51:36,099 [FATAL] Updater:334 - Updater called before beeing initialized
2024-08-27 11:51:36,197 [ERROR] Updater:1164 - MainUpdater not yet initialized. External WinMGr cannot be set.
2024-08-27 11:51:36,206 [INFO] Updater:1100 - Updater Version found : 6.12.0
2024-08-27 11:51:36,275 [INFO] ApplicationProperties:184 - Using Application install path: /opt/st/stm32cubeide_1.16.0/plugins/com.st.stm32cube.common.mx_6.12.0.202406281431
2024-08-27 11:51:36,961 [INFO] MainUpdater:2873 - connection check result : 10
2024-08-27 11:51:36,962 [INFO] MainUpdater:290 - Updater Check For Update Now.
2024-08-27 11:51:36,962 [INFO] MicroXplorer:498 - Change Database Version : DB.6.0.120
2024-08-27 11:51:37,006 [INFO] McuFinderGlobals:63 - Set McuFinder mode to 2 (CubeIDE integrated)
2024-08-27 11:51:37,021 [INFO] UserAuth:417 - Internet connection configuration mode: 1
2024-08-27 11:51:37,272 [INFO] JxBrowserEngine:152 - Initiate JxBrowser Engine with user profile folder
2024-08-27 11:51:37,463 [INFO] CheckServerUpdateThread:120 - End of CheckServer Thread
2024-08-27 11:51:39,965 [WARN] PackLoader:240 - Cannot read IP mode file for STMicroelectronics.FP-SNS-MOTENVWB1.1.4.0
2024-08-27 11:51:40,000 [WARN] PackLoader:240 - Cannot read IP mode file for STMicroelectronics.X-CUBE-SMBUS.2.1.0
2024-08-27 11:51:40,091 [WARN] PackLoader:240 - Cannot read IP mode file for STMicroelectronics.X-CUBE-AZRTOS-F7.1.1.0
2024-08-27 11:51:40,256 [WARN] PackLoader:240 - Cannot read IP mode file for STMicroelectronics.X-CUBE-MEMS1.11.0.0
2024-08-27 11:51:40,408 [WARN] PackLoader:240 - Cannot read IP mode file for STMicroelectronics.FP-SNS-FLIGHT1.5.0.2
2024-08-27 11:51:40,432 [WARN] PackLoader:240 - Cannot read IP mode file for STMicroelectronics.X-CUBE-DISPLAY.3.0.0
2024-08-27 11:51:40,449 [WARN] PackLoader:240 - Cannot read IP mode file for STMicroelectronics.X-CUBE-BLE1.7.0.0
2024-08-27 11:51:40,498 [WARN] PackLoader:240 - Cannot read IP mode file for emotas.I-CUBE-CANOPEN.1.3.0
2024-08-27 11:51:40,531 [WARN] PackLoader:240 - Cannot read IP mode file for STMicroelectronics.X-CUBE-BLEMGR.3.1.0
2024-08-27 11:51:40,590 [WARN] PackLoader:240 - Cannot read IP mode file for STMicroelectronics.FP-SNS-SMARTAG2.1.2.0
2024-08-27 11:51:40,784 [INFO] LogOutputStream:77 - [STDOUT_REDIRECT] 1 : Invalid condition id : UX_CORESTACK_Condition cause : null
2024-08-27 11:51:40,785 [INFO] LogOutputStream:77 - [STDOUT_REDIRECT] 1 : Invalid condition id : UX_CORESTACK_Condition cause : null
2024-08-27 11:51:40,785 [INFO] LogOutputStream:77 - [STDOUT_REDIRECT] 1 : Invalid condition id : UX_CORESTACK_Condition cause : null
2024-08-27 11:51:40,786 [INFO] LogOutputStream:77 - [STDOUT_REDIRECT] 1 : Invalid condition id : UX_CORESTACK_Condition cause : null
2024-08-27 11:51:40,786 [INFO] LogOutputStream:77 - [STDOUT_REDIRECT] 1 : Invalid condition id : UX_CORESTACK_Condition cause : null
2024-08-27 11:51:40,789 [WARN] PackLoader:240 - Cannot read IP mode file for STMicroelectronics.X-CUBE-AZRTOS-WL.2.0.0
2024-08-27 11:51:40,806 [WARN] PackLoader:240 - Cannot read IP mode file for STMicroelectronics.FP-SNS-MOTENV1.5.0.0
2024-08-27 11:51:40,855 [WARN] PackLoader:240 - Cannot read IP mode file for wolfSSL.I-CUBE-wolfMQTT.1.19.0
2024-08-27 11:51:40,872 [WARN] PackLoader:240 - Cannot read IP mode file for WES.I-CUBE-Cesium.1.3.0
2024-08-27 11:51:40,908 [WARN] PackLoader:240 - Cannot read IP mode file for STMicroelectronics.X-CUBE-BLE2.3.3.0
2024-08-27 11:51:40,934 [WARN] PackLoader:240 - Cannot read IP mode file for STMicroelectronics.X-CUBE-TCPP.4.1.0
2024-08-27 11:51:41,026 [WARN] PackLoader:240 - Cannot read IP mode file for STMicroelectronics.X-CUBE-AZRTOS-G0.1.1.0
2024-08-27 11:51:41,073 [WARN] PackLoader:240 - Cannot read IP mode file for STMicroelectronics.X-CUBE-SAFEA1.1.2.2
2024-08-27 11:51:41,123 [WARN] PackLoader:240 - Cannot read IP mode file for STMicroelectronics.X-CUBE-NFC4.3.0.0
2024-08-27 11:51:41,149 [WARN] PackLoader:240 - Cannot read IP mode file for EmbeddedOffice.I-CUBE-FS-RTOS.1.0.1
2024-08-27 11:51:41,149 [ERROR] ConditionMgr:805 - Attr not supported : Dmpu
2024-08-27 11:51:41,149 [ERROR] ConditionMgr:805 - Attr not supported : Dmpu
2024-08-27 11:51:41,149 [ERROR] ConditionMgr:805 - Attr not supported : Dmpu
2024-08-27 11:51:41,150 [ERROR] ConditionMgr:805 - Attr not supported : Dmpu
2024-08-27 11:51:41,150 [ERROR] ConditionMgr:805 - Attr not supported : Dmpu
2024-08-27 11:51:41,150 [ERROR] ConditionMgr:805 - Attr not supported : Dmpu
2024-08-27 11:51:41,150 [ERROR] ConditionMgr:805 - Attr not supported : Dmpu
2024-08-27 11:51:41,150 [ERROR] ConditionMgr:805 - Attr not supported : Dmpu
2024-08-27 11:51:41,150 [ERROR] ConditionMgr:805 - Attr not supported : Dmpu
2024-08-27 11:51:41,150 [ERROR] ConditionMgr:805 - Attr not supported : Dmpu
2024-08-27 11:51:41,150 [ERROR] ConditionMgr:805 - Attr not supported : Dmpu
2024-08-27 11:51:41,150 [ERROR] ConditionMgr:805 - Attr not supported : Dmpu
2024-08-27 11:51:41,151 [ERROR] ConditionMgr:805 - Attr not supported : Dmpu
2024-08-27 11:51:41,151 [ERROR] ConditionMgr:805 - Attr not supported : Dmpu
2024-08-27 11:51:41,151 [ERROR] ConditionMgr:805 - Attr not supported : Dmpu
2024-08-27 11:51:41,151 [ERROR] ConditionMgr:805 - Attr not supported : Dmpu
2024-08-27 11:51:41,151 [ERROR] ConditionMgr:805 - Attr not supported : Dmpu
2024-08-27 11:51:41,151 [ERROR] ConditionMgr:805 - Attr not supported : Dmpu
2024-08-27 11:51:41,151 [ERROR] ConditionMgr:805 - Attr not supported : Dmpu
2024-08-27 11:51:41,151 [ERROR] ConditionMgr:805 - Attr not supported : Dmpu
2024-08-27 11:51:41,151 [ERROR] ConditionMgr:805 - Attr not supported : Dmpu
2024-08-27 11:51:41,152 [ERROR] ConditionMgr:805 - Attr not supported : Dmpu
2024-08-27 11:51:41,152 [ERROR] ConditionMgr:805 - Attr not supported : Dmpu
2024-08-27 11:51:41,152 [ERROR] ConditionMgr:805 - Attr not supported : Dmpu
2024-08-27 11:51:41,152 [ERROR] ConditionMgr:805 - Attr not supported : Dmpu
2024-08-27 11:51:41,152 [ERROR] ConditionMgr:805 - Attr not supported : Dmpu
2024-08-27 11:51:41,152 [ERROR] ConditionMgr:805 - Attr not supported : Dmpu
2024-08-27 11:51:41,152 [ERROR] ConditionMgr:805 - Attr not supported : Dmpu
2024-08-27 11:51:41,152 [ERROR] ConditionMgr:805 - Attr not supported : Dmpu
2024-08-27 11:51:41,152 [ERROR] ConditionMgr:805 - Attr not supported : Dmpu
2024-08-27 11:51:41,153 [ERROR] ConditionMgr:805 - Attr not supported : Dmpu
2024-08-27 11:51:41,153 [ERROR] ConditionMgr:805 - Attr not supported : Dmpu
2024-08-27 11:51:41,153 [ERROR] ConditionMgr:805 - Attr not supported : Dmpu
2024-08-27 11:51:41,153 [ERROR] ConditionMgr:805 - Attr not supported : Dmpu
2024-08-27 11:51:41,153 [ERROR] ConditionMgr:805 - Attr not supported : Dmpu
2024-08-27 11:51:41,153 [ERROR] ConditionMgr:805 - Attr not supported : Dmpu
2024-08-27 11:51:41,153 [ERROR] ConditionMgr:805 - Attr not supported : Dmpu
2024-08-27 11:51:41,154 [ERROR] ConditionMgr:805 - Attr not supported : Dmpu
2024-08-27 11:51:41,154 [ERROR] ConditionMgr:805 - Attr not supported : Dmpu
2024-08-27 11:51:41,154 [ERROR] ConditionMgr:805 - Attr not supported : Dmpu
2024-08-27 11:51:41,154 [ERROR] ConditionMgr:805 - Attr not supported : Dmpu
2024-08-27 11:51:41,154 [ERROR] ConditionMgr:805 - Attr not supported : Dmpu
2024-08-27 11:51:41,154 [ERROR] ConditionMgr:805 - Attr not supported : Dmpu
2024-08-27 11:51:41,154 [ERROR] ConditionMgr:805 - Attr not supported : Dmpu
2024-08-27 11:51:41,154 [ERROR] ConditionMgr:805 - Attr not supported : Dmpu
2024-08-27 11:51:41,155 [ERROR] ConditionMgr:805 - Attr not supported : Dmpu
2024-08-27 11:51:41,155 [ERROR] ConditionMgr:805 - Attr not supported : Dmpu
2024-08-27 11:51:41,155 [ERROR] ConditionMgr:805 - Attr not supported : Dmpu
2024-08-27 11:51:41,155 [ERROR] ConditionMgr:805 - Attr not supported : Dmpu
2024-08-27 11:51:41,155 [ERROR] ConditionMgr:805 - Attr not supported : Dmpu
2024-08-27 11:51:41,155 [ERROR] ConditionMgr:805 - Attr not supported : Dmpu
2024-08-27 11:51:41,155 [ERROR] ConditionMgr:805 - Attr not supported : Dmpu
2024-08-27 11:51:41,155 [ERROR] ConditionMgr:805 - Attr not supported : Dmpu
2024-08-27 11:51:41,155 [ERROR] ConditionMgr:805 - Attr not supported : Dmpu
2024-08-27 11:51:41,156 [ERROR] ConditionMgr:805 - Attr not supported : Dmpu
2024-08-27 11:51:41,156 [ERROR] ConditionMgr:805 - Attr not supported : Dmpu
2024-08-27 11:51:41,156 [ERROR] ConditionMgr:805 - Attr not supported : Dmpu
2024-08-27 11:51:41,156 [ERROR] ConditionMgr:805 - Attr not supported : Dmpu
2024-08-27 11:51:41,156 [ERROR] ConditionMgr:805 - Attr not supported : Dmpu
2024-08-27 11:51:41,156 [ERROR] ConditionMgr:805 - Attr not supported : Dmpu
2024-08-27 11:51:41,156 [ERROR] ConditionMgr:805 - Attr not supported : Dmpu
2024-08-27 11:51:41,156 [ERROR] ConditionMgr:805 - Attr not supported : Dmpu
2024-08-27 11:51:41,157 [ERROR] ConditionMgr:805 - Attr not supported : Dmpu
2024-08-27 11:51:41,157 [ERROR] ConditionMgr:805 - Attr not supported : Dmpu
2024-08-27 11:51:41,324 [WARN] PackLoader:240 - Cannot read IP mode file for RealThread.X-CUBE-RT-Thread_Nano.4.1.1
2024-08-27 11:51:41,327 [WARN] PackLoader:240 - Cannot read IP mode file for STMicroelectronics.FP-ATR-SIGFOX1.3.2.0
2024-08-27 11:51:41,330 [WARN] PackLoader:240 - Cannot read IP mode file for wolfSSL.I-CUBE-wolfSSL.5.7.2
2024-08-27 11:51:41,888 [WARN] PackLoader:240 - Cannot read IP mode file for STMicroelectronics.X-CUBE-EEPRMA1.5.1.0
2024-08-27 11:51:41,905 [WARN] PackLoader:240 - Cannot read IP mode file for ITTIA_DB.I-CUBE-ITTIADB.8.9.0
2024-08-27 11:51:42,606 [WARN] PackLoader:240 - Cannot read IP mode file for SEGGER.I-CUBE-embOS.1.3.1
2024-08-27 11:51:42,670 [WARN] PackLoader:240 - Cannot read IP mode file for STMicroelectronics.X-CUBE-ALGOBUILD.1.4.0
2024-08-27 11:51:42,690 [WARN] PackLoader:240 - Cannot read IP mode file for STMicroelectronics.X-CUBE-GNSS1.6.0.0
2024-08-27 11:51:42,781 [WARN] PackLoader:240 - Cannot read IP mode file for STMicroelectronics.X-CUBE-AZRTOS-F4.1.1.0
2024-08-27 11:51:42,830 [WARN] PackLoader:240 - Cannot read IP mode file for STMicroelectronics.X-CUBE-FREERTOS.1.2.0
2024-08-27 11:51:42,970 [WARN] PackLoader:240 - Cannot read IP mode file for STMicroelectronics.X-CUBE-AZRTOS-L5.2.0.0
2024-08-27 11:51:43,066 [WARN] PackLoader:240 - Cannot read IP mode file for STMicroelectronics.X-CUBE-NFC6.3.1.0
2024-08-27 11:51:43,105 [WARN] PackLoader:240 - Cannot read IP mode file for STMicroelectronics.X-CUBE-AI.9.0.0
2024-08-27 11:51:43,196 [WARN] PackLoader:240 - Cannot read IP mode file for STMicroelectronics.X-CUBE-NFC7.1.0.1
2024-08-27 11:51:43,334 [WARN] ConditionMgr:438 - getConditionDescription Invalid condition id : LAN8742 Phy interface Condition cause : null
2024-08-27 11:51:43,335 [WARN] PackLoader:240 - Cannot read IP mode file for STMicroelectronics.X-CUBE-AZRTOS-L4.2.0.0
2024-08-27 11:51:43,336 [WARN] ConditionMgr:1039 - genDependencies : Invalid condition id : LAN8742 Phy interface Condition cause : null
2024-08-27 11:51:43,337 [WARN] ConditionMgr:1039 - genDependencies : Invalid condition id : LAN8742 Phy interface Condition cause : null
2024-08-27 11:51:43,337 [WARN] ConditionMgr:1039 - genDependencies : Invalid condition id : LAN8742 Phy interface Condition cause : null
2024-08-27 11:51:43,376 [WARN] PackLoader:240 - Cannot read IP mode file for STMicroelectronics.X-CUBE-SFXS2LP1.4.0.0
2024-08-27 11:51:43,478 [WARN] PackLoader:240 - Cannot read IP mode file for STMicroelectronics.X-CUBE-AZRTOS-H7.3.3.0
2024-08-27 11:51:43,656 [WARN] ConditionMgr:438 - getConditionDescription Invalid condition id : UX DEVICE CLASS RTOS Condition cause : null
2024-08-27 11:51:43,656 [WARN] ConditionMgr:438 - getConditionDescription Invalid condition id : UX DEVICE CLASS RTOS Condition cause : null
2024-08-27 11:51:43,658 [WARN] PackLoader:240 - Cannot read IP mode file for STMicroelectronics.X-CUBE-AZRTOS-WB.2.0.0
2024-08-27 11:51:43,659 [WARN] ConditionMgr:1039 - genDependencies : Invalid condition id : UX DEVICE CLASS RTOS Condition cause : null
2024-08-27 11:51:43,659 [WARN] ConditionMgr:1039 - genDependencies : Invalid condition id : UX DEVICE CLASS RTOS Condition cause : null
2024-08-27 11:51:43,659 [WARN] ConditionMgr:1039 - genDependencies : Invalid condition id : UX DEVICE CLASS RTOS Condition cause : null
2024-08-27 11:51:43,659 [WARN] ConditionMgr:1039 - genDependencies : Invalid condition id : UX DEVICE CLASS RTOS Condition cause : null
2024-08-27 11:51:43,659 [WARN] ConditionMgr:1039 - genDependencies : Invalid condition id : UX DEVICE CLASS RTOS Condition cause : null
2024-08-27 11:51:44,344 [WARN] PackLoader:240 - Cannot read IP mode file for STMicroelectronics.X-CUBE-SUBG2.5.0.0
2024-08-27 11:51:45,099 [WARN] PackLoader:240 - Cannot read IP mode file for Cesanta.I-CUBE-Mongoose.7.13.0
2024-08-27 11:51:45,950 [WARN] PackLoader:240 - Cannot read IP mode file for STMicroelectronics.X-CUBE-AZRTOS-G4.2.0.0
2024-08-27 11:51:45,989 [WARN] PackLoader:240 - Cannot read IP mode file for STMicroelectronics.X-CUBE-ISPU.2.0.0
2024-08-27 11:51:46,023 [WARN] PackLoader:240 - Cannot read IP mode file for STMicroelectronics.X-CUBE-ALS.1.0.2
2024-08-27 11:51:46,176 [WARN] PackLoader:240 - Cannot read IP mode file for STMicroelectronics.X-CUBE-MEMS1.10.0.0
2024-08-27 11:51:46,423 [WARN] PackLoader:240 - Cannot read IP mode file for STMicroelectronics.X-CUBE-TOUCHGFX.4.24.0
2024-08-27 11:51:46,780 [WARN] PackLoader:240 - Cannot read IP mode file for wolfSSL.I-CUBE-wolfTPM.3.4.0
2024-08-27 11:51:46,924 [WARN] PackLoader:240 - Cannot read IP mode file for portGmbH.I-Cube-SoM-uGOAL.1.1.0
2024-08-27 11:51:47,141 [WARN] PackLoader:240 - Cannot read IP mode file for STMicroelectronics.X-CUBE-AZRTOS-H7RS.1.0.0
2024-08-27 11:51:47,172 [WARN] PackLoader:240 - Cannot read IP mode file for STMicroelectronics.FP-ATR-ASTRA1.2.0.0
2024-08-27 11:51:47,313 [WARN] PackLoader:240 - Cannot read IP mode file for STMicroelectronics.X-CUBE-TOF1.3.4.2
2024-08-27 11:51:47,488 [WARN] PackLoader:240 - Cannot read IP mode file for Infineon.AIROC-Wi-Fi-Bluetooth-STM32.1.6.1
2024-08-27 11:51:47,540 [WARN] PackLoader:240 - Cannot read IP mode file for wolfSSL.I-CUBE-wolfSSH.1.4.17
2024-08-27 11:51:47,541 [INFO] ThirdParty:978 - Integrity check success = true
2024-08-27 11:51:47,541 [INFO] IntegrityCheckThread:100 - exiting critical section [integrity check]
2024-08-27 11:51:47,541 [INFO] IntegrityCheckThread:103 - End integrity checks thread
2024-08-27 11:52:15,693 [INFO] WebApp:167 - Instantiating new browser for Auth
2024-08-27 11:52:32,120 [INFO] WebApp:448 - Apply proxy settings
2024-08-27 11:52:32,120 [INFO] WebApp:533 - Chromium requires no authentication
2024-08-27 11:52:32,274 [INFO] WebApp:476 - Direct internet connection detected
2024-08-27 11:52:32,435 [INFO] WebApp:869 - Register for checkConnection events
2024-08-27 11:52:32,436 [INFO] WebApp:448 - Apply proxy settings
2024-08-27 11:52:32,436 [INFO] WebApp:533 - Chromium requires no authentication
2024-08-27 11:52:32,437 [INFO] WebApp:476 - Direct internet connection detected
2024-08-27 11:52:36,363 [INFO] WebApp:220 - Starting web application
2024-08-27 11:52:36,363 [INFO] WebApp:578 - Web application path used /opt/st/stm32cubeide_1.16.0/plugins/com.st.stm32cube.common.mx_6.12.0.202406281431/db/plugins/mcufinder/reactClient1/index.html
2024-08-27 11:52:37,181 [INFO] WebApp:186 - Connection restablished
2024-08-27 11:52:38,338 [INFO] UserAuth:417 - Internet connection configuration mode: 1
2024-08-27 20:22:08,008 [ERROR] LogOutputStream:75 - [STDERR_REDIRECT] 
