2024-08-09 12:59:23,496 [INFO] Activator:176 - 


2024-08-09 12:59:23,515 [INFO] Activator:177 - !SESSION log4j initialized
2024-08-09 12:59:39,701 [INFO] LogOutputStream:77 - [STDOUT_REDIRECT] 
2024-08-09 13:00:13,590 [INFO] ApplicationProperties:184 - Using Application install path: /opt/st/stm32cubeide_1.16.0/plugins/com.st.stm32cube.common.mx_6.12.0.202406281431
2024-08-09 13:00:13,657 [INFO] DbMcusXml:78 - Set database path to: /opt/st/stm32cubeide_1.16.0/plugins/com.st.stm32cube.common.mx_6.12.0.202406281431//db//mcu/
2024-08-09 13:00:13,658 [INFO] ApiDb:274 - Set plugin database path to: /opt/st/stm32cubeide_1.16.0/plugins/com.st.stm32cube.common.mx_6.12.0.202406281431//db//plugins/boardmanager/
2024-08-09 13:00:13,659 [WARN] ApiDb:259 - Overriding images path with different value:  => /opt/st/stm32cubeide_1.16.0/plugins/com.st.stm32cube.common.mx_6.12.0.202406281431//db//plugins/mcufinder/images/
2024-08-09 13:00:13,753 [INFO] ApiDb:250 - Set database path to: /home/lubuntu/.stmcufinder/plugins/mcufinder//mcu/
2024-08-09 13:00:13,755 [INFO] DbMcusAds:125 - Set database path to: /home/lubuntu/.stmcufinder/plugins/mcufinder//mcu/
2024-08-09 13:00:29,911 [INFO] CrossReferenceDbSqlite:203 - Set database path to: /home/lubuntu/.stmcufinder/plugins/mcufinder//mcu/cs/
2024-08-09 13:00:30,577 [INFO] RulesReader:64 - Compatibility file has been processed (297 Rules)
2024-08-09 13:00:30,895 [INFO] DbMcusXml:78 - Set database path to: /opt/st/stm32cubeide_1.16.0/plugins/com.st.stm32cube.common.mx_6.12.0.202406281431//db//mcu/
2024-08-09 13:00:30,896 [INFO] ApiDb:274 - Set plugin database path to: /opt/st/stm32cubeide_1.16.0/plugins/com.st.stm32cube.common.mx_6.12.0.202406281431//db//plugins/boardmanager/
2024-08-09 13:00:30,896 [INFO] ApiDb:261 - Set plugin images path to: /opt/st/stm32cubeide_1.16.0/plugins/com.st.stm32cube.common.mx_6.12.0.202406281431//db//plugins/mcufinder/images/
2024-08-09 13:00:30,897 [WARN] DbFile:41 - Overriding database path with different value: /home/lubuntu/.stmcufinder/plugins/mcufinder/ => /home/lubuntu/.stmcufinder/plugins/mcufinder
2024-08-09 13:00:30,897 [INFO] ApiDb:250 - Set database path to: /home/lubuntu/.stmcufinder/plugins/mcufinder//mcu/
2024-08-09 13:00:30,897 [WARN] DbFile:41 - Overriding database path with different value: /home/lubuntu/.stmcufinder/plugins/mcufinder/ => /home/lubuntu/.stmcufinder/plugins/mcufinder
2024-08-09 13:00:30,897 [INFO] DbMcusAds:125 - Set database path to: /home/lubuntu/.stmcufinder/plugins/mcufinder//mcu/
2024-08-09 13:00:30,898 [WARN] DbFile:41 - Overriding database path with different value: /home/lubuntu/.stmcufinder/plugins/mcufinder/ => /home/lubuntu/.stmcufinder/plugins/mcufinder
2024-08-09 13:00:30,898 [WARN] DbFile:41 - Overriding database path with different value: /home/lubuntu/.stmcufinder/plugins/mcufinder/ => /home/lubuntu/.stmcufinder/plugins/mcufinder
2024-08-09 13:00:30,898 [INFO] CrossReferenceDbSqlite:203 - Set database path to: /home/lubuntu/.stmcufinder/plugins/mcufinder//mcu/cs/
2024-08-09 13:00:31,222 [INFO] MainPanel:268 - HeapMemory: 268435456
2024-08-09 13:00:31,768 [INFO] DbMcusXml:78 - Set database path to: /opt/st/stm32cubeide_1.16.0/plugins/com.st.stm32cube.common.mx_6.12.0.202406281431//db//mcu/
2024-08-09 13:00:31,769 [INFO] ApiDb:274 - Set plugin database path to: /opt/st/stm32cubeide_1.16.0/plugins/com.st.stm32cube.common.mx_6.12.0.202406281431//db//plugins/boardmanager/
2024-08-09 13:00:31,769 [INFO] ApiDb:261 - Set plugin images path to: /opt/st/stm32cubeide_1.16.0/plugins/com.st.stm32cube.common.mx_6.12.0.202406281431//db//plugins/mcufinder/images/
2024-08-09 13:00:31,770 [WARN] DbFile:41 - Overriding database path with different value: /home/lubuntu/.stmcufinder/plugins/mcufinder/ => /home/lubuntu/.stmcufinder/plugins/mcufinder
2024-08-09 13:00:31,770 [INFO] ApiDb:250 - Set database path to: /home/lubuntu/.stmcufinder/plugins/mcufinder//mcu/
2024-08-09 13:00:31,771 [WARN] DbFile:41 - Overriding database path with different value: /home/lubuntu/.stmcufinder/plugins/mcufinder/ => /home/lubuntu/.stmcufinder/plugins/mcufinder
2024-08-09 13:00:31,772 [INFO] DbMcusAds:125 - Set database path to: /home/lubuntu/.stmcufinder/plugins/mcufinder//mcu/
2024-08-09 13:00:31,773 [WARN] DbFile:41 - Overriding database path with different value: /home/lubuntu/.stmcufinder/plugins/mcufinder/ => /home/lubuntu/.stmcufinder/plugins/mcufinder
2024-08-09 13:00:31,774 [WARN] DbFile:41 - Overriding database path with different value: /home/lubuntu/.stmcufinder/plugins/mcufinder/ => /home/lubuntu/.stmcufinder/plugins/mcufinder
2024-08-09 13:00:31,775 [INFO] CrossReferenceDbSqlite:203 - Set database path to: /home/lubuntu/.stmcufinder/plugins/mcufinder//mcu/cs/
2024-08-09 13:00:31,894 [INFO] ApplicationProperties:184 - Using Application install path: /opt/st/stm32cubeide_1.16.0/plugins/com.st.stm32cube.common.mx_6.12.0.202406281431
2024-08-09 13:00:31,899 [INFO] PluginManage:196 - Search for loadable plugins [exclusion list=, ]
2024-08-09 13:00:31,922 [INFO] PluginManage:310 - Check plugin analytics
2024-08-09 13:00:32,498 [INFO] AnalyticsPlugin:253 - Accepted Software Licenses: 
2024-08-09 13:00:32,498 [INFO] AnalyticsPlugin:255 - Accepted CMSIS Pack Licenses: 
2024-08-09 13:00:32,499 [INFO] AnalyticsPlugin:257 - Accepted Firmware Licenses: FW.MP1.1.6.0
2024-08-09 13:00:32,502 [INFO] PluginManage:359 - Loaded plugin analytics (category:tool,tabindex:-1)
2024-08-09 13:00:32,503 [INFO] PluginManage:310 - Check plugin cadmodel
2024-08-09 13:00:32,531 [INFO] CADModel:105 - Init CAD model plugin
2024-08-09 13:00:32,531 [INFO] PluginManage:359 - Loaded plugin cadmodel (category:power,tabindex:5)
2024-08-09 13:00:32,532 [INFO] PluginManage:310 - Check plugin clock
2024-08-09 13:00:32,554 [INFO] PluginManage:359 - Loaded plugin clock (category:base,tabindex:2)
2024-08-09 13:00:32,554 [INFO] PluginManage:310 - Check plugin ddr
2024-08-09 13:00:32,564 [INFO] PluginManage:359 - Loaded plugin ddr (category:tool,tabindex:6)
2024-08-09 13:00:32,564 [INFO] PluginManage:310 - Check plugin filemanager
2024-08-09 13:00:32,978 [INFO] PluginManage:359 - Loaded plugin filemanager (category:base,tabindex:10)
2024-08-09 13:00:32,978 [INFO] PluginManage:310 - Check plugin ipmanager
2024-08-09 13:00:33,008 [INFO] PluginManage:359 - Loaded plugin ipmanager (category:base,tabindex:5)
2024-08-09 13:00:33,008 [INFO] PluginManage:310 - Check plugin lpbam
2024-08-09 13:00:33,050 [INFO] PluginManage:359 - Loaded plugin lpbam (category:base,tabindex:0)
2024-08-09 13:00:33,060 [INFO] PluginManage:310 - Check plugin memorymap
2024-08-09 13:00:33,104 [INFO] PluginManage:359 - Loaded plugin memorymap (category:base,tabindex:4)
2024-08-09 13:00:33,104 [INFO] PluginManage:310 - Check plugin pinoutandconfiguration
2024-08-09 13:00:33,125 [INFO] PluginManage:359 - Loaded plugin pinoutandconfiguration (category:base,tabindex:1)
2024-08-09 13:00:33,125 [INFO] PluginManage:310 - Check plugin pinoutconfig
2024-08-09 13:00:33,576 [WARN] SupportedApi:132 - Cannot load RTOS API schema: s4s-elt-must-match.1: The content of 'definitions' must match (annotation?, (simpleType | complexType)?, (unique | key | keyref)*)). A problem was found starting at: attribute.
2024-08-09 13:00:33,999 [INFO] PluginManage:359 - Loaded plugin pinoutconfig (category:base,tabindex:0)
2024-08-09 13:00:34,000 [INFO] PluginManage:310 - Check plugin power
2024-08-09 13:00:34,050 [INFO] PluginManage:359 - Loaded plugin power (category:power,tabindex:4)
2024-08-09 13:00:34,051 [INFO] PluginManage:310 - Check plugin projectmanager
2024-08-09 13:00:34,103 [INFO] PluginManage:359 - Loaded plugin projectmanager (category:projectmanager,tabindex:4)
2024-08-09 13:00:34,103 [INFO] PluginManage:310 - Check plugin rif
2024-08-09 13:00:34,122 [INFO] PluginManage:359 - Loaded plugin rif (category:base,tabindex:3)
2024-08-09 13:00:34,123 [INFO] PluginManage:310 - Check plugin thirdparty
2024-08-09 13:00:34,710 [INFO] PluginManage:359 - Loaded plugin thirdparty (category:base,tabindex:-1)
2024-08-09 13:00:34,711 [INFO] PluginManage:310 - Check plugin tools
2024-08-09 13:00:34,712 [WARN] IntegrityCheckThread:84 - waiting for thirdparty lock release [integrity check]
2024-08-09 13:00:34,713 [INFO] IntegrityCheckThread:86 - entering critical section [integrity check]
2024-08-09 13:00:34,714 [INFO] ThirdPartyUpdaterWithRetryManager:70 - Updater plugin not ready yet. [1/15]
2024-08-09 13:00:34,723 [INFO] PluginManage:359 - Loaded plugin tools (category:base,tabindex:7)
2024-08-09 13:00:34,724 [INFO] PluginManage:310 - Check plugin tutovideos
2024-08-09 13:00:35,321 [INFO] PluginManage:359 - Loaded plugin tutovideos (category:base,tabindex:-1)
2024-08-09 13:00:35,322 [INFO] PluginManage:310 - Check plugin updater
2024-08-09 13:00:35,455 [INFO] PluginManage:359 - Loaded plugin updater (category:base,tabindex:12)
2024-08-09 13:00:35,455 [INFO] PluginManage:310 - Check plugin userauth
2024-08-09 13:00:35,479 [INFO] UserAuth:113 - Init User Auth plugin
2024-08-09 13:00:35,480 [INFO] PluginManage:359 - Loaded plugin userauth (category:base,tabindex:14)
2024-08-09 13:00:35,480 [INFO] PluginManage:283 - PluginManage : Loaded plugins [18]
2024-08-09 13:00:36,256 [INFO] PinOutPanel:1561 - setPackage(No Configuration,No Configuration)
2024-08-09 13:00:36,708 [INFO] CADModel:165 - CPN selected for project level
2024-08-09 13:00:36,708 [INFO] CADModel:114 - Register for checkConnection events
2024-08-09 13:00:36,779 [INFO] IPUIPlugin:80 - create IPUIPlugin
2024-08-09 13:00:36,779 [INFO] PluginManager:220 - loadIPPluginJar : add extmemmanager
2024-08-09 13:00:36,789 [INFO] IPUIPlugin:80 - create IPUIPlugin
2024-08-09 13:00:36,790 [INFO] PluginManager:220 - loadIPPluginJar : add usart
2024-08-09 13:00:36,818 [INFO] IPUIPlugin:80 - create IPUIPlugin
2024-08-09 13:00:36,819 [INFO] PluginManager:220 - loadIPPluginJar : add mdma
2024-08-09 13:00:36,823 [INFO] IPUIPlugin:80 - create IPUIPlugin
2024-08-09 13:00:36,824 [INFO] PluginManager:220 - loadIPPluginJar : add pdm2pcm
2024-08-09 13:00:36,838 [INFO] IPUIPlugin:80 - create IPUIPlugin
2024-08-09 13:00:36,839 [INFO] PluginManager:220 - loadIPPluginJar : add ipddr
2024-08-09 13:00:36,841 [INFO] IPUIPlugin:80 - create IPUIPlugin
2024-08-09 13:00:36,841 [INFO] PluginManager:220 - loadIPPluginJar : add fatfs
2024-08-09 13:00:36,846 [INFO] IPUIPlugin:80 - create IPUIPlugin
2024-08-09 13:00:36,846 [INFO] PluginManager:220 - loadIPPluginJar : add openamp
2024-08-09 13:00:36,849 [INFO] IPUIPlugin:80 - create IPUIPlugin
2024-08-09 13:00:36,850 [INFO] PluginManager:220 - loadIPPluginJar : add ts
2024-08-09 13:00:36,854 [INFO] IPUIPlugin:80 - create IPUIPlugin
2024-08-09 13:00:36,854 [INFO] PluginManager:220 - loadIPPluginJar : add gfxmmu
2024-08-09 13:00:36,867 [INFO] IPUIPlugin:80 - create IPUIPlugin
2024-08-09 13:00:36,867 [INFO] PluginManager:220 - loadIPPluginJar : add linkedlist
2024-08-09 13:00:36,870 [INFO] IPUIPlugin:80 - create IPUIPlugin
2024-08-09 13:00:36,870 [INFO] PluginManager:220 - loadIPPluginJar : add tracer_emb
2024-08-09 13:00:36,876 [INFO] IPUIPlugin:80 - create IPUIPlugin
2024-08-09 13:00:36,877 [INFO] PluginManager:220 - loadIPPluginJar : add nvic
2024-08-09 13:00:36,882 [INFO] IPUIPlugin:80 - create IPUIPlugin
2024-08-09 13:00:36,882 [INFO] PluginManager:220 - loadIPPluginJar : add touchsensing
2024-08-09 13:00:36,892 [INFO] IPUIPlugin:80 - create IPUIPlugin
2024-08-09 13:00:36,893 [INFO] PluginManager:220 - loadIPPluginJar : add gpio
2024-08-09 13:00:36,897 [INFO] IPUIPlugin:80 - create IPUIPlugin
2024-08-09 13:00:36,897 [INFO] PluginManager:220 - loadIPPluginJar : add i3c
2024-08-09 13:00:36,907 [INFO] IPUIPlugin:80 - create IPUIPlugin
2024-08-09 13:00:36,907 [INFO] PluginManager:220 - loadIPPluginJar : add lorawan
2024-08-09 13:00:36,910 [INFO] IPUIPlugin:80 - create IPUIPlugin
2024-08-09 13:00:36,910 [INFO] PluginManager:220 - loadIPPluginJar : add tim
2024-08-09 13:00:36,915 [INFO] IPUIPlugin:80 - create IPUIPlugin
2024-08-09 13:00:36,915 [INFO] PluginManager:220 - loadIPPluginJar : add gtzc
2024-08-09 13:00:36,919 [INFO] IPUIPlugin:80 - create IPUIPlugin
2024-08-09 13:00:36,919 [INFO] PluginManager:220 - loadIPPluginJar : add ucpd
2024-08-09 13:00:36,929 [INFO] IPUIPlugin:80 - create IPUIPlugin
2024-08-09 13:00:36,929 [INFO] PluginManager:220 - loadIPPluginJar : add resmgrutility
2024-08-09 13:00:36,937 [INFO] IPUIPlugin:80 - create IPUIPlugin
2024-08-09 13:00:36,937 [INFO] PluginManager:220 - loadIPPluginJar : add ddr_ctrl_phy
2024-08-09 13:00:36,943 [INFO] IPUIPlugin:80 - create IPUIPlugin
2024-08-09 13:00:36,944 [INFO] PluginManager:220 - loadIPPluginJar : add sai
2024-08-09 13:00:36,948 [INFO] IPUIPlugin:80 - create IPUIPlugin
2024-08-09 13:00:36,948 [INFO] PluginManager:220 - loadIPPluginJar : add i2s
2024-08-09 13:00:36,953 [INFO] IPUIPlugin:80 - create IPUIPlugin
2024-08-09 13:00:36,954 [INFO] PluginManager:220 - loadIPPluginJar : add i2c
2024-08-09 13:00:36,974 [INFO] IPUIPlugin:80 - create IPUIPlugin
2024-08-09 13:00:36,974 [INFO] PluginManager:220 - loadIPPluginJar : add dma
2024-08-09 13:00:36,991 [INFO] IPUIPlugin:80 - create IPUIPlugin
2024-08-09 13:00:36,991 [INFO] PluginManager:220 - loadIPPluginJar : add adc
2024-08-09 13:00:36,995 [INFO] IPUIPlugin:80 - create IPUIPlugin
2024-08-09 13:00:36,995 [INFO] PluginManager:220 - loadIPPluginJar : add aes
2024-08-09 13:00:36,999 [INFO] IPUIPlugin:80 - create IPUIPlugin
2024-08-09 13:00:36,999 [INFO] PluginManager:220 - loadIPPluginJar : add tsc
2024-08-09 13:00:37,025 [INFO] IPUIPlugin:80 - create IPUIPlugin
2024-08-09 13:00:37,025 [INFO] PluginManager:220 - loadIPPluginJar : add freertos
2024-08-09 13:00:37,040 [INFO] IPUIPlugin:80 - create IPUIPlugin
2024-08-09 13:00:37,041 [INFO] PluginManager:220 - loadIPPluginJar : add spi
2024-08-09 13:00:37,046 [INFO] IPUIPlugin:80 - create IPUIPlugin
2024-08-09 13:00:37,046 [INFO] PluginManager:220 - loadIPPluginJar : add genericplugin
2024-08-09 13:00:37,071 [INFO] IPUIPlugin:80 - create IPUIPlugin
2024-08-09 13:00:37,077 [INFO] PluginManager:220 - loadIPPluginJar : add plateformsettings
2024-08-09 13:00:37,081 [INFO] IPUIPlugin:80 - create IPUIPlugin
2024-08-09 13:00:37,082 [INFO] PluginManager:220 - loadIPPluginJar : add hash
2024-08-09 13:00:37,093 [INFO] IPUIPlugin:80 - create IPUIPlugin
2024-08-09 13:00:37,093 [INFO] PluginManager:220 - loadIPPluginJar : add usbx
2024-08-09 13:00:37,096 [INFO] IPUIPlugin:80 - create IPUIPlugin
2024-08-09 13:00:37,096 [INFO] PluginManager:220 - loadIPPluginJar : add ltdc
2024-08-09 13:00:37,099 [INFO] IPUIPlugin:80 - create IPUIPlugin
2024-08-09 13:00:37,100 [INFO] PluginManager:220 - loadIPPluginJar : add radio
2024-08-09 13:00:37,108 [INFO] IPUIPlugin:80 - create IPUIPlugin
2024-08-09 13:00:37,108 [INFO] PluginManager:220 - loadIPPluginJar : add fmc
2024-08-09 13:00:37,111 [INFO] IPUIPlugin:80 - create IPUIPlugin
2024-08-09 13:00:37,111 [INFO] PluginManager:220 - loadIPPluginJar : add quadspi
2024-08-09 13:00:37,116 [INFO] IPUIPlugin:80 - create IPUIPlugin
2024-08-09 13:00:37,116 [INFO] PluginManager:220 - loadIPPluginJar : add opamp
2024-08-09 13:00:37,120 [INFO] IPUIPlugin:80 - create IPUIPlugin
2024-08-09 13:00:37,121 [INFO] PluginManager:220 - loadIPPluginJar : add dma3
2024-08-09 13:00:37,128 [INFO] IPUIPlugin:80 - create IPUIPlugin
2024-08-09 13:00:37,129 [INFO] PluginManager:220 - loadIPPluginJar : add comp
2024-08-09 13:00:37,139 [INFO] IPUIPlugin:80 - create IPUIPlugin
2024-08-09 13:00:37,139 [INFO] PluginManager:220 - loadIPPluginJar : add gic
2024-08-09 13:00:37,144 [INFO] IPUIPlugin:80 - create IPUIPlugin
2024-08-09 13:00:37,144 [INFO] PluginManager:220 - loadIPPluginJar : add can
2024-08-09 13:00:37,149 [INFO] IPUIPlugin:80 - create IPUIPlugin
2024-08-09 13:00:37,149 [INFO] PluginManager:220 - loadIPPluginJar : add dfsdm
2024-08-09 13:00:37,161 [INFO] IPUIPlugin:80 - create IPUIPlugin
2024-08-09 13:00:37,162 [INFO] PluginManager:220 - loadIPPluginJar : add stm32_wpan
2024-08-09 13:00:37,167 [INFO] IPUIPlugin:80 - create IPUIPlugin
2024-08-09 13:00:37,168 [INFO] PluginManager:220 - loadIPPluginJar : add cryp
2024-08-09 13:00:37,357 [INFO] CADModel:165 - CPN selected for project level
2024-08-09 13:00:37,357 [INFO] CADModel:114 - Register for checkConnection events
2024-08-09 13:00:37,362 [FATAL] Updater:334 - Updater called before beeing initialized
2024-08-09 13:00:37,363 [ERROR] CADModel:125 - Updater not yet initialized, retry later 
2024-08-09 13:00:37,715 [INFO] ThirdPartyUpdaterWithRetryManager:70 - Updater plugin not ready yet. [2/15]
2024-08-09 13:00:38,032 [INFO] CADModel:165 - CPN selected for project level
2024-08-09 13:00:38,032 [INFO] CADModel:114 - Register for checkConnection events
2024-08-09 13:00:38,033 [FATAL] Updater:334 - Updater called before beeing initialized
2024-08-09 13:00:38,033 [ERROR] CADModel:125 - Updater not yet initialized, retry later 
2024-08-09 13:00:38,042 [FATAL] Updater:334 - Updater called before beeing initialized
2024-08-09 13:00:38,322 [FATAL] Updater:334 - Updater called before beeing initialized
2024-08-09 13:00:38,346 [INFO] DbMcusAds:53 - JSON generation date=Thu May 16 11:22:00 CEST 2024 (1715851320667)
2024-08-09 13:00:38,350 [FATAL] Updater:334 - Updater called before beeing initialized
2024-08-09 13:00:38,609 [WARN] DetailPanel:346 - Failed to get advertising image, set to default
2024-08-09 13:00:38,923 [FATAL] Updater:334 - Updater called before beeing initialized
2024-08-09 13:00:38,940 [FATAL] Updater:334 - Updater called before beeing initialized
2024-08-09 13:00:38,940 [FATAL] Updater:334 - Updater called before beeing initialized
2024-08-09 13:00:38,940 [WARN] DetailPanel:346 - Failed to get advertising image, set to default
2024-08-09 13:00:38,944 [FATAL] Updater:334 - Updater called before beeing initialized
2024-08-09 13:00:39,114 [ERROR] Updater:1164 - MainUpdater not yet initialized. External WinMGr cannot be set.
2024-08-09 13:00:39,126 [INFO] Updater:1100 - Updater Version found : 6.12.0
2024-08-09 13:00:39,229 [INFO] ApplicationProperties:184 - Using Application install path: /opt/st/stm32cubeide_1.16.0/plugins/com.st.stm32cube.common.mx_6.12.0.202406281431
2024-08-09 13:00:40,593 [INFO] MainUpdater:2873 - connection check result : 10
2024-08-09 13:00:40,595 [INFO] MainUpdater:290 - Updater Check For Update Now.
2024-08-09 13:00:40,595 [INFO] MicroXplorer:498 - Change Database Version : DB.6.0.120
2024-08-09 13:00:40,660 [INFO] McuFinderGlobals:63 - Set McuFinder mode to 2 (CubeIDE integrated)
2024-08-09 13:00:40,703 [INFO] UserAuth:417 - Internet connection configuration mode: 1
2024-08-09 13:00:40,716 [WARN] MainUpdater:1194 - Updater busy. Cannot search thirdparties
2024-08-09 13:00:40,716 [INFO] ThirdPartyUpdaterWithRetryManager:96 - Updater plugin is busy. [1/15]
2024-08-09 13:00:40,864 [INFO] JxBrowserEngine:152 - Initiate JxBrowser Engine with user profile folder
2024-08-09 13:00:41,248 [INFO] CheckServerUpdateThread:120 - End of CheckServer Thread
2024-08-09 13:00:46,544 [WARN] PackLoader:240 - Cannot read IP mode file for STMicroelectronics.FP-SNS-MOTENVWB1.1.4.0
2024-08-09 13:00:46,604 [WARN] PackLoader:240 - Cannot read IP mode file for STMicroelectronics.X-CUBE-SMBUS.2.1.0
2024-08-09 13:00:46,807 [WARN] PackLoader:240 - Cannot read IP mode file for STMicroelectronics.X-CUBE-AZRTOS-F7.1.1.0
2024-08-09 13:00:46,906 [WARN] PackLoader:240 - Cannot read IP mode file for STMicroelectronics.FP-SNS-FLIGHT1.5.0.2
2024-08-09 13:00:46,977 [WARN] PackLoader:240 - Cannot read IP mode file for STMicroelectronics.X-CUBE-DISPLAY.3.0.0
2024-08-09 13:00:47,037 [WARN] PackLoader:240 - Cannot read IP mode file for STMicroelectronics.X-CUBE-BLE1.7.0.0
2024-08-09 13:00:47,085 [WARN] PackLoader:240 - Cannot read IP mode file for emotas.I-CUBE-CANOPEN.1.3.0
2024-08-09 13:00:47,158 [WARN] PackLoader:240 - Cannot read IP mode file for STMicroelectronics.X-CUBE-BLEMGR.3.1.0
2024-08-09 13:00:47,233 [WARN] PackLoader:240 - Cannot read IP mode file for STMicroelectronics.FP-SNS-SMARTAG2.1.2.0
2024-08-09 13:00:47,314 [INFO] LogOutputStream:77 - [STDOUT_REDIRECT] 1 : Invalid condition id : UX_CORESTACK_Condition cause : null
2024-08-09 13:00:47,316 [INFO] LogOutputStream:77 - [STDOUT_REDIRECT] 1 : Invalid condition id : UX_CORESTACK_Condition cause : null
2024-08-09 13:00:47,317 [INFO] LogOutputStream:77 - [STDOUT_REDIRECT] 1 : Invalid condition id : UX_CORESTACK_Condition cause : null
2024-08-09 13:00:47,320 [INFO] LogOutputStream:77 - [STDOUT_REDIRECT] 1 : Invalid condition id : UX_CORESTACK_Condition cause : null
2024-08-09 13:00:47,323 [INFO] LogOutputStream:77 - [STDOUT_REDIRECT] 1 : Invalid condition id : UX_CORESTACK_Condition cause : null
2024-08-09 13:00:47,364 [WARN] PackLoader:240 - Cannot read IP mode file for STMicroelectronics.X-CUBE-AZRTOS-WL.2.0.0
2024-08-09 13:00:47,392 [WARN] PackLoader:240 - Cannot read IP mode file for STMicroelectronics.FP-SNS-MOTENV1.5.0.0
2024-08-09 13:00:47,457 [WARN] PackLoader:240 - Cannot read IP mode file for wolfSSL.I-CUBE-wolfMQTT.1.19.0
2024-08-09 13:00:47,501 [WARN] PackLoader:240 - Cannot read IP mode file for WES.I-CUBE-Cesium.1.3.0
2024-08-09 13:00:47,546 [WARN] PackLoader:240 - Cannot read IP mode file for STMicroelectronics.X-CUBE-BLE2.3.3.0
2024-08-09 13:00:47,584 [WARN] PackLoader:240 - Cannot read IP mode file for STMicroelectronics.X-CUBE-TCPP.4.1.0
2024-08-09 13:00:47,728 [WARN] PackLoader:240 - Cannot read IP mode file for STMicroelectronics.X-CUBE-AZRTOS-G0.1.1.0
2024-08-09 13:00:47,777 [WARN] PackLoader:240 - Cannot read IP mode file for STMicroelectronics.X-CUBE-SAFEA1.1.2.2
2024-08-09 13:00:47,826 [WARN] PackLoader:240 - Cannot read IP mode file for STMicroelectronics.X-CUBE-NFC4.3.0.0
2024-08-09 13:00:47,906 [WARN] PackLoader:240 - Cannot read IP mode file for EmbeddedOffice.I-CUBE-FS-RTOS.1.0.1
2024-08-09 13:00:47,907 [ERROR] ConditionMgr:805 - Attr not supported : Dmpu
2024-08-09 13:00:47,907 [ERROR] ConditionMgr:805 - Attr not supported : Dmpu
2024-08-09 13:00:47,907 [ERROR] ConditionMgr:805 - Attr not supported : Dmpu
2024-08-09 13:00:47,907 [ERROR] ConditionMgr:805 - Attr not supported : Dmpu
2024-08-09 13:00:47,908 [ERROR] ConditionMgr:805 - Attr not supported : Dmpu
2024-08-09 13:00:47,908 [ERROR] ConditionMgr:805 - Attr not supported : Dmpu
2024-08-09 13:00:47,908 [ERROR] ConditionMgr:805 - Attr not supported : Dmpu
2024-08-09 13:00:47,908 [ERROR] ConditionMgr:805 - Attr not supported : Dmpu
2024-08-09 13:00:47,908 [ERROR] ConditionMgr:805 - Attr not supported : Dmpu
2024-08-09 13:00:47,908 [ERROR] ConditionMgr:805 - Attr not supported : Dmpu
2024-08-09 13:00:47,908 [ERROR] ConditionMgr:805 - Attr not supported : Dmpu
2024-08-09 13:00:47,909 [ERROR] ConditionMgr:805 - Attr not supported : Dmpu
2024-08-09 13:00:47,909 [ERROR] ConditionMgr:805 - Attr not supported : Dmpu
2024-08-09 13:00:47,909 [ERROR] ConditionMgr:805 - Attr not supported : Dmpu
2024-08-09 13:00:47,909 [ERROR] ConditionMgr:805 - Attr not supported : Dmpu
2024-08-09 13:00:47,909 [ERROR] ConditionMgr:805 - Attr not supported : Dmpu
2024-08-09 13:00:47,910 [ERROR] ConditionMgr:805 - Attr not supported : Dmpu
2024-08-09 13:00:47,910 [ERROR] ConditionMgr:805 - Attr not supported : Dmpu
2024-08-09 13:00:47,910 [ERROR] ConditionMgr:805 - Attr not supported : Dmpu
2024-08-09 13:00:47,910 [ERROR] ConditionMgr:805 - Attr not supported : Dmpu
2024-08-09 13:00:47,910 [ERROR] ConditionMgr:805 - Attr not supported : Dmpu
2024-08-09 13:00:47,910 [ERROR] ConditionMgr:805 - Attr not supported : Dmpu
2024-08-09 13:00:47,910 [ERROR] ConditionMgr:805 - Attr not supported : Dmpu
2024-08-09 13:00:47,911 [ERROR] ConditionMgr:805 - Attr not supported : Dmpu
2024-08-09 13:00:47,911 [ERROR] ConditionMgr:805 - Attr not supported : Dmpu
2024-08-09 13:00:47,911 [ERROR] ConditionMgr:805 - Attr not supported : Dmpu
2024-08-09 13:00:47,911 [ERROR] ConditionMgr:805 - Attr not supported : Dmpu
2024-08-09 13:00:47,911 [ERROR] ConditionMgr:805 - Attr not supported : Dmpu
2024-08-09 13:00:47,911 [ERROR] ConditionMgr:805 - Attr not supported : Dmpu
2024-08-09 13:00:47,911 [ERROR] ConditionMgr:805 - Attr not supported : Dmpu
2024-08-09 13:00:47,912 [ERROR] ConditionMgr:805 - Attr not supported : Dmpu
2024-08-09 13:00:47,912 [ERROR] ConditionMgr:805 - Attr not supported : Dmpu
2024-08-09 13:00:47,912 [ERROR] ConditionMgr:805 - Attr not supported : Dmpu
2024-08-09 13:00:47,912 [ERROR] ConditionMgr:805 - Attr not supported : Dmpu
2024-08-09 13:00:47,912 [ERROR] ConditionMgr:805 - Attr not supported : Dmpu
2024-08-09 13:00:47,912 [ERROR] ConditionMgr:805 - Attr not supported : Dmpu
2024-08-09 13:00:47,913 [ERROR] ConditionMgr:805 - Attr not supported : Dmpu
2024-08-09 13:00:47,913 [ERROR] ConditionMgr:805 - Attr not supported : Dmpu
2024-08-09 13:00:47,913 [ERROR] ConditionMgr:805 - Attr not supported : Dmpu
2024-08-09 13:00:47,913 [ERROR] ConditionMgr:805 - Attr not supported : Dmpu
2024-08-09 13:00:47,913 [ERROR] ConditionMgr:805 - Attr not supported : Dmpu
2024-08-09 13:00:47,913 [ERROR] ConditionMgr:805 - Attr not supported : Dmpu
2024-08-09 13:00:47,914 [ERROR] ConditionMgr:805 - Attr not supported : Dmpu
2024-08-09 13:00:47,914 [ERROR] ConditionMgr:805 - Attr not supported : Dmpu
2024-08-09 13:00:47,914 [ERROR] ConditionMgr:805 - Attr not supported : Dmpu
2024-08-09 13:00:47,914 [ERROR] ConditionMgr:805 - Attr not supported : Dmpu
2024-08-09 13:00:47,914 [ERROR] ConditionMgr:805 - Attr not supported : Dmpu
2024-08-09 13:00:47,914 [ERROR] ConditionMgr:805 - Attr not supported : Dmpu
2024-08-09 13:00:47,921 [ERROR] ConditionMgr:805 - Attr not supported : Dmpu
2024-08-09 13:00:47,922 [ERROR] ConditionMgr:805 - Attr not supported : Dmpu
2024-08-09 13:00:47,922 [ERROR] ConditionMgr:805 - Attr not supported : Dmpu
2024-08-09 13:00:47,922 [ERROR] ConditionMgr:805 - Attr not supported : Dmpu
2024-08-09 13:00:47,922 [ERROR] ConditionMgr:805 - Attr not supported : Dmpu
2024-08-09 13:00:47,922 [ERROR] ConditionMgr:805 - Attr not supported : Dmpu
2024-08-09 13:00:47,923 [ERROR] ConditionMgr:805 - Attr not supported : Dmpu
2024-08-09 13:00:47,923 [ERROR] ConditionMgr:805 - Attr not supported : Dmpu
2024-08-09 13:00:47,923 [ERROR] ConditionMgr:805 - Attr not supported : Dmpu
2024-08-09 13:00:47,923 [ERROR] ConditionMgr:805 - Attr not supported : Dmpu
2024-08-09 13:00:47,923 [ERROR] ConditionMgr:805 - Attr not supported : Dmpu
2024-08-09 13:00:47,923 [ERROR] ConditionMgr:805 - Attr not supported : Dmpu
2024-08-09 13:00:47,931 [ERROR] ConditionMgr:805 - Attr not supported : Dmpu
2024-08-09 13:00:47,931 [ERROR] ConditionMgr:805 - Attr not supported : Dmpu
2024-08-09 13:00:47,931 [ERROR] ConditionMgr:805 - Attr not supported : Dmpu
2024-08-09 13:00:47,931 [ERROR] ConditionMgr:805 - Attr not supported : Dmpu
2024-08-09 13:00:47,986 [WARN] PackLoader:240 - Cannot read IP mode file for RealThread.X-CUBE-RT-Thread_Nano.4.1.1
2024-08-09 13:00:48,019 [WARN] PackLoader:240 - Cannot read IP mode file for STMicroelectronics.FP-ATR-SIGFOX1.3.2.0
2024-08-09 13:00:48,052 [WARN] PackLoader:240 - Cannot read IP mode file for wolfSSL.I-CUBE-wolfSSL.5.7.2
2024-08-09 13:00:48,092 [WARN] PackLoader:240 - Cannot read IP mode file for STMicroelectronics.X-CUBE-EEPRMA1.5.1.0
2024-08-09 13:00:48,164 [WARN] PackLoader:240 - Cannot read IP mode file for ITTIA_DB.I-CUBE-ITTIADB.8.9.0
2024-08-09 13:00:48,620 [WARN] PackLoader:240 - Cannot read IP mode file for SEGGER.I-CUBE-embOS.1.3.1
2024-08-09 13:00:48,947 [WARN] PackLoader:240 - Cannot read IP mode file for STMicroelectronics.X-CUBE-ALGOBUILD.1.4.0
2024-08-09 13:00:49,015 [WARN] PackLoader:240 - Cannot read IP mode file for STMicroelectronics.X-CUBE-GNSS1.6.0.0
2024-08-09 13:00:49,130 [WARN] PackLoader:240 - Cannot read IP mode file for STMicroelectronics.X-CUBE-AZRTOS-F4.1.1.0
2024-08-09 13:00:49,202 [WARN] PackLoader:240 - Cannot read IP mode file for STMicroelectronics.X-CUBE-FREERTOS.1.2.0
2024-08-09 13:00:49,413 [WARN] PackLoader:240 - Cannot read IP mode file for STMicroelectronics.X-CUBE-AZRTOS-L5.2.0.0
2024-08-09 13:00:49,512 [WARN] PackLoader:240 - Cannot read IP mode file for STMicroelectronics.X-CUBE-NFC6.3.1.0
2024-08-09 13:00:49,577 [WARN] PackLoader:240 - Cannot read IP mode file for STMicroelectronics.X-CUBE-DPower.1.2.0
2024-08-09 13:00:49,600 [WARN] PackLoader:240 - Cannot read IP mode file for STMicroelectronics.X-CUBE-AI.9.0.0
2024-08-09 13:00:49,617 [WARN] PackLoader:240 - Cannot read IP mode file for STMicroelectronics.X-CUBE-NFC7.1.0.1
2024-08-09 13:00:49,647 [WARN] PackLoader:240 - Cannot read IP mode file for wolfSSL.I-CUBE-wolfTPM.3.2.0
2024-08-09 13:00:49,821 [WARN] ConditionMgr:438 - getConditionDescription Invalid condition id : LAN8742 Phy interface Condition cause : null
2024-08-09 13:00:49,824 [WARN] PackLoader:240 - Cannot read IP mode file for STMicroelectronics.X-CUBE-AZRTOS-L4.2.0.0
2024-08-09 13:00:49,854 [WARN] ConditionMgr:1039 - genDependencies : Invalid condition id : LAN8742 Phy interface Condition cause : null
2024-08-09 13:00:49,855 [WARN] ConditionMgr:1039 - genDependencies : Invalid condition id : LAN8742 Phy interface Condition cause : null
2024-08-09 13:00:49,857 [WARN] ConditionMgr:1039 - genDependencies : Invalid condition id : LAN8742 Phy interface Condition cause : null
2024-08-09 13:00:49,898 [WARN] PackLoader:240 - Cannot read IP mode file for STMicroelectronics.X-CUBE-SFXS2LP1.4.0.0
2024-08-09 13:00:50,133 [WARN] ConditionMgr:438 - getConditionDescription Invalid condition id : UX DEVICE CLASS RTOS Condition cause : null
2024-08-09 13:00:50,141 [WARN] ConditionMgr:438 - getConditionDescription Invalid condition id : UX DEVICE CLASS RTOS Condition cause : null
2024-08-09 13:00:50,173 [WARN] PackLoader:240 - Cannot read IP mode file for STMicroelectronics.X-CUBE-AZRTOS-WB.2.0.0
2024-08-09 13:00:50,175 [WARN] ConditionMgr:1039 - genDependencies : Invalid condition id : UX DEVICE CLASS RTOS Condition cause : null
2024-08-09 13:00:50,175 [WARN] ConditionMgr:1039 - genDependencies : Invalid condition id : UX DEVICE CLASS RTOS Condition cause : null
2024-08-09 13:00:50,176 [WARN] ConditionMgr:1039 - genDependencies : Invalid condition id : UX DEVICE CLASS RTOS Condition cause : null
2024-08-09 13:00:50,176 [WARN] ConditionMgr:1039 - genDependencies : Invalid condition id : UX DEVICE CLASS RTOS Condition cause : null
2024-08-09 13:00:50,177 [WARN] ConditionMgr:1039 - genDependencies : Invalid condition id : UX DEVICE CLASS RTOS Condition cause : null
2024-08-09 13:00:50,215 [WARN] PackLoader:240 - Cannot read IP mode file for STMicroelectronics.FP-SNS-STBOX1.2.0.0
2024-08-09 13:00:50,355 [WARN] PackLoader:240 - Cannot read IP mode file for STMicroelectronics.X-CUBE-SUBG2.5.0.0
2024-08-09 13:00:50,437 [WARN] PackLoader:240 - Cannot read IP mode file for Cesanta.I-CUBE-Mongoose.7.13.0
2024-08-09 13:00:50,546 [WARN] PackLoader:240 - Cannot read IP mode file for STMicroelectronics.X-CUBE-AZRTOS-G4.2.0.0
2024-08-09 13:00:50,579 [WARN] PackLoader:240 - Cannot read IP mode file for STMicroelectronics.X-CUBE-ISPU.2.0.0
2024-08-09 13:00:50,659 [WARN] PackLoader:240 - Cannot read IP mode file for STMicroelectronics.X-CUBE-ALS.1.0.2
2024-08-09 13:00:50,914 [WARN] PackLoader:240 - Cannot read IP mode file for STMicroelectronics.X-CUBE-MEMS1.10.0.0
2024-08-09 13:00:51,735 [WARN] PackLoader:240 - Cannot read IP mode file for STMicroelectronics.X-CUBE-TOUCHGFX.4.24.0
2024-08-09 13:00:51,804 [WARN] PackLoader:240 - Cannot read IP mode file for portGmbH.I-Cube-SoM-uGOAL.1.1.0
2024-08-09 13:00:52,078 [WARN] PackLoader:240 - Cannot read IP mode file for STMicroelectronics.X-CUBE-AZRTOS-H7RS.1.0.0
2024-08-09 13:00:52,728 [WARN] PackLoader:240 - Cannot read IP mode file for STMicroelectronics.FP-ATR-ASTRA1.2.0.0
2024-08-09 13:00:53,073 [WARN] PackLoader:240 - Cannot read IP mode file for STMicroelectronics.X-CUBE-TOF1.3.4.2
2024-08-09 13:00:53,540 [WARN] PackLoader:240 - Cannot read IP mode file for STMicroelectronics.X-CUBE-AZRTOS-H7.3.2.0
2024-08-09 13:00:54,474 [WARN] PackLoader:240 - Cannot read IP mode file for Infineon.AIROC-Wi-Fi-Bluetooth-STM32.1.6.0
2024-08-09 13:00:55,169 [WARN] PackLoader:240 - Cannot read IP mode file for wolfSSL.I-CUBE-wolfSSH.1.4.17
2024-08-09 13:00:55,170 [INFO] ThirdParty:978 - Integrity check success = true
2024-08-09 13:00:55,172 [INFO] IntegrityCheckThread:100 - exiting critical section [integrity check]
2024-08-09 13:00:55,173 [INFO] IntegrityCheckThread:103 - End integrity checks thread
2024-08-09 13:01:13,063 [INFO] WebApp:167 - Instantiating new browser for Auth
2024-08-09 13:01:19,868 [INFO] WebApp:448 - Apply proxy settings
2024-08-09 13:01:19,869 [INFO] WebApp:533 - Chromium requires no authentication
2024-08-09 13:01:20,157 [INFO] WebApp:476 - Direct internet connection detected
2024-08-09 13:01:20,253 [INFO] WebApp:869 - Register for checkConnection events
2024-08-09 13:01:20,254 [INFO] WebApp:448 - Apply proxy settings
2024-08-09 13:01:20,254 [INFO] WebApp:533 - Chromium requires no authentication
2024-08-09 13:01:20,256 [INFO] WebApp:476 - Direct internet connection detected
2024-08-09 13:01:20,947 [INFO] WebApp:186 - Connection restablished
2024-08-09 13:01:21,807 [INFO] WebApp:220 - Starting web application
2024-08-09 13:01:21,807 [INFO] WebApp:578 - Web application path used /opt/st/stm32cubeide_1.16.0/plugins/com.st.stm32cube.common.mx_6.12.0.202406281431/db/plugins/mcufinder/reactClient1/index.html
2024-08-09 13:01:22,392 [INFO] UserAuth:417 - Internet connection configuration mode: 1
2024-08-09 20:35:23,238 [ERROR] LogOutputStream:75 - [STDERR_REDIRECT] 
