2024-10-04 04:37:54,109 [ERROR] LogOutputStream:75 - [STDERR_REDIRECT] 
2024-10-04 19:09:26,253 [INFO] Activator:176 - 


2024-10-04 19:09:26,350 [INFO] Activator:177 - !SESSION log4j initialized
2024-10-04 19:09:41,316 [INFO] LogOutputStream:77 - [STDOUT_REDIRECT] 
2024-10-04 19:15:54,205 [INFO] ApplicationProperties:184 - Using Application install path: /opt/st/stm32cubeide_1.16.0/../../../home/lubuntu/.eclipse/com.st.stm32cube.ide.mcu.rcp.product_1.16.0_139065174_linux_gtk_x86_64/plugins/com.st.stm32cube.common.mx_6.12.1.202409122256
2024-10-04 19:15:54,251 [INFO] DbMcusXml:78 - Set database path to: /opt/st/stm32cubeide_1.16.0/../../../home/lubuntu/.eclipse/com.st.stm32cube.ide.mcu.rcp.product_1.16.0_139065174_linux_gtk_x86_64/plugins/com.st.stm32cube.common.mx_6.12.1.202409122256//db//mcu/
2024-10-04 19:15:54,251 [INFO] ApiDb:274 - Set plugin database path to: /opt/st/stm32cubeide_1.16.0/../../../home/lubuntu/.eclipse/com.st.stm32cube.ide.mcu.rcp.product_1.16.0_139065174_linux_gtk_x86_64/plugins/com.st.stm32cube.common.mx_6.12.1.202409122256//db//plugins/boardmanager/
2024-10-04 19:15:54,252 [WARN] ApiDb:259 - Overriding images path with different value:  => /opt/st/stm32cubeide_1.16.0/../../../home/lubuntu/.eclipse/com.st.stm32cube.ide.mcu.rcp.product_1.16.0_139065174_linux_gtk_x86_64/plugins/com.st.stm32cube.common.mx_6.12.1.202409122256//db//plugins/mcufinder/images/
2024-10-04 19:15:54,330 [INFO] ApiDb:250 - Set database path to: /home/lubuntu/.stmcufinder/plugins/mcufinder//mcu/
2024-10-04 19:15:54,334 [INFO] DbMcusAds:125 - Set database path to: /home/lubuntu/.stmcufinder/plugins/mcufinder//mcu/
2024-10-04 19:16:10,284 [INFO] CrossReferenceDbSqlite:203 - Set database path to: /home/lubuntu/.stmcufinder/plugins/mcufinder//mcu/cs/
2024-10-04 19:16:10,668 [INFO] RulesReader:64 - Compatibility file has been processed (297 Rules)
2024-10-04 19:16:10,985 [INFO] DbMcusXml:78 - Set database path to: /opt/st/stm32cubeide_1.16.0/../../../home/lubuntu/.eclipse/com.st.stm32cube.ide.mcu.rcp.product_1.16.0_139065174_linux_gtk_x86_64/plugins/com.st.stm32cube.common.mx_6.12.1.202409122256//db//mcu/
2024-10-04 19:16:10,985 [INFO] ApiDb:274 - Set plugin database path to: /opt/st/stm32cubeide_1.16.0/../../../home/lubuntu/.eclipse/com.st.stm32cube.ide.mcu.rcp.product_1.16.0_139065174_linux_gtk_x86_64/plugins/com.st.stm32cube.common.mx_6.12.1.202409122256//db//plugins/boardmanager/
2024-10-04 19:16:10,986 [INFO] ApiDb:261 - Set plugin images path to: /opt/st/stm32cubeide_1.16.0/../../../home/lubuntu/.eclipse/com.st.stm32cube.ide.mcu.rcp.product_1.16.0_139065174_linux_gtk_x86_64/plugins/com.st.stm32cube.common.mx_6.12.1.202409122256//db//plugins/mcufinder/images/
2024-10-04 19:16:10,986 [WARN] DbFile:41 - Overriding database path with different value: /home/lubuntu/.stmcufinder/plugins/mcufinder/ => /home/lubuntu/.stmcufinder/plugins/mcufinder
2024-10-04 19:16:10,987 [INFO] ApiDb:250 - Set database path to: /home/lubuntu/.stmcufinder/plugins/mcufinder//mcu/
2024-10-04 19:16:10,987 [WARN] DbFile:41 - Overriding database path with different value: /home/lubuntu/.stmcufinder/plugins/mcufinder/ => /home/lubuntu/.stmcufinder/plugins/mcufinder
2024-10-04 19:16:10,987 [INFO] DbMcusAds:125 - Set database path to: /home/lubuntu/.stmcufinder/plugins/mcufinder//mcu/
2024-10-04 19:16:10,987 [WARN] DbFile:41 - Overriding database path with different value: /home/lubuntu/.stmcufinder/plugins/mcufinder/ => /home/lubuntu/.stmcufinder/plugins/mcufinder
2024-10-04 19:16:10,988 [WARN] DbFile:41 - Overriding database path with different value: /home/lubuntu/.stmcufinder/plugins/mcufinder/ => /home/lubuntu/.stmcufinder/plugins/mcufinder
2024-10-04 19:16:10,988 [INFO] CrossReferenceDbSqlite:203 - Set database path to: /home/lubuntu/.stmcufinder/plugins/mcufinder//mcu/cs/
2024-10-04 19:16:11,246 [INFO] MainPanel:268 - HeapMemory: 901775360
2024-10-04 19:16:12,864 [INFO] DbMcusXml:78 - Set database path to: /opt/st/stm32cubeide_1.16.0/../../../home/lubuntu/.eclipse/com.st.stm32cube.ide.mcu.rcp.product_1.16.0_139065174_linux_gtk_x86_64/plugins/com.st.stm32cube.common.mx_6.12.1.202409122256//db//mcu/
2024-10-04 19:16:12,865 [INFO] ApiDb:274 - Set plugin database path to: /opt/st/stm32cubeide_1.16.0/../../../home/lubuntu/.eclipse/com.st.stm32cube.ide.mcu.rcp.product_1.16.0_139065174_linux_gtk_x86_64/plugins/com.st.stm32cube.common.mx_6.12.1.202409122256//db//plugins/boardmanager/
2024-10-04 19:16:12,865 [INFO] ApiDb:261 - Set plugin images path to: /opt/st/stm32cubeide_1.16.0/../../../home/lubuntu/.eclipse/com.st.stm32cube.ide.mcu.rcp.product_1.16.0_139065174_linux_gtk_x86_64/plugins/com.st.stm32cube.common.mx_6.12.1.202409122256//db//plugins/mcufinder/images/
2024-10-04 19:16:12,865 [WARN] DbFile:41 - Overriding database path with different value: /home/lubuntu/.stmcufinder/plugins/mcufinder/ => /home/lubuntu/.stmcufinder/plugins/mcufinder
2024-10-04 19:16:12,865 [INFO] ApiDb:250 - Set database path to: /home/lubuntu/.stmcufinder/plugins/mcufinder//mcu/
2024-10-04 19:16:12,865 [WARN] DbFile:41 - Overriding database path with different value: /home/lubuntu/.stmcufinder/plugins/mcufinder/ => /home/lubuntu/.stmcufinder/plugins/mcufinder
2024-10-04 19:16:12,866 [INFO] DbMcusAds:125 - Set database path to: /home/lubuntu/.stmcufinder/plugins/mcufinder//mcu/
2024-10-04 19:16:12,866 [WARN] DbFile:41 - Overriding database path with different value: /home/lubuntu/.stmcufinder/plugins/mcufinder/ => /home/lubuntu/.stmcufinder/plugins/mcufinder
2024-10-04 19:16:12,866 [WARN] DbFile:41 - Overriding database path with different value: /home/lubuntu/.stmcufinder/plugins/mcufinder/ => /home/lubuntu/.stmcufinder/plugins/mcufinder
2024-10-04 19:16:12,866 [INFO] CrossReferenceDbSqlite:203 - Set database path to: /home/lubuntu/.stmcufinder/plugins/mcufinder//mcu/cs/
2024-10-04 19:16:12,916 [INFO] ApplicationProperties:184 - Using Application install path: /opt/st/stm32cubeide_1.16.0/../../../home/lubuntu/.eclipse/com.st.stm32cube.ide.mcu.rcp.product_1.16.0_139065174_linux_gtk_x86_64/plugins/com.st.stm32cube.common.mx_6.12.1.202409122256
2024-10-04 19:16:12,918 [INFO] PluginManage:196 - Search for loadable plugins [exclusion list=, ]
2024-10-04 19:16:12,947 [INFO] PluginManage:310 - Check plugin analytics
2024-10-04 19:16:13,326 [INFO] AnalyticsPlugin:253 - Accepted Software Licenses: 
2024-10-04 19:16:13,326 [INFO] AnalyticsPlugin:255 - Accepted CMSIS Pack Licenses: 
2024-10-04 19:16:13,327 [INFO] AnalyticsPlugin:257 - Accepted Firmware Licenses: 
2024-10-04 19:16:13,331 [INFO] PluginManage:359 - Loaded plugin analytics (category:tool,tabindex:-1)
2024-10-04 19:16:13,332 [INFO] PluginManage:310 - Check plugin cadmodel
2024-10-04 19:16:13,357 [INFO] CADModel:105 - Init CAD model plugin
2024-10-04 19:16:13,357 [INFO] PluginManage:359 - Loaded plugin cadmodel (category:power,tabindex:5)
2024-10-04 19:16:13,358 [INFO] PluginManage:310 - Check plugin clock
2024-10-04 19:16:13,409 [INFO] PluginManage:359 - Loaded plugin clock (category:base,tabindex:2)
2024-10-04 19:16:13,409 [INFO] PluginManage:310 - Check plugin ddr
2024-10-04 19:16:13,435 [INFO] PluginManage:359 - Loaded plugin ddr (category:tool,tabindex:6)
2024-10-04 19:16:13,436 [INFO] PluginManage:310 - Check plugin filemanager
2024-10-04 19:16:13,810 [INFO] PluginManage:359 - Loaded plugin filemanager (category:base,tabindex:10)
2024-10-04 19:16:13,810 [INFO] PluginManage:310 - Check plugin ipmanager
2024-10-04 19:16:13,833 [INFO] PluginManage:359 - Loaded plugin ipmanager (category:base,tabindex:5)
2024-10-04 19:16:13,833 [INFO] PluginManage:310 - Check plugin lpbam
2024-10-04 19:16:13,870 [INFO] PluginManage:359 - Loaded plugin lpbam (category:base,tabindex:0)
2024-10-04 19:16:13,870 [INFO] PluginManage:310 - Check plugin memorymap
2024-10-04 19:16:13,922 [INFO] PluginManage:359 - Loaded plugin memorymap (category:base,tabindex:4)
2024-10-04 19:16:13,922 [INFO] PluginManage:310 - Check plugin pinoutandconfiguration
2024-10-04 19:16:13,967 [INFO] PluginManage:359 - Loaded plugin pinoutandconfiguration (category:base,tabindex:1)
2024-10-04 19:16:13,967 [INFO] PluginManage:310 - Check plugin pinoutconfig
2024-10-04 19:16:14,210 [WARN] SupportedApi:132 - Cannot load RTOS API schema: s4s-elt-must-match.1: The content of 'definitions' must match (annotation?, (simpleType | complexType)?, (unique | key | keyref)*)). A problem was found starting at: attribute.
2024-10-04 19:16:14,442 [INFO] PluginManage:359 - Loaded plugin pinoutconfig (category:base,tabindex:0)
2024-10-04 19:16:14,442 [INFO] PluginManage:310 - Check plugin power
2024-10-04 19:16:14,474 [INFO] PluginManage:359 - Loaded plugin power (category:power,tabindex:4)
2024-10-04 19:16:14,474 [INFO] PluginManage:310 - Check plugin projectmanager
2024-10-04 19:16:14,511 [INFO] PluginManage:359 - Loaded plugin projectmanager (category:projectmanager,tabindex:4)
2024-10-04 19:16:14,511 [INFO] PluginManage:310 - Check plugin rif
2024-10-04 19:16:14,542 [INFO] PluginManage:359 - Loaded plugin rif (category:base,tabindex:3)
2024-10-04 19:16:14,542 [INFO] PluginManage:310 - Check plugin thirdparty
2024-10-04 19:16:14,883 [WARN] IntegrityCheckThread:84 - waiting for thirdparty lock release [integrity check]
2024-10-04 19:16:14,884 [INFO] PluginManage:359 - Loaded plugin thirdparty (category:base,tabindex:-1)
2024-10-04 19:16:14,884 [INFO] IntegrityCheckThread:86 - entering critical section [integrity check]
2024-10-04 19:16:14,884 [INFO] PluginManage:310 - Check plugin tools
2024-10-04 19:16:14,884 [INFO] ThirdPartyUpdaterWithRetryManager:70 - Updater plugin not ready yet. [1/15]
2024-10-04 19:16:14,897 [INFO] PluginManage:359 - Loaded plugin tools (category:base,tabindex:7)
2024-10-04 19:16:14,898 [INFO] PluginManage:310 - Check plugin tutovideos
2024-10-04 19:16:15,144 [INFO] PluginManage:359 - Loaded plugin tutovideos (category:base,tabindex:-1)
2024-10-04 19:16:15,145 [INFO] PluginManage:310 - Check plugin updater
2024-10-04 19:16:15,195 [INFO] PluginManage:359 - Loaded plugin updater (category:base,tabindex:12)
2024-10-04 19:16:15,195 [INFO] PluginManage:310 - Check plugin userauth
2024-10-04 19:16:15,219 [INFO] UserAuth:113 - Init User Auth plugin
2024-10-04 19:16:15,219 [INFO] PluginManage:359 - Loaded plugin userauth (category:base,tabindex:14)
2024-10-04 19:16:15,220 [INFO] PluginManage:283 - PluginManage : Loaded plugins [18]
2024-10-04 19:16:15,758 [INFO] PinOutPanel:1561 - setPackage(No Configuration,No Configuration)
2024-10-04 19:16:16,081 [INFO] CADModel:165 - CPN selected for project level
2024-10-04 19:16:16,081 [INFO] CADModel:114 - Register for checkConnection events
2024-10-04 19:16:16,163 [INFO] IPUIPlugin:80 - create IPUIPlugin
2024-10-04 19:16:16,163 [INFO] PluginManager:220 - loadIPPluginJar : add spi
2024-10-04 19:16:16,180 [INFO] IPUIPlugin:80 - create IPUIPlugin
2024-10-04 19:16:16,180 [INFO] PluginManager:220 - loadIPPluginJar : add genericplugin
2024-10-04 19:16:16,183 [INFO] IPUIPlugin:80 - create IPUIPlugin
2024-10-04 19:16:16,183 [INFO] PluginManager:220 - loadIPPluginJar : add extmemmanager
2024-10-04 19:16:16,185 [INFO] IPUIPlugin:80 - create IPUIPlugin
2024-10-04 19:16:16,185 [INFO] PluginManager:220 - loadIPPluginJar : add i2c
2024-10-04 19:16:16,192 [INFO] IPUIPlugin:80 - create IPUIPlugin
2024-10-04 19:16:16,193 [INFO] PluginManager:220 - loadIPPluginJar : add fmc
2024-10-04 19:16:16,196 [INFO] IPUIPlugin:80 - create IPUIPlugin
2024-10-04 19:16:16,196 [INFO] PluginManager:220 - loadIPPluginJar : add usbx
2024-10-04 19:16:16,198 [INFO] IPUIPlugin:80 - create IPUIPlugin
2024-10-04 19:16:16,198 [INFO] PluginManager:220 - loadIPPluginJar : add tim
2024-10-04 19:16:16,200 [INFO] IPUIPlugin:80 - create IPUIPlugin
2024-10-04 19:16:16,201 [INFO] PluginManager:220 - loadIPPluginJar : add i3c
2024-10-04 19:16:16,204 [INFO] IPUIPlugin:80 - create IPUIPlugin
2024-10-04 19:16:16,204 [INFO] PluginManager:220 - loadIPPluginJar : add touchsensing
2024-10-04 19:16:16,218 [INFO] IPUIPlugin:80 - create IPUIPlugin
2024-10-04 19:16:16,219 [INFO] PluginManager:220 - loadIPPluginJar : add ipddr
2024-10-04 19:16:16,229 [INFO] IPUIPlugin:80 - create IPUIPlugin
2024-10-04 19:16:16,230 [INFO] PluginManager:220 - loadIPPluginJar : add nvic
2024-10-04 19:16:16,266 [INFO] IPUIPlugin:80 - create IPUIPlugin
2024-10-04 19:16:16,266 [INFO] PluginManager:220 - loadIPPluginJar : add mdma
2024-10-04 19:16:16,269 [INFO] IPUIPlugin:80 - create IPUIPlugin
2024-10-04 19:16:16,269 [INFO] PluginManager:220 - loadIPPluginJar : add ts
2024-10-04 19:16:16,278 [INFO] IPUIPlugin:80 - create IPUIPlugin
2024-10-04 19:16:16,278 [INFO] PluginManager:220 - loadIPPluginJar : add stm32_wpan
2024-10-04 19:16:16,282 [INFO] IPUIPlugin:80 - create IPUIPlugin
2024-10-04 19:16:16,282 [INFO] PluginManager:220 - loadIPPluginJar : add gfxmmu
2024-10-04 19:16:16,284 [INFO] IPUIPlugin:80 - create IPUIPlugin
2024-10-04 19:16:16,285 [INFO] PluginManager:220 - loadIPPluginJar : add fatfs
2024-10-04 19:16:16,290 [INFO] IPUIPlugin:80 - create IPUIPlugin
2024-10-04 19:16:16,290 [INFO] PluginManager:220 - loadIPPluginJar : add pdm2pcm
2024-10-04 19:16:16,306 [INFO] IPUIPlugin:80 - create IPUIPlugin
2024-10-04 19:16:16,307 [INFO] PluginManager:220 - loadIPPluginJar : add resmgrutility
2024-10-04 19:16:16,308 [INFO] IPUIPlugin:80 - create IPUIPlugin
2024-10-04 19:16:16,308 [INFO] PluginManager:220 - loadIPPluginJar : add tracer_emb
2024-10-04 19:16:16,310 [INFO] IPUIPlugin:80 - create IPUIPlugin
2024-10-04 19:16:16,311 [INFO] PluginManager:220 - loadIPPluginJar : add can
2024-10-04 19:16:16,330 [INFO] IPUIPlugin:80 - create IPUIPlugin
2024-10-04 19:16:16,330 [INFO] PluginManager:220 - loadIPPluginJar : add linkedlist
2024-10-04 19:16:16,360 [INFO] IPUIPlugin:80 - create IPUIPlugin
2024-10-04 19:16:16,360 [INFO] PluginManager:220 - loadIPPluginJar : add ddr_ctrl_phy
2024-10-04 19:16:16,363 [INFO] IPUIPlugin:80 - create IPUIPlugin
2024-10-04 19:16:16,364 [INFO] PluginManager:220 - loadIPPluginJar : add tsc
2024-10-04 19:16:16,366 [INFO] IPUIPlugin:80 - create IPUIPlugin
2024-10-04 19:16:16,366 [INFO] PluginManager:220 - loadIPPluginJar : add comp
2024-10-04 19:16:16,370 [INFO] IPUIPlugin:80 - create IPUIPlugin
2024-10-04 19:16:16,370 [INFO] PluginManager:220 - loadIPPluginJar : add gtzc
2024-10-04 19:16:16,387 [INFO] IPUIPlugin:80 - create IPUIPlugin
2024-10-04 19:16:16,387 [INFO] PluginManager:220 - loadIPPluginJar : add dma
2024-10-04 19:16:16,392 [INFO] IPUIPlugin:80 - create IPUIPlugin
2024-10-04 19:16:16,393 [INFO] PluginManager:220 - loadIPPluginJar : add aes
2024-10-04 19:16:16,398 [INFO] IPUIPlugin:80 - create IPUIPlugin
2024-10-04 19:16:16,398 [INFO] PluginManager:220 - loadIPPluginJar : add opamp
2024-10-04 19:16:16,401 [INFO] IPUIPlugin:80 - create IPUIPlugin
2024-10-04 19:16:16,440 [INFO] PluginManager:220 - loadIPPluginJar : add radio
2024-10-04 19:16:16,458 [INFO] IPUIPlugin:80 - create IPUIPlugin
2024-10-04 19:16:16,458 [INFO] PluginManager:220 - loadIPPluginJar : add dfsdm
2024-10-04 19:16:16,471 [INFO] IPUIPlugin:80 - create IPUIPlugin
2024-10-04 19:16:16,472 [INFO] PluginManager:220 - loadIPPluginJar : add adc
2024-10-04 19:16:16,486 [INFO] IPUIPlugin:80 - create IPUIPlugin
2024-10-04 19:16:16,492 [INFO] PluginManager:220 - loadIPPluginJar : add plateformsettings
2024-10-04 19:16:16,495 [INFO] IPUIPlugin:80 - create IPUIPlugin
2024-10-04 19:16:16,496 [INFO] PluginManager:220 - loadIPPluginJar : add ucpd
2024-10-04 19:16:16,500 [INFO] IPUIPlugin:80 - create IPUIPlugin
2024-10-04 19:16:16,500 [INFO] PluginManager:220 - loadIPPluginJar : add usart
2024-10-04 19:16:16,503 [INFO] IPUIPlugin:80 - create IPUIPlugin
2024-10-04 19:16:16,504 [INFO] PluginManager:220 - loadIPPluginJar : add quadspi
2024-10-04 19:16:16,509 [INFO] IPUIPlugin:80 - create IPUIPlugin
2024-10-04 19:16:16,510 [INFO] PluginManager:220 - loadIPPluginJar : add sai
2024-10-04 19:16:16,514 [INFO] IPUIPlugin:80 - create IPUIPlugin
2024-10-04 19:16:16,514 [INFO] PluginManager:220 - loadIPPluginJar : add cryp
2024-10-04 19:16:16,533 [INFO] IPUIPlugin:80 - create IPUIPlugin
2024-10-04 19:16:16,533 [INFO] PluginManager:220 - loadIPPluginJar : add freertos
2024-10-04 19:16:16,537 [INFO] IPUIPlugin:80 - create IPUIPlugin
2024-10-04 19:16:16,538 [INFO] PluginManager:220 - loadIPPluginJar : add lorawan
2024-10-04 19:16:16,540 [INFO] IPUIPlugin:80 - create IPUIPlugin
2024-10-04 19:16:16,540 [INFO] PluginManager:220 - loadIPPluginJar : add ltdc
2024-10-04 19:16:16,555 [INFO] IPUIPlugin:80 - create IPUIPlugin
2024-10-04 19:16:16,555 [INFO] PluginManager:220 - loadIPPluginJar : add gpio
2024-10-04 19:16:16,558 [INFO] IPUIPlugin:80 - create IPUIPlugin
2024-10-04 19:16:16,559 [INFO] PluginManager:220 - loadIPPluginJar : add openamp
2024-10-04 19:16:16,562 [INFO] IPUIPlugin:80 - create IPUIPlugin
2024-10-04 19:16:16,562 [INFO] PluginManager:220 - loadIPPluginJar : add i2s
2024-10-04 19:16:16,569 [INFO] IPUIPlugin:80 - create IPUIPlugin
2024-10-04 19:16:16,570 [INFO] PluginManager:220 - loadIPPluginJar : add gic
2024-10-04 19:16:16,625 [INFO] IPUIPlugin:80 - create IPUIPlugin
2024-10-04 19:16:16,625 [INFO] PluginManager:220 - loadIPPluginJar : add hash
2024-10-04 19:16:16,634 [INFO] IPUIPlugin:80 - create IPUIPlugin
2024-10-04 19:16:16,635 [INFO] PluginManager:220 - loadIPPluginJar : add dma3
2024-10-04 19:16:17,058 [INFO] CADModel:165 - CPN selected for project level
2024-10-04 19:16:17,058 [INFO] CADModel:114 - Register for checkConnection events
2024-10-04 19:16:17,059 [FATAL] Updater:334 - Updater called before beeing initialized
2024-10-04 19:16:17,059 [ERROR] CADModel:125 - Updater not yet initialized, retry later 
2024-10-04 19:16:17,416 [INFO] CADModel:165 - CPN selected for project level
2024-10-04 19:16:17,416 [INFO] CADModel:114 - Register for checkConnection events
2024-10-04 19:16:17,416 [FATAL] Updater:334 - Updater called before beeing initialized
2024-10-04 19:16:17,416 [ERROR] CADModel:125 - Updater not yet initialized, retry later 
2024-10-04 19:16:17,420 [FATAL] Updater:334 - Updater called before beeing initialized
2024-10-04 19:16:17,547 [FATAL] Updater:334 - Updater called before beeing initialized
2024-10-04 19:16:17,609 [INFO] DbMcusAds:53 - JSON generation date=Thu Sep 30 08:55:09 CEST 2021 (1632984909247)
2024-10-04 19:16:17,609 [FATAL] Updater:334 - Updater called before beeing initialized
2024-10-04 19:16:17,738 [WARN] DetailPanel:346 - Failed to get advertising image, set to default
2024-10-04 19:16:17,869 [FATAL] Updater:334 - Updater called before beeing initialized
2024-10-04 19:16:17,870 [FATAL] Updater:334 - Updater called before beeing initialized
2024-10-04 19:16:17,870 [FATAL] Updater:334 - Updater called before beeing initialized
2024-10-04 19:16:17,870 [WARN] DetailPanel:346 - Failed to get advertising image, set to default
2024-10-04 19:16:17,871 [FATAL] Updater:334 - Updater called before beeing initialized
2024-10-04 19:16:17,885 [INFO] ThirdPartyUpdaterWithRetryManager:70 - Updater plugin not ready yet. [2/15]
2024-10-04 19:16:17,953 [ERROR] Updater:1164 - MainUpdater not yet initialized. External WinMGr cannot be set.
2024-10-04 19:16:17,970 [INFO] Updater:1100 - Updater Version found : 6.12.1
2024-10-04 19:16:18,007 [INFO] ApplicationProperties:184 - Using Application install path: /opt/st/stm32cubeide_1.16.0/../../../home/lubuntu/.eclipse/com.st.stm32cube.ide.mcu.rcp.product_1.16.0_139065174_linux_gtk_x86_64/plugins/com.st.stm32cube.common.mx_6.12.1.202409122256
2024-10-04 19:16:18,440 [INFO] MainUpdater:2873 - connection check result : 10
2024-10-04 19:16:18,441 [INFO] MainUpdater:290 - Updater Check For Update Now.
2024-10-04 19:16:18,441 [INFO] MicroXplorer:498 - Change Database Version : DB.6.0.121
2024-10-04 19:16:18,473 [INFO] McuFinderGlobals:63 - Set McuFinder mode to 2 (CubeIDE integrated)
2024-10-04 19:16:18,473 [INFO] UserAuth:179 - activating auth plugin
2024-10-04 19:16:18,499 [INFO] UserAuth:417 - Internet connection configuration mode: 1
2024-10-04 19:16:18,648 [INFO] JxBrowserEngine:152 - Initiate JxBrowser Engine with user profile folder
2024-10-04 19:16:18,770 [INFO] CheckServerUpdateThread:120 - End of CheckServer Thread
2024-10-04 19:16:22,120 [WARN] PackLoader:240 - Cannot read IP mode file for STMicroelectronics.FP-SNS-MOTENVWB1.1.4.0
2024-10-04 19:16:22,156 [WARN] PackLoader:240 - Cannot read IP mode file for STMicroelectronics.X-CUBE-SMBUS.2.1.0
2024-10-04 19:16:22,178 [WARN] PackLoader:240 - Cannot read IP mode file for STMicroelectronics.X-CUBE-WB05N.1.1.0
2024-10-04 19:16:22,331 [WARN] PackLoader:240 - Cannot read IP mode file for STMicroelectronics.X-CUBE-AZRTOS-F7.1.1.0
2024-10-04 19:16:22,510 [WARN] PackLoader:240 - Cannot read IP mode file for STMicroelectronics.X-CUBE-MEMS1.11.0.0
2024-10-04 19:16:22,931 [WARN] PackLoader:240 - Cannot read IP mode file for STMicroelectronics.FP-SNS-FLIGHT1.5.0.2
2024-10-04 19:16:22,968 [WARN] PackLoader:240 - Cannot read IP mode file for STMicroelectronics.X-CUBE-DISPLAY.3.0.0
2024-10-04 19:16:23,470 [WARN] PackLoader:240 - Cannot read IP mode file for STMicroelectronics.X-CUBE-BLE1.7.0.0
2024-10-04 19:16:23,537 [WARN] PackLoader:240 - Cannot read IP mode file for STMicroelectronics.X-CUBE-NFC10.1.0.0
2024-10-04 19:16:23,562 [WARN] PackLoader:240 - Cannot read IP mode file for emotas.I-CUBE-CANOPEN.1.3.0
2024-10-04 19:16:23,601 [WARN] PackLoader:240 - Cannot read IP mode file for STMicroelectronics.X-CUBE-BLEMGR.3.1.0
2024-10-04 19:16:23,623 [WARN] PackLoader:240 - Cannot read IP mode file for STMicroelectronics.FP-SNS-SMARTAG2.1.2.0
2024-10-04 19:16:23,675 [INFO] LogOutputStream:77 - [STDOUT_REDIRECT] 1 : Invalid condition id : UX_CORESTACK_Condition cause : null
2024-10-04 19:16:23,676 [INFO] LogOutputStream:77 - [STDOUT_REDIRECT] 1 : Invalid condition id : UX_CORESTACK_Condition cause : null
2024-10-04 19:16:23,676 [INFO] LogOutputStream:77 - [STDOUT_REDIRECT] 1 : Invalid condition id : UX_CORESTACK_Condition cause : null
2024-10-04 19:16:23,676 [INFO] LogOutputStream:77 - [STDOUT_REDIRECT] 1 : Invalid condition id : UX_CORESTACK_Condition cause : null
2024-10-04 19:16:23,676 [INFO] LogOutputStream:77 - [STDOUT_REDIRECT] 1 : Invalid condition id : UX_CORESTACK_Condition cause : null
2024-10-04 19:16:23,681 [WARN] PackLoader:240 - Cannot read IP mode file for STMicroelectronics.X-CUBE-AZRTOS-WL.2.0.0
2024-10-04 19:16:23,687 [WARN] PackLoader:240 - Cannot read IP mode file for STMicroelectronics.FP-SNS-MOTENV1.5.0.0
2024-10-04 19:16:23,736 [WARN] PackLoader:240 - Cannot read IP mode file for wolfSSL.I-CUBE-wolfMQTT.1.19.0
2024-10-04 19:16:23,775 [WARN] PackLoader:240 - Cannot read IP mode file for WES.I-CUBE-Cesium.1.3.0
2024-10-04 19:16:23,795 [WARN] PackLoader:240 - Cannot read IP mode file for STMicroelectronics.X-CUBE-BLE2.3.3.0
2024-10-04 19:16:23,809 [WARN] PackLoader:240 - Cannot read IP mode file for STMicroelectronics.X-CUBE-NFC9.1.0.0
2024-10-04 19:16:23,854 [WARN] PackLoader:240 - Cannot read IP mode file for STMicroelectronics.X-CUBE-TCPP.4.1.0
2024-10-04 19:16:23,919 [WARN] PackLoader:240 - Cannot read IP mode file for STMicroelectronics.X-CUBE-AZRTOS-G0.1.1.0
2024-10-04 19:16:23,937 [WARN] PackLoader:240 - Cannot read IP mode file for STMicroelectronics.X-CUBE-SAFEA1.1.2.2
2024-10-04 19:16:23,946 [WARN] PackLoader:240 - Cannot read IP mode file for STMicroelectronics.X-CUBE-NFC4.3.0.0
2024-10-04 19:16:23,978 [WARN] PackLoader:240 - Cannot read IP mode file for EmbeddedOffice.I-CUBE-FS-RTOS.1.0.1
2024-10-04 19:16:23,978 [ERROR] ConditionMgr:805 - Attr not supported : Dmpu
2024-10-04 19:16:23,979 [ERROR] ConditionMgr:805 - Attr not supported : Dmpu
2024-10-04 19:16:23,979 [ERROR] ConditionMgr:805 - Attr not supported : Dmpu
2024-10-04 19:16:23,979 [ERROR] ConditionMgr:805 - Attr not supported : Dmpu
2024-10-04 19:16:23,979 [ERROR] ConditionMgr:805 - Attr not supported : Dmpu
2024-10-04 19:16:23,979 [ERROR] ConditionMgr:805 - Attr not supported : Dmpu
2024-10-04 19:16:23,979 [ERROR] ConditionMgr:805 - Attr not supported : Dmpu
2024-10-04 19:16:23,979 [ERROR] ConditionMgr:805 - Attr not supported : Dmpu
2024-10-04 19:16:23,979 [ERROR] ConditionMgr:805 - Attr not supported : Dmpu
2024-10-04 19:16:23,979 [ERROR] ConditionMgr:805 - Attr not supported : Dmpu
2024-10-04 19:16:23,979 [ERROR] ConditionMgr:805 - Attr not supported : Dmpu
2024-10-04 19:16:23,980 [ERROR] ConditionMgr:805 - Attr not supported : Dmpu
2024-10-04 19:16:23,980 [ERROR] ConditionMgr:805 - Attr not supported : Dmpu
2024-10-04 19:16:23,980 [ERROR] ConditionMgr:805 - Attr not supported : Dmpu
2024-10-04 19:16:23,980 [ERROR] ConditionMgr:805 - Attr not supported : Dmpu
2024-10-04 19:16:23,980 [ERROR] ConditionMgr:805 - Attr not supported : Dmpu
2024-10-04 19:16:23,980 [ERROR] ConditionMgr:805 - Attr not supported : Dmpu
2024-10-04 19:16:23,980 [ERROR] ConditionMgr:805 - Attr not supported : Dmpu
2024-10-04 19:16:23,980 [ERROR] ConditionMgr:805 - Attr not supported : Dmpu
2024-10-04 19:16:23,981 [ERROR] ConditionMgr:805 - Attr not supported : Dmpu
2024-10-04 19:16:23,981 [ERROR] ConditionMgr:805 - Attr not supported : Dmpu
2024-10-04 19:16:23,981 [ERROR] ConditionMgr:805 - Attr not supported : Dmpu
2024-10-04 19:16:23,981 [ERROR] ConditionMgr:805 - Attr not supported : Dmpu
2024-10-04 19:16:23,981 [ERROR] ConditionMgr:805 - Attr not supported : Dmpu
2024-10-04 19:16:23,981 [ERROR] ConditionMgr:805 - Attr not supported : Dmpu
2024-10-04 19:16:23,981 [ERROR] ConditionMgr:805 - Attr not supported : Dmpu
2024-10-04 19:16:23,981 [ERROR] ConditionMgr:805 - Attr not supported : Dmpu
2024-10-04 19:16:23,981 [ERROR] ConditionMgr:805 - Attr not supported : Dmpu
2024-10-04 19:16:23,982 [ERROR] ConditionMgr:805 - Attr not supported : Dmpu
2024-10-04 19:16:23,982 [ERROR] ConditionMgr:805 - Attr not supported : Dmpu
2024-10-04 19:16:23,982 [ERROR] ConditionMgr:805 - Attr not supported : Dmpu
2024-10-04 19:16:23,982 [ERROR] ConditionMgr:805 - Attr not supported : Dmpu
2024-10-04 19:16:23,982 [ERROR] ConditionMgr:805 - Attr not supported : Dmpu
2024-10-04 19:16:23,982 [ERROR] ConditionMgr:805 - Attr not supported : Dmpu
2024-10-04 19:16:23,982 [ERROR] ConditionMgr:805 - Attr not supported : Dmpu
2024-10-04 19:16:23,982 [ERROR] ConditionMgr:805 - Attr not supported : Dmpu
2024-10-04 19:16:23,983 [ERROR] ConditionMgr:805 - Attr not supported : Dmpu
2024-10-04 19:16:23,983 [ERROR] ConditionMgr:805 - Attr not supported : Dmpu
2024-10-04 19:16:23,983 [ERROR] ConditionMgr:805 - Attr not supported : Dmpu
2024-10-04 19:16:23,983 [ERROR] ConditionMgr:805 - Attr not supported : Dmpu
2024-10-04 19:16:23,983 [ERROR] ConditionMgr:805 - Attr not supported : Dmpu
2024-10-04 19:16:23,983 [ERROR] ConditionMgr:805 - Attr not supported : Dmpu
2024-10-04 19:16:23,983 [ERROR] ConditionMgr:805 - Attr not supported : Dmpu
2024-10-04 19:16:23,983 [ERROR] ConditionMgr:805 - Attr not supported : Dmpu
2024-10-04 19:16:23,984 [ERROR] ConditionMgr:805 - Attr not supported : Dmpu
2024-10-04 19:16:23,984 [ERROR] ConditionMgr:805 - Attr not supported : Dmpu
2024-10-04 19:16:23,984 [ERROR] ConditionMgr:805 - Attr not supported : Dmpu
2024-10-04 19:16:23,984 [ERROR] ConditionMgr:805 - Attr not supported : Dmpu
2024-10-04 19:16:23,984 [ERROR] ConditionMgr:805 - Attr not supported : Dmpu
2024-10-04 19:16:23,984 [ERROR] ConditionMgr:805 - Attr not supported : Dmpu
2024-10-04 19:16:23,984 [ERROR] ConditionMgr:805 - Attr not supported : Dmpu
2024-10-04 19:16:23,985 [ERROR] ConditionMgr:805 - Attr not supported : Dmpu
2024-10-04 19:16:23,985 [ERROR] ConditionMgr:805 - Attr not supported : Dmpu
2024-10-04 19:16:23,985 [ERROR] ConditionMgr:805 - Attr not supported : Dmpu
2024-10-04 19:16:23,985 [ERROR] ConditionMgr:805 - Attr not supported : Dmpu
2024-10-04 19:16:23,985 [ERROR] ConditionMgr:805 - Attr not supported : Dmpu
2024-10-04 19:16:23,985 [ERROR] ConditionMgr:805 - Attr not supported : Dmpu
2024-10-04 19:16:23,986 [ERROR] ConditionMgr:805 - Attr not supported : Dmpu
2024-10-04 19:16:23,986 [ERROR] ConditionMgr:805 - Attr not supported : Dmpu
2024-10-04 19:16:23,986 [ERROR] ConditionMgr:805 - Attr not supported : Dmpu
2024-10-04 19:16:23,986 [ERROR] ConditionMgr:805 - Attr not supported : Dmpu
2024-10-04 19:16:23,986 [ERROR] ConditionMgr:805 - Attr not supported : Dmpu
2024-10-04 19:16:23,986 [ERROR] ConditionMgr:805 - Attr not supported : Dmpu
2024-10-04 19:16:23,986 [ERROR] ConditionMgr:805 - Attr not supported : Dmpu
2024-10-04 19:16:24,006 [WARN] PackLoader:240 - Cannot read IP mode file for RealThread.X-CUBE-RT-Thread_Nano.4.1.1
2024-10-04 19:16:24,027 [WARN] PackLoader:240 - Cannot read IP mode file for STMicroelectronics.FP-ATR-SIGFOX1.3.2.0
2024-10-04 19:16:24,056 [WARN] PackLoader:240 - Cannot read IP mode file for wolfSSL.I-CUBE-wolfSSL.5.7.2
2024-10-04 19:16:24,089 [WARN] PackLoader:240 - Cannot read IP mode file for STMicroelectronics.X-CUBE-EEPRMA1.5.1.0
2024-10-04 19:16:24,114 [WARN] PackLoader:240 - Cannot read IP mode file for ITTIA_DB.I-CUBE-ITTIADB.8.9.0
2024-10-04 19:16:24,177 [WARN] PackLoader:240 - Cannot read IP mode file for SEGGER.I-CUBE-embOS.1.3.1
2024-10-04 19:16:24,274 [WARN] PackLoader:240 - Cannot read IP mode file for STMicroelectronics.X-CUBE-ALGOBUILD.1.4.0
2024-10-04 19:16:24,308 [WARN] PackLoader:240 - Cannot read IP mode file for STMicroelectronics.X-CUBE-AI.9.1.0
2024-10-04 19:16:24,410 [WARN] PackLoader:240 - Cannot read IP mode file for STMicroelectronics.X-CUBE-AZRTOS-F4.1.1.0
2024-10-04 19:16:24,433 [WARN] PackLoader:240 - Cannot read IP mode file for STMicroelectronics.X-CUBE-ISPU.2.1.0
2024-10-04 19:16:24,457 [WARN] PackLoader:240 - Cannot read IP mode file for STMicroelectronics.X-CUBE-FREERTOS.1.2.0
2024-10-04 19:16:24,545 [WARN] PackLoader:240 - Cannot read IP mode file for STMicroelectronics.X-CUBE-AZRTOS-L5.2.0.0
2024-10-04 19:16:24,578 [WARN] PackLoader:240 - Cannot read IP mode file for STMicroelectronics.X-CUBE-NFC6.3.1.0
2024-10-04 19:16:24,596 [WARN] PackLoader:240 - Cannot read IP mode file for STMicroelectronics.X-CUBE-DPower.1.2.0
2024-10-04 19:16:24,621 [WARN] PackLoader:240 - Cannot read IP mode file for STMicroelectronics.X-CUBE-AI.9.0.0
2024-10-04 19:16:24,631 [WARN] PackLoader:240 - Cannot read IP mode file for STMicroelectronics.X-CUBE-NFC7.1.0.1
2024-10-04 19:16:24,831 [WARN] ConditionMgr:438 - getConditionDescription Invalid condition id : LAN8742 Phy interface Condition cause : null
2024-10-04 19:16:24,832 [WARN] PackLoader:240 - Cannot read IP mode file for STMicroelectronics.X-CUBE-AZRTOS-L4.2.0.0
2024-10-04 19:16:24,836 [WARN] ConditionMgr:1039 - genDependencies : Invalid condition id : LAN8742 Phy interface Condition cause : null
2024-10-04 19:16:24,837 [WARN] ConditionMgr:1039 - genDependencies : Invalid condition id : LAN8742 Phy interface Condition cause : null
2024-10-04 19:16:24,838 [WARN] ConditionMgr:1039 - genDependencies : Invalid condition id : LAN8742 Phy interface Condition cause : null
2024-10-04 19:16:24,861 [WARN] PackLoader:240 - Cannot read IP mode file for STMicroelectronics.X-CUBE-SFXS2LP1.4.0.0
2024-10-04 19:16:24,956 [WARN] PackLoader:240 - Cannot read IP mode file for STMicroelectronics.X-CUBE-AZRTOS-H7.3.3.0
2024-10-04 19:16:25,016 [WARN] PackLoader:240 - Cannot read IP mode file for STMicroelectronics.X-CUBE-IPS.3.0.0
2024-10-04 19:16:25,070 [WARN] ConditionMgr:438 - getConditionDescription Invalid condition id : UX DEVICE CLASS RTOS Condition cause : null
2024-10-04 19:16:25,071 [WARN] ConditionMgr:438 - getConditionDescription Invalid condition id : UX DEVICE CLASS RTOS Condition cause : null
2024-10-04 19:16:25,073 [WARN] PackLoader:240 - Cannot read IP mode file for STMicroelectronics.X-CUBE-AZRTOS-WB.2.0.0
2024-10-04 19:16:25,073 [WARN] ConditionMgr:1039 - genDependencies : Invalid condition id : UX DEVICE CLASS RTOS Condition cause : null
2024-10-04 19:16:25,074 [WARN] ConditionMgr:1039 - genDependencies : Invalid condition id : UX DEVICE CLASS RTOS Condition cause : null
2024-10-04 19:16:25,075 [WARN] ConditionMgr:1039 - genDependencies : Invalid condition id : UX DEVICE CLASS RTOS Condition cause : null
2024-10-04 19:16:25,075 [WARN] ConditionMgr:1039 - genDependencies : Invalid condition id : UX DEVICE CLASS RTOS Condition cause : null
2024-10-04 19:16:25,075 [WARN] ConditionMgr:1039 - genDependencies : Invalid condition id : UX DEVICE CLASS RTOS Condition cause : null
2024-10-04 19:16:25,088 [WARN] PackLoader:240 - Cannot read IP mode file for STMicroelectronics.X-CUBE-GNSS1.7.0.0
2024-10-04 19:16:25,125 [WARN] PackLoader:240 - Cannot read IP mode file for STMicroelectronics.FP-SNS-STBOX1.2.0.0
2024-10-04 19:16:25,165 [WARN] PackLoader:240 - Cannot read IP mode file for STMicroelectronics.X-CUBE-SUBG2.5.0.0
2024-10-04 19:16:25,205 [WARN] PackLoader:240 - Cannot read IP mode file for Cesanta.I-CUBE-Mongoose.7.13.0
2024-10-04 19:16:25,315 [WARN] PackLoader:240 - Cannot read IP mode file for STMicroelectronics.X-CUBE-AZRTOS-G4.2.0.0
2024-10-04 19:16:25,338 [WARN] PackLoader:240 - Cannot read IP mode file for STMicroelectronics.X-CUBE-ISPU.2.0.0
2024-10-04 19:16:25,361 [WARN] PackLoader:240 - Cannot read IP mode file for STMicroelectronics.X-CUBE-ALS.1.0.2
2024-10-04 19:16:25,398 [WARN] PackLoader:240 - Cannot read IP mode file for STMicroelectronics.X-CUBE-TOUCHGFX.4.24.0
2024-10-04 19:16:25,419 [WARN] PackLoader:240 - Cannot read IP mode file for STMicroelectronics.X-CUBE-TOUCHGFX.4.24.1
2024-10-04 19:16:25,445 [WARN] PackLoader:240 - Cannot read IP mode file for wolfSSL.I-CUBE-wolfTPM.3.4.0
2024-10-04 19:16:25,476 [WARN] PackLoader:240 - Cannot read IP mode file for portGmbH.I-Cube-SoM-uGOAL.1.1.0
2024-10-04 19:16:25,526 [WARN] PackLoader:240 - Cannot read IP mode file for STMicroelectronics.X-CUBE-AZRTOS-H7RS.1.0.0
2024-10-04 19:16:25,535 [WARN] PackLoader:240 - Cannot read IP mode file for STMicroelectronics.FP-ATR-ASTRA1.2.0.0
2024-10-04 19:16:25,591 [WARN] PackLoader:240 - Cannot read IP mode file for STMicroelectronics.X-CUBE-TOF1.3.4.2
2024-10-04 19:16:25,673 [WARN] PackLoader:240 - Cannot read IP mode file for Infineon.AIROC-Wi-Fi-Bluetooth-STM32.1.6.1
2024-10-04 19:16:25,687 [WARN] PackLoader:240 - Cannot read IP mode file for wolfSSL.I-CUBE-wolfSSH.1.4.17
2024-10-04 19:16:25,689 [INFO] ThirdParty:978 - Integrity check success = true
2024-10-04 19:16:25,689 [INFO] IntegrityCheckThread:100 - exiting critical section [integrity check]
2024-10-04 19:16:25,689 [INFO] IntegrityCheckThread:103 - End integrity checks thread
2024-10-04 19:16:49,020 [INFO] WebApp:167 - Instantiating new browser for Auth
2024-10-04 19:17:08,312 [INFO] WebApp:448 - Apply proxy settings
2024-10-04 19:17:08,313 [INFO] WebApp:533 - Chromium requires no authentication
2024-10-04 19:17:08,843 [INFO] WebApp:476 - Direct internet connection detected
2024-10-04 19:17:09,191 [INFO] WebApp:869 - Register for checkConnection events
2024-10-04 19:17:09,191 [INFO] WebApp:448 - Apply proxy settings
2024-10-04 19:17:09,191 [INFO] WebApp:533 - Chromium requires no authentication
2024-10-04 19:17:09,192 [INFO] WebApp:476 - Direct internet connection detected
2024-10-04 19:17:12,531 [INFO] WebApp:220 - Starting web application
2024-10-04 19:17:12,531 [INFO] WebApp:578 - Web application path used /opt/st/stm32cubeide_1.16.0/../../../home/lubuntu/.eclipse/com.st.stm32cube.ide.mcu.rcp.product_1.16.0_139065174_linux_gtk_x86_64/plugins/com.st.stm32cube.common.mx_6.12.1.202409122256/db/plugins/mcufinder/reactClient1/index.html
2024-10-04 19:17:13,287 [INFO] WebApp:186 - Connection restablished
