2024-09-11 00:00:00,834 [WARN] PackLoader:240 - Cannot read IP mode file for STMicroelectronics.FP-SNS-MOTENVWB1.1.4.0
2024-09-11 00:00:00,873 [WARN] PackLoader:240 - Cannot read IP mode file for STMicroelectronics.X-CUBE-SMBUS.2.1.0
2024-09-11 00:00:00,955 [WARN] PackLoader:240 - Cannot read IP mode file for STMicroelectronics.X-CUBE-AZRTOS-F7.1.1.0
2024-09-11 00:00:01,122 [WARN] PackLoader:240 - Cannot read IP mode file for STMicroelectronics.X-CUBE-MEMS1.11.0.0
2024-09-11 00:00:01,279 [WARN] PackLoader:240 - Cannot read IP mode file for STMicroelectronics.FP-SNS-FLIGHT1.5.0.2
2024-09-11 00:00:01,307 [WARN] PackLoader:240 - Cannot read IP mode file for STMicroelectronics.X-CUBE-DISPLAY.3.0.0
2024-09-11 00:00:01,319 [WARN] PackLoader:240 - Cannot read IP mode file for STMicroelectronics.X-CUBE-BLE1.7.0.0
2024-09-11 00:00:01,343 [WARN] PackLoader:240 - Cannot read IP mode file for emotas.I-CUBE-CANOPEN.1.3.0
2024-09-11 00:00:01,404 [WARN] PackLoader:240 - Cannot read IP mode file for STMicroelectronics.X-CUBE-BLEMGR.3.1.0
2024-09-11 00:00:01,424 [WARN] PackLoader:240 - Cannot read IP mode file for STMicroelectronics.FP-SNS-SMARTAG2.1.2.0
2024-09-11 00:00:01,519 [WARN] PackLoader:240 - Cannot read IP mode file for STMicroelectronics.X-CUBE-AZRTOS-WL.2.0.0
2024-09-11 00:00:01,548 [WARN] PackLoader:240 - Cannot read IP mode file for STMicroelectronics.FP-SNS-MOTENV1.5.0.0
2024-09-11 00:00:01,589 [WARN] PackLoader:240 - Cannot read IP mode file for wolfSSL.I-CUBE-wolfMQTT.1.19.0
2024-09-11 00:00:01,609 [WARN] PackLoader:240 - Cannot read IP mode file for WES.I-CUBE-Cesium.1.3.0
2024-09-11 00:00:01,625 [WARN] PackLoader:240 - Cannot read IP mode file for STMicroelectronics.X-CUBE-BLE2.3.3.0
2024-09-11 00:00:01,666 [WARN] PackLoader:240 - Cannot read IP mode file for STMicroelectronics.X-CUBE-TCPP.4.1.0
2024-09-11 00:00:01,708 [WARN] PackLoader:240 - Cannot read IP mode file for STMicroelectronics.X-CUBE-AZRTOS-G0.1.1.0
2024-09-11 00:00:01,733 [WARN] PackLoader:240 - Cannot read IP mode file for STMicroelectronics.X-CUBE-SAFEA1.1.2.2
2024-09-11 00:00:01,741 [WARN] PackLoader:240 - Cannot read IP mode file for STMicroelectronics.X-CUBE-NFC4.3.0.0
2024-09-11 00:00:01,800 [WARN] PackLoader:240 - Cannot read IP mode file for EmbeddedOffice.I-CUBE-FS-RTOS.1.0.1
2024-09-11 00:00:01,800 [ERROR] ConditionMgr:805 - Attr not supported : Dmpu
2024-09-11 00:00:01,801 [ERROR] ConditionMgr:805 - Attr not supported : Dmpu
2024-09-11 00:00:01,801 [ERROR] ConditionMgr:805 - Attr not supported : Dmpu
2024-09-11 00:00:01,801 [ERROR] ConditionMgr:805 - Attr not supported : Dmpu
2024-09-11 00:00:01,801 [ERROR] ConditionMgr:805 - Attr not supported : Dmpu
2024-09-11 00:00:01,801 [ERROR] ConditionMgr:805 - Attr not supported : Dmpu
2024-09-11 00:00:01,801 [ERROR] ConditionMgr:805 - Attr not supported : Dmpu
2024-09-11 00:00:01,801 [ERROR] ConditionMgr:805 - Attr not supported : Dmpu
2024-09-11 00:00:01,801 [ERROR] ConditionMgr:805 - Attr not supported : Dmpu
2024-09-11 00:00:01,801 [ERROR] ConditionMgr:805 - Attr not supported : Dmpu
2024-09-11 00:00:01,801 [ERROR] ConditionMgr:805 - Attr not supported : Dmpu
2024-09-11 00:00:01,801 [ERROR] ConditionMgr:805 - Attr not supported : Dmpu
2024-09-11 00:00:01,801 [ERROR] ConditionMgr:805 - Attr not supported : Dmpu
2024-09-11 00:00:01,801 [ERROR] ConditionMgr:805 - Attr not supported : Dmpu
2024-09-11 00:00:01,802 [ERROR] ConditionMgr:805 - Attr not supported : Dmpu
2024-09-11 00:00:01,802 [ERROR] ConditionMgr:805 - Attr not supported : Dmpu
2024-09-11 00:00:01,802 [ERROR] ConditionMgr:805 - Attr not supported : Dmpu
2024-09-11 00:00:01,802 [ERROR] ConditionMgr:805 - Attr not supported : Dmpu
2024-09-11 00:00:01,802 [ERROR] ConditionMgr:805 - Attr not supported : Dmpu
2024-09-11 00:00:01,802 [ERROR] ConditionMgr:805 - Attr not supported : Dmpu
2024-09-11 00:00:01,802 [ERROR] ConditionMgr:805 - Attr not supported : Dmpu
2024-09-11 00:00:01,802 [ERROR] ConditionMgr:805 - Attr not supported : Dmpu
2024-09-11 00:00:01,802 [ERROR] ConditionMgr:805 - Attr not supported : Dmpu
2024-09-11 00:00:01,802 [ERROR] ConditionMgr:805 - Attr not supported : Dmpu
2024-09-11 00:00:01,803 [ERROR] ConditionMgr:805 - Attr not supported : Dmpu
2024-09-11 00:00:01,803 [ERROR] ConditionMgr:805 - Attr not supported : Dmpu
2024-09-11 00:00:01,803 [ERROR] ConditionMgr:805 - Attr not supported : Dmpu
2024-09-11 00:00:01,803 [ERROR] ConditionMgr:805 - Attr not supported : Dmpu
2024-09-11 00:00:01,803 [ERROR] ConditionMgr:805 - Attr not supported : Dmpu
2024-09-11 00:00:01,803 [ERROR] ConditionMgr:805 - Attr not supported : Dmpu
2024-09-11 00:00:01,803 [ERROR] ConditionMgr:805 - Attr not supported : Dmpu
2024-09-11 00:00:01,804 [ERROR] ConditionMgr:805 - Attr not supported : Dmpu
2024-09-11 00:00:01,804 [ERROR] ConditionMgr:805 - Attr not supported : Dmpu
2024-09-11 00:00:01,804 [ERROR] ConditionMgr:805 - Attr not supported : Dmpu
2024-09-11 00:00:01,804 [ERROR] ConditionMgr:805 - Attr not supported : Dmpu
2024-09-11 00:00:01,804 [ERROR] ConditionMgr:805 - Attr not supported : Dmpu
2024-09-11 00:00:01,804 [ERROR] ConditionMgr:805 - Attr not supported : Dmpu
2024-09-11 00:00:01,804 [ERROR] ConditionMgr:805 - Attr not supported : Dmpu
2024-09-11 00:00:01,804 [ERROR] ConditionMgr:805 - Attr not supported : Dmpu
2024-09-11 00:00:01,804 [ERROR] ConditionMgr:805 - Attr not supported : Dmpu
2024-09-11 00:00:01,805 [ERROR] ConditionMgr:805 - Attr not supported : Dmpu
2024-09-11 00:00:01,805 [ERROR] ConditionMgr:805 - Attr not supported : Dmpu
2024-09-11 00:00:01,805 [ERROR] ConditionMgr:805 - Attr not supported : Dmpu
2024-09-11 00:00:01,805 [ERROR] ConditionMgr:805 - Attr not supported : Dmpu
2024-09-11 00:00:01,805 [ERROR] ConditionMgr:805 - Attr not supported : Dmpu
2024-09-11 00:00:01,805 [ERROR] ConditionMgr:805 - Attr not supported : Dmpu
2024-09-11 00:00:01,805 [ERROR] ConditionMgr:805 - Attr not supported : Dmpu
2024-09-11 00:00:01,805 [ERROR] ConditionMgr:805 - Attr not supported : Dmpu
2024-09-11 00:00:01,805 [ERROR] ConditionMgr:805 - Attr not supported : Dmpu
2024-09-11 00:00:01,806 [ERROR] ConditionMgr:805 - Attr not supported : Dmpu
2024-09-11 00:00:01,806 [ERROR] ConditionMgr:805 - Attr not supported : Dmpu
2024-09-11 00:00:01,806 [ERROR] ConditionMgr:805 - Attr not supported : Dmpu
2024-09-11 00:00:01,806 [ERROR] ConditionMgr:805 - Attr not supported : Dmpu
2024-09-11 00:00:01,806 [ERROR] ConditionMgr:805 - Attr not supported : Dmpu
2024-09-11 00:00:01,806 [ERROR] ConditionMgr:805 - Attr not supported : Dmpu
2024-09-11 00:00:01,806 [ERROR] ConditionMgr:805 - Attr not supported : Dmpu
2024-09-11 00:00:01,806 [ERROR] ConditionMgr:805 - Attr not supported : Dmpu
2024-09-11 00:00:01,806 [ERROR] ConditionMgr:805 - Attr not supported : Dmpu
2024-09-11 00:00:01,806 [ERROR] ConditionMgr:805 - Attr not supported : Dmpu
2024-09-11 00:00:01,806 [ERROR] ConditionMgr:805 - Attr not supported : Dmpu
2024-09-11 00:00:01,806 [ERROR] ConditionMgr:805 - Attr not supported : Dmpu
2024-09-11 00:00:01,806 [ERROR] ConditionMgr:805 - Attr not supported : Dmpu
2024-09-11 00:00:01,807 [ERROR] ConditionMgr:805 - Attr not supported : Dmpu
2024-09-11 00:00:01,807 [ERROR] ConditionMgr:805 - Attr not supported : Dmpu
2024-09-11 00:00:01,823 [WARN] PackLoader:240 - Cannot read IP mode file for RealThread.X-CUBE-RT-Thread_Nano.4.1.1
2024-09-11 00:00:01,831 [WARN] PackLoader:240 - Cannot read IP mode file for STMicroelectronics.FP-ATR-SIGFOX1.3.2.0
2024-09-11 00:00:01,894 [WARN] PackLoader:240 - Cannot read IP mode file for wolfSSL.I-CUBE-wolfSSL.5.7.2
2024-09-11 00:00:01,906 [WARN] PackLoader:240 - Cannot read IP mode file for STMicroelectronics.X-CUBE-EEPRMA1.5.1.0
2024-09-11 00:00:01,978 [WARN] PackLoader:240 - Cannot read IP mode file for ITTIA_DB.I-CUBE-ITTIADB.8.9.0
2024-09-11 00:00:02,100 [WARN] PackLoader:240 - Cannot read IP mode file for SEGGER.I-CUBE-embOS.1.3.1
2024-09-11 00:00:02,170 [WARN] PackLoader:240 - Cannot read IP mode file for STMicroelectronics.X-CUBE-ALGOBUILD.1.4.0
2024-09-11 00:00:02,241 [WARN] PackLoader:240 - Cannot read IP mode file for STMicroelectronics.X-CUBE-AZRTOS-F4.1.1.0
2024-09-11 00:00:02,284 [WARN] PackLoader:240 - Cannot read IP mode file for STMicroelectronics.X-CUBE-FREERTOS.1.2.0
2024-09-11 00:00:02,377 [WARN] PackLoader:240 - Cannot read IP mode file for STMicroelectronics.X-CUBE-AZRTOS-L5.2.0.0
2024-09-11 00:00:02,407 [WARN] PackLoader:240 - Cannot read IP mode file for STMicroelectronics.X-CUBE-NFC6.3.1.0
2024-09-11 00:00:02,431 [WARN] PackLoader:240 - Cannot read IP mode file for STMicroelectronics.X-CUBE-DPower.1.2.0
2024-09-11 00:00:02,448 [WARN] PackLoader:240 - Cannot read IP mode file for STMicroelectronics.X-CUBE-AI.9.0.0
2024-09-11 00:00:02,467 [WARN] PackLoader:240 - Cannot read IP mode file for STMicroelectronics.X-CUBE-NFC7.1.0.1
2024-09-11 00:00:02,604 [WARN] ConditionMgr:438 - getConditionDescription Invalid condition id : LAN8742 Phy interface Condition cause : null
2024-09-11 00:00:02,623 [WARN] PackLoader:240 - Cannot read IP mode file for STMicroelectronics.X-CUBE-AZRTOS-L4.2.0.0
2024-09-11 00:00:02,626 [WARN] ConditionMgr:1039 - genDependencies : Invalid condition id : LAN8742 Phy interface Condition cause : null
2024-09-11 00:00:02,626 [WARN] ConditionMgr:1039 - genDependencies : Invalid condition id : LAN8742 Phy interface Condition cause : null
2024-09-11 00:00:02,627 [WARN] ConditionMgr:1039 - genDependencies : Invalid condition id : LAN8742 Phy interface Condition cause : null
2024-09-11 00:00:02,644 [WARN] PackLoader:240 - Cannot read IP mode file for STMicroelectronics.X-CUBE-SFXS2LP1.4.0.0
2024-09-11 00:00:02,704 [WARN] PackLoader:240 - Cannot read IP mode file for STMicroelectronics.X-CUBE-AZRTOS-H7.3.3.0
2024-09-11 00:00:02,753 [WARN] ConditionMgr:438 - getConditionDescription Invalid condition id : UX DEVICE CLASS RTOS Condition cause : null
2024-09-11 00:00:02,754 [WARN] ConditionMgr:438 - getConditionDescription Invalid condition id : UX DEVICE CLASS RTOS Condition cause : null
2024-09-11 00:00:02,756 [WARN] PackLoader:240 - Cannot read IP mode file for STMicroelectronics.X-CUBE-AZRTOS-WB.2.0.0
2024-09-11 00:00:02,756 [WARN] ConditionMgr:1039 - genDependencies : Invalid condition id : UX DEVICE CLASS RTOS Condition cause : null
2024-09-11 00:00:02,757 [WARN] ConditionMgr:1039 - genDependencies : Invalid condition id : UX DEVICE CLASS RTOS Condition cause : null
2024-09-11 00:00:02,757 [WARN] ConditionMgr:1039 - genDependencies : Invalid condition id : UX DEVICE CLASS RTOS Condition cause : null
2024-09-11 00:00:02,757 [WARN] ConditionMgr:1039 - genDependencies : Invalid condition id : UX DEVICE CLASS RTOS Condition cause : null
2024-09-11 00:00:02,758 [WARN] ConditionMgr:1039 - genDependencies : Invalid condition id : UX DEVICE CLASS RTOS Condition cause : null
2024-09-11 00:00:02,790 [WARN] PackLoader:240 - Cannot read IP mode file for STMicroelectronics.X-CUBE-GNSS1.7.0.0
2024-09-11 00:00:02,816 [WARN] PackLoader:240 - Cannot read IP mode file for STMicroelectronics.FP-SNS-STBOX1.2.0.0
2024-09-11 00:00:02,873 [WARN] PackLoader:240 - Cannot read IP mode file for STMicroelectronics.X-CUBE-SUBG2.5.0.0
2024-09-11 00:00:02,904 [WARN] PackLoader:240 - Cannot read IP mode file for Cesanta.I-CUBE-Mongoose.7.13.0
2024-09-11 00:00:03,004 [WARN] PackLoader:240 - Cannot read IP mode file for STMicroelectronics.X-CUBE-AZRTOS-G4.2.0.0
2024-09-11 00:00:03,023 [WARN] PackLoader:240 - Cannot read IP mode file for STMicroelectronics.X-CUBE-ISPU.2.0.0
2024-09-11 00:00:03,064 [WARN] PackLoader:240 - Cannot read IP mode file for STMicroelectronics.X-CUBE-ALS.1.0.2
2024-09-11 00:00:03,073 [WARN] PackLoader:240 - Cannot read IP mode file for STMicroelectronics.X-CUBE-TOUCHGFX.4.24.0
2024-09-11 00:00:03,114 [WARN] PackLoader:240 - Cannot read IP mode file for wolfSSL.I-CUBE-wolfTPM.3.4.0
2024-09-11 00:00:03,123 [WARN] PackLoader:240 - Cannot read IP mode file for portGmbH.I-Cube-SoM-uGOAL.1.1.0
2024-09-11 00:00:03,215 [WARN] PackLoader:240 - Cannot read IP mode file for STMicroelectronics.X-CUBE-AZRTOS-H7RS.1.0.0
2024-09-11 00:00:03,227 [WARN] PackLoader:240 - Cannot read IP mode file for STMicroelectronics.FP-ATR-ASTRA1.2.0.0
2024-09-11 00:00:03,271 [WARN] PackLoader:240 - Cannot read IP mode file for STMicroelectronics.X-CUBE-TOF1.3.4.2
2024-09-11 00:00:03,348 [WARN] PackLoader:240 - Cannot read IP mode file for Infineon.AIROC-Wi-Fi-Bluetooth-STM32.1.6.1
2024-09-11 00:00:03,360 [WARN] PackLoader:240 - Cannot read IP mode file for wolfSSL.I-CUBE-wolfSSH.1.4.17
2024-09-11 00:00:03,360 [INFO] ThirdParty:978 - Integrity check success = true
2024-09-11 00:00:03,360 [INFO] IntegrityCheckThread:100 - exiting critical section [integrity check]
2024-09-11 00:00:03,360 [INFO] IntegrityCheckThread:103 - End integrity checks thread
2024-09-11 00:00:03,361 [INFO] ThirdParty:873 - entering critical section [close project]
2024-09-11 00:00:03,361 [INFO] ThirdParty:883 - exiting critical section [close project]
2024-09-11 00:00:03,363 [INFO] PinOutPanel:1561 - setPackage(No Configuration,No Configuration)
2024-09-11 00:00:03,366 [INFO] UtilMem:75 - Begin LoadConfig() Used Memory: 400540208 Bytes (660602880)
2024-09-11 00:00:03,369 [INFO] MicroXplorer:468 - Change Database Path : 
2024-09-11 00:00:03,369 [INFO] MicroXplorer:498 - Change Database Version : DB.6.0.120
2024-09-11 00:00:03,369 [INFO] OpenFileManager:332 - Change cursor
2024-09-11 00:00:03,570 [INFO] Mcu:2032 - Initializing MCU STM32MP151AACx STM32MP151AACx STM32MP151AAC3
2024-09-11 00:00:09,321 [INFO] Context:742 - Trying to add GPIOservice into a context  which must be forbidden
2024-09-11 00:00:09,321 [INFO] Context:742 - Trying to add GPIOservice into a context  which must be forbidden
2024-09-11 00:00:10,453 [INFO] Context:742 - Trying to add GPIOservice into a context  which must be forbidden
2024-09-11 00:00:10,454 [WARN] Context:815 - Trying to set SPI twice on same context CortexA7NS
2024-09-11 00:00:10,454 [INFO] Context:742 - Trying to add GPIOservice into a context  which must be forbidden
2024-09-11 00:00:10,842 [INFO] RtosManager:555 - Registered RTOS mode: class=CMSIS, group=RTOS, mode=CMSIS_V1, owner=FREERTOS
2024-09-11 00:00:10,842 [INFO] RtosManager:555 - Registered RTOS mode: class=CMSIS, group=RTOS2, mode=CMSIS_V2, owner=FREERTOS
2024-09-11 00:00:10,842 [INFO] RtosManager:555 - Registered RTOS mode: class=RTOS, group=Core, mode=CMSIS_V1, owner=FREERTOS
2024-09-11 00:00:10,843 [INFO] RtosManager:555 - Registered RTOS mode: class=RTOS, group=Core, mode=CMSIS_V2, owner=FREERTOS
2024-09-11 00:00:10,843 [WARN] ModelIntegratedComponent:184 - Missing modes for component STMicroelectronics:FreeRTOS:0.0.1:STMicroelectronics:RTOS:FreeRTOS:Core:::10.2.0:
2024-09-11 00:00:10,850 [WARN] ModelIntegratedComponent:63 - No mode defined for component null
2024-09-11 00:00:10,850 [WARN] ModelIntegratedComponent:63 - No mode defined for component null
2024-09-11 00:00:10,850 [WARN] ModelIntegratedComponent:63 - No mode defined for component null
2024-09-11 00:00:10,850 [WARN] ModelIntegratedComponent:63 - No mode defined for component null
2024-09-11 00:00:10,850 [WARN] ModelIntegratedComponent:63 - No mode defined for component null
2024-09-11 00:00:10,850 [WARN] ModelIntegratedComponent:63 - No mode defined for component null
2024-09-11 00:00:10,850 [WARN] ModelIntegratedComponent:63 - No mode defined for component null
2024-09-11 00:00:10,850 [WARN] ModelIntegratedComponent:63 - No mode defined for component null
2024-09-11 00:00:10,850 [WARN] ModelIntegratedComponent:63 - No mode defined for component null
2024-09-11 00:00:10,850 [WARN] ModelIntegratedComponent:63 - No mode defined for component null
2024-09-11 00:00:10,850 [WARN] ModelIntegratedComponent:63 - No mode defined for component null
2024-09-11 00:00:10,850 [WARN] ModelIntegratedComponent:63 - No mode defined for component null
2024-09-11 00:00:10,850 [WARN] ModelIntegratedComponent:63 - No mode defined for component null
2024-09-11 00:00:10,850 [WARN] ModelIntegratedComponent:63 - No mode defined for component null
2024-09-11 00:00:10,850 [WARN] ModelIntegratedComponent:63 - No mode defined for component null
2024-09-11 00:00:10,851 [WARN] ModelIntegratedComponent:63 - No mode defined for component null
2024-09-11 00:00:10,851 [WARN] ModelIntegratedComponent:63 - No mode defined for component null
2024-09-11 00:00:10,851 [WARN] ModelIntegratedComponent:63 - No mode defined for component null
2024-09-11 00:00:10,851 [WARN] ModelIntegratedComponent:63 - No mode defined for component null
2024-09-11 00:00:10,851 [WARN] ModelIntegratedComponent:63 - No mode defined for component null
2024-09-11 00:00:10,851 [WARN] ModelIntegratedComponent:63 - No mode defined for component null
2024-09-11 00:00:10,851 [WARN] ModelIntegratedComponent:63 - No mode defined for component null
2024-09-11 00:00:10,851 [WARN] ModelIntegratedComponent:63 - No mode defined for component null
2024-09-11 00:00:10,851 [WARN] ModelIntegratedComponent:63 - No mode defined for component null
2024-09-11 00:00:10,851 [WARN] ModelIntegratedComponent:63 - No mode defined for component null
2024-09-11 00:00:10,851 [WARN] ModelIntegratedComponent:63 - No mode defined for component null
2024-09-11 00:00:10,851 [WARN] ModelIntegratedComponent:63 - No mode defined for component null
2024-09-11 00:00:10,851 [WARN] ModelIntegratedComponent:63 - No mode defined for component null
2024-09-11 00:00:10,851 [WARN] ModelIntegratedComponent:63 - No mode defined for component null
2024-09-11 00:00:10,851 [WARN] ModelIntegratedComponent:63 - No mode defined for component null
2024-09-11 00:00:10,851 [WARN] ModelIntegratedComponent:63 - No mode defined for component null
2024-09-11 00:00:10,852 [WARN] ModelIntegratedComponent:63 - No mode defined for component null
2024-09-11 00:00:10,852 [WARN] ModelIntegratedComponent:63 - No mode defined for component null
2024-09-11 00:00:10,852 [WARN] ModelIntegratedComponent:63 - No mode defined for component null
2024-09-11 00:00:10,852 [WARN] ModelIntegratedComponent:63 - No mode defined for component null
2024-09-11 00:00:10,852 [WARN] ModelPack:524 - Component already loaded: STMicroelectronics:HAL Drivers:0.0.0:STMicroelectronics:Device:STMicro_Driver:XSPI:HAL::0.0.1:HAL_XSPI
2024-09-11 00:00:10,884 [INFO] ThirdPartyModel:298 - Start build external matchings
2024-09-11 00:00:11,231 [INFO] ThirdPartyModel:316 - End build external matchings
2024-09-11 00:00:11,328 [INFO] ImportTextPane:205 - (OptionalMessage_ERROR) IP (RCC) : Invalid parameter (FamilyName)
2024-09-11 00:00:11,328 [INFO] ImportTextPane:205 - (OptionalMessage_ERROR) IP (RCC) : Parameter (PLLDSIVCOFreq_Value) has invalid value (960000000)
2024-09-11 00:00:12,007 [INFO] ApiDb:581 - Connected to CubeFinder SQLite database (/home/lubuntu/.stmcufinder/plugins/mcufinder/mcu/cube-finder-db.db)
2024-09-11 00:00:13,209 [INFO] ApiDb:668 - CubeFinder database Data Model version=2.1
2024-09-11 00:00:13,210 [INFO] ApiDb:669 - CubeFinder database Configuration version=3.0.39
2024-09-11 00:00:13,210 [INFO] ApiDb:670 - CubeFinder database generation date=2024-06-20 (1718880634)
2024-09-11 00:00:13,210 [INFO] ApiDb:671 - CubeFinder database FW Pack versions=[FP-ATR-ASTRA1_V2.0.0, FP-SNS-FLIGHT1_V5.0.2, FP-SNS-MOTENV1_V5.0.0, FP-SNS-MOTENVWB1_V1.4.0, FP-SNS-SMARTAG2_V1.2.0, STM32Cube_FW_C0_V1.2.0, STM32Cube_FW_F4_V1.28.0, STM32Cube_FW_F7_V1.17.2, STM32Cube_FW_G0_V1.6.2, STM32Cube_FW_G4_V1.6.0, STM32Cube_FW_H5_V1.3.0, STM32Cube_FW_H7RS_V1.1.0, STM32Cube_FW_H7_V1.11.2, STM32Cube_FW_L0_V1.12.2, STM32Cube_FW_L5_V1.5.1, STM32Cube_FW_U0_V1.1.0, STM32Cube_FW_U5_V1.6.0, STM32Cube_FW_WB0_V1.0.0, STM32Cube_FW_WBA_V1.4.0, STM32Cube_FW_WB_V1.20.0, STM32Cube_FW_WL_V1.3.0, X-CUBE-ALGOBUILD_V1.4.0, X-CUBE-ALS_V1.0.2, X-CUBE-AZRTOS-F4_V1.1.0, X-CUBE-AZRTOS-F7_V1.1.0, X-CUBE-AZRTOS-G0_V1.1.0, X-CUBE-AZRTOS-G4_V2.0.0, X-CUBE-AZRTOS-H7RS_V1.0.0, X-CUBE-AZRTOS-H7_V3.2.0, X-CUBE-AZRTOS-L4_V2.0.0, X-CUBE-AZRTOS-L5_V1.1.0, X-CUBE-AZRTOS-WB_V2.0.0, X-CUBE-AZRTOS-WL_V2.0.0, X-CUBE-BLE1_V7.0.0, X-CUBE-BLE2_V3.3.0, X-CUBE-BLEMGR_V3.1.0, X-CUBE-EEPRMA1_V5.1.0, X-CUBE-FREERTOS_V1.2.0, X-CUBE-GNSS1_V6.0.0, X-CUBE-MEMS1_V10.0.0, X-CUBE-NFC4_V3.0.0, X-CUBE-NFC7_V1.0.1, X-CUBE-SFXS2LP1_V4.0.0, X-CUBE-SUBG2_V5.0.0, X-CUBE-TOF1_V3.4.1]
2024-09-11 00:00:15,792 [INFO] DbBoardsSqlite:226 - include board P-NUCLEO-WB55-NUCLEO as a kit item of type 'Nucleo-64'
2024-09-11 00:00:15,792 [INFO] DbBoardsSqlite:226 - include board P-NUCLEO-WB55-USBDONGLE as a kit item of type 'Nucleo USB Dongle'
2024-09-11 00:00:15,839 [INFO] DbBoardsSqlite:226 - include board STEVAL-IDP005V1 as a kit item of type 'Evaluation Board'
2024-09-11 00:00:15,840 [INFO] DbBoardsSqlite:226 - include board STEVAL-IDP005V2 as a kit item of type 'Evaluation Board'
2024-09-11 00:00:20,228 [INFO] ApiDb:240 - Found 646 in-development CPN: [B-G473E-ZEST1S, B-WB1M-WPAN1, B-WL5M-SUBG1, NUCLEO-C031C6, NUCLEO-C071RB, NUCLEO-H503RB, NUCLEO-H533RE, NUCLEO-H563ZI, NUCLEO-H7S3L8, NUCLEO-U031R8, NUCLEO-U083RC, NUCLEO-U545RE-Q, NUCLEO-U5A5ZJ-Q, NUCLEO-WB05KZ, NUCLEO-WB07CC, NUCLEO-WB09KE, NUCLEO-WBA52CG, NUCLEO-WBA55CG, STEVAL-PROTEUS1, STEVAL-SMARTAG2, STEVAL-STWINBX1, STM320518-EVAL, STM32C0116-DK, STM32C011D6Y3TR, STM32C011D6Y6TR, STM32C011F4P3, STM32C011F4P6, STM32C011F4U3, STM32C011F4U6TR, STM32C011F6P3, STM32C011F6P6, STM32C011F6U3, STM32C011F6U6TR, STM32C011J4M3, STM32C011J4M6, STM32C011J6M3, STM32C011J6M6, STM32C0316-DK, STM32C031C4T3, STM32C031C4T6, STM32C031C4U3, STM32C031C4U6, STM32C031C6T3, STM32C031C6T6, STM32C031C6U3, STM32C031C6U6, STM32C031F4P3, STM32C031F4P6, STM32C031F6P3, STM32C031F6P6, STM32C031G4U3, STM32C031G4U6, STM32C031G6U3, STM32C031G6U6, STM32C031K4T3, STM32C031K4T6, STM32C031K4U3, STM32C031K4U6, STM32C031K6T3, STM32C031K6T6, STM32C031K6U3, STM32C031K6U6, STM32C071C8T6, STM32C071C8T6N, STM32C071C8U6, STM32C071C8U6N, STM32C071CBT6, STM32C071CBT6N, STM32C071CBU6, STM32C071CBU6N, STM32C071F8P6, STM32C071F8P6N, STM32C071FBP6, STM32C071FBP6N, STM32C071FBY6TR, STM32C071G8U6, STM32C071G8U6N, STM32C071GBU6, STM32C071GBU6N, STM32C071K8T6, STM32C071K8T6N, STM32C071K8U6, STM32C071K8U6N, STM32C071KBT6, STM32C071KBT6N, STM32C071KBU6, STM32C071KBU6N, STM32C071R8T6, STM32C071R8T6N, STM32C071RBI6N, STM32C071RBT6, STM32C071RBT6N, STM32G071K8TXN, STM32G071K8UXN, STM32G081GBU6N, STM32G081KBT6N, STM32G081KBUXN, STM32G0B1CCT6N, STM32G0B1KCT6, STM32G0B1NEY6TR, STM32G0B1RCT6N, STM32G0C1CCT6, STM32G0C1CCT6N, STM32G0C1CCU6N, STM32G0C1CET6N, STM32G0C1CEU6N, STM32G0C1KCT6, STM32G0C1NEY6TR, STM32G0C1RCI6N, STM32G0C1RCT6N, STM32G0C1REI6N, STM32G0C1RET6N, STM32G0C1VCI6, STM32G0C1VEI6, STM32G411C6T3, STM32G411C6T6, STM32G411C6U3, STM32G411C6U6, STM32G411C8T3, STM32G411C8T6, STM32G411C8U3, STM32G411C8U6, STM32G411CBT3, STM32G411CBT6, STM32G411CBU3, STM32G411CBU6, STM32G411K6T3, STM32G411K6T6, STM32G411K6U3, STM32G411K6U6, STM32G411K8T3, STM32G411K8T6, STM32G411K8U3, STM32G411K8U6, STM32G411KBT3, STM32G411KBT6, STM32G411KBU3, STM32G411KBU6, STM32G411M6T3, STM32G411M6T6, STM32G411M8T3, STM32G411M8T6, STM32G411MBT3, STM32G411MBT6, STM32G411R6T3, STM32G411R6T6, STM32G411R8T3, STM32G411R8T6, STM32G411RBT3, STM32G411RBT6, STM32G414CBT3, STM32G414CBT6, STM32G414CBU3, STM32G414CBU6, STM32G414CCT3, STM32G414CCT6, STM32G414CCU3, STM32G414CCU6, STM32G414MBT3, STM32G414MBT6, STM32G414MCT3, STM32G414MCT6, STM32G414RBT3, STM32G414RBT6, STM32G414RCT3, STM32G414RCT6, STM32G414VBT3, STM32G414VBT6, STM32G414VCT3, STM32G414VCT6, STM32G431CBT3Z, STM32G431RBT3Z, STM32G471CCT6, STM32G471CCU6, STM32G471CET3, STM32G471CET6, STM32G471CEU3, STM32G471CEU6, STM32G471MCT6, STM32G471MET3, STM32G471MET6, STM32G471MEY6TR, STM32G471QCT6, STM32G471QET3, STM32G471RCT6, STM32G471RET3, STM32G471RET6, STM32G471VCH6, STM32G471VCI6, STM32G471VCT6, STM32G471VEH3, STM32G471VEH6, STM32G471VEI3, STM32G471VEI6, STM32G471VET3, STM32G471VET6, STM32G473QET3Z, STM32G473RET3Z, STM32G474CCT6, STM32G491RET3Z, STM32H503CBT6, STM32H503CBU6, STM32H503EBY6TR, STM32H503KBU6, STM32H503RBT6, STM32H523CCT6, STM32H523CCU6, STM32H523CET6, STM32H523CEU6, STM32H523HEY6TR, STM32H523RCT6, STM32H523RET6, STM32H523VCI6, STM32H523VCT6, STM32H523VEI6, STM32H523VET6, STM32H523ZCJ6, STM32H523ZCT6, STM32H523ZEJ6, STM32H523ZET6, STM32H533CET6, STM32H533CEU6, STM32H533HEY6TR, STM32H533RET6, STM32H533VEI6, STM32H533VET6, STM32H533ZEJ6, STM32H533ZET6, STM32H562AGI6, STM32H562AII6, STM32H562IGK6, STM32H562IGT6, STM32H562IIK6, STM32H562IIT6, STM32H562RGT6, STM32H562RGV6, STM32H562RIT6, STM32H562RIV6, STM32H562VGT6, STM32H562VIT6, STM32H562ZGT6, STM32H562ZIT6, STM32H563AGI6, STM32H563AII3Q, STM32H563AII6, STM32H563IGK6, STM32H563IGT6, STM32H563IIK3Q, STM32H563IIK6, STM32H563IIT3Q, STM32H563IIT6, STM32H563MIY3QTR, STM32H563RGT6, STM32H563RGV6, STM32H563RIT6, STM32H563RIV6, STM32H563VGT6, STM32H563VIT3Q, STM32H563VIT6, STM32H563ZGT6, STM32H563ZIT3Q, STM32H563ZIT6, STM32H573AII3Q, STM32H573AII6, STM32H573I-DK, STM32H573IIK3Q, STM32H573IIK6, STM32H573IIT3Q, STM32H573IIT6, STM32H573MIY3QTR, STM32H573RIT6, STM32H573RIV6, STM32H573VIT3Q, STM32H573VIT6, STM32H573ZIT3Q, STM32H573ZIT6, STM32H7R3A8I6, STM32H7R3I8K6, STM32H7R3I8T6, STM32H7R3L8H6, STM32H7R3L8H6H, STM32H7R3R8V6, STM32H7R3V8H6, STM32H7R3V8T6, STM32H7R3V8Y6TR, STM32H7R3Z8J6, STM32H7R3Z8T6, STM32H7R7A8I6, STM32H7R7I8K6, STM32H7R7I8T6, STM32H7R7L8H6, STM32H7R7L8H6H, STM32H7R7Z8J6, STM32H7S3A8I6, STM32H7S3I8K6, STM32H7S3I8T6, STM32H7S3L8H6, STM32H7S3L8H6H, STM32H7S3R8V6, STM32H7S3V8H6, STM32H7S3V8T6, STM32H7S3V8Y6TR, STM32H7S3Z8J6, STM32H7S3Z8T6, STM32H7S78-DK, STM32H7S7A8I6, STM32H7S7I8K6, STM32H7S7I8T6, STM32H7S7L8H6, STM32H7S7L8H6H, STM32H7S7Z8J6, STM32L4R5QGI6STR, STM32MP131AAE3, STM32MP131AAF3, STM32MP131AAG3, STM32MP131CAE3, STM32MP131CAF3, STM32MP131CAG3, STM32MP131DAE7, STM32MP131DAF7, STM32MP131DAG7, STM32MP131FAE7, STM32MP131FAF7, STM32MP131FAG7, STM32MP133AAE3, STM32MP133AAF3, STM32MP133AAG3, STM32MP133CAE3, STM32MP133CAF3, STM32MP133CAG3, STM32MP133DAE7, STM32MP133DAF7, STM32MP133DAG7, STM32MP133FAE7, STM32MP133FAF7, STM32MP133FAG7, STM32MP135AAE3, STM32MP135AAF3, STM32MP135AAG3, STM32MP135CAE3, STM32MP135CAF3, STM32MP135CAG3, STM32MP135DAE7, STM32MP135DAF7, STM32MP135DAG7, STM32MP135F-DK, STM32MP135FAE7, STM32MP135FAF7, STM32MP135FAF7T, STM32MP135FAF7U, STM32MP135FAG7, STM32MP251AAI3, STM32MP251AAK3, STM32MP251AAL3, STM32MP251CAI3, STM32MP251CAK3, STM32MP251CAL3, STM32MP251DAI3, STM32MP251DAK3, STM32MP251DAL3, STM32MP251FAI3, STM32MP251FAK3, STM32MP251FAL3, STM32MP253AAI3, STM32MP253AAK3, STM32MP253AAL3, STM32MP253CAI3, STM32MP253CAK3, STM32MP253CAL3, STM32MP253DAI3, STM32MP253DAK3, STM32MP253DAL3, STM32MP253FAI3, STM32MP253FAK3, STM32MP253FAL3, STM32MP255AAI3, STM32MP255AAK3, STM32MP255AAL3, STM32MP255CAI3, STM32MP255CAK3, STM32MP255CAL3, STM32MP255DAI3, STM32MP255DAK3, STM32MP255DAL3, STM32MP255FAI3, STM32MP255FAK3, STM32MP255FAL3, STM32MP257AAI3, STM32MP257AAK3, STM32MP257AAL3, STM32MP257CAI3, STM32MP257CAK3, STM32MP257CAL3, STM32MP257DAI3, STM32MP257DAK3, STM32MP257DAL3, STM32MP257F-DK, STM32MP257F-EV1, STM32MP257FAI3, STM32MP257FAK3, STM32MP257FAL3, STM32U031C6T6, STM32U031C6U6, STM32U031C8T6, STM32U031C8U6, STM32U031F4P6, STM32U031F6P6, STM32U031F8P6, STM32U031G6Y6TR, STM32U031G8Y6TR, STM32U031K4U6, STM32U031K6U6, STM32U031K8U6, STM32U031R6I6, STM32U031R6T6, STM32U031R8I6, STM32U031R8T6, STM32U073C8T6, STM32U073C8U6, STM32U073CBT6, STM32U073CBU6, STM32U073CCT6, STM32U073CCU6, STM32U073H8Y6TR, STM32U073HBY6TR, STM32U073HCY6TR, STM32U073K8U6, STM32U073KBU6, STM32U073KCU6, STM32U073M8I6, STM32U073M8T6, STM32U073MBI6, STM32U073MBT6, STM32U073MCI6, STM32U073MCT6, STM32U073R8I6, STM32U073R8T6, STM32U073RBI6, STM32U073RBT6, STM32U073RCI6, STM32U073RCT6, STM32U083C-DK, STM32U083CCT6, STM32U083CCU6, STM32U083HCY6TR, STM32U083KCU6, STM32U083MCI6, STM32U083MCT6, STM32U083RCI6, STM32U083RCT6, STM32U535CBT6, STM32U535CBT6Q, STM32U535CBU6, STM32U535CBU6Q, STM32U535CCT6, STM32U535CCT6Q, STM32U535CCU6, STM32U535CCU6Q, STM32U535CET6, STM32U535CET6Q, STM32U535CEU6, STM32U535CEU6Q, STM32U535JEY6QTR, STM32U535NCY6QTR, STM32U535NEY6QTR, STM32U535RBI6, STM32U535RBI6Q, STM32U535RBT6, STM32U535RBT6Q, STM32U535RCI6, STM32U535RCI6Q, STM32U535RCT6, STM32U535RCT6Q, STM32U535REI6, STM32U535REI6Q, STM32U535RET6, STM32U535RET6Q, STM32U535VCI6, STM32U535VCI6Q, STM32U535VCT6, STM32U535VCT6Q, STM32U535VEI6, STM32U535VEI6Q, STM32U535VET6, STM32U535VET6Q, STM32U545CET6, STM32U545CET6Q, STM32U545CEU6, STM32U545CEU6Q, STM32U545JEY6QTR, STM32U545NEY6QTR, STM32U545REI6, STM32U545REI6Q, STM32U545RET6, STM32U545RET6Q, STM32U545VEI6, STM32U545VEI6Q, STM32U545VET6, STM32U545VET6Q, STM32U595AIH6, STM32U595AIH6Q, STM32U595AJH6, STM32U595AJH6Q, STM32U595QII6, STM32U595QII6Q, STM32U595QJI6, STM32U595QJI6Q, STM32U595RIT6, STM32U595RIT6Q, STM32U595RJT6, STM32U595RJT6Q, STM32U595VIT6, STM32U595VIT6Q, STM32U595VJT6, STM32U595VJT6Q, STM32U595ZIT6, STM32U595ZIT6Q, STM32U595ZIY6QTR, STM32U595ZJT6, STM32U595ZJT6Q, STM32U595ZJY6QTR, STM32U599BJY6QTR, STM32U599NIH6Q, STM32U599NJH6Q, STM32U599VIT6Q, STM32U599VJT6, STM32U599VJT6Q, STM32U599ZIT6Q, STM32U599ZIY6QTR, STM32U599ZJT6Q, STM32U599ZJY6QTR, STM32U5A5AJH6, STM32U5A5AJH6Q, STM32U5A5QII3Q , STM32U5A5QJI6, STM32U5A5QJI6Q, STM32U5A5RJT6, STM32U5A5RJT6Q, STM32U5A5VJT6, STM32U5A5VJT6Q, STM32U5A5ZJT6, STM32U5A5ZJT6Q, STM32U5A5ZJY6QTR, STM32U5A9BJY6QTR, STM32U5A9J-DK, STM32U5A9NJH6Q, STM32U5A9VJT6Q, STM32U5A9ZJT6Q, STM32U5A9ZJY6QTR, STM32U5F7VIT6, STM32U5F7VIT6Q, STM32U5F7VJT6, STM32U5F7VJT6Q, STM32U5F9BJY6QTR, STM32U5F9NJH6Q, STM32U5F9VIT6Q, STM32U5F9VJT6Q, STM32U5F9ZIJ6QTR, STM32U5F9ZIT6Q, STM32U5F9ZJJ6QTR, STM32U5F9ZJT6Q, STM32U5G7VJT6, STM32U5G7VJT6Q, STM32U5G9BJY6QTR, STM32U5G9J-DK1, STM32U5G9J-DK2, STM32U5G9NJH6Q, STM32U5G9VJT6Q, STM32U5G9ZJJ6QTR, STM32U5G9ZJT6Q, STM32WB05KZV6TR, STM32WB05KZV7TR, STM32WB05TZF6TR, STM32WB05TZF7TR, STM32WB06CCF6TR, STM32WB06CCF7TR, STM32WB06CCV6TR, STM32WB06CCV7TR, STM32WB06KCV6TR, STM32WB06KCV7TR, STM32WB07CCF6TR, STM32WB07CCF7TR, STM32WB07CCV6TR, STM32WB07CCV7TR, STM32WB07KCV6TR, STM32WB07KCV7TR, STM32WB09KEV6TR, STM32WB09KEV7TR, STM32WB09TEF6TR, STM32WB09TEF7TR, STM32WB1MMCH6, STM32WBA50KGU6, STM32WBA50KGU6TR, STM32WBA52CEU6, STM32WBA52CEU6TR, STM32WBA52CEU7, STM32WBA52CEU7TR, STM32WBA52CGU6, STM32WBA52CGU6TR, STM32WBA52CGU6U, STM32WBA52CGU7, STM32WBA52CGU7TR, STM32WBA52KEU6, STM32WBA52KEU6TR, STM32WBA52KGU6, STM32WBA52KGU6TR, STM32WBA54CEU6, STM32WBA54CEU6TR, STM32WBA54CEU7, STM32WBA54CEU7TR, STM32WBA54CGU6, STM32WBA54CGU6TR, STM32WBA54CGU7, STM32WBA54CGU7TR, STM32WBA54KEU6, STM32WBA54KEU6TR, STM32WBA54KEU7, STM32WBA54KEU7TR, STM32WBA54KGU6, STM32WBA54KGU6TR, STM32WBA54KGU7, STM32WBA54KGU7TR, STM32WBA55CEU6, STM32WBA55CEU6TR, STM32WBA55CEU7, STM32WBA55CEU7TR, STM32WBA55CGU6, STM32WBA55CGU6TR, STM32WBA55CGU6U, STM32WBA55CGU7, STM32WBA55CGU7TR, STM32WBA55G-DK1, STM32WBA55HEF6, STM32WBA55HEF7, STM32WBA55HGF6, STM32WBA55HGF7, STM32WBA55UEI6, STM32WBA55UEI6TR, STM32WBA55UEI7, STM32WBA55UEI7TR, STM32WBA55UGI6, STM32WBA55UGI6TR, STM32WBA55UGI7, STM32WBA55UGI7TR, STM32WL5MOCH6, STM32WL5MOCH6TR]
2024-09-11 00:00:20,497 [INFO] BoardInfo:889 - No configuration file found for board P-NUCLEO-WB55
2024-09-11 00:00:20,498 [INFO] DbBoards:161 - Kit is not supported: P-NUCLEO-WB55
2024-09-11 00:00:20,501 [INFO] BoardInfo:889 - No configuration file found for board STEVAL-BFA001V1B
2024-09-11 00:00:20,502 [INFO] DbBoards:161 - Kit is not supported: STEVAL-BFA001V1B
2024-09-11 00:00:20,502 [INFO] BoardInfo:889 - No configuration file found for board STEVAL-BFA001V2B
2024-09-11 00:00:20,503 [INFO] DbBoards:161 - Kit is not supported: STEVAL-BFA001V2B
2024-09-11 00:00:20,632 [INFO] DbBoards:168 - Found 201 boards, 198 are supported
2024-09-11 00:00:20,632 [INFO] DbBoards:169 - Found 201 boards, 25 of them is supported for  Bsp
2024-09-11 00:00:20,635 [INFO] ApiDb:668 - CubeFinder database Data Model version=2.1
2024-09-11 00:00:20,635 [INFO] ApiDb:669 - CubeFinder database Configuration version=3.0.39
2024-09-11 00:00:20,635 [INFO] ApiDb:670 - CubeFinder database generation date=2024-06-20 (1718880634)
2024-09-11 00:00:20,635 [INFO] ApiDb:671 - CubeFinder database FW Pack versions=[FP-ATR-ASTRA1_V2.0.0, FP-SNS-FLIGHT1_V5.0.2, FP-SNS-MOTENV1_V5.0.0, FP-SNS-MOTENVWB1_V1.4.0, FP-SNS-SMARTAG2_V1.2.0, STM32Cube_FW_C0_V1.2.0, STM32Cube_FW_F4_V1.28.0, STM32Cube_FW_F7_V1.17.2, STM32Cube_FW_G0_V1.6.2, STM32Cube_FW_G4_V1.6.0, STM32Cube_FW_H5_V1.3.0, STM32Cube_FW_H7RS_V1.1.0, STM32Cube_FW_H7_V1.11.2, STM32Cube_FW_L0_V1.12.2, STM32Cube_FW_L5_V1.5.1, STM32Cube_FW_U0_V1.1.0, STM32Cube_FW_U5_V1.6.0, STM32Cube_FW_WB0_V1.0.0, STM32Cube_FW_WBA_V1.4.0, STM32Cube_FW_WB_V1.20.0, STM32Cube_FW_WL_V1.3.0, X-CUBE-ALGOBUILD_V1.4.0, X-CUBE-ALS_V1.0.2, X-CUBE-AZRTOS-F4_V1.1.0, X-CUBE-AZRTOS-F7_V1.1.0, X-CUBE-AZRTOS-G0_V1.1.0, X-CUBE-AZRTOS-G4_V2.0.0, X-CUBE-AZRTOS-H7RS_V1.0.0, X-CUBE-AZRTOS-H7_V3.2.0, X-CUBE-AZRTOS-L4_V2.0.0, X-CUBE-AZRTOS-L5_V1.1.0, X-CUBE-AZRTOS-WB_V2.0.0, X-CUBE-AZRTOS-WL_V2.0.0, X-CUBE-BLE1_V7.0.0, X-CUBE-BLE2_V3.3.0, X-CUBE-BLEMGR_V3.1.0, X-CUBE-EEPRMA1_V5.1.0, X-CUBE-FREERTOS_V1.2.0, X-CUBE-GNSS1_V6.0.0, X-CUBE-MEMS1_V10.0.0, X-CUBE-NFC4_V3.0.0, X-CUBE-NFC7_V1.0.1, X-CUBE-SFXS2LP1_V4.0.0, X-CUBE-SUBG2_V5.0.0, X-CUBE-TOF1_V3.4.1]
2024-09-11 00:00:23,250 [INFO] ApiDb:240 - Found 646 in-development CPN: [B-G473E-ZEST1S, B-WB1M-WPAN1, B-WL5M-SUBG1, NUCLEO-C031C6, NUCLEO-C071RB, NUCLEO-H503RB, NUCLEO-H533RE, NUCLEO-H563ZI, NUCLEO-H7S3L8, NUCLEO-U031R8, NUCLEO-U083RC, NUCLEO-U545RE-Q, NUCLEO-U5A5ZJ-Q, NUCLEO-WB05KZ, NUCLEO-WB07CC, NUCLEO-WB09KE, NUCLEO-WBA52CG, NUCLEO-WBA55CG, STEVAL-PROTEUS1, STEVAL-SMARTAG2, STEVAL-STWINBX1, STM320518-EVAL, STM32C0116-DK, STM32C011D6Y3TR, STM32C011D6Y6TR, STM32C011F4P3, STM32C011F4P6, STM32C011F4U3, STM32C011F4U6TR, STM32C011F6P3, STM32C011F6P6, STM32C011F6U3, STM32C011F6U6TR, STM32C011J4M3, STM32C011J4M6, STM32C011J6M3, STM32C011J6M6, STM32C0316-DK, STM32C031C4T3, STM32C031C4T6, STM32C031C4U3, STM32C031C4U6, STM32C031C6T3, STM32C031C6T6, STM32C031C6U3, STM32C031C6U6, STM32C031F4P3, STM32C031F4P6, STM32C031F6P3, STM32C031F6P6, STM32C031G4U3, STM32C031G4U6, STM32C031G6U3, STM32C031G6U6, STM32C031K4T3, STM32C031K4T6, STM32C031K4U3, STM32C031K4U6, STM32C031K6T3, STM32C031K6T6, STM32C031K6U3, STM32C031K6U6, STM32C071C8T6, STM32C071C8T6N, STM32C071C8U6, STM32C071C8U6N, STM32C071CBT6, STM32C071CBT6N, STM32C071CBU6, STM32C071CBU6N, STM32C071F8P6, STM32C071F8P6N, STM32C071FBP6, STM32C071FBP6N, STM32C071FBY6TR, STM32C071G8U6, STM32C071G8U6N, STM32C071GBU6, STM32C071GBU6N, STM32C071K8T6, STM32C071K8T6N, STM32C071K8U6, STM32C071K8U6N, STM32C071KBT6, STM32C071KBT6N, STM32C071KBU6, STM32C071KBU6N, STM32C071R8T6, STM32C071R8T6N, STM32C071RBI6N, STM32C071RBT6, STM32C071RBT6N, STM32G071K8TXN, STM32G071K8UXN, STM32G081GBU6N, STM32G081KBT6N, STM32G081KBUXN, STM32G0B1CCT6N, STM32G0B1KCT6, STM32G0B1NEY6TR, STM32G0B1RCT6N, STM32G0C1CCT6, STM32G0C1CCT6N, STM32G0C1CCU6N, STM32G0C1CET6N, STM32G0C1CEU6N, STM32G0C1KCT6, STM32G0C1NEY6TR, STM32G0C1RCI6N, STM32G0C1RCT6N, STM32G0C1REI6N, STM32G0C1RET6N, STM32G0C1VCI6, STM32G0C1VEI6, STM32G411C6T3, STM32G411C6T6, STM32G411C6U3, STM32G411C6U6, STM32G411C8T3, STM32G411C8T6, STM32G411C8U3, STM32G411C8U6, STM32G411CBT3, STM32G411CBT6, STM32G411CBU3, STM32G411CBU6, STM32G411K6T3, STM32G411K6T6, STM32G411K6U3, STM32G411K6U6, STM32G411K8T3, STM32G411K8T6, STM32G411K8U3, STM32G411K8U6, STM32G411KBT3, STM32G411KBT6, STM32G411KBU3, STM32G411KBU6, STM32G411M6T3, STM32G411M6T6, STM32G411M8T3, STM32G411M8T6, STM32G411MBT3, STM32G411MBT6, STM32G411R6T3, STM32G411R6T6, STM32G411R8T3, STM32G411R8T6, STM32G411RBT3, STM32G411RBT6, STM32G414CBT3, STM32G414CBT6, STM32G414CBU3, STM32G414CBU6, STM32G414CCT3, STM32G414CCT6, STM32G414CCU3, STM32G414CCU6, STM32G414MBT3, STM32G414MBT6, STM32G414MCT3, STM32G414MCT6, STM32G414RBT3, STM32G414RBT6, STM32G414RCT3, STM32G414RCT6, STM32G414VBT3, STM32G414VBT6, STM32G414VCT3, STM32G414VCT6, STM32G431CBT3Z, STM32G431RBT3Z, STM32G471CCT6, STM32G471CCU6, STM32G471CET3, STM32G471CET6, STM32G471CEU3, STM32G471CEU6, STM32G471MCT6, STM32G471MET3, STM32G471MET6, STM32G471MEY6TR, STM32G471QCT6, STM32G471QET3, STM32G471RCT6, STM32G471RET3, STM32G471RET6, STM32G471VCH6, STM32G471VCI6, STM32G471VCT6, STM32G471VEH3, STM32G471VEH6, STM32G471VEI3, STM32G471VEI6, STM32G471VET3, STM32G471VET6, STM32G473QET3Z, STM32G473RET3Z, STM32G474CCT6, STM32G491RET3Z, STM32H503CBT6, STM32H503CBU6, STM32H503EBY6TR, STM32H503KBU6, STM32H503RBT6, STM32H523CCT6, STM32H523CCU6, STM32H523CET6, STM32H523CEU6, STM32H523HEY6TR, STM32H523RCT6, STM32H523RET6, STM32H523VCI6, STM32H523VCT6, STM32H523VEI6, STM32H523VET6, STM32H523ZCJ6, STM32H523ZCT6, STM32H523ZEJ6, STM32H523ZET6, STM32H533CET6, STM32H533CEU6, STM32H533HEY6TR, STM32H533RET6, STM32H533VEI6, STM32H533VET6, STM32H533ZEJ6, STM32H533ZET6, STM32H562AGI6, STM32H562AII6, STM32H562IGK6, STM32H562IGT6, STM32H562IIK6, STM32H562IIT6, STM32H562RGT6, STM32H562RGV6, STM32H562RIT6, STM32H562RIV6, STM32H562VGT6, STM32H562VIT6, STM32H562ZGT6, STM32H562ZIT6, STM32H563AGI6, STM32H563AII3Q, STM32H563AII6, STM32H563IGK6, STM32H563IGT6, STM32H563IIK3Q, STM32H563IIK6, STM32H563IIT3Q, STM32H563IIT6, STM32H563MIY3QTR, STM32H563RGT6, STM32H563RGV6, STM32H563RIT6, STM32H563RIV6, STM32H563VGT6, STM32H563VIT3Q, STM32H563VIT6, STM32H563ZGT6, STM32H563ZIT3Q, STM32H563ZIT6, STM32H573AII3Q, STM32H573AII6, STM32H573I-DK, STM32H573IIK3Q, STM32H573IIK6, STM32H573IIT3Q, STM32H573IIT6, STM32H573MIY3QTR, STM32H573RIT6, STM32H573RIV6, STM32H573VIT3Q, STM32H573VIT6, STM32H573ZIT3Q, STM32H573ZIT6, STM32H7R3A8I6, STM32H7R3I8K6, STM32H7R3I8T6, STM32H7R3L8H6, STM32H7R3L8H6H, STM32H7R3R8V6, STM32H7R3V8H6, STM32H7R3V8T6, STM32H7R3V8Y6TR, STM32H7R3Z8J6, STM32H7R3Z8T6, STM32H7R7A8I6, STM32H7R7I8K6, STM32H7R7I8T6, STM32H7R7L8H6, STM32H7R7L8H6H, STM32H7R7Z8J6, STM32H7S3A8I6, STM32H7S3I8K6, STM32H7S3I8T6, STM32H7S3L8H6, STM32H7S3L8H6H, STM32H7S3R8V6, STM32H7S3V8H6, STM32H7S3V8T6, STM32H7S3V8Y6TR, STM32H7S3Z8J6, STM32H7S3Z8T6, STM32H7S78-DK, STM32H7S7A8I6, STM32H7S7I8K6, STM32H7S7I8T6, STM32H7S7L8H6, STM32H7S7L8H6H, STM32H7S7Z8J6, STM32L4R5QGI6STR, STM32MP131AAE3, STM32MP131AAF3, STM32MP131AAG3, STM32MP131CAE3, STM32MP131CAF3, STM32MP131CAG3, STM32MP131DAE7, STM32MP131DAF7, STM32MP131DAG7, STM32MP131FAE7, STM32MP131FAF7, STM32MP131FAG7, STM32MP133AAE3, STM32MP133AAF3, STM32MP133AAG3, STM32MP133CAE3, STM32MP133CAF3, STM32MP133CAG3, STM32MP133DAE7, STM32MP133DAF7, STM32MP133DAG7, STM32MP133FAE7, STM32MP133FAF7, STM32MP133FAG7, STM32MP135AAE3, STM32MP135AAF3, STM32MP135AAG3, STM32MP135CAE3, STM32MP135CAF3, STM32MP135CAG3, STM32MP135DAE7, STM32MP135DAF7, STM32MP135DAG7, STM32MP135F-DK, STM32MP135FAE7, STM32MP135FAF7, STM32MP135FAF7T, STM32MP135FAF7U, STM32MP135FAG7, STM32MP251AAI3, STM32MP251AAK3, STM32MP251AAL3, STM32MP251CAI3, STM32MP251CAK3, STM32MP251CAL3, STM32MP251DAI3, STM32MP251DAK3, STM32MP251DAL3, STM32MP251FAI3, STM32MP251FAK3, STM32MP251FAL3, STM32MP253AAI3, STM32MP253AAK3, STM32MP253AAL3, STM32MP253CAI3, STM32MP253CAK3, STM32MP253CAL3, STM32MP253DAI3, STM32MP253DAK3, STM32MP253DAL3, STM32MP253FAI3, STM32MP253FAK3, STM32MP253FAL3, STM32MP255AAI3, STM32MP255AAK3, STM32MP255AAL3, STM32MP255CAI3, STM32MP255CAK3, STM32MP255CAL3, STM32MP255DAI3, STM32MP255DAK3, STM32MP255DAL3, STM32MP255FAI3, STM32MP255FAK3, STM32MP255FAL3, STM32MP257AAI3, STM32MP257AAK3, STM32MP257AAL3, STM32MP257CAI3, STM32MP257CAK3, STM32MP257CAL3, STM32MP257DAI3, STM32MP257DAK3, STM32MP257DAL3, STM32MP257F-DK, STM32MP257F-EV1, STM32MP257FAI3, STM32MP257FAK3, STM32MP257FAL3, STM32U031C6T6, STM32U031C6U6, STM32U031C8T6, STM32U031C8U6, STM32U031F4P6, STM32U031F6P6, STM32U031F8P6, STM32U031G6Y6TR, STM32U031G8Y6TR, STM32U031K4U6, STM32U031K6U6, STM32U031K8U6, STM32U031R6I6, STM32U031R6T6, STM32U031R8I6, STM32U031R8T6, STM32U073C8T6, STM32U073C8U6, STM32U073CBT6, STM32U073CBU6, STM32U073CCT6, STM32U073CCU6, STM32U073H8Y6TR, STM32U073HBY6TR, STM32U073HCY6TR, STM32U073K8U6, STM32U073KBU6, STM32U073KCU6, STM32U073M8I6, STM32U073M8T6, STM32U073MBI6, STM32U073MBT6, STM32U073MCI6, STM32U073MCT6, STM32U073R8I6, STM32U073R8T6, STM32U073RBI6, STM32U073RBT6, STM32U073RCI6, STM32U073RCT6, STM32U083C-DK, STM32U083CCT6, STM32U083CCU6, STM32U083HCY6TR, STM32U083KCU6, STM32U083MCI6, STM32U083MCT6, STM32U083RCI6, STM32U083RCT6, STM32U535CBT6, STM32U535CBT6Q, STM32U535CBU6, STM32U535CBU6Q, STM32U535CCT6, STM32U535CCT6Q, STM32U535CCU6, STM32U535CCU6Q, STM32U535CET6, STM32U535CET6Q, STM32U535CEU6, STM32U535CEU6Q, STM32U535JEY6QTR, STM32U535NCY6QTR, STM32U535NEY6QTR, STM32U535RBI6, STM32U535RBI6Q, STM32U535RBT6, STM32U535RBT6Q, STM32U535RCI6, STM32U535RCI6Q, STM32U535RCT6, STM32U535RCT6Q, STM32U535REI6, STM32U535REI6Q, STM32U535RET6, STM32U535RET6Q, STM32U535VCI6, STM32U535VCI6Q, STM32U535VCT6, STM32U535VCT6Q, STM32U535VEI6, STM32U535VEI6Q, STM32U535VET6, STM32U535VET6Q, STM32U545CET6, STM32U545CET6Q, STM32U545CEU6, STM32U545CEU6Q, STM32U545JEY6QTR, STM32U545NEY6QTR, STM32U545REI6, STM32U545REI6Q, STM32U545RET6, STM32U545RET6Q, STM32U545VEI6, STM32U545VEI6Q, STM32U545VET6, STM32U545VET6Q, STM32U595AIH6, STM32U595AIH6Q, STM32U595AJH6, STM32U595AJH6Q, STM32U595QII6, STM32U595QII6Q, STM32U595QJI6, STM32U595QJI6Q, STM32U595RIT6, STM32U595RIT6Q, STM32U595RJT6, STM32U595RJT6Q, STM32U595VIT6, STM32U595VIT6Q, STM32U595VJT6, STM32U595VJT6Q, STM32U595ZIT6, STM32U595ZIT6Q, STM32U595ZIY6QTR, STM32U595ZJT6, STM32U595ZJT6Q, STM32U595ZJY6QTR, STM32U599BJY6QTR, STM32U599NIH6Q, STM32U599NJH6Q, STM32U599VIT6Q, STM32U599VJT6, STM32U599VJT6Q, STM32U599ZIT6Q, STM32U599ZIY6QTR, STM32U599ZJT6Q, STM32U599ZJY6QTR, STM32U5A5AJH6, STM32U5A5AJH6Q, STM32U5A5QII3Q , STM32U5A5QJI6, STM32U5A5QJI6Q, STM32U5A5RJT6, STM32U5A5RJT6Q, STM32U5A5VJT6, STM32U5A5VJT6Q, STM32U5A5ZJT6, STM32U5A5ZJT6Q, STM32U5A5ZJY6QTR, STM32U5A9BJY6QTR, STM32U5A9J-DK, STM32U5A9NJH6Q, STM32U5A9VJT6Q, STM32U5A9ZJT6Q, STM32U5A9ZJY6QTR, STM32U5F7VIT6, STM32U5F7VIT6Q, STM32U5F7VJT6, STM32U5F7VJT6Q, STM32U5F9BJY6QTR, STM32U5F9NJH6Q, STM32U5F9VIT6Q, STM32U5F9VJT6Q, STM32U5F9ZIJ6QTR, STM32U5F9ZIT6Q, STM32U5F9ZJJ6QTR, STM32U5F9ZJT6Q, STM32U5G7VJT6, STM32U5G7VJT6Q, STM32U5G9BJY6QTR, STM32U5G9J-DK1, STM32U5G9J-DK2, STM32U5G9NJH6Q, STM32U5G9VJT6Q, STM32U5G9ZJJ6QTR, STM32U5G9ZJT6Q, STM32WB05KZV6TR, STM32WB05KZV7TR, STM32WB05TZF6TR, STM32WB05TZF7TR, STM32WB06CCF6TR, STM32WB06CCF7TR, STM32WB06CCV6TR, STM32WB06CCV7TR, STM32WB06KCV6TR, STM32WB06KCV7TR, STM32WB07CCF6TR, STM32WB07CCF7TR, STM32WB07CCV6TR, STM32WB07CCV7TR, STM32WB07KCV6TR, STM32WB07KCV7TR, STM32WB09KEV6TR, STM32WB09KEV7TR, STM32WB09TEF6TR, STM32WB09TEF7TR, STM32WB1MMCH6, STM32WBA50KGU6, STM32WBA50KGU6TR, STM32WBA52CEU6, STM32WBA52CEU6TR, STM32WBA52CEU7, STM32WBA52CEU7TR, STM32WBA52CGU6, STM32WBA52CGU6TR, STM32WBA52CGU6U, STM32WBA52CGU7, STM32WBA52CGU7TR, STM32WBA52KEU6, STM32WBA52KEU6TR, STM32WBA52KGU6, STM32WBA52KGU6TR, STM32WBA54CEU6, STM32WBA54CEU6TR, STM32WBA54CEU7, STM32WBA54CEU7TR, STM32WBA54CGU6, STM32WBA54CGU6TR, STM32WBA54CGU7, STM32WBA54CGU7TR, STM32WBA54KEU6, STM32WBA54KEU6TR, STM32WBA54KEU7, STM32WBA54KEU7TR, STM32WBA54KGU6, STM32WBA54KGU6TR, STM32WBA54KGU7, STM32WBA54KGU7TR, STM32WBA55CEU6, STM32WBA55CEU6TR, STM32WBA55CEU7, STM32WBA55CEU7TR, STM32WBA55CGU6, STM32WBA55CGU6TR, STM32WBA55CGU6U, STM32WBA55CGU7, STM32WBA55CGU7TR, STM32WBA55G-DK1, STM32WBA55HEF6, STM32WBA55HEF7, STM32WBA55HGF6, STM32WBA55HGF7, STM32WBA55UEI6, STM32WBA55UEI6TR, STM32WBA55UEI7, STM32WBA55UEI7TR, STM32WBA55UGI6, STM32WBA55UGI6TR, STM32WBA55UGI7, STM32WBA55UGI7TR, STM32WL5MOCH6, STM32WL5MOCH6TR]
2024-09-11 00:00:23,255 [INFO] DbMcus:218 - Found 4251 MCUs, 4251 are supported
2024-09-11 00:00:23,272 [INFO] ApiDb:414 - User favorites file not found: /home/lubuntu/.stm32cubeide/favorites.mcus.txt
2024-09-11 00:00:23,272 [INFO] DbMcus:224 - Set 0 / 0 favorites MCUs
2024-09-11 00:00:23,688 [INFO] ApiDb:414 - User favorites file not found: /home/lubuntu/.stm32cubeide/favorites.boards.txt
2024-09-11 00:00:23,688 [INFO] DbBoards:198 - Set 0 / 0 favorites Boards
2024-09-11 00:00:23,771 [INFO] UtilMem:75 - End LoadConfig() Used Memory: 496263528 Bytes (757071872)
2024-09-11 00:00:24,676 [WARN] ThirdParty:833 - waiting for thirdparty lock release [change project]
2024-09-11 00:00:24,677 [INFO] ThirdParty:835 - entering critical section [change project]
2024-09-11 00:00:24,677 [INFO] ThirdParty:1030 - CMSIS Pack Vendor :STMicroelectronics USBPD 4.1
2024-09-11 00:00:24,677 [INFO] ThirdParty:1030 - CMSIS Pack Vendor :STMicroelectronics X-CUBE-AZRTOS-H7 3.3.0
2024-09-11 00:00:24,677 [INFO] ThirdParty:1030 - CMSIS Pack Vendor :STMicroelectronics USB_HOST 2.0.0
2024-09-11 00:00:24,677 [INFO] ThirdParty:1030 - CMSIS Pack Vendor :STMicroelectronics FP-SNS-MOTENVWB1 1.4.0
2024-09-11 00:00:24,677 [INFO] ThirdParty:1030 - CMSIS Pack Vendor :STMicroelectronics X-CUBE-AZRTOS-F4 1.1.0
2024-09-11 00:00:24,677 [INFO] ThirdParty:1030 - CMSIS Pack Vendor :STMicroelectronics LIBJPEG 8.0.0
2024-09-11 00:00:24,677 [INFO] ThirdParty:1030 - CMSIS Pack Vendor :STMicroelectronics X-CUBE-SMBUS 2.1.0
2024-09-11 00:00:24,677 [INFO] ThirdParty:1030 - CMSIS Pack Vendor :STMicroelectronics USB_DEVICE 3.0.0
2024-09-11 00:00:24,677 [INFO] ThirdParty:1030 - CMSIS Pack Vendor :STMicroelectronics X-CUBE-TCPP 4.1.0
2024-09-11 00:00:24,678 [INFO] ThirdParty:1030 - CMSIS Pack Vendor :STMicroelectronics X-CUBE-FREERTOS 1.2.0
2024-09-11 00:00:24,678 [INFO] ThirdParty:1030 - CMSIS Pack Vendor :STMicroelectronics X-CUBE-AZRTOS-WB 2.0.0
2024-09-11 00:00:24,678 [INFO] ThirdParty:1030 - CMSIS Pack Vendor :STMicroelectronics X-CUBE-GNSS1 7.0.0
2024-09-11 00:00:24,678 [INFO] ThirdParty:1030 - CMSIS Pack Vendor :STMicroelectronics X-CUBE-AZRTOS-F7 1.1.0
2024-09-11 00:00:24,678 [INFO] ThirdParty:1030 - CMSIS Pack Vendor :STMicroelectronics X-CUBE-AZRTOS-L5 2.0.0
2024-09-11 00:00:24,678 [INFO] ThirdParty:1030 - CMSIS Pack Vendor :STMicroelectronics USB_DEVICE 2.0.0
2024-09-11 00:00:24,678 [INFO] ThirdParty:1030 - CMSIS Pack Vendor :STMicroelectronics X-CUBE-NFC6 3.1.0
2024-09-11 00:00:24,678 [INFO] ThirdParty:1030 - CMSIS Pack Vendor :STMicroelectronics FP-SNS-STBOX1 2.0.0
2024-09-11 00:00:24,678 [INFO] ThirdParty:1030 - CMSIS Pack Vendor :STMicroelectronics X-CUBE-MEMS1 11.0.0
2024-09-11 00:00:24,678 [INFO] ThirdParty:1030 - CMSIS Pack Vendor :STMicroelectronics FreeRTOS 0.0.1
2024-09-11 00:00:24,678 [INFO] ThirdParty:1030 - CMSIS Pack Vendor :STMicroelectronics X-CUBE-AZRTOS-G0 1.1.0
2024-09-11 00:00:24,678 [INFO] ThirdParty:1030 - CMSIS Pack Vendor :STMicroelectronics X-CUBE-SAFEA1 1.2.2
2024-09-11 00:00:24,678 [INFO] ThirdParty:1030 - CMSIS Pack Vendor :STMicroelectronics X-CUBE-NFC4 3.0.0
2024-09-11 00:00:24,678 [INFO] ThirdParty:1030 - CMSIS Pack Vendor :STMicroelectronics X-CUBE-DPower 1.2.0
2024-09-11 00:00:24,678 [INFO] ThirdParty:1030 - CMSIS Pack Vendor :STMicroelectronics X-CUBE-SUBG2 5.0.0
2024-09-11 00:00:24,678 [INFO] ThirdParty:1030 - CMSIS Pack Vendor :STMicroelectronics STM32_WPAN 1.0.0
2024-09-11 00:00:24,678 [INFO] ThirdParty:1030 - CMSIS Pack Vendor :EmbeddedOffice I-CUBE-FS-RTOS 1.0.1
2024-09-11 00:00:24,678 [INFO] ThirdParty:1030 - CMSIS Pack Vendor :STMicroelectronics lwIP 2.0.3
2024-09-11 00:00:24,678 [INFO] ThirdParty:1030 - CMSIS Pack Vendor :STMicroelectronics FP-SNS-FLIGHT1 5.0.2
2024-09-11 00:00:24,679 [INFO] ThirdParty:1030 - CMSIS Pack Vendor :Cesanta I-CUBE-Mongoose 7.13.0
2024-09-11 00:00:24,679 [INFO] ThirdParty:1030 - CMSIS Pack Vendor :STMicroelectronics USB_HOST 1.0.0
2024-09-11 00:00:24,679 [INFO] ThirdParty:1030 - CMSIS Pack Vendor :STMicroelectronics X-CUBE-AI 9.0.0
2024-09-11 00:00:24,679 [INFO] ThirdParty:1030 - CMSIS Pack Vendor :STMicroelectronics X-CUBE-AZRTOS-G4 2.0.0
2024-09-11 00:00:24,679 [INFO] ThirdParty:1030 - CMSIS Pack Vendor :STMicroelectronics PDM2PCM 3.1.0
2024-09-11 00:00:24,679 [INFO] ThirdParty:1030 - CMSIS Pack Vendor :STMicroelectronics PDM2PCM 3.3.0
2024-09-11 00:00:24,679 [INFO] ThirdParty:1030 - CMSIS Pack Vendor :STMicroelectronics X-CUBE-DISPLAY 3.0.0
2024-09-11 00:00:24,679 [INFO] ThirdParty:1030 - CMSIS Pack Vendor :RealThread X-CUBE-RT-Thread_Nano 4.1.1
2024-09-11 00:00:24,679 [INFO] ThirdParty:1030 - CMSIS Pack Vendor :STMicroelectronics X-CUBE-BLE1 7.0.0
2024-09-11 00:00:24,679 [INFO] ThirdParty:1030 - CMSIS Pack Vendor :STMicroelectronics FP-ATR-SIGFOX1 3.2.0
2024-09-11 00:00:24,679 [INFO] ThirdParty:1030 - CMSIS Pack Vendor :wolfSSL I-CUBE-wolfSSL 5.7.2
2024-09-11 00:00:24,679 [INFO] ThirdParty:1030 - CMSIS Pack Vendor :STMicroelectronics X-CUBE-ISPU 2.0.0
2024-09-11 00:00:24,679 [INFO] ThirdParty:1030 - CMSIS Pack Vendor :STMicroelectronics X-CUBE-EEPRMA1 5.1.0
2024-09-11 00:00:24,679 [INFO] ThirdParty:1030 - CMSIS Pack Vendor :STMicroelectronics HAL Drivers 0.0.0
2024-09-11 00:00:24,679 [INFO] ThirdParty:1030 - CMSIS Pack Vendor :STMicroelectronics MBEDTLS 2.16.2
2024-09-11 00:00:24,679 [INFO] ThirdParty:1030 - CMSIS Pack Vendor :STMicroelectronics X-CUBE-ALS 1.0.2
2024-09-11 00:00:24,679 [INFO] ThirdParty:1030 - CMSIS Pack Vendor :emotas I-CUBE-CANOPEN 1.3.0
2024-09-11 00:00:24,679 [INFO] ThirdParty:1030 - CMSIS Pack Vendor :STMicroelectronics X-CUBE-NFC7 1.0.1
2024-09-11 00:00:24,679 [INFO] ThirdParty:1030 - CMSIS Pack Vendor :STMicroelectronics MBEDTLS 2.14.1
2024-09-11 00:00:24,679 [INFO] ThirdParty:1030 - CMSIS Pack Vendor :STMicroelectronics X-CUBE-TOUCHGFX 4.24.0
2024-09-11 00:00:24,679 [INFO] ThirdParty:1030 - CMSIS Pack Vendor :ITTIA_DB I-CUBE-ITTIADB 8.9.0
2024-09-11 00:00:24,679 [INFO] ThirdParty:1030 - CMSIS Pack Vendor :wolfSSL I-CUBE-wolfTPM 3.4.0
2024-09-11 00:00:24,680 [INFO] ThirdParty:1030 - CMSIS Pack Vendor :portGmbH I-Cube-SoM-uGOAL 1.1.0
2024-09-11 00:00:24,680 [INFO] ThirdParty:1030 - CMSIS Pack Vendor :STMicroelectronics X-CUBE-BLEMGR 3.1.0
2024-09-11 00:00:24,680 [INFO] ThirdParty:1030 - CMSIS Pack Vendor :STMicroelectronics ThreadX 1.0.0
2024-09-11 00:00:24,680 [INFO] ThirdParty:1030 - CMSIS Pack Vendor :STMicroelectronics FP-SNS-SMARTAG2 1.2.0
2024-09-11 00:00:24,680 [INFO] ThirdParty:1030 - CMSIS Pack Vendor :STMicroelectronics X-CUBE-AZRTOS-WL 2.0.0
2024-09-11 00:00:24,680 [INFO] ThirdParty:1030 - CMSIS Pack Vendor :SEGGER I-CUBE-embOS 1.3.1
2024-09-11 00:00:24,680 [INFO] ThirdParty:1030 - CMSIS Pack Vendor :STMicroelectronics X-CUBE-ALGOBUILD 1.4.0
2024-09-11 00:00:24,680 [INFO] ThirdParty:1030 - CMSIS Pack Vendor :STMicroelectronics FP-SNS-MOTENV1 5.0.0
2024-09-11 00:00:24,680 [INFO] ThirdParty:1030 - CMSIS Pack Vendor :STMicroelectronics USB_DEVICE 1.0.0
2024-09-11 00:00:24,680 [INFO] ThirdParty:1030 - CMSIS Pack Vendor :STMicroelectronics X-CUBE-AZRTOS-H7RS 1.0.0
2024-09-11 00:00:24,680 [INFO] ThirdParty:1030 - CMSIS Pack Vendor :wolfSSL I-CUBE-wolfMQTT 1.19.0
2024-09-11 00:00:24,680 [INFO] ThirdParty:1030 - CMSIS Pack Vendor :STMicroelectronics X-CUBE-AZRTOS-L4 2.0.0
2024-09-11 00:00:24,680 [INFO] ThirdParty:1030 - CMSIS Pack Vendor :STMicroelectronics ThreadX 0.0.2
2024-09-11 00:00:24,680 [INFO] ThirdParty:1030 - CMSIS Pack Vendor :WES I-CUBE-Cesium 1.3.0
2024-09-11 00:00:24,680 [INFO] ThirdParty:1030 - CMSIS Pack Vendor :STMicroelectronics FP-ATR-ASTRA1 2.0.0
2024-09-11 00:00:24,680 [INFO] ThirdParty:1030 - CMSIS Pack Vendor :STMicroelectronics lwIP 2.1.2
2024-09-11 00:00:24,680 [INFO] ThirdParty:1030 - CMSIS Pack Vendor :STMicroelectronics X-CUBE-SFXS2LP1 4.0.0
2024-09-11 00:00:24,680 [INFO] ThirdParty:1030 - CMSIS Pack Vendor :STMicroelectronics X-CUBE-BLE2 3.3.0
2024-09-11 00:00:24,680 [INFO] ThirdParty:1030 - CMSIS Pack Vendor :STMicroelectronics X-CUBE-TOF1 3.4.2
2024-09-11 00:00:24,680 [INFO] ThirdParty:1030 - CMSIS Pack Vendor :Infineon AIROC-Wi-Fi-Bluetooth-STM32 1.6.1
2024-09-11 00:00:24,680 [INFO] ThirdParty:1030 - CMSIS Pack Vendor :STMicroelectronics PDM2PCM 3.2.0
2024-09-11 00:00:24,680 [INFO] ThirdParty:1030 - CMSIS Pack Vendor :wolfSSL I-CUBE-wolfSSH 1.4.17
2024-09-11 00:00:24,681 [INFO] ThirdParty:841 - exiting critical section [change project]
2024-09-11 00:00:25,866 [INFO] PinOutPanel:1561 - setPackage(No Configuration,No Configuration)
2024-09-11 00:00:25,867 [INFO] PinOutPanel:1561 - setPackage(STM32MP151AACx,TFBGA361)
2024-09-11 00:00:27,394 [INFO] UtilMem:75 - Before build in PCC Used Memory: 624591360 Bytes (872415232)
2024-09-11 00:00:30,385 [INFO] UtilMem:75 - After build in PCC Used Memory: 682701312 Bytes (912261120)
2024-09-11 00:00:30,479 [INFO] IPUIPlugin:80 - create IPUIPlugin
2024-09-11 00:00:30,480 [INFO] IPUIPlugin:80 - create IPUIPlugin
2024-09-11 00:00:30,480 [INFO] IPUIPlugin:80 - create IPUIPlugin
2024-09-11 00:00:30,480 [INFO] IPUIPlugin:80 - create IPUIPlugin
2024-09-11 00:00:30,480 [INFO] IPUIPlugin:80 - create IPUIPlugin
2024-09-11 00:00:30,480 [INFO] IPUIPlugin:80 - create IPUIPlugin
2024-09-11 00:00:30,481 [INFO] IPUIPlugin:80 - create IPUIPlugin
2024-09-11 00:00:30,481 [INFO] IPUIPlugin:80 - create IPUIPlugin
2024-09-11 00:00:30,481 [INFO] IPUIPlugin:80 - create IPUIPlugin
2024-09-11 00:00:30,481 [INFO] IPUIPlugin:80 - create IPUIPlugin
2024-09-11 00:00:30,481 [INFO] IPUIPlugin:80 - create IPUIPlugin
2024-09-11 00:00:30,482 [INFO] IPUIPlugin:80 - create IPUIPlugin
2024-09-11 00:00:30,482 [INFO] IPUIPlugin:80 - create IPUIPlugin
2024-09-11 00:00:30,482 [INFO] IPUIPlugin:80 - create IPUIPlugin
2024-09-11 00:00:30,482 [INFO] IPUIPlugin:80 - create IPUIPlugin
2024-09-11 00:00:30,482 [INFO] IPUIPlugin:80 - create IPUIPlugin
2024-09-11 00:00:30,483 [INFO] IPUIPlugin:80 - create IPUIPlugin
2024-09-11 00:00:30,483 [INFO] IPUIPlugin:80 - create IPUIPlugin
2024-09-11 00:00:30,483 [INFO] IPUIPlugin:80 - create IPUIPlugin
2024-09-11 00:00:30,483 [INFO] IPUIPlugin:80 - create IPUIPlugin
2024-09-11 00:00:30,483 [INFO] IPUIPlugin:80 - create IPUIPlugin
2024-09-11 00:00:30,484 [INFO] IPUIPlugin:80 - create IPUIPlugin
2024-09-11 00:00:30,484 [INFO] IPUIPlugin:80 - create IPUIPlugin
2024-09-11 00:00:30,484 [INFO] IPUIPlugin:80 - create IPUIPlugin
2024-09-11 00:00:30,484 [INFO] IPUIPlugin:80 - create IPUIPlugin
2024-09-11 00:00:30,484 [INFO] IPUIPlugin:80 - create IPUIPlugin
2024-09-11 00:00:30,484 [INFO] IPUIPlugin:80 - create IPUIPlugin
2024-09-11 00:00:30,484 [INFO] IPUIPlugin:80 - create IPUIPlugin
2024-09-11 00:00:30,484 [INFO] IPUIPlugin:80 - create IPUIPlugin
2024-09-11 00:00:30,485 [INFO] IPUIPlugin:80 - create IPUIPlugin
2024-09-11 00:00:30,485 [INFO] IPUIPlugin:80 - create IPUIPlugin
2024-09-11 00:00:30,485 [INFO] IPUIPlugin:80 - create IPUIPlugin
2024-09-11 00:00:30,485 [INFO] IPUIPlugin:80 - create IPUIPlugin
2024-09-11 00:00:30,485 [INFO] IPUIPlugin:80 - create IPUIPlugin
2024-09-11 00:00:30,486 [INFO] IPUIPlugin:80 - create IPUIPlugin
2024-09-11 00:00:30,486 [INFO] IPUIPlugin:80 - create IPUIPlugin
2024-09-11 00:00:30,487 [INFO] IPUIPlugin:80 - create IPUIPlugin
2024-09-11 00:00:30,487 [INFO] IPUIPlugin:80 - create IPUIPlugin
2024-09-11 00:00:30,487 [INFO] IPUIPlugin:80 - create IPUIPlugin
2024-09-11 00:00:30,487 [INFO] IPUIPlugin:80 - create IPUIPlugin
2024-09-11 00:00:30,488 [INFO] IPUIPlugin:80 - create IPUIPlugin
2024-09-11 00:00:30,488 [INFO] IPUIPlugin:80 - create IPUIPlugin
2024-09-11 00:00:30,488 [INFO] IPUIPlugin:80 - create IPUIPlugin
2024-09-11 00:00:30,488 [INFO] IPUIPlugin:80 - create IPUIPlugin
2024-09-11 00:00:30,489 [INFO] IPUIPlugin:80 - create IPUIPlugin
2024-09-11 00:00:30,508 [INFO] IPUIPlugin:80 - create IPUIPlugin
2024-09-11 00:00:30,509 [INFO] IPUIPlugin:80 - create IPUIPlugin
2024-09-11 00:00:30,509 [INFO] IPUIPlugin:80 - create IPUIPlugin
2024-09-11 00:00:30,510 [INFO] IPUIPlugin:80 - create IPUIPlugin
2024-09-11 00:00:30,511 [INFO] IPUIPlugin:80 - create IPUIPlugin
2024-09-11 00:00:30,511 [INFO] IPUIPlugin:80 - create IPUIPlugin
2024-09-11 00:00:30,512 [INFO] IPUIPlugin:80 - create IPUIPlugin
2024-09-11 00:00:30,513 [INFO] IPUIPlugin:80 - create IPUIPlugin
2024-09-11 00:00:30,513 [INFO] IPUIPlugin:80 - create IPUIPlugin
2024-09-11 00:00:30,514 [INFO] IPUIPlugin:80 - create IPUIPlugin
2024-09-11 00:00:30,514 [INFO] IPUIPlugin:80 - create IPUIPlugin
2024-09-11 00:00:30,515 [INFO] IPUIPlugin:80 - create IPUIPlugin
2024-09-11 00:00:30,516 [INFO] IPUIPlugin:80 - create IPUIPlugin
2024-09-11 00:00:30,516 [INFO] IPUIPlugin:80 - create IPUIPlugin
2024-09-11 00:00:30,516 [INFO] IPUIPlugin:80 - create IPUIPlugin
2024-09-11 00:00:30,517 [INFO] IPUIPlugin:80 - create IPUIPlugin
2024-09-11 00:00:30,517 [INFO] IPUIPlugin:80 - create IPUIPlugin
2024-09-11 00:00:30,517 [INFO] IPUIPlugin:80 - create IPUIPlugin
2024-09-11 00:00:30,517 [INFO] IPUIPlugin:80 - create IPUIPlugin
2024-09-11 00:00:30,517 [INFO] IPUIPlugin:80 - create IPUIPlugin
2024-09-11 00:00:30,518 [INFO] IPUIPlugin:80 - create IPUIPlugin
2024-09-11 00:00:30,518 [INFO] IPUIPlugin:80 - create IPUIPlugin
2024-09-11 00:00:30,519 [INFO] IPUIPlugin:80 - create IPUIPlugin
2024-09-11 00:00:30,519 [INFO] IPUIPlugin:80 - create IPUIPlugin
2024-09-11 00:00:30,519 [INFO] IPUIPlugin:80 - create IPUIPlugin
2024-09-11 00:00:30,519 [INFO] IPUIPlugin:80 - create IPUIPlugin
2024-09-11 00:00:30,519 [INFO] IPUIPlugin:80 - create IPUIPlugin
2024-09-11 00:00:30,520 [INFO] IPUIPlugin:80 - create IPUIPlugin
2024-09-11 00:00:30,520 [INFO] IPUIPlugin:80 - create IPUIPlugin
2024-09-11 00:00:30,520 [INFO] IPUIPlugin:80 - create IPUIPlugin
2024-09-11 00:00:30,520 [INFO] IPUIPlugin:80 - create IPUIPlugin
2024-09-11 00:00:30,520 [INFO] IPUIPlugin:80 - create IPUIPlugin
2024-09-11 00:00:30,521 [INFO] IPUIPlugin:80 - create IPUIPlugin
2024-09-11 00:00:30,521 [INFO] IPUIPlugin:80 - create IPUIPlugin
2024-09-11 00:00:30,521 [INFO] IPUIPlugin:80 - create IPUIPlugin
2024-09-11 00:00:30,521 [INFO] IPUIPlugin:80 - create IPUIPlugin
2024-09-11 00:00:30,522 [INFO] IPUIPlugin:80 - create IPUIPlugin
2024-09-11 00:00:30,523 [INFO] IPUIPlugin:80 - create IPUIPlugin
2024-09-11 00:00:30,523 [INFO] IPUIPlugin:80 - create IPUIPlugin
2024-09-11 00:00:30,524 [INFO] IPUIPlugin:80 - create IPUIPlugin
2024-09-11 00:00:30,525 [INFO] IPUIPlugin:80 - create IPUIPlugin
2024-09-11 00:00:30,526 [INFO] IPUIPlugin:80 - create IPUIPlugin
2024-09-11 00:00:30,526 [INFO] IPUIPlugin:80 - create IPUIPlugin
2024-09-11 00:00:30,527 [INFO] IPUIPlugin:80 - create IPUIPlugin
2024-09-11 00:00:30,528 [INFO] IPUIPlugin:80 - create IPUIPlugin
2024-09-11 00:00:30,529 [INFO] IPUIPlugin:80 - create IPUIPlugin
2024-09-11 00:00:30,530 [INFO] IPUIPlugin:80 - create IPUIPlugin
2024-09-11 00:00:30,531 [INFO] IPUIPlugin:80 - create IPUIPlugin
2024-09-11 00:00:30,533 [INFO] IPUIPlugin:80 - create IPUIPlugin
2024-09-11 00:00:30,725 [INFO] DdrRegisterManager:71 - [DDR IP] ddrType = DDR3:true
2024-09-11 00:00:40,102 [INFO] CADModel:165 - CPN selected for project levelSTM32MP151AAC3
2024-09-11 00:00:40,102 [INFO] CADModel:114 - Register for checkConnection events
2024-09-11 00:00:40,595 [INFO] DdrUtils:76 - [DDR IP] The IP object exists and the DDR configuration is valid
2024-09-11 00:00:41,159 [INFO] CubeProgrammer:495 - [DDR PANEL] - PathOfProgrammer: null
2024-09-11 00:00:41,160 [INFO] CubeProgrammer:495 - [DDR PANEL] - PathOfProgrammer: /opt/st/stm32cubeide_1.16.0/plugins/com.st.stm32cube.ide.mcu.externaltools.cubeprogrammer.linux64_2.1.400.202404281720/tools/bin
2024-09-11 00:00:41,162 [INFO] ProgrammerExecThread:149 - [ProgrammerAPI] CubeProgrammer command construction: /opt/st/stm32cubeide_1.16.0/plugins/com.st.stm32cube.ide.mcu.externaltools.cubeprogrammer.linux64_2.1.400.202404281720/tools/bin/STM32_Programmer_CLI -l
2024-09-11 00:00:45,065 [INFO] MainDdrPanel:64 - [DDR PANEL] SETTER - Set cubeProgrammerPath to: /opt/st/stm32cubeide_1.16.0/plugins/com.st.stm32cube.ide.mcu.externaltools.cubeprogrammer.linux64_2.1.400.202404281720/tools/bin
2024-09-11 00:00:45,114 [INFO] OpenFileManager:363 - Restore cursor
2024-09-11 00:01:28,072 [INFO] IpDdr:68 - [DDR IP] PluginUI initialization
2024-09-11 00:01:28,086 [WARN] IpParametersView:151 - Warning: This peripheral hasn't parameters
2024-09-11 00:01:28,201 [WARN] IpParametersView:151 - Warning: This peripheral hasn't parameters
2024-09-11 00:01:57,708 [INFO] McuFinderGlobals:63 - Set McuFinder mode to 2 (CubeIDE integrated)
2024-09-11 00:01:57,709 [INFO] UserAuth:179 - activating auth plugin
2024-09-11 00:01:57,715 [INFO] UserAuth:417 - Internet connection configuration mode: 1
2024-09-11 00:01:57,825 [INFO] JxBrowserEngine:152 - Initiate JxBrowser Engine with user profile folder
2024-09-11 00:02:25,096 [INFO] WebApp:167 - Instantiating new browser for Auth
2024-09-11 00:02:48,320 [INFO] WebApp:448 - Apply proxy settings
2024-09-11 00:02:48,320 [INFO] WebApp:533 - Chromium requires no authentication
2024-09-11 00:02:48,522 [INFO] WebApp:476 - Direct internet connection detected
2024-09-11 00:02:48,707 [INFO] WebApp:869 - Register for checkConnection events
2024-09-11 00:02:48,708 [INFO] WebApp:448 - Apply proxy settings
2024-09-11 00:02:48,708 [INFO] WebApp:533 - Chromium requires no authentication
2024-09-11 00:02:48,709 [INFO] WebApp:476 - Direct internet connection detected
2024-09-11 00:02:52,024 [INFO] WebApp:220 - Starting web application
2024-09-11 00:02:52,024 [INFO] WebApp:578 - Web application path used /opt/st/stm32cubeide_1.16.0/plugins/com.st.stm32cube.common.mx_6.12.0.202406281431/db/plugins/mcufinder/reactClient1/index.html
2024-09-11 00:02:52,242 [INFO] WebApp:186 - Connection restablished
