2024-10-22 00:58:14,481 [INFO] Activator:176 - 


2024-10-22 00:58:14,492 [INFO] Activator:177 - !SESSION log4j initialized
2024-10-22 00:58:26,839 [INFO] LogOutputStream:77 - [STDOUT_REDIRECT] 
2024-10-22 01:01:43,338 [INFO] ApplicationProperties:184 - Using Application install path: /opt/st/stm32cubeide_1.16.0/../../../home/lubuntu/.eclipse/com.st.stm32cube.ide.mcu.rcp.product_1.16.0_139065174_linux_gtk_x86_64/plugins/com.st.stm32cube.common.mx_6.12.1.202409122256
2024-10-22 01:01:43,395 [INFO] DbMcusXml:78 - Set database path to: /opt/st/stm32cubeide_1.16.0/../../../home/lubuntu/.eclipse/com.st.stm32cube.ide.mcu.rcp.product_1.16.0_139065174_linux_gtk_x86_64/plugins/com.st.stm32cube.common.mx_6.12.1.202409122256//db//mcu/
2024-10-22 01:01:43,395 [INFO] ApiDb:274 - Set plugin database path to: /opt/st/stm32cubeide_1.16.0/../../../home/lubuntu/.eclipse/com.st.stm32cube.ide.mcu.rcp.product_1.16.0_139065174_linux_gtk_x86_64/plugins/com.st.stm32cube.common.mx_6.12.1.202409122256//db//plugins/boardmanager/
2024-10-22 01:01:43,395 [WARN] ApiDb:259 - Overriding images path with different value:  => /opt/st/stm32cubeide_1.16.0/../../../home/lubuntu/.eclipse/com.st.stm32cube.ide.mcu.rcp.product_1.16.0_139065174_linux_gtk_x86_64/plugins/com.st.stm32cube.common.mx_6.12.1.202409122256//db//plugins/mcufinder/images/
2024-10-22 01:01:43,465 [INFO] ApiDb:250 - Set database path to: /home/lubuntu/.stmcufinder/plugins/mcufinder//mcu/
2024-10-22 01:01:43,467 [INFO] DbMcusAds:125 - Set database path to: /home/lubuntu/.stmcufinder/plugins/mcufinder//mcu/
2024-10-22 01:01:58,706 [INFO] CrossReferenceDbSqlite:203 - Set database path to: /home/lubuntu/.stmcufinder/plugins/mcufinder//mcu/cs/
2024-10-22 01:01:59,053 [INFO] RulesReader:64 - Compatibility file has been processed (297 Rules)
2024-10-22 01:01:59,353 [INFO] DbMcusXml:78 - Set database path to: /opt/st/stm32cubeide_1.16.0/../../../home/lubuntu/.eclipse/com.st.stm32cube.ide.mcu.rcp.product_1.16.0_139065174_linux_gtk_x86_64/plugins/com.st.stm32cube.common.mx_6.12.1.202409122256//db//mcu/
2024-10-22 01:01:59,354 [INFO] ApiDb:274 - Set plugin database path to: /opt/st/stm32cubeide_1.16.0/../../../home/lubuntu/.eclipse/com.st.stm32cube.ide.mcu.rcp.product_1.16.0_139065174_linux_gtk_x86_64/plugins/com.st.stm32cube.common.mx_6.12.1.202409122256//db//plugins/boardmanager/
2024-10-22 01:01:59,354 [INFO] ApiDb:261 - Set plugin images path to: /opt/st/stm32cubeide_1.16.0/../../../home/lubuntu/.eclipse/com.st.stm32cube.ide.mcu.rcp.product_1.16.0_139065174_linux_gtk_x86_64/plugins/com.st.stm32cube.common.mx_6.12.1.202409122256//db//plugins/mcufinder/images/
2024-10-22 01:01:59,354 [WARN] DbFile:41 - Overriding database path with different value: /home/lubuntu/.stmcufinder/plugins/mcufinder/ => /home/lubuntu/.stmcufinder/plugins/mcufinder
2024-10-22 01:01:59,354 [INFO] ApiDb:250 - Set database path to: /home/lubuntu/.stmcufinder/plugins/mcufinder//mcu/
2024-10-22 01:01:59,354 [WARN] DbFile:41 - Overriding database path with different value: /home/lubuntu/.stmcufinder/plugins/mcufinder/ => /home/lubuntu/.stmcufinder/plugins/mcufinder
2024-10-22 01:01:59,355 [INFO] DbMcusAds:125 - Set database path to: /home/lubuntu/.stmcufinder/plugins/mcufinder//mcu/
2024-10-22 01:01:59,355 [WARN] DbFile:41 - Overriding database path with different value: /home/lubuntu/.stmcufinder/plugins/mcufinder/ => /home/lubuntu/.stmcufinder/plugins/mcufinder
2024-10-22 01:01:59,355 [WARN] DbFile:41 - Overriding database path with different value: /home/lubuntu/.stmcufinder/plugins/mcufinder/ => /home/lubuntu/.stmcufinder/plugins/mcufinder
2024-10-22 01:01:59,355 [INFO] CrossReferenceDbSqlite:203 - Set database path to: /home/lubuntu/.stmcufinder/plugins/mcufinder//mcu/cs/
2024-10-22 01:01:59,707 [INFO] MainPanel:268 - HeapMemory: 631242752
2024-10-22 01:02:00,408 [INFO] DbMcusXml:78 - Set database path to: /opt/st/stm32cubeide_1.16.0/../../../home/lubuntu/.eclipse/com.st.stm32cube.ide.mcu.rcp.product_1.16.0_139065174_linux_gtk_x86_64/plugins/com.st.stm32cube.common.mx_6.12.1.202409122256//db//mcu/
2024-10-22 01:02:00,408 [INFO] ApiDb:274 - Set plugin database path to: /opt/st/stm32cubeide_1.16.0/../../../home/lubuntu/.eclipse/com.st.stm32cube.ide.mcu.rcp.product_1.16.0_139065174_linux_gtk_x86_64/plugins/com.st.stm32cube.common.mx_6.12.1.202409122256//db//plugins/boardmanager/
2024-10-22 01:02:00,409 [INFO] ApiDb:261 - Set plugin images path to: /opt/st/stm32cubeide_1.16.0/../../../home/lubuntu/.eclipse/com.st.stm32cube.ide.mcu.rcp.product_1.16.0_139065174_linux_gtk_x86_64/plugins/com.st.stm32cube.common.mx_6.12.1.202409122256//db//plugins/mcufinder/images/
2024-10-22 01:02:00,410 [WARN] DbFile:41 - Overriding database path with different value: /home/lubuntu/.stmcufinder/plugins/mcufinder/ => /home/lubuntu/.stmcufinder/plugins/mcufinder
2024-10-22 01:02:00,410 [INFO] ApiDb:250 - Set database path to: /home/lubuntu/.stmcufinder/plugins/mcufinder//mcu/
2024-10-22 01:02:00,411 [WARN] DbFile:41 - Overriding database path with different value: /home/lubuntu/.stmcufinder/plugins/mcufinder/ => /home/lubuntu/.stmcufinder/plugins/mcufinder
2024-10-22 01:02:00,411 [INFO] DbMcusAds:125 - Set database path to: /home/lubuntu/.stmcufinder/plugins/mcufinder//mcu/
2024-10-22 01:02:00,411 [WARN] DbFile:41 - Overriding database path with different value: /home/lubuntu/.stmcufinder/plugins/mcufinder/ => /home/lubuntu/.stmcufinder/plugins/mcufinder
2024-10-22 01:02:00,412 [WARN] DbFile:41 - Overriding database path with different value: /home/lubuntu/.stmcufinder/plugins/mcufinder/ => /home/lubuntu/.stmcufinder/plugins/mcufinder
2024-10-22 01:02:00,412 [INFO] CrossReferenceDbSqlite:203 - Set database path to: /home/lubuntu/.stmcufinder/plugins/mcufinder//mcu/cs/
2024-10-22 01:02:00,525 [INFO] ApplicationProperties:184 - Using Application install path: /opt/st/stm32cubeide_1.16.0/../../../home/lubuntu/.eclipse/com.st.stm32cube.ide.mcu.rcp.product_1.16.0_139065174_linux_gtk_x86_64/plugins/com.st.stm32cube.common.mx_6.12.1.202409122256
2024-10-22 01:02:00,542 [INFO] PluginManage:196 - Search for loadable plugins [exclusion list=, ]
2024-10-22 01:02:00,567 [INFO] PluginManage:310 - Check plugin analytics
2024-10-22 01:02:00,952 [INFO] AnalyticsPlugin:253 - Accepted Software Licenses: 
2024-10-22 01:02:00,952 [INFO] AnalyticsPlugin:255 - Accepted CMSIS Pack Licenses: 
2024-10-22 01:02:00,953 [INFO] AnalyticsPlugin:257 - Accepted Firmware Licenses: 
2024-10-22 01:02:00,956 [INFO] PluginManage:359 - Loaded plugin analytics (category:tool,tabindex:-1)
2024-10-22 01:02:00,956 [INFO] PluginManage:310 - Check plugin cadmodel
2024-10-22 01:02:00,984 [INFO] CADModel:105 - Init CAD model plugin
2024-10-22 01:02:00,985 [INFO] PluginManage:359 - Loaded plugin cadmodel (category:power,tabindex:5)
2024-10-22 01:02:00,985 [INFO] PluginManage:310 - Check plugin clock
2024-10-22 01:02:01,037 [INFO] PluginManage:359 - Loaded plugin clock (category:base,tabindex:2)
2024-10-22 01:02:01,037 [INFO] PluginManage:310 - Check plugin ddr
2024-10-22 01:02:01,063 [INFO] PluginManage:359 - Loaded plugin ddr (category:tool,tabindex:6)
2024-10-22 01:02:01,063 [INFO] PluginManage:310 - Check plugin filemanager
2024-10-22 01:02:01,750 [INFO] PluginManage:359 - Loaded plugin filemanager (category:base,tabindex:10)
2024-10-22 01:02:01,750 [INFO] PluginManage:310 - Check plugin ipmanager
2024-10-22 01:02:01,760 [INFO] PluginManage:359 - Loaded plugin ipmanager (category:base,tabindex:5)
2024-10-22 01:02:01,760 [INFO] PluginManage:310 - Check plugin lpbam
2024-10-22 01:02:01,798 [INFO] PluginManage:359 - Loaded plugin lpbam (category:base,tabindex:0)
2024-10-22 01:02:01,798 [INFO] PluginManage:310 - Check plugin memorymap
2024-10-22 01:02:01,856 [INFO] PluginManage:359 - Loaded plugin memorymap (category:base,tabindex:4)
2024-10-22 01:02:01,857 [INFO] PluginManage:310 - Check plugin pinoutandconfiguration
2024-10-22 01:02:01,897 [INFO] PluginManage:359 - Loaded plugin pinoutandconfiguration (category:base,tabindex:1)
2024-10-22 01:02:01,897 [INFO] PluginManage:310 - Check plugin pinoutconfig
2024-10-22 01:02:02,068 [WARN] SupportedApi:132 - Cannot load RTOS API schema: s4s-elt-must-match.1: The content of 'definitions' must match (annotation?, (simpleType | complexType)?, (unique | key | keyref)*)). A problem was found starting at: attribute.
2024-10-22 01:02:02,325 [INFO] PluginManage:359 - Loaded plugin pinoutconfig (category:base,tabindex:0)
2024-10-22 01:02:02,326 [INFO] PluginManage:310 - Check plugin power
2024-10-22 01:02:02,360 [INFO] PluginManage:359 - Loaded plugin power (category:power,tabindex:4)
2024-10-22 01:02:02,360 [INFO] PluginManage:310 - Check plugin projectmanager
2024-10-22 01:02:02,398 [INFO] PluginManage:359 - Loaded plugin projectmanager (category:projectmanager,tabindex:4)
2024-10-22 01:02:02,398 [INFO] PluginManage:310 - Check plugin rif
2024-10-22 01:02:02,431 [INFO] PluginManage:359 - Loaded plugin rif (category:base,tabindex:3)
2024-10-22 01:02:02,431 [INFO] PluginManage:310 - Check plugin thirdparty
2024-10-22 01:02:02,799 [INFO] PluginManage:359 - Loaded plugin thirdparty (category:base,tabindex:-1)
2024-10-22 01:02:02,799 [WARN] IntegrityCheckThread:84 - waiting for thirdparty lock release [integrity check]
2024-10-22 01:02:02,799 [INFO] PluginManage:310 - Check plugin tools
2024-10-22 01:02:02,799 [INFO] IntegrityCheckThread:86 - entering critical section [integrity check]
2024-10-22 01:02:02,800 [INFO] ThirdPartyUpdaterWithRetryManager:70 - Updater plugin not ready yet. [1/15]
2024-10-22 01:02:02,814 [INFO] PluginManage:359 - Loaded plugin tools (category:base,tabindex:7)
2024-10-22 01:02:02,815 [INFO] PluginManage:310 - Check plugin tutovideos
2024-10-22 01:02:03,047 [INFO] PluginManage:359 - Loaded plugin tutovideos (category:base,tabindex:-1)
2024-10-22 01:02:03,047 [INFO] PluginManage:310 - Check plugin updater
2024-10-22 01:02:03,092 [INFO] PluginManage:359 - Loaded plugin updater (category:base,tabindex:12)
2024-10-22 01:02:03,092 [INFO] PluginManage:310 - Check plugin userauth
2024-10-22 01:02:03,111 [INFO] UserAuth:113 - Init User Auth plugin
2024-10-22 01:02:03,112 [INFO] PluginManage:359 - Loaded plugin userauth (category:base,tabindex:14)
2024-10-22 01:02:03,112 [INFO] PluginManage:283 - PluginManage : Loaded plugins [18]
2024-10-22 01:02:03,573 [INFO] PinOutPanel:1561 - setPackage(No Configuration,No Configuration)
2024-10-22 01:02:03,808 [INFO] CADModel:165 - CPN selected for project level
2024-10-22 01:02:03,808 [INFO] CADModel:114 - Register for checkConnection events
2024-10-22 01:02:03,858 [INFO] IPUIPlugin:80 - create IPUIPlugin
2024-10-22 01:02:03,858 [INFO] PluginManager:220 - loadIPPluginJar : add spi
2024-10-22 01:02:03,875 [INFO] IPUIPlugin:80 - create IPUIPlugin
2024-10-22 01:02:03,875 [INFO] PluginManager:220 - loadIPPluginJar : add genericplugin
2024-10-22 01:02:03,878 [INFO] IPUIPlugin:80 - create IPUIPlugin
2024-10-22 01:02:03,879 [INFO] PluginManager:220 - loadIPPluginJar : add extmemmanager
2024-10-22 01:02:03,882 [INFO] IPUIPlugin:80 - create IPUIPlugin
2024-10-22 01:02:03,883 [INFO] PluginManager:220 - loadIPPluginJar : add i2c
2024-10-22 01:02:03,893 [INFO] IPUIPlugin:80 - create IPUIPlugin
2024-10-22 01:02:03,893 [INFO] PluginManager:220 - loadIPPluginJar : add fmc
2024-10-22 01:02:03,897 [INFO] IPUIPlugin:80 - create IPUIPlugin
2024-10-22 01:02:03,898 [INFO] PluginManager:220 - loadIPPluginJar : add usbx
2024-10-22 01:02:03,900 [INFO] IPUIPlugin:80 - create IPUIPlugin
2024-10-22 01:02:03,900 [INFO] PluginManager:220 - loadIPPluginJar : add tim
2024-10-22 01:02:03,904 [INFO] IPUIPlugin:80 - create IPUIPlugin
2024-10-22 01:02:03,905 [INFO] PluginManager:220 - loadIPPluginJar : add i3c
2024-10-22 01:02:03,910 [INFO] IPUIPlugin:80 - create IPUIPlugin
2024-10-22 01:02:03,910 [INFO] PluginManager:220 - loadIPPluginJar : add touchsensing
2024-10-22 01:02:03,922 [INFO] IPUIPlugin:80 - create IPUIPlugin
2024-10-22 01:02:03,922 [INFO] PluginManager:220 - loadIPPluginJar : add ipddr
2024-10-22 01:02:03,931 [INFO] IPUIPlugin:80 - create IPUIPlugin
2024-10-22 01:02:03,932 [INFO] PluginManager:220 - loadIPPluginJar : add nvic
2024-10-22 01:02:03,969 [INFO] IPUIPlugin:80 - create IPUIPlugin
2024-10-22 01:02:03,970 [INFO] PluginManager:220 - loadIPPluginJar : add mdma
2024-10-22 01:02:03,973 [INFO] IPUIPlugin:80 - create IPUIPlugin
2024-10-22 01:02:03,973 [INFO] PluginManager:220 - loadIPPluginJar : add ts
2024-10-22 01:02:03,985 [INFO] IPUIPlugin:80 - create IPUIPlugin
2024-10-22 01:02:03,985 [INFO] PluginManager:220 - loadIPPluginJar : add stm32_wpan
2024-10-22 01:02:03,989 [INFO] IPUIPlugin:80 - create IPUIPlugin
2024-10-22 01:02:03,989 [INFO] PluginManager:220 - loadIPPluginJar : add gfxmmu
2024-10-22 01:02:03,991 [INFO] IPUIPlugin:80 - create IPUIPlugin
2024-10-22 01:02:03,992 [INFO] PluginManager:220 - loadIPPluginJar : add fatfs
2024-10-22 01:02:03,996 [INFO] IPUIPlugin:80 - create IPUIPlugin
2024-10-22 01:02:03,996 [INFO] PluginManager:220 - loadIPPluginJar : add pdm2pcm
2024-10-22 01:02:04,009 [INFO] IPUIPlugin:80 - create IPUIPlugin
2024-10-22 01:02:04,010 [INFO] PluginManager:220 - loadIPPluginJar : add resmgrutility
2024-10-22 01:02:04,011 [INFO] IPUIPlugin:80 - create IPUIPlugin
2024-10-22 01:02:04,012 [INFO] PluginManager:220 - loadIPPluginJar : add tracer_emb
2024-10-22 01:02:04,014 [INFO] IPUIPlugin:80 - create IPUIPlugin
2024-10-22 01:02:04,014 [INFO] PluginManager:220 - loadIPPluginJar : add can
2024-10-22 01:02:04,035 [INFO] IPUIPlugin:80 - create IPUIPlugin
2024-10-22 01:02:04,035 [INFO] PluginManager:220 - loadIPPluginJar : add linkedlist
2024-10-22 01:02:04,063 [INFO] IPUIPlugin:80 - create IPUIPlugin
2024-10-22 01:02:04,063 [INFO] PluginManager:220 - loadIPPluginJar : add ddr_ctrl_phy
2024-10-22 01:02:04,066 [INFO] IPUIPlugin:80 - create IPUIPlugin
2024-10-22 01:02:04,066 [INFO] PluginManager:220 - loadIPPluginJar : add tsc
2024-10-22 01:02:04,070 [INFO] IPUIPlugin:80 - create IPUIPlugin
2024-10-22 01:02:04,070 [INFO] PluginManager:220 - loadIPPluginJar : add comp
2024-10-22 01:02:04,074 [INFO] IPUIPlugin:80 - create IPUIPlugin
2024-10-22 01:02:04,074 [INFO] PluginManager:220 - loadIPPluginJar : add gtzc
2024-10-22 01:02:04,099 [INFO] IPUIPlugin:80 - create IPUIPlugin
2024-10-22 01:02:04,099 [INFO] PluginManager:220 - loadIPPluginJar : add dma
2024-10-22 01:02:04,104 [INFO] IPUIPlugin:80 - create IPUIPlugin
2024-10-22 01:02:04,104 [INFO] PluginManager:220 - loadIPPluginJar : add aes
2024-10-22 01:02:04,110 [INFO] IPUIPlugin:80 - create IPUIPlugin
2024-10-22 01:02:04,110 [INFO] PluginManager:220 - loadIPPluginJar : add opamp
2024-10-22 01:02:04,113 [INFO] IPUIPlugin:80 - create IPUIPlugin
2024-10-22 01:02:04,151 [INFO] PluginManager:220 - loadIPPluginJar : add radio
2024-10-22 01:02:04,168 [INFO] IPUIPlugin:80 - create IPUIPlugin
2024-10-22 01:02:04,168 [INFO] PluginManager:220 - loadIPPluginJar : add dfsdm
2024-10-22 01:02:04,177 [INFO] IPUIPlugin:80 - create IPUIPlugin
2024-10-22 01:02:04,177 [INFO] PluginManager:220 - loadIPPluginJar : add adc
2024-10-22 01:02:04,188 [INFO] IPUIPlugin:80 - create IPUIPlugin
2024-10-22 01:02:04,193 [INFO] PluginManager:220 - loadIPPluginJar : add plateformsettings
2024-10-22 01:02:04,196 [INFO] IPUIPlugin:80 - create IPUIPlugin
2024-10-22 01:02:04,197 [INFO] PluginManager:220 - loadIPPluginJar : add ucpd
2024-10-22 01:02:04,201 [INFO] IPUIPlugin:80 - create IPUIPlugin
2024-10-22 01:02:04,202 [INFO] PluginManager:220 - loadIPPluginJar : add usart
2024-10-22 01:02:04,204 [INFO] IPUIPlugin:80 - create IPUIPlugin
2024-10-22 01:02:04,204 [INFO] PluginManager:220 - loadIPPluginJar : add quadspi
2024-10-22 01:02:04,209 [INFO] IPUIPlugin:80 - create IPUIPlugin
2024-10-22 01:02:04,210 [INFO] PluginManager:220 - loadIPPluginJar : add sai
2024-10-22 01:02:04,213 [INFO] IPUIPlugin:80 - create IPUIPlugin
2024-10-22 01:02:04,214 [INFO] PluginManager:220 - loadIPPluginJar : add cryp
2024-10-22 01:02:04,235 [INFO] IPUIPlugin:80 - create IPUIPlugin
2024-10-22 01:02:04,235 [INFO] PluginManager:220 - loadIPPluginJar : add freertos
2024-10-22 01:02:04,240 [INFO] IPUIPlugin:80 - create IPUIPlugin
2024-10-22 01:02:04,240 [INFO] PluginManager:220 - loadIPPluginJar : add lorawan
2024-10-22 01:02:04,242 [INFO] IPUIPlugin:80 - create IPUIPlugin
2024-10-22 01:02:04,243 [INFO] PluginManager:220 - loadIPPluginJar : add ltdc
2024-10-22 01:02:04,260 [INFO] IPUIPlugin:80 - create IPUIPlugin
2024-10-22 01:02:04,261 [INFO] PluginManager:220 - loadIPPluginJar : add gpio
2024-10-22 01:02:04,266 [INFO] IPUIPlugin:80 - create IPUIPlugin
2024-10-22 01:02:04,266 [INFO] PluginManager:220 - loadIPPluginJar : add openamp
2024-10-22 01:02:04,270 [INFO] IPUIPlugin:80 - create IPUIPlugin
2024-10-22 01:02:04,270 [INFO] PluginManager:220 - loadIPPluginJar : add i2s
2024-10-22 01:02:04,280 [INFO] IPUIPlugin:80 - create IPUIPlugin
2024-10-22 01:02:04,280 [INFO] PluginManager:220 - loadIPPluginJar : add gic
2024-10-22 01:02:04,284 [INFO] IPUIPlugin:80 - create IPUIPlugin
2024-10-22 01:02:04,284 [INFO] PluginManager:220 - loadIPPluginJar : add hash
2024-10-22 01:02:04,287 [INFO] IPUIPlugin:80 - create IPUIPlugin
2024-10-22 01:02:04,288 [INFO] PluginManager:220 - loadIPPluginJar : add dma3
2024-10-22 01:02:04,449 [INFO] CADModel:165 - CPN selected for project level
2024-10-22 01:02:04,450 [INFO] CADModel:114 - Register for checkConnection events
2024-10-22 01:02:04,450 [FATAL] Updater:334 - Updater called before beeing initialized
2024-10-22 01:02:04,450 [ERROR] CADModel:125 - Updater not yet initialized, retry later 
2024-10-22 01:02:04,819 [INFO] CADModel:165 - CPN selected for project level
2024-10-22 01:02:04,819 [INFO] CADModel:114 - Register for checkConnection events
2024-10-22 01:02:04,819 [FATAL] Updater:334 - Updater called before beeing initialized
2024-10-22 01:02:04,819 [ERROR] CADModel:125 - Updater not yet initialized, retry later 
2024-10-22 01:02:04,844 [FATAL] Updater:334 - Updater called before beeing initialized
2024-10-22 01:02:04,969 [FATAL] Updater:334 - Updater called before beeing initialized
2024-10-22 01:02:04,993 [INFO] DbMcusAds:53 - JSON generation date=Thu Sep 30 08:55:09 CEST 2021 (1632984909247)
2024-10-22 01:02:04,993 [FATAL] Updater:334 - Updater called before beeing initialized
2024-10-22 01:02:05,131 [WARN] DetailPanel:346 - Failed to get advertising image, set to default
2024-10-22 01:02:05,242 [FATAL] Updater:334 - Updater called before beeing initialized
2024-10-22 01:02:05,243 [FATAL] Updater:334 - Updater called before beeing initialized
2024-10-22 01:02:05,243 [FATAL] Updater:334 - Updater called before beeing initialized
2024-10-22 01:02:05,243 [WARN] DetailPanel:346 - Failed to get advertising image, set to default
2024-10-22 01:02:05,244 [FATAL] Updater:334 - Updater called before beeing initialized
2024-10-22 01:02:05,314 [ERROR] Updater:1164 - MainUpdater not yet initialized. External WinMGr cannot be set.
2024-10-22 01:02:05,331 [INFO] Updater:1100 - Updater Version found : 6.12.1
2024-10-22 01:02:05,368 [INFO] ApplicationProperties:184 - Using Application install path: /opt/st/stm32cubeide_1.16.0/../../../home/lubuntu/.eclipse/com.st.stm32cube.ide.mcu.rcp.product_1.16.0_139065174_linux_gtk_x86_64/plugins/com.st.stm32cube.common.mx_6.12.1.202409122256
2024-10-22 01:02:05,800 [INFO] ThirdPartyUpdaterWithRetryManager:70 - Updater plugin not ready yet. [2/15]
2024-10-22 01:02:05,845 [INFO] MainUpdater:2873 - connection check result : 10
2024-10-22 01:02:05,846 [INFO] MainUpdater:290 - Updater Check For Update Now.
2024-10-22 01:02:05,847 [INFO] MicroXplorer:498 - Change Database Version : DB.6.0.121
2024-10-22 01:02:05,867 [INFO] McuFinderGlobals:63 - Set McuFinder mode to 2 (CubeIDE integrated)
2024-10-22 01:02:05,867 [INFO] UserAuth:179 - activating auth plugin
2024-10-22 01:02:05,893 [INFO] UserAuth:417 - Internet connection configuration mode: 1
2024-10-22 01:02:06,017 [INFO] JxBrowserEngine:152 - Initiate JxBrowser Engine with user profile folder
2024-10-22 01:02:06,119 [INFO] CheckServerUpdateThread:120 - End of CheckServer Thread
2024-10-22 01:02:09,606 [WARN] PackLoader:240 - Cannot read IP mode file for STMicroelectronics.FP-SNS-MOTENVWB1.1.4.0
2024-10-22 01:02:09,687 [WARN] PackLoader:240 - Cannot read IP mode file for STMicroelectronics.X-CUBE-SMBUS.2.1.0
2024-10-22 01:02:09,731 [WARN] PackLoader:240 - Cannot read IP mode file for STMicroelectronics.X-CUBE-WB05N.1.1.0
2024-10-22 01:02:09,827 [WARN] PackLoader:240 - Cannot read IP mode file for STMicroelectronics.X-CUBE-AZRTOS-F7.1.1.0
2024-10-22 01:02:09,982 [WARN] PackLoader:240 - Cannot read IP mode file for STMicroelectronics.X-CUBE-MEMS1.11.0.0
2024-10-22 01:02:10,147 [WARN] PackLoader:240 - Cannot read IP mode file for STMicroelectronics.FP-SNS-FLIGHT1.5.0.2
2024-10-22 01:02:10,199 [WARN] PackLoader:240 - Cannot read IP mode file for STMicroelectronics.X-CUBE-DISPLAY.3.0.0
2024-10-22 01:02:10,212 [WARN] PackLoader:240 - Cannot read IP mode file for STMicroelectronics.X-CUBE-BLE1.7.0.0
2024-10-22 01:02:10,236 [WARN] PackLoader:240 - Cannot read IP mode file for STMicroelectronics.X-CUBE-NFC10.1.0.0
2024-10-22 01:02:10,286 [WARN] PackLoader:240 - Cannot read IP mode file for emotas.I-CUBE-CANOPEN.1.3.0
2024-10-22 01:02:10,315 [WARN] PackLoader:240 - Cannot read IP mode file for STMicroelectronics.X-CUBE-BLEMGR.3.1.0
2024-10-22 01:02:10,349 [WARN] PackLoader:240 - Cannot read IP mode file for STMicroelectronics.FP-SNS-SMARTAG2.1.2.0
2024-10-22 01:02:10,435 [INFO] LogOutputStream:77 - [STDOUT_REDIRECT] 1 : Invalid condition id : UX_CORESTACK_Condition cause : null
2024-10-22 01:02:10,436 [INFO] LogOutputStream:77 - [STDOUT_REDIRECT] 1 : Invalid condition id : UX_CORESTACK_Condition cause : null
2024-10-22 01:02:10,436 [INFO] LogOutputStream:77 - [STDOUT_REDIRECT] 1 : Invalid condition id : UX_CORESTACK_Condition cause : null
2024-10-22 01:02:10,436 [INFO] LogOutputStream:77 - [STDOUT_REDIRECT] 1 : Invalid condition id : UX_CORESTACK_Condition cause : null
2024-10-22 01:02:10,437 [INFO] LogOutputStream:77 - [STDOUT_REDIRECT] 1 : Invalid condition id : UX_CORESTACK_Condition cause : null
2024-10-22 01:02:10,462 [WARN] PackLoader:240 - Cannot read IP mode file for STMicroelectronics.X-CUBE-AZRTOS-WL.2.0.0
2024-10-22 01:02:10,470 [WARN] PackLoader:240 - Cannot read IP mode file for STMicroelectronics.FP-SNS-MOTENV1.5.0.0
2024-10-22 01:02:10,505 [WARN] PackLoader:240 - Cannot read IP mode file for wolfSSL.I-CUBE-wolfMQTT.1.19.0
2024-10-22 01:02:10,544 [WARN] PackLoader:240 - Cannot read IP mode file for WES.I-CUBE-Cesium.1.3.0
2024-10-22 01:02:10,560 [WARN] PackLoader:240 - Cannot read IP mode file for STMicroelectronics.X-CUBE-BLE2.3.3.0
2024-10-22 01:02:10,576 [WARN] PackLoader:240 - Cannot read IP mode file for STMicroelectronics.X-CUBE-NFC9.1.0.0
2024-10-22 01:02:10,622 [WARN] PackLoader:240 - Cannot read IP mode file for STMicroelectronics.X-CUBE-TCPP.4.1.0
2024-10-22 01:02:10,721 [WARN] PackLoader:240 - Cannot read IP mode file for STMicroelectronics.X-CUBE-AZRTOS-G0.1.1.0
2024-10-22 01:02:10,728 [WARN] PackLoader:240 - Cannot read IP mode file for STMicroelectronics.X-CUBE-SAFEA1.1.2.2
2024-10-22 01:02:10,765 [WARN] PackLoader:240 - Cannot read IP mode file for STMicroelectronics.X-CUBE-NFC4.3.0.0
2024-10-22 01:02:10,803 [WARN] PackLoader:240 - Cannot read IP mode file for EmbeddedOffice.I-CUBE-FS-RTOS.1.0.1
2024-10-22 01:02:10,803 [ERROR] ConditionMgr:805 - Attr not supported : Dmpu
2024-10-22 01:02:10,803 [ERROR] ConditionMgr:805 - Attr not supported : Dmpu
2024-10-22 01:02:10,803 [ERROR] ConditionMgr:805 - Attr not supported : Dmpu
2024-10-22 01:02:10,803 [ERROR] ConditionMgr:805 - Attr not supported : Dmpu
2024-10-22 01:02:10,804 [ERROR] ConditionMgr:805 - Attr not supported : Dmpu
2024-10-22 01:02:10,804 [ERROR] ConditionMgr:805 - Attr not supported : Dmpu
2024-10-22 01:02:10,804 [ERROR] ConditionMgr:805 - Attr not supported : Dmpu
2024-10-22 01:02:10,804 [ERROR] ConditionMgr:805 - Attr not supported : Dmpu
2024-10-22 01:02:10,804 [ERROR] ConditionMgr:805 - Attr not supported : Dmpu
2024-10-22 01:02:10,804 [ERROR] ConditionMgr:805 - Attr not supported : Dmpu
2024-10-22 01:02:10,804 [ERROR] ConditionMgr:805 - Attr not supported : Dmpu
2024-10-22 01:02:10,804 [ERROR] ConditionMgr:805 - Attr not supported : Dmpu
2024-10-22 01:02:10,804 [ERROR] ConditionMgr:805 - Attr not supported : Dmpu
2024-10-22 01:02:10,804 [ERROR] ConditionMgr:805 - Attr not supported : Dmpu
2024-10-22 01:02:10,804 [ERROR] ConditionMgr:805 - Attr not supported : Dmpu
2024-10-22 01:02:10,804 [ERROR] ConditionMgr:805 - Attr not supported : Dmpu
2024-10-22 01:02:10,805 [ERROR] ConditionMgr:805 - Attr not supported : Dmpu
2024-10-22 01:02:10,805 [ERROR] ConditionMgr:805 - Attr not supported : Dmpu
2024-10-22 01:02:10,805 [ERROR] ConditionMgr:805 - Attr not supported : Dmpu
2024-10-22 01:02:10,805 [ERROR] ConditionMgr:805 - Attr not supported : Dmpu
2024-10-22 01:02:10,805 [ERROR] ConditionMgr:805 - Attr not supported : Dmpu
2024-10-22 01:02:10,805 [ERROR] ConditionMgr:805 - Attr not supported : Dmpu
2024-10-22 01:02:10,805 [ERROR] ConditionMgr:805 - Attr not supported : Dmpu
2024-10-22 01:02:10,805 [ERROR] ConditionMgr:805 - Attr not supported : Dmpu
2024-10-22 01:02:10,805 [ERROR] ConditionMgr:805 - Attr not supported : Dmpu
2024-10-22 01:02:10,806 [ERROR] ConditionMgr:805 - Attr not supported : Dmpu
2024-10-22 01:02:10,806 [ERROR] ConditionMgr:805 - Attr not supported : Dmpu
2024-10-22 01:02:10,806 [ERROR] ConditionMgr:805 - Attr not supported : Dmpu
2024-10-22 01:02:10,806 [ERROR] ConditionMgr:805 - Attr not supported : Dmpu
2024-10-22 01:02:10,806 [ERROR] ConditionMgr:805 - Attr not supported : Dmpu
2024-10-22 01:02:10,806 [ERROR] ConditionMgr:805 - Attr not supported : Dmpu
2024-10-22 01:02:10,806 [ERROR] ConditionMgr:805 - Attr not supported : Dmpu
2024-10-22 01:02:10,806 [ERROR] ConditionMgr:805 - Attr not supported : Dmpu
2024-10-22 01:02:10,806 [ERROR] ConditionMgr:805 - Attr not supported : Dmpu
2024-10-22 01:02:10,807 [ERROR] ConditionMgr:805 - Attr not supported : Dmpu
2024-10-22 01:02:10,807 [ERROR] ConditionMgr:805 - Attr not supported : Dmpu
2024-10-22 01:02:10,807 [ERROR] ConditionMgr:805 - Attr not supported : Dmpu
2024-10-22 01:02:10,807 [ERROR] ConditionMgr:805 - Attr not supported : Dmpu
2024-10-22 01:02:10,807 [ERROR] ConditionMgr:805 - Attr not supported : Dmpu
2024-10-22 01:02:10,807 [ERROR] ConditionMgr:805 - Attr not supported : Dmpu
2024-10-22 01:02:10,807 [ERROR] ConditionMgr:805 - Attr not supported : Dmpu
2024-10-22 01:02:10,807 [ERROR] ConditionMgr:805 - Attr not supported : Dmpu
2024-10-22 01:02:10,808 [ERROR] ConditionMgr:805 - Attr not supported : Dmpu
2024-10-22 01:02:10,808 [ERROR] ConditionMgr:805 - Attr not supported : Dmpu
2024-10-22 01:02:10,808 [ERROR] ConditionMgr:805 - Attr not supported : Dmpu
2024-10-22 01:02:10,808 [ERROR] ConditionMgr:805 - Attr not supported : Dmpu
2024-10-22 01:02:10,808 [ERROR] ConditionMgr:805 - Attr not supported : Dmpu
2024-10-22 01:02:10,808 [ERROR] ConditionMgr:805 - Attr not supported : Dmpu
2024-10-22 01:02:10,808 [ERROR] ConditionMgr:805 - Attr not supported : Dmpu
2024-10-22 01:02:10,808 [ERROR] ConditionMgr:805 - Attr not supported : Dmpu
2024-10-22 01:02:10,809 [ERROR] ConditionMgr:805 - Attr not supported : Dmpu
2024-10-22 01:02:10,809 [ERROR] ConditionMgr:805 - Attr not supported : Dmpu
2024-10-22 01:02:10,809 [ERROR] ConditionMgr:805 - Attr not supported : Dmpu
2024-10-22 01:02:10,809 [ERROR] ConditionMgr:805 - Attr not supported : Dmpu
2024-10-22 01:02:10,809 [ERROR] ConditionMgr:805 - Attr not supported : Dmpu
2024-10-22 01:02:10,809 [ERROR] ConditionMgr:805 - Attr not supported : Dmpu
2024-10-22 01:02:10,809 [ERROR] ConditionMgr:805 - Attr not supported : Dmpu
2024-10-22 01:02:10,809 [ERROR] ConditionMgr:805 - Attr not supported : Dmpu
2024-10-22 01:02:10,809 [ERROR] ConditionMgr:805 - Attr not supported : Dmpu
2024-10-22 01:02:10,810 [ERROR] ConditionMgr:805 - Attr not supported : Dmpu
2024-10-22 01:02:10,810 [ERROR] ConditionMgr:805 - Attr not supported : Dmpu
2024-10-22 01:02:10,810 [ERROR] ConditionMgr:805 - Attr not supported : Dmpu
2024-10-22 01:02:10,810 [ERROR] ConditionMgr:805 - Attr not supported : Dmpu
2024-10-22 01:02:10,810 [ERROR] ConditionMgr:805 - Attr not supported : Dmpu
2024-10-22 01:02:10,831 [WARN] PackLoader:240 - Cannot read IP mode file for RealThread.X-CUBE-RT-Thread_Nano.4.1.1
2024-10-22 01:02:10,871 [WARN] PackLoader:240 - Cannot read IP mode file for STMicroelectronics.FP-ATR-SIGFOX1.3.2.0
2024-10-22 01:02:10,911 [WARN] PackLoader:240 - Cannot read IP mode file for wolfSSL.I-CUBE-wolfSSL.5.7.2
2024-10-22 01:02:10,966 [WARN] PackLoader:240 - Cannot read IP mode file for STMicroelectronics.X-CUBE-EEPRMA1.5.1.0
2024-10-22 01:02:10,995 [WARN] PackLoader:240 - Cannot read IP mode file for ITTIA_DB.I-CUBE-ITTIADB.8.9.0
2024-10-22 01:02:11,058 [WARN] PackLoader:240 - Cannot read IP mode file for SEGGER.I-CUBE-embOS.1.3.1
2024-10-22 01:02:11,127 [WARN] PackLoader:240 - Cannot read IP mode file for STMicroelectronics.X-CUBE-ALGOBUILD.1.4.0
2024-10-22 01:02:11,149 [WARN] PackLoader:240 - Cannot read IP mode file for STMicroelectronics.X-CUBE-AI.9.1.0
2024-10-22 01:02:11,254 [WARN] PackLoader:240 - Cannot read IP mode file for STMicroelectronics.X-CUBE-AZRTOS-F4.1.1.0
2024-10-22 01:02:11,267 [WARN] PackLoader:240 - Cannot read IP mode file for STMicroelectronics.X-CUBE-ISPU.2.1.0
2024-10-22 01:02:11,309 [WARN] PackLoader:240 - Cannot read IP mode file for STMicroelectronics.X-CUBE-FREERTOS.1.2.0
2024-10-22 01:02:11,666 [WARN] PackLoader:240 - Cannot read IP mode file for STMicroelectronics.X-CUBE-AZRTOS-L5.2.0.0
2024-10-22 01:02:11,776 [WARN] PackLoader:240 - Cannot read IP mode file for STMicroelectronics.X-CUBE-NFC6.3.1.0
2024-10-22 01:02:11,971 [WARN] PackLoader:240 - Cannot read IP mode file for STMicroelectronics.X-CUBE-DPower.1.2.0
2024-10-22 01:02:12,032 [WARN] PackLoader:240 - Cannot read IP mode file for STMicroelectronics.X-CUBE-AI.9.0.0
2024-10-22 01:02:12,045 [WARN] PackLoader:240 - Cannot read IP mode file for STMicroelectronics.X-CUBE-NFC7.1.0.1
2024-10-22 01:02:12,164 [WARN] ConditionMgr:438 - getConditionDescription Invalid condition id : LAN8742 Phy interface Condition cause : null
2024-10-22 01:02:12,165 [WARN] PackLoader:240 - Cannot read IP mode file for STMicroelectronics.X-CUBE-AZRTOS-L4.2.0.0
2024-10-22 01:02:12,166 [WARN] ConditionMgr:1039 - genDependencies : Invalid condition id : LAN8742 Phy interface Condition cause : null
2024-10-22 01:02:12,167 [WARN] ConditionMgr:1039 - genDependencies : Invalid condition id : LAN8742 Phy interface Condition cause : null
2024-10-22 01:02:12,167 [WARN] ConditionMgr:1039 - genDependencies : Invalid condition id : LAN8742 Phy interface Condition cause : null
2024-10-22 01:02:12,172 [WARN] PackLoader:240 - Cannot read IP mode file for STMicroelectronics.X-CUBE-SFXS2LP1.4.0.0
2024-10-22 01:02:12,282 [WARN] PackLoader:240 - Cannot read IP mode file for STMicroelectronics.X-CUBE-AZRTOS-H7.3.3.0
2024-10-22 01:02:12,317 [WARN] PackLoader:240 - Cannot read IP mode file for STMicroelectronics.X-CUBE-IPS.3.0.0
2024-10-22 01:02:12,396 [WARN] ConditionMgr:438 - getConditionDescription Invalid condition id : UX DEVICE CLASS RTOS Condition cause : null
2024-10-22 01:02:12,396 [WARN] ConditionMgr:438 - getConditionDescription Invalid condition id : UX DEVICE CLASS RTOS Condition cause : null
2024-10-22 01:02:12,398 [WARN] PackLoader:240 - Cannot read IP mode file for STMicroelectronics.X-CUBE-AZRTOS-WB.2.0.0
2024-10-22 01:02:12,398 [WARN] ConditionMgr:1039 - genDependencies : Invalid condition id : UX DEVICE CLASS RTOS Condition cause : null
2024-10-22 01:02:12,398 [WARN] ConditionMgr:1039 - genDependencies : Invalid condition id : UX DEVICE CLASS RTOS Condition cause : null
2024-10-22 01:02:12,399 [WARN] ConditionMgr:1039 - genDependencies : Invalid condition id : UX DEVICE CLASS RTOS Condition cause : null
2024-10-22 01:02:12,399 [WARN] ConditionMgr:1039 - genDependencies : Invalid condition id : UX DEVICE CLASS RTOS Condition cause : null
2024-10-22 01:02:12,399 [WARN] ConditionMgr:1039 - genDependencies : Invalid condition id : UX DEVICE CLASS RTOS Condition cause : null
2024-10-22 01:02:12,415 [WARN] PackLoader:240 - Cannot read IP mode file for STMicroelectronics.X-CUBE-GNSS1.7.0.0
2024-10-22 01:02:12,448 [WARN] PackLoader:240 - Cannot read IP mode file for STMicroelectronics.FP-SNS-STBOX1.2.0.0
2024-10-22 01:02:12,513 [WARN] PackLoader:240 - Cannot read IP mode file for STMicroelectronics.X-CUBE-SUBG2.5.0.0
2024-10-22 01:02:12,538 [WARN] PackLoader:240 - Cannot read IP mode file for Cesanta.I-CUBE-Mongoose.7.13.0
2024-10-22 01:02:12,668 [WARN] PackLoader:240 - Cannot read IP mode file for STMicroelectronics.X-CUBE-AZRTOS-G4.2.0.0
2024-10-22 01:02:12,690 [WARN] PackLoader:240 - Cannot read IP mode file for STMicroelectronics.X-CUBE-ISPU.2.0.0
2024-10-22 01:02:12,797 [WARN] PackLoader:240 - Cannot read IP mode file for STMicroelectronics.X-CUBE-ALS.1.0.2
2024-10-22 01:02:12,825 [WARN] PackLoader:240 - Cannot read IP mode file for STMicroelectronics.X-CUBE-TOUCHGFX.4.24.0
2024-10-22 01:02:12,846 [WARN] PackLoader:240 - Cannot read IP mode file for STMicroelectronics.X-CUBE-TOUCHGFX.4.24.1
2024-10-22 01:02:12,872 [WARN] PackLoader:240 - Cannot read IP mode file for wolfSSL.I-CUBE-wolfTPM.3.4.0
2024-10-22 01:02:12,912 [WARN] PackLoader:240 - Cannot read IP mode file for portGmbH.I-Cube-SoM-uGOAL.1.1.0
2024-10-22 01:02:12,986 [WARN] PackLoader:240 - Cannot read IP mode file for STMicroelectronics.X-CUBE-AZRTOS-H7RS.1.0.0
2024-10-22 01:02:13,013 [WARN] PackLoader:240 - Cannot read IP mode file for STMicroelectronics.FP-ATR-ASTRA1.2.0.0
2024-10-22 01:02:13,086 [WARN] PackLoader:240 - Cannot read IP mode file for STMicroelectronics.X-CUBE-TOF1.3.4.2
2024-10-22 01:02:13,152 [WARN] PackLoader:240 - Cannot read IP mode file for Infineon.AIROC-Wi-Fi-Bluetooth-STM32.1.6.1
2024-10-22 01:02:13,156 [WARN] PackLoader:240 - Cannot read IP mode file for wolfSSL.I-CUBE-wolfSSH.1.4.17
2024-10-22 01:02:13,157 [INFO] ThirdParty:978 - Integrity check success = true
2024-10-22 01:02:13,157 [INFO] IntegrityCheckThread:100 - exiting critical section [integrity check]
2024-10-22 01:02:13,157 [INFO] IntegrityCheckThread:103 - End integrity checks thread
2024-10-22 01:02:32,263 [INFO] WebApp:167 - Instantiating new browser for Auth
2024-10-22 01:02:48,485 [INFO] WebApp:448 - Apply proxy settings
2024-10-22 01:02:48,486 [INFO] WebApp:533 - Chromium requires no authentication
2024-10-22 01:02:49,409 [INFO] WebApp:476 - Direct internet connection detected
2024-10-22 01:02:50,577 [INFO] WebApp:869 - Register for checkConnection events
2024-10-22 01:02:50,578 [INFO] WebApp:448 - Apply proxy settings
2024-10-22 01:02:50,578 [INFO] WebApp:533 - Chromium requires no authentication
2024-10-22 01:02:50,580 [INFO] WebApp:476 - Direct internet connection detected
2024-10-22 01:02:53,126 [INFO] WebApp:186 - Connection restablished
2024-10-22 01:02:57,180 [INFO] WebApp:220 - Starting web application
2024-10-22 01:02:57,180 [INFO] WebApp:578 - Web application path used /opt/st/stm32cubeide_1.16.0/../../../home/lubuntu/.eclipse/com.st.stm32cube.ide.mcu.rcp.product_1.16.0_139065174_linux_gtk_x86_64/plugins/com.st.stm32cube.common.mx_6.12.1.202409122256/db/plugins/mcufinder/reactClient1/index.html
2024-10-22 11:46:54,391 [INFO] WebApp:189 - Connection lost
2024-10-22 11:46:54,786 [INFO] WebApp:186 - Connection restablished
2024-10-22 12:03:48,097 [INFO] WebApp:189 - Connection lost
2024-10-22 12:04:15,508 [INFO] WebApp:186 - Connection restablished
2024-10-22 12:08:54,293 [ERROR] LogOutputStream:75 - [STDERR_REDIRECT] 
2024-10-22 20:46:36,166 [INFO] Activator:176 - 


2024-10-22 20:46:36,177 [INFO] Activator:177 - !SESSION log4j initialized
2024-10-22 20:46:47,382 [INFO] LogOutputStream:77 - [STDOUT_REDIRECT] 
2024-10-22 20:48:03,101 [INFO] ApplicationProperties:184 - Using Application install path: /opt/st/stm32cubeide_1.16.0/../../../home/lubuntu/.eclipse/com.st.stm32cube.ide.mcu.rcp.product_1.16.0_139065174_linux_gtk_x86_64/plugins/com.st.stm32cube.common.mx_6.12.1.202409122256
2024-10-22 20:48:03,353 [INFO] DbMcusXml:78 - Set database path to: /opt/st/stm32cubeide_1.16.0/../../../home/lubuntu/.eclipse/com.st.stm32cube.ide.mcu.rcp.product_1.16.0_139065174_linux_gtk_x86_64/plugins/com.st.stm32cube.common.mx_6.12.1.202409122256//db//mcu/
2024-10-22 20:48:03,353 [INFO] ApiDb:274 - Set plugin database path to: /opt/st/stm32cubeide_1.16.0/../../../home/lubuntu/.eclipse/com.st.stm32cube.ide.mcu.rcp.product_1.16.0_139065174_linux_gtk_x86_64/plugins/com.st.stm32cube.common.mx_6.12.1.202409122256//db//plugins/boardmanager/
2024-10-22 20:48:03,354 [WARN] ApiDb:259 - Overriding images path with different value:  => /opt/st/stm32cubeide_1.16.0/../../../home/lubuntu/.eclipse/com.st.stm32cube.ide.mcu.rcp.product_1.16.0_139065174_linux_gtk_x86_64/plugins/com.st.stm32cube.common.mx_6.12.1.202409122256//db//plugins/mcufinder/images/
2024-10-22 20:48:03,563 [INFO] ApiDb:250 - Set database path to: /home/lubuntu/.stmcufinder/plugins/mcufinder//mcu/
2024-10-22 20:48:03,564 [INFO] DbMcusAds:125 - Set database path to: /home/lubuntu/.stmcufinder/plugins/mcufinder//mcu/
2024-10-22 20:48:18,727 [INFO] CrossReferenceDbSqlite:203 - Set database path to: /home/lubuntu/.stmcufinder/plugins/mcufinder//mcu/cs/
2024-10-22 20:48:19,147 [INFO] RulesReader:64 - Compatibility file has been processed (297 Rules)
2024-10-22 20:48:19,653 [INFO] DbMcusXml:78 - Set database path to: /opt/st/stm32cubeide_1.16.0/../../../home/lubuntu/.eclipse/com.st.stm32cube.ide.mcu.rcp.product_1.16.0_139065174_linux_gtk_x86_64/plugins/com.st.stm32cube.common.mx_6.12.1.202409122256//db//mcu/
2024-10-22 20:48:19,653 [INFO] ApiDb:274 - Set plugin database path to: /opt/st/stm32cubeide_1.16.0/../../../home/lubuntu/.eclipse/com.st.stm32cube.ide.mcu.rcp.product_1.16.0_139065174_linux_gtk_x86_64/plugins/com.st.stm32cube.common.mx_6.12.1.202409122256//db//plugins/boardmanager/
2024-10-22 20:48:19,653 [INFO] ApiDb:261 - Set plugin images path to: /opt/st/stm32cubeide_1.16.0/../../../home/lubuntu/.eclipse/com.st.stm32cube.ide.mcu.rcp.product_1.16.0_139065174_linux_gtk_x86_64/plugins/com.st.stm32cube.common.mx_6.12.1.202409122256//db//plugins/mcufinder/images/
2024-10-22 20:48:19,654 [WARN] DbFile:41 - Overriding database path with different value: /home/lubuntu/.stmcufinder/plugins/mcufinder/ => /home/lubuntu/.stmcufinder/plugins/mcufinder
2024-10-22 20:48:19,654 [INFO] ApiDb:250 - Set database path to: /home/lubuntu/.stmcufinder/plugins/mcufinder//mcu/
2024-10-22 20:48:19,654 [WARN] DbFile:41 - Overriding database path with different value: /home/lubuntu/.stmcufinder/plugins/mcufinder/ => /home/lubuntu/.stmcufinder/plugins/mcufinder
2024-10-22 20:48:19,654 [INFO] DbMcusAds:125 - Set database path to: /home/lubuntu/.stmcufinder/plugins/mcufinder//mcu/
2024-10-22 20:48:19,654 [WARN] DbFile:41 - Overriding database path with different value: /home/lubuntu/.stmcufinder/plugins/mcufinder/ => /home/lubuntu/.stmcufinder/plugins/mcufinder
2024-10-22 20:48:19,654 [WARN] DbFile:41 - Overriding database path with different value: /home/lubuntu/.stmcufinder/plugins/mcufinder/ => /home/lubuntu/.stmcufinder/plugins/mcufinder
2024-10-22 20:48:19,654 [INFO] CrossReferenceDbSqlite:203 - Set database path to: /home/lubuntu/.stmcufinder/plugins/mcufinder//mcu/cs/
2024-10-22 20:48:20,690 [INFO] MainPanel:268 - HeapMemory: 788529152
2024-10-22 20:48:24,032 [INFO] DbMcusXml:78 - Set database path to: /opt/st/stm32cubeide_1.16.0/../../../home/lubuntu/.eclipse/com.st.stm32cube.ide.mcu.rcp.product_1.16.0_139065174_linux_gtk_x86_64/plugins/com.st.stm32cube.common.mx_6.12.1.202409122256//db//mcu/
2024-10-22 20:48:24,032 [INFO] ApiDb:274 - Set plugin database path to: /opt/st/stm32cubeide_1.16.0/../../../home/lubuntu/.eclipse/com.st.stm32cube.ide.mcu.rcp.product_1.16.0_139065174_linux_gtk_x86_64/plugins/com.st.stm32cube.common.mx_6.12.1.202409122256//db//plugins/boardmanager/
2024-10-22 20:48:24,032 [INFO] ApiDb:261 - Set plugin images path to: /opt/st/stm32cubeide_1.16.0/../../../home/lubuntu/.eclipse/com.st.stm32cube.ide.mcu.rcp.product_1.16.0_139065174_linux_gtk_x86_64/plugins/com.st.stm32cube.common.mx_6.12.1.202409122256//db//plugins/mcufinder/images/
2024-10-22 20:48:24,033 [WARN] DbFile:41 - Overriding database path with different value: /home/lubuntu/.stmcufinder/plugins/mcufinder/ => /home/lubuntu/.stmcufinder/plugins/mcufinder
2024-10-22 20:48:24,033 [INFO] ApiDb:250 - Set database path to: /home/lubuntu/.stmcufinder/plugins/mcufinder//mcu/
2024-10-22 20:48:24,033 [WARN] DbFile:41 - Overriding database path with different value: /home/lubuntu/.stmcufinder/plugins/mcufinder/ => /home/lubuntu/.stmcufinder/plugins/mcufinder
2024-10-22 20:48:24,033 [INFO] DbMcusAds:125 - Set database path to: /home/lubuntu/.stmcufinder/plugins/mcufinder//mcu/
2024-10-22 20:48:24,033 [WARN] DbFile:41 - Overriding database path with different value: /home/lubuntu/.stmcufinder/plugins/mcufinder/ => /home/lubuntu/.stmcufinder/plugins/mcufinder
2024-10-22 20:48:24,033 [WARN] DbFile:41 - Overriding database path with different value: /home/lubuntu/.stmcufinder/plugins/mcufinder/ => /home/lubuntu/.stmcufinder/plugins/mcufinder
2024-10-22 20:48:24,033 [INFO] CrossReferenceDbSqlite:203 - Set database path to: /home/lubuntu/.stmcufinder/plugins/mcufinder//mcu/cs/
2024-10-22 20:48:24,310 [INFO] ApplicationProperties:184 - Using Application install path: /opt/st/stm32cubeide_1.16.0/../../../home/lubuntu/.eclipse/com.st.stm32cube.ide.mcu.rcp.product_1.16.0_139065174_linux_gtk_x86_64/plugins/com.st.stm32cube.common.mx_6.12.1.202409122256
2024-10-22 20:48:24,317 [INFO] PluginManage:196 - Search for loadable plugins [exclusion list=, ]
2024-10-22 20:48:24,357 [INFO] PluginManage:310 - Check plugin analytics
2024-10-22 20:48:24,800 [INFO] AnalyticsPlugin:253 - Accepted Software Licenses: 
2024-10-22 20:48:24,800 [INFO] AnalyticsPlugin:255 - Accepted CMSIS Pack Licenses: 
2024-10-22 20:48:24,801 [INFO] AnalyticsPlugin:257 - Accepted Firmware Licenses: 
2024-10-22 20:48:24,806 [INFO] PluginManage:359 - Loaded plugin analytics (category:tool,tabindex:-1)
2024-10-22 20:48:24,806 [INFO] PluginManage:310 - Check plugin cadmodel
2024-10-22 20:48:24,876 [INFO] CADModel:105 - Init CAD model plugin
2024-10-22 20:48:24,877 [INFO] PluginManage:359 - Loaded plugin cadmodel (category:power,tabindex:5)
2024-10-22 20:48:24,877 [INFO] PluginManage:310 - Check plugin clock
2024-10-22 20:48:24,986 [INFO] PluginManage:359 - Loaded plugin clock (category:base,tabindex:2)
2024-10-22 20:48:24,987 [INFO] PluginManage:310 - Check plugin ddr
2024-10-22 20:48:25,020 [INFO] PluginManage:359 - Loaded plugin ddr (category:tool,tabindex:6)
2024-10-22 20:48:25,021 [INFO] PluginManage:310 - Check plugin filemanager
2024-10-22 20:48:25,559 [INFO] PluginManage:359 - Loaded plugin filemanager (category:base,tabindex:10)
2024-10-22 20:48:25,560 [INFO] PluginManage:310 - Check plugin ipmanager
2024-10-22 20:48:25,601 [INFO] PluginManage:359 - Loaded plugin ipmanager (category:base,tabindex:5)
2024-10-22 20:48:25,601 [INFO] PluginManage:310 - Check plugin lpbam
2024-10-22 20:48:25,647 [INFO] PluginManage:359 - Loaded plugin lpbam (category:base,tabindex:0)
2024-10-22 20:48:25,647 [INFO] PluginManage:310 - Check plugin memorymap
2024-10-22 20:48:25,702 [INFO] PluginManage:359 - Loaded plugin memorymap (category:base,tabindex:4)
2024-10-22 20:48:25,702 [INFO] PluginManage:310 - Check plugin pinoutandconfiguration
2024-10-22 20:48:25,769 [INFO] PluginManage:359 - Loaded plugin pinoutandconfiguration (category:base,tabindex:1)
2024-10-22 20:48:25,769 [INFO] PluginManage:310 - Check plugin pinoutconfig
2024-10-22 20:48:26,056 [WARN] SupportedApi:132 - Cannot load RTOS API schema: s4s-elt-must-match.1: The content of 'definitions' must match (annotation?, (simpleType | complexType)?, (unique | key | keyref)*)). A problem was found starting at: attribute.
2024-10-22 20:48:26,432 [INFO] PluginManage:359 - Loaded plugin pinoutconfig (category:base,tabindex:0)
2024-10-22 20:48:26,432 [INFO] PluginManage:310 - Check plugin power
2024-10-22 20:48:26,995 [INFO] PluginManage:359 - Loaded plugin power (category:power,tabindex:4)
2024-10-22 20:48:26,995 [INFO] PluginManage:310 - Check plugin projectmanager
2024-10-22 20:48:27,040 [INFO] PluginManage:359 - Loaded plugin projectmanager (category:projectmanager,tabindex:4)
2024-10-22 20:48:27,041 [INFO] PluginManage:310 - Check plugin rif
2024-10-22 20:48:27,123 [INFO] PluginManage:359 - Loaded plugin rif (category:base,tabindex:3)
2024-10-22 20:48:27,123 [INFO] PluginManage:310 - Check plugin thirdparty
2024-10-22 20:48:27,636 [INFO] PluginManage:359 - Loaded plugin thirdparty (category:base,tabindex:-1)
2024-10-22 20:48:27,636 [WARN] IntegrityCheckThread:84 - waiting for thirdparty lock release [integrity check]
2024-10-22 20:48:27,637 [INFO] IntegrityCheckThread:86 - entering critical section [integrity check]
2024-10-22 20:48:27,637 [INFO] PluginManage:310 - Check plugin tools
2024-10-22 20:48:27,637 [INFO] ThirdPartyUpdaterWithRetryManager:70 - Updater plugin not ready yet. [1/15]
2024-10-22 20:48:27,659 [INFO] PluginManage:359 - Loaded plugin tools (category:base,tabindex:7)
2024-10-22 20:48:27,660 [INFO] PluginManage:310 - Check plugin tutovideos
2024-10-22 20:48:28,164 [INFO] PluginManage:359 - Loaded plugin tutovideos (category:base,tabindex:-1)
2024-10-22 20:48:28,164 [INFO] PluginManage:310 - Check plugin updater
2024-10-22 20:48:28,271 [INFO] PluginManage:359 - Loaded plugin updater (category:base,tabindex:12)
2024-10-22 20:48:28,272 [INFO] PluginManage:310 - Check plugin userauth
2024-10-22 20:48:28,315 [INFO] UserAuth:113 - Init User Auth plugin
2024-10-22 20:48:28,315 [INFO] PluginManage:359 - Loaded plugin userauth (category:base,tabindex:14)
2024-10-22 20:48:28,316 [INFO] PluginManage:283 - PluginManage : Loaded plugins [18]
2024-10-22 20:48:29,709 [INFO] PinOutPanel:1561 - setPackage(No Configuration,No Configuration)
2024-10-22 20:48:30,638 [INFO] ThirdPartyUpdaterWithRetryManager:70 - Updater plugin not ready yet. [2/15]
2024-10-22 20:48:30,719 [INFO] CADModel:165 - CPN selected for project level
2024-10-22 20:48:30,719 [INFO] CADModel:114 - Register for checkConnection events
2024-10-22 20:48:30,861 [INFO] IPUIPlugin:80 - create IPUIPlugin
2024-10-22 20:48:30,861 [INFO] PluginManager:220 - loadIPPluginJar : add spi
2024-10-22 20:48:30,874 [INFO] IPUIPlugin:80 - create IPUIPlugin
2024-10-22 20:48:30,874 [INFO] PluginManager:220 - loadIPPluginJar : add genericplugin
2024-10-22 20:48:30,887 [INFO] IPUIPlugin:80 - create IPUIPlugin
2024-10-22 20:48:30,887 [INFO] PluginManager:220 - loadIPPluginJar : add extmemmanager
2024-10-22 20:48:30,890 [INFO] IPUIPlugin:80 - create IPUIPlugin
2024-10-22 20:48:30,890 [INFO] PluginManager:220 - loadIPPluginJar : add i2c
2024-10-22 20:48:30,895 [INFO] IPUIPlugin:80 - create IPUIPlugin
2024-10-22 20:48:30,896 [INFO] PluginManager:220 - loadIPPluginJar : add fmc
2024-10-22 20:48:30,907 [INFO] IPUIPlugin:80 - create IPUIPlugin
2024-10-22 20:48:30,907 [INFO] PluginManager:220 - loadIPPluginJar : add usbx
2024-10-22 20:48:30,908 [INFO] IPUIPlugin:80 - create IPUIPlugin
2024-10-22 20:48:30,909 [INFO] PluginManager:220 - loadIPPluginJar : add tim
2024-10-22 20:48:30,923 [INFO] IPUIPlugin:80 - create IPUIPlugin
2024-10-22 20:48:30,924 [INFO] PluginManager:220 - loadIPPluginJar : add i3c
2024-10-22 20:48:30,927 [INFO] IPUIPlugin:80 - create IPUIPlugin
2024-10-22 20:48:30,927 [INFO] PluginManager:220 - loadIPPluginJar : add touchsensing
2024-10-22 20:48:30,962 [INFO] IPUIPlugin:80 - create IPUIPlugin
2024-10-22 20:48:30,962 [INFO] PluginManager:220 - loadIPPluginJar : add ipddr
2024-10-22 20:48:30,991 [INFO] IPUIPlugin:80 - create IPUIPlugin
2024-10-22 20:48:30,992 [INFO] PluginManager:220 - loadIPPluginJar : add nvic
2024-10-22 20:48:31,018 [INFO] IPUIPlugin:80 - create IPUIPlugin
2024-10-22 20:48:31,019 [INFO] PluginManager:220 - loadIPPluginJar : add mdma
2024-10-22 20:48:31,025 [INFO] IPUIPlugin:80 - create IPUIPlugin
2024-10-22 20:48:31,025 [INFO] PluginManager:220 - loadIPPluginJar : add ts
2024-10-22 20:48:31,030 [INFO] IPUIPlugin:80 - create IPUIPlugin
2024-10-22 20:48:31,031 [INFO] PluginManager:220 - loadIPPluginJar : add stm32_wpan
2024-10-22 20:48:31,033 [INFO] IPUIPlugin:80 - create IPUIPlugin
2024-10-22 20:48:31,033 [INFO] PluginManager:220 - loadIPPluginJar : add gfxmmu
2024-10-22 20:48:31,072 [INFO] IPUIPlugin:80 - create IPUIPlugin
2024-10-22 20:48:31,072 [INFO] PluginManager:220 - loadIPPluginJar : add fatfs
2024-10-22 20:48:31,083 [INFO] IPUIPlugin:80 - create IPUIPlugin
2024-10-22 20:48:31,083 [INFO] PluginManager:220 - loadIPPluginJar : add pdm2pcm
2024-10-22 20:48:31,129 [INFO] IPUIPlugin:80 - create IPUIPlugin
2024-10-22 20:48:31,129 [INFO] PluginManager:220 - loadIPPluginJar : add resmgrutility
2024-10-22 20:48:31,132 [INFO] IPUIPlugin:80 - create IPUIPlugin
2024-10-22 20:48:31,132 [INFO] PluginManager:220 - loadIPPluginJar : add tracer_emb
2024-10-22 20:48:31,141 [INFO] IPUIPlugin:80 - create IPUIPlugin
2024-10-22 20:48:31,142 [INFO] PluginManager:220 - loadIPPluginJar : add can
2024-10-22 20:48:31,164 [INFO] IPUIPlugin:80 - create IPUIPlugin
2024-10-22 20:48:31,164 [INFO] PluginManager:220 - loadIPPluginJar : add linkedlist
2024-10-22 20:48:31,194 [INFO] IPUIPlugin:80 - create IPUIPlugin
2024-10-22 20:48:31,194 [INFO] PluginManager:220 - loadIPPluginJar : add ddr_ctrl_phy
2024-10-22 20:48:31,197 [INFO] IPUIPlugin:80 - create IPUIPlugin
2024-10-22 20:48:31,197 [INFO] PluginManager:220 - loadIPPluginJar : add tsc
2024-10-22 20:48:31,205 [INFO] IPUIPlugin:80 - create IPUIPlugin
2024-10-22 20:48:31,205 [INFO] PluginManager:220 - loadIPPluginJar : add comp
2024-10-22 20:48:31,216 [INFO] IPUIPlugin:80 - create IPUIPlugin
2024-10-22 20:48:31,216 [INFO] PluginManager:220 - loadIPPluginJar : add gtzc
2024-10-22 20:48:31,251 [INFO] IPUIPlugin:80 - create IPUIPlugin
2024-10-22 20:48:31,251 [INFO] PluginManager:220 - loadIPPluginJar : add dma
2024-10-22 20:48:31,256 [INFO] IPUIPlugin:80 - create IPUIPlugin
2024-10-22 20:48:31,256 [INFO] PluginManager:220 - loadIPPluginJar : add aes
2024-10-22 20:48:31,265 [INFO] IPUIPlugin:80 - create IPUIPlugin
2024-10-22 20:48:31,265 [INFO] PluginManager:220 - loadIPPluginJar : add opamp
2024-10-22 20:48:31,266 [INFO] IPUIPlugin:80 - create IPUIPlugin
2024-10-22 20:48:31,333 [INFO] PluginManager:220 - loadIPPluginJar : add radio
2024-10-22 20:48:31,338 [INFO] IPUIPlugin:80 - create IPUIPlugin
2024-10-22 20:48:31,338 [INFO] PluginManager:220 - loadIPPluginJar : add dfsdm
2024-10-22 20:48:31,356 [INFO] IPUIPlugin:80 - create IPUIPlugin
2024-10-22 20:48:31,357 [INFO] PluginManager:220 - loadIPPluginJar : add adc
2024-10-22 20:48:31,370 [INFO] IPUIPlugin:80 - create IPUIPlugin
2024-10-22 20:48:31,373 [INFO] PluginManager:220 - loadIPPluginJar : add plateformsettings
2024-10-22 20:48:31,376 [INFO] IPUIPlugin:80 - create IPUIPlugin
2024-10-22 20:48:31,376 [INFO] PluginManager:220 - loadIPPluginJar : add ucpd
2024-10-22 20:48:31,380 [INFO] IPUIPlugin:80 - create IPUIPlugin
2024-10-22 20:48:31,380 [INFO] PluginManager:220 - loadIPPluginJar : add usart
2024-10-22 20:48:31,408 [INFO] IPUIPlugin:80 - create IPUIPlugin
2024-10-22 20:48:31,408 [INFO] PluginManager:220 - loadIPPluginJar : add quadspi
2024-10-22 20:48:31,422 [INFO] IPUIPlugin:80 - create IPUIPlugin
2024-10-22 20:48:31,422 [INFO] PluginManager:220 - loadIPPluginJar : add sai
2024-10-22 20:48:31,442 [INFO] IPUIPlugin:80 - create IPUIPlugin
2024-10-22 20:48:31,442 [INFO] PluginManager:220 - loadIPPluginJar : add cryp
2024-10-22 20:48:31,481 [INFO] IPUIPlugin:80 - create IPUIPlugin
2024-10-22 20:48:31,481 [INFO] PluginManager:220 - loadIPPluginJar : add freertos
2024-10-22 20:48:31,505 [INFO] IPUIPlugin:80 - create IPUIPlugin
2024-10-22 20:48:31,505 [INFO] PluginManager:220 - loadIPPluginJar : add lorawan
2024-10-22 20:48:31,518 [INFO] IPUIPlugin:80 - create IPUIPlugin
2024-10-22 20:48:31,519 [INFO] PluginManager:220 - loadIPPluginJar : add ltdc
2024-10-22 20:48:31,574 [INFO] IPUIPlugin:80 - create IPUIPlugin
2024-10-22 20:48:31,574 [INFO] PluginManager:220 - loadIPPluginJar : add gpio
2024-10-22 20:48:31,577 [INFO] IPUIPlugin:80 - create IPUIPlugin
2024-10-22 20:48:31,577 [INFO] PluginManager:220 - loadIPPluginJar : add openamp
2024-10-22 20:48:31,593 [INFO] IPUIPlugin:80 - create IPUIPlugin
2024-10-22 20:48:31,593 [INFO] PluginManager:220 - loadIPPluginJar : add i2s
2024-10-22 20:48:31,611 [INFO] IPUIPlugin:80 - create IPUIPlugin
2024-10-22 20:48:31,612 [INFO] PluginManager:220 - loadIPPluginJar : add gic
2024-10-22 20:48:31,616 [INFO] IPUIPlugin:80 - create IPUIPlugin
2024-10-22 20:48:31,617 [INFO] PluginManager:220 - loadIPPluginJar : add hash
2024-10-22 20:48:31,619 [INFO] IPUIPlugin:80 - create IPUIPlugin
2024-10-22 20:48:31,619 [INFO] PluginManager:220 - loadIPPluginJar : add dma3
2024-10-22 20:48:31,804 [INFO] CADModel:165 - CPN selected for project level
2024-10-22 20:48:31,804 [INFO] CADModel:114 - Register for checkConnection events
2024-10-22 20:48:31,805 [FATAL] Updater:334 - Updater called before beeing initialized
2024-10-22 20:48:31,805 [ERROR] CADModel:125 - Updater not yet initialized, retry later 
2024-10-22 20:48:32,668 [INFO] CADModel:165 - CPN selected for project level
2024-10-22 20:48:32,669 [INFO] CADModel:114 - Register for checkConnection events
2024-10-22 20:48:32,669 [FATAL] Updater:334 - Updater called before beeing initialized
2024-10-22 20:48:32,669 [ERROR] CADModel:125 - Updater not yet initialized, retry later 
2024-10-22 20:48:32,689 [FATAL] Updater:334 - Updater called before beeing initialized
2024-10-22 20:48:32,825 [FATAL] Updater:334 - Updater called before beeing initialized
2024-10-22 20:48:32,862 [INFO] DbMcusAds:53 - JSON generation date=Thu Sep 30 08:55:09 CEST 2021 (1632984909247)
2024-10-22 20:48:32,862 [FATAL] Updater:334 - Updater called before beeing initialized
2024-10-22 20:48:33,111 [WARN] DetailPanel:346 - Failed to get advertising image, set to default
2024-10-22 20:48:33,290 [FATAL] Updater:334 - Updater called before beeing initialized
2024-10-22 20:48:33,292 [FATAL] Updater:334 - Updater called before beeing initialized
2024-10-22 20:48:33,292 [FATAL] Updater:334 - Updater called before beeing initialized
2024-10-22 20:48:33,292 [WARN] DetailPanel:346 - Failed to get advertising image, set to default
2024-10-22 20:48:33,293 [FATAL] Updater:334 - Updater called before beeing initialized
2024-10-22 20:48:33,505 [ERROR] Updater:1164 - MainUpdater not yet initialized. External WinMGr cannot be set.
2024-10-22 20:48:33,523 [INFO] Updater:1100 - Updater Version found : 6.12.1
2024-10-22 20:48:33,595 [INFO] ApplicationProperties:184 - Using Application install path: /opt/st/stm32cubeide_1.16.0/../../../home/lubuntu/.eclipse/com.st.stm32cube.ide.mcu.rcp.product_1.16.0_139065174_linux_gtk_x86_64/plugins/com.st.stm32cube.common.mx_6.12.1.202409122256
2024-10-22 20:48:33,638 [INFO] ThirdPartyUpdaterWithRetryManager:70 - Updater plugin not ready yet. [3/15]
2024-10-22 20:48:34,681 [INFO] MainUpdater:2873 - connection check result : 10
2024-10-22 20:48:34,682 [INFO] MainUpdater:290 - Updater Check For Update Now.
2024-10-22 20:48:34,682 [INFO] MicroXplorer:498 - Change Database Version : DB.6.0.121
2024-10-22 20:48:34,759 [INFO] McuFinderGlobals:63 - Set McuFinder mode to 2 (CubeIDE integrated)
2024-10-22 20:48:34,759 [INFO] UserAuth:179 - activating auth plugin
2024-10-22 20:48:34,833 [INFO] UserAuth:417 - Internet connection configuration mode: 1
2024-10-22 20:48:35,276 [INFO] JxBrowserEngine:152 - Initiate JxBrowser Engine with user profile folder
2024-10-22 20:48:35,368 [INFO] CheckServerUpdateThread:120 - End of CheckServer Thread
2024-10-22 20:48:38,316 [WARN] PackLoader:240 - Cannot read IP mode file for STMicroelectronics.FP-SNS-MOTENVWB1.1.4.0
2024-10-22 20:48:38,663 [WARN] PackLoader:240 - Cannot read IP mode file for STMicroelectronics.X-CUBE-SMBUS.2.1.0
2024-10-22 20:48:38,708 [WARN] PackLoader:240 - Cannot read IP mode file for STMicroelectronics.X-CUBE-WB05N.1.1.0
2024-10-22 20:48:39,418 [WARN] PackLoader:240 - Cannot read IP mode file for STMicroelectronics.X-CUBE-AZRTOS-F7.1.1.0
2024-10-22 20:48:39,696 [WARN] PackLoader:240 - Cannot read IP mode file for STMicroelectronics.X-CUBE-MEMS1.11.0.0
2024-10-22 20:48:39,906 [WARN] PackLoader:240 - Cannot read IP mode file for STMicroelectronics.FP-SNS-FLIGHT1.5.0.2
2024-10-22 20:48:39,975 [WARN] PackLoader:240 - Cannot read IP mode file for STMicroelectronics.X-CUBE-DISPLAY.3.0.0
2024-10-22 20:48:40,041 [WARN] PackLoader:240 - Cannot read IP mode file for STMicroelectronics.X-CUBE-BLE1.7.0.0
2024-10-22 20:48:40,063 [WARN] PackLoader:240 - Cannot read IP mode file for STMicroelectronics.X-CUBE-NFC10.1.0.0
2024-10-22 20:48:40,089 [WARN] PackLoader:240 - Cannot read IP mode file for emotas.I-CUBE-CANOPEN.1.3.0
2024-10-22 20:48:40,222 [WARN] PackLoader:240 - Cannot read IP mode file for STMicroelectronics.X-CUBE-BLEMGR.3.1.0
2024-10-22 20:48:40,282 [WARN] PackLoader:240 - Cannot read IP mode file for STMicroelectronics.FP-SNS-SMARTAG2.1.2.0
2024-10-22 20:48:40,351 [INFO] LogOutputStream:77 - [STDOUT_REDIRECT] 1 : Invalid condition id : UX_CORESTACK_Condition cause : null
2024-10-22 20:48:40,352 [INFO] LogOutputStream:77 - [STDOUT_REDIRECT] 1 : Invalid condition id : UX_CORESTACK_Condition cause : null
2024-10-22 20:48:40,353 [INFO] LogOutputStream:77 - [STDOUT_REDIRECT] 1 : Invalid condition id : UX_CORESTACK_Condition cause : null
2024-10-22 20:48:40,353 [INFO] LogOutputStream:77 - [STDOUT_REDIRECT] 1 : Invalid condition id : UX_CORESTACK_Condition cause : null
2024-10-22 20:48:40,353 [INFO] LogOutputStream:77 - [STDOUT_REDIRECT] 1 : Invalid condition id : UX_CORESTACK_Condition cause : null
2024-10-22 20:48:40,356 [WARN] PackLoader:240 - Cannot read IP mode file for STMicroelectronics.X-CUBE-AZRTOS-WL.2.0.0
2024-10-22 20:48:40,365 [WARN] PackLoader:240 - Cannot read IP mode file for STMicroelectronics.FP-SNS-MOTENV1.5.0.0
2024-10-22 20:48:40,406 [WARN] PackLoader:240 - Cannot read IP mode file for wolfSSL.I-CUBE-wolfMQTT.1.19.0
2024-10-22 20:48:40,493 [WARN] PackLoader:240 - Cannot read IP mode file for WES.I-CUBE-Cesium.1.3.0
2024-10-22 20:48:40,506 [WARN] PackLoader:240 - Cannot read IP mode file for STMicroelectronics.X-CUBE-BLE2.3.3.0
2024-10-22 20:48:40,519 [WARN] PackLoader:240 - Cannot read IP mode file for STMicroelectronics.X-CUBE-NFC9.1.0.0
2024-10-22 20:48:40,756 [WARN] PackLoader:240 - Cannot read IP mode file for STMicroelectronics.X-CUBE-TCPP.4.1.0
2024-10-22 20:48:41,324 [WARN] PackLoader:240 - Cannot read IP mode file for STMicroelectronics.X-CUBE-AZRTOS-G0.1.1.0
2024-10-22 20:48:41,366 [WARN] PackLoader:240 - Cannot read IP mode file for STMicroelectronics.X-CUBE-SAFEA1.1.2.2
2024-10-22 20:48:41,411 [WARN] PackLoader:240 - Cannot read IP mode file for STMicroelectronics.X-CUBE-NFC4.3.0.0
2024-10-22 20:48:41,436 [WARN] PackLoader:240 - Cannot read IP mode file for EmbeddedOffice.I-CUBE-FS-RTOS.1.0.1
2024-10-22 20:48:41,436 [ERROR] ConditionMgr:805 - Attr not supported : Dmpu
2024-10-22 20:48:41,436 [ERROR] ConditionMgr:805 - Attr not supported : Dmpu
2024-10-22 20:48:41,436 [ERROR] ConditionMgr:805 - Attr not supported : Dmpu
2024-10-22 20:48:41,436 [ERROR] ConditionMgr:805 - Attr not supported : Dmpu
2024-10-22 20:48:41,436 [ERROR] ConditionMgr:805 - Attr not supported : Dmpu
2024-10-22 20:48:41,436 [ERROR] ConditionMgr:805 - Attr not supported : Dmpu
2024-10-22 20:48:41,437 [ERROR] ConditionMgr:805 - Attr not supported : Dmpu
2024-10-22 20:48:41,437 [ERROR] ConditionMgr:805 - Attr not supported : Dmpu
2024-10-22 20:48:41,437 [ERROR] ConditionMgr:805 - Attr not supported : Dmpu
2024-10-22 20:48:41,437 [ERROR] ConditionMgr:805 - Attr not supported : Dmpu
2024-10-22 20:48:41,437 [ERROR] ConditionMgr:805 - Attr not supported : Dmpu
2024-10-22 20:48:41,437 [ERROR] ConditionMgr:805 - Attr not supported : Dmpu
2024-10-22 20:48:41,437 [ERROR] ConditionMgr:805 - Attr not supported : Dmpu
2024-10-22 20:48:41,437 [ERROR] ConditionMgr:805 - Attr not supported : Dmpu
2024-10-22 20:48:41,437 [ERROR] ConditionMgr:805 - Attr not supported : Dmpu
2024-10-22 20:48:41,437 [ERROR] ConditionMgr:805 - Attr not supported : Dmpu
2024-10-22 20:48:41,437 [ERROR] ConditionMgr:805 - Attr not supported : Dmpu
2024-10-22 20:48:41,437 [ERROR] ConditionMgr:805 - Attr not supported : Dmpu
2024-10-22 20:48:41,437 [ERROR] ConditionMgr:805 - Attr not supported : Dmpu
2024-10-22 20:48:41,438 [ERROR] ConditionMgr:805 - Attr not supported : Dmpu
2024-10-22 20:48:41,438 [ERROR] ConditionMgr:805 - Attr not supported : Dmpu
2024-10-22 20:48:41,438 [ERROR] ConditionMgr:805 - Attr not supported : Dmpu
2024-10-22 20:48:41,438 [ERROR] ConditionMgr:805 - Attr not supported : Dmpu
2024-10-22 20:48:41,438 [ERROR] ConditionMgr:805 - Attr not supported : Dmpu
2024-10-22 20:48:41,438 [ERROR] ConditionMgr:805 - Attr not supported : Dmpu
2024-10-22 20:48:41,438 [ERROR] ConditionMgr:805 - Attr not supported : Dmpu
2024-10-22 20:48:41,438 [ERROR] ConditionMgr:805 - Attr not supported : Dmpu
2024-10-22 20:48:41,438 [ERROR] ConditionMgr:805 - Attr not supported : Dmpu
2024-10-22 20:48:41,438 [ERROR] ConditionMgr:805 - Attr not supported : Dmpu
2024-10-22 20:48:41,439 [ERROR] ConditionMgr:805 - Attr not supported : Dmpu
2024-10-22 20:48:41,439 [ERROR] ConditionMgr:805 - Attr not supported : Dmpu
2024-10-22 20:48:41,439 [ERROR] ConditionMgr:805 - Attr not supported : Dmpu
2024-10-22 20:48:41,439 [ERROR] ConditionMgr:805 - Attr not supported : Dmpu
2024-10-22 20:48:41,439 [ERROR] ConditionMgr:805 - Attr not supported : Dmpu
2024-10-22 20:48:41,439 [ERROR] ConditionMgr:805 - Attr not supported : Dmpu
2024-10-22 20:48:41,439 [ERROR] ConditionMgr:805 - Attr not supported : Dmpu
2024-10-22 20:48:41,439 [ERROR] ConditionMgr:805 - Attr not supported : Dmpu
2024-10-22 20:48:41,440 [ERROR] ConditionMgr:805 - Attr not supported : Dmpu
2024-10-22 20:48:41,440 [ERROR] ConditionMgr:805 - Attr not supported : Dmpu
2024-10-22 20:48:41,440 [ERROR] ConditionMgr:805 - Attr not supported : Dmpu
2024-10-22 20:48:41,440 [ERROR] ConditionMgr:805 - Attr not supported : Dmpu
2024-10-22 20:48:41,440 [ERROR] ConditionMgr:805 - Attr not supported : Dmpu
2024-10-22 20:48:41,440 [ERROR] ConditionMgr:805 - Attr not supported : Dmpu
2024-10-22 20:48:41,440 [ERROR] ConditionMgr:805 - Attr not supported : Dmpu
2024-10-22 20:48:41,440 [ERROR] ConditionMgr:805 - Attr not supported : Dmpu
2024-10-22 20:48:41,440 [ERROR] ConditionMgr:805 - Attr not supported : Dmpu
2024-10-22 20:48:41,441 [ERROR] ConditionMgr:805 - Attr not supported : Dmpu
2024-10-22 20:48:41,441 [ERROR] ConditionMgr:805 - Attr not supported : Dmpu
2024-10-22 20:48:41,441 [ERROR] ConditionMgr:805 - Attr not supported : Dmpu
2024-10-22 20:48:41,441 [ERROR] ConditionMgr:805 - Attr not supported : Dmpu
2024-10-22 20:48:41,441 [ERROR] ConditionMgr:805 - Attr not supported : Dmpu
2024-10-22 20:48:41,441 [ERROR] ConditionMgr:805 - Attr not supported : Dmpu
2024-10-22 20:48:41,441 [ERROR] ConditionMgr:805 - Attr not supported : Dmpu
2024-10-22 20:48:41,441 [ERROR] ConditionMgr:805 - Attr not supported : Dmpu
2024-10-22 20:48:41,441 [ERROR] ConditionMgr:805 - Attr not supported : Dmpu
2024-10-22 20:48:41,441 [ERROR] ConditionMgr:805 - Attr not supported : Dmpu
2024-10-22 20:48:41,441 [ERROR] ConditionMgr:805 - Attr not supported : Dmpu
2024-10-22 20:48:41,441 [ERROR] ConditionMgr:805 - Attr not supported : Dmpu
2024-10-22 20:48:41,441 [ERROR] ConditionMgr:805 - Attr not supported : Dmpu
2024-10-22 20:48:41,441 [ERROR] ConditionMgr:805 - Attr not supported : Dmpu
2024-10-22 20:48:41,442 [ERROR] ConditionMgr:805 - Attr not supported : Dmpu
2024-10-22 20:48:41,442 [ERROR] ConditionMgr:805 - Attr not supported : Dmpu
2024-10-22 20:48:41,442 [ERROR] ConditionMgr:805 - Attr not supported : Dmpu
2024-10-22 20:48:41,442 [ERROR] ConditionMgr:805 - Attr not supported : Dmpu
2024-10-22 20:48:41,473 [WARN] PackLoader:240 - Cannot read IP mode file for RealThread.X-CUBE-RT-Thread_Nano.4.1.1
2024-10-22 20:48:41,521 [WARN] PackLoader:240 - Cannot read IP mode file for STMicroelectronics.FP-ATR-SIGFOX1.3.2.0
2024-10-22 20:48:41,561 [WARN] PackLoader:240 - Cannot read IP mode file for wolfSSL.I-CUBE-wolfSSL.5.7.2
2024-10-22 20:48:41,613 [WARN] PackLoader:240 - Cannot read IP mode file for STMicroelectronics.X-CUBE-EEPRMA1.5.1.0
2024-10-22 20:48:41,637 [WARN] PackLoader:240 - Cannot read IP mode file for ITTIA_DB.I-CUBE-ITTIADB.8.9.0
2024-10-22 20:48:41,881 [WARN] PackLoader:240 - Cannot read IP mode file for SEGGER.I-CUBE-embOS.1.3.1
2024-10-22 20:48:42,049 [WARN] PackLoader:240 - Cannot read IP mode file for STMicroelectronics.X-CUBE-ALGOBUILD.1.4.0
2024-10-22 20:48:42,133 [WARN] PackLoader:240 - Cannot read IP mode file for STMicroelectronics.X-CUBE-AI.9.1.0
2024-10-22 20:48:42,562 [WARN] PackLoader:240 - Cannot read IP mode file for STMicroelectronics.X-CUBE-AZRTOS-F4.1.1.0
2024-10-22 20:48:42,585 [WARN] PackLoader:240 - Cannot read IP mode file for STMicroelectronics.X-CUBE-ISPU.2.1.0
2024-10-22 20:48:42,762 [WARN] PackLoader:240 - Cannot read IP mode file for STMicroelectronics.X-CUBE-FREERTOS.1.2.0
2024-10-22 20:48:42,809 [WARN] PackLoader:240 - Cannot read IP mode file for STMicroelectronics.X-CUBE-AZRTOS-L5.2.0.0
2024-10-22 20:48:42,838 [WARN] PackLoader:240 - Cannot read IP mode file for STMicroelectronics.X-CUBE-NFC6.3.1.0
2024-10-22 20:48:42,883 [WARN] PackLoader:240 - Cannot read IP mode file for STMicroelectronics.X-CUBE-DPower.1.2.0
2024-10-22 20:48:42,898 [WARN] PackLoader:240 - Cannot read IP mode file for STMicroelectronics.X-CUBE-AI.9.0.0
2024-10-22 20:48:42,906 [WARN] PackLoader:240 - Cannot read IP mode file for STMicroelectronics.X-CUBE-NFC7.1.0.1
2024-10-22 20:48:43,038 [WARN] ConditionMgr:438 - getConditionDescription Invalid condition id : LAN8742 Phy interface Condition cause : null
2024-10-22 20:48:43,038 [WARN] PackLoader:240 - Cannot read IP mode file for STMicroelectronics.X-CUBE-AZRTOS-L4.2.0.0
2024-10-22 20:48:43,040 [WARN] ConditionMgr:1039 - genDependencies : Invalid condition id : LAN8742 Phy interface Condition cause : null
2024-10-22 20:48:43,040 [WARN] ConditionMgr:1039 - genDependencies : Invalid condition id : LAN8742 Phy interface Condition cause : null
2024-10-22 20:48:43,041 [WARN] ConditionMgr:1039 - genDependencies : Invalid condition id : LAN8742 Phy interface Condition cause : null
2024-10-22 20:48:43,052 [WARN] PackLoader:240 - Cannot read IP mode file for STMicroelectronics.X-CUBE-SFXS2LP1.4.0.0
2024-10-22 20:48:43,400 [WARN] PackLoader:240 - Cannot read IP mode file for STMicroelectronics.X-CUBE-AZRTOS-H7.3.3.0
2024-10-22 20:48:43,454 [WARN] PackLoader:240 - Cannot read IP mode file for STMicroelectronics.X-CUBE-IPS.3.0.0
2024-10-22 20:48:44,005 [WARN] ConditionMgr:438 - getConditionDescription Invalid condition id : UX DEVICE CLASS RTOS Condition cause : null
2024-10-22 20:48:44,005 [WARN] ConditionMgr:438 - getConditionDescription Invalid condition id : UX DEVICE CLASS RTOS Condition cause : null
2024-10-22 20:48:44,007 [WARN] PackLoader:240 - Cannot read IP mode file for STMicroelectronics.X-CUBE-AZRTOS-WB.2.0.0
2024-10-22 20:48:44,007 [WARN] ConditionMgr:1039 - genDependencies : Invalid condition id : UX DEVICE CLASS RTOS Condition cause : null
2024-10-22 20:48:44,007 [WARN] ConditionMgr:1039 - genDependencies : Invalid condition id : UX DEVICE CLASS RTOS Condition cause : null
2024-10-22 20:48:44,008 [WARN] ConditionMgr:1039 - genDependencies : Invalid condition id : UX DEVICE CLASS RTOS Condition cause : null
2024-10-22 20:48:44,008 [WARN] ConditionMgr:1039 - genDependencies : Invalid condition id : UX DEVICE CLASS RTOS Condition cause : null
2024-10-22 20:48:44,008 [WARN] ConditionMgr:1039 - genDependencies : Invalid condition id : UX DEVICE CLASS RTOS Condition cause : null
2024-10-22 20:48:44,061 [WARN] PackLoader:240 - Cannot read IP mode file for STMicroelectronics.X-CUBE-GNSS1.7.0.0
2024-10-22 20:48:44,099 [WARN] PackLoader:240 - Cannot read IP mode file for STMicroelectronics.FP-SNS-STBOX1.2.0.0
2024-10-22 20:48:44,424 [WARN] PackLoader:240 - Cannot read IP mode file for STMicroelectronics.X-CUBE-SUBG2.5.0.0
2024-10-22 20:48:44,472 [WARN] PackLoader:240 - Cannot read IP mode file for Cesanta.I-CUBE-Mongoose.7.13.0
2024-10-22 20:48:44,713 [WARN] PackLoader:240 - Cannot read IP mode file for STMicroelectronics.X-CUBE-AZRTOS-G4.2.0.0
2024-10-22 20:48:44,733 [WARN] PackLoader:240 - Cannot read IP mode file for STMicroelectronics.X-CUBE-ISPU.2.0.0
2024-10-22 20:48:44,923 [WARN] PackLoader:240 - Cannot read IP mode file for STMicroelectronics.X-CUBE-ALS.1.0.2
2024-10-22 20:48:44,938 [WARN] PackLoader:240 - Cannot read IP mode file for STMicroelectronics.X-CUBE-TOUCHGFX.4.24.0
2024-10-22 20:48:44,955 [WARN] PackLoader:240 - Cannot read IP mode file for STMicroelectronics.X-CUBE-TOUCHGFX.4.24.1
2024-10-22 20:48:45,116 [WARN] PackLoader:240 - Cannot read IP mode file for wolfSSL.I-CUBE-wolfTPM.3.4.0
2024-10-22 20:48:45,143 [WARN] PackLoader:240 - Cannot read IP mode file for portGmbH.I-Cube-SoM-uGOAL.1.1.0
2024-10-22 20:48:45,810 [WARN] PackLoader:240 - Cannot read IP mode file for STMicroelectronics.X-CUBE-AZRTOS-H7RS.1.0.0
2024-10-22 20:48:45,882 [WARN] PackLoader:240 - Cannot read IP mode file for STMicroelectronics.FP-ATR-ASTRA1.2.0.0
2024-10-22 20:48:46,033 [WARN] PackLoader:240 - Cannot read IP mode file for STMicroelectronics.X-CUBE-TOF1.3.4.2
2024-10-22 20:48:46,321 [WARN] PackLoader:240 - Cannot read IP mode file for Infineon.AIROC-Wi-Fi-Bluetooth-STM32.1.6.1
2024-10-22 20:48:46,334 [WARN] PackLoader:240 - Cannot read IP mode file for wolfSSL.I-CUBE-wolfSSH.1.4.17
2024-10-22 20:48:46,334 [INFO] ThirdParty:978 - Integrity check success = true
2024-10-22 20:48:46,334 [INFO] IntegrityCheckThread:100 - exiting critical section [integrity check]
2024-10-22 20:48:46,334 [INFO] IntegrityCheckThread:103 - End integrity checks thread
2024-10-22 20:49:10,953 [INFO] WebApp:167 - Instantiating new browser for Auth
2024-10-22 20:49:27,099 [INFO] WebApp:448 - Apply proxy settings
2024-10-22 20:49:27,100 [INFO] WebApp:533 - Chromium requires no authentication
2024-10-22 20:49:27,661 [INFO] WebApp:476 - Direct internet connection detected
2024-10-22 20:49:27,975 [INFO] WebApp:869 - Register for checkConnection events
2024-10-22 20:49:27,975 [INFO] WebApp:448 - Apply proxy settings
2024-10-22 20:49:27,975 [INFO] WebApp:533 - Chromium requires no authentication
2024-10-22 20:49:27,976 [INFO] WebApp:476 - Direct internet connection detected
2024-10-22 20:49:31,132 [INFO] WebApp:220 - Starting web application
2024-10-22 20:49:31,133 [INFO] WebApp:578 - Web application path used /opt/st/stm32cubeide_1.16.0/../../../home/lubuntu/.eclipse/com.st.stm32cube.ide.mcu.rcp.product_1.16.0_139065174_linux_gtk_x86_64/plugins/com.st.stm32cube.common.mx_6.12.1.202409122256/db/plugins/mcufinder/reactClient1/index.html
2024-10-22 20:49:32,236 [INFO] WebApp:186 - Connection restablished
