2024-08-15 00:01:39,122 [INFO] Activator:176 - 


2024-08-15 00:01:39,133 [INFO] Activator:177 - !SESSION log4j initialized
2024-08-15 00:01:47,996 [INFO] LogOutputStream:77 - [STDOUT_REDIRECT] 
2024-08-15 00:02:25,386 [INFO] McuFinderGlobals:63 - Set McuFinder mode to 2 (CubeIDE integrated)
2024-08-15 00:02:25,496 [INFO] ApplicationProperties:184 - Using Application install path: /opt/st/stm32cubeide_1.16.0/plugins/com.st.stm32cube.common.mx_6.12.0.202406281431
2024-08-15 00:02:25,536 [INFO] DbMcusXml:78 - Set database path to: /opt/st/stm32cubeide_1.16.0/plugins/com.st.stm32cube.common.mx_6.12.0.202406281431//db//mcu/
2024-08-15 00:02:25,537 [INFO] ApiDb:274 - Set plugin database path to: /opt/st/stm32cubeide_1.16.0/plugins/com.st.stm32cube.common.mx_6.12.0.202406281431//db//plugins/boardmanager/
2024-08-15 00:02:25,538 [WARN] ApiDb:259 - Overriding images path with different value:  => /opt/st/stm32cubeide_1.16.0/plugins/com.st.stm32cube.common.mx_6.12.0.202406281431//db//plugins/mcufinder/images/
2024-08-15 00:02:25,545 [INFO] ApiDb:250 - Set database path to: /home/lubuntu/.stmcufinder/plugins/mcufinder//mcu/
2024-08-15 00:02:25,549 [INFO] DbMcusAds:125 - Set database path to: /home/lubuntu/.stmcufinder/plugins/mcufinder//mcu/
2024-08-15 00:02:41,459 [INFO] CrossReferenceDbSqlite:203 - Set database path to: /home/lubuntu/.stmcufinder/plugins/mcufinder//mcu/cs/
2024-08-15 00:02:41,858 [INFO] RulesReader:64 - Compatibility file has been processed (297 Rules)
2024-08-15 00:02:42,072 [INFO] DbMcusXml:78 - Set database path to: /opt/st/stm32cubeide_1.16.0/plugins/com.st.stm32cube.common.mx_6.12.0.202406281431//db//mcu/
2024-08-15 00:02:42,072 [INFO] ApiDb:274 - Set plugin database path to: /opt/st/stm32cubeide_1.16.0/plugins/com.st.stm32cube.common.mx_6.12.0.202406281431//db//plugins/boardmanager/
2024-08-15 00:02:42,073 [INFO] ApiDb:261 - Set plugin images path to: /opt/st/stm32cubeide_1.16.0/plugins/com.st.stm32cube.common.mx_6.12.0.202406281431//db//plugins/mcufinder/images/
2024-08-15 00:02:42,074 [WARN] DbFile:41 - Overriding database path with different value: /home/lubuntu/.stmcufinder/plugins/mcufinder/ => /home/lubuntu/.stmcufinder/plugins/mcufinder
2024-08-15 00:02:42,074 [INFO] ApiDb:250 - Set database path to: /home/lubuntu/.stmcufinder/plugins/mcufinder//mcu/
2024-08-15 00:02:42,074 [WARN] DbFile:41 - Overriding database path with different value: /home/lubuntu/.stmcufinder/plugins/mcufinder/ => /home/lubuntu/.stmcufinder/plugins/mcufinder
2024-08-15 00:02:42,075 [INFO] DbMcusAds:125 - Set database path to: /home/lubuntu/.stmcufinder/plugins/mcufinder//mcu/
2024-08-15 00:02:42,075 [WARN] DbFile:41 - Overriding database path with different value: /home/lubuntu/.stmcufinder/plugins/mcufinder/ => /home/lubuntu/.stmcufinder/plugins/mcufinder
2024-08-15 00:02:42,075 [WARN] DbFile:41 - Overriding database path with different value: /home/lubuntu/.stmcufinder/plugins/mcufinder/ => /home/lubuntu/.stmcufinder/plugins/mcufinder
2024-08-15 00:02:42,075 [INFO] CrossReferenceDbSqlite:203 - Set database path to: /home/lubuntu/.stmcufinder/plugins/mcufinder//mcu/cs/
2024-08-15 00:02:42,275 [INFO] MainPanel:268 - HeapMemory: 625999872
2024-08-15 00:02:42,530 [INFO] DbMcusXml:78 - Set database path to: /opt/st/stm32cubeide_1.16.0/plugins/com.st.stm32cube.common.mx_6.12.0.202406281431//db//mcu/
2024-08-15 00:02:42,530 [INFO] ApiDb:274 - Set plugin database path to: /opt/st/stm32cubeide_1.16.0/plugins/com.st.stm32cube.common.mx_6.12.0.202406281431//db//plugins/boardmanager/
2024-08-15 00:02:42,530 [INFO] ApiDb:261 - Set plugin images path to: /opt/st/stm32cubeide_1.16.0/plugins/com.st.stm32cube.common.mx_6.12.0.202406281431//db//plugins/mcufinder/images/
2024-08-15 00:02:42,531 [WARN] DbFile:41 - Overriding database path with different value: /home/lubuntu/.stmcufinder/plugins/mcufinder/ => /home/lubuntu/.stmcufinder/plugins/mcufinder
2024-08-15 00:02:42,531 [INFO] ApiDb:250 - Set database path to: /home/lubuntu/.stmcufinder/plugins/mcufinder//mcu/
2024-08-15 00:02:42,531 [WARN] DbFile:41 - Overriding database path with different value: /home/lubuntu/.stmcufinder/plugins/mcufinder/ => /home/lubuntu/.stmcufinder/plugins/mcufinder
2024-08-15 00:02:42,532 [INFO] DbMcusAds:125 - Set database path to: /home/lubuntu/.stmcufinder/plugins/mcufinder//mcu/
2024-08-15 00:02:42,532 [WARN] DbFile:41 - Overriding database path with different value: /home/lubuntu/.stmcufinder/plugins/mcufinder/ => /home/lubuntu/.stmcufinder/plugins/mcufinder
2024-08-15 00:02:42,532 [WARN] DbFile:41 - Overriding database path with different value: /home/lubuntu/.stmcufinder/plugins/mcufinder/ => /home/lubuntu/.stmcufinder/plugins/mcufinder
2024-08-15 00:02:42,533 [INFO] CrossReferenceDbSqlite:203 - Set database path to: /home/lubuntu/.stmcufinder/plugins/mcufinder//mcu/cs/
2024-08-15 00:02:42,583 [INFO] ApplicationProperties:184 - Using Application install path: /opt/st/stm32cubeide_1.16.0/plugins/com.st.stm32cube.common.mx_6.12.0.202406281431
2024-08-15 00:02:42,587 [INFO] PluginManage:196 - Search for loadable plugins [exclusion list=, ]
2024-08-15 00:02:42,589 [INFO] PluginManage:310 - Check plugin analytics
2024-08-15 00:02:43,178 [INFO] AnalyticsPlugin:253 - Accepted Software Licenses: 
2024-08-15 00:02:43,178 [INFO] AnalyticsPlugin:255 - Accepted CMSIS Pack Licenses: 
2024-08-15 00:02:43,178 [INFO] AnalyticsPlugin:257 - Accepted Firmware Licenses: FW.MP1.1.6.0
2024-08-15 00:02:43,192 [INFO] PluginManage:359 - Loaded plugin analytics (category:tool,tabindex:-1)
2024-08-15 00:02:43,195 [INFO] PluginManage:310 - Check plugin cadmodel
2024-08-15 00:02:43,206 [INFO] CADModel:105 - Init CAD model plugin
2024-08-15 00:02:43,209 [INFO] PluginManage:359 - Loaded plugin cadmodel (category:power,tabindex:5)
2024-08-15 00:02:43,209 [INFO] PluginManage:310 - Check plugin clock
2024-08-15 00:02:43,227 [INFO] PluginManage:359 - Loaded plugin clock (category:base,tabindex:2)
2024-08-15 00:02:43,227 [INFO] PluginManage:310 - Check plugin ddr
2024-08-15 00:02:43,232 [INFO] PluginManage:359 - Loaded plugin ddr (category:tool,tabindex:6)
2024-08-15 00:02:43,232 [INFO] PluginManage:310 - Check plugin filemanager
2024-08-15 00:02:43,599 [INFO] PluginManage:359 - Loaded plugin filemanager (category:base,tabindex:10)
2024-08-15 00:02:43,599 [INFO] PluginManage:310 - Check plugin ipmanager
2024-08-15 00:02:43,620 [INFO] PluginManage:359 - Loaded plugin ipmanager (category:base,tabindex:5)
2024-08-15 00:02:43,623 [INFO] PluginManage:310 - Check plugin lpbam
2024-08-15 00:02:43,640 [INFO] PluginManage:359 - Loaded plugin lpbam (category:base,tabindex:0)
2024-08-15 00:02:43,640 [INFO] PluginManage:310 - Check plugin memorymap
2024-08-15 00:02:43,662 [INFO] PluginManage:359 - Loaded plugin memorymap (category:base,tabindex:4)
2024-08-15 00:02:43,662 [INFO] PluginManage:310 - Check plugin pinoutandconfiguration
2024-08-15 00:02:43,676 [INFO] PluginManage:359 - Loaded plugin pinoutandconfiguration (category:base,tabindex:1)
2024-08-15 00:02:43,677 [INFO] PluginManage:310 - Check plugin pinoutconfig
2024-08-15 00:02:43,881 [WARN] SupportedApi:132 - Cannot load RTOS API schema: s4s-elt-must-match.1: The content of 'definitions' must match (annotation?, (simpleType | complexType)?, (unique | key | keyref)*)). A problem was found starting at: attribute.
2024-08-15 00:02:44,271 [INFO] PluginManage:359 - Loaded plugin pinoutconfig (category:base,tabindex:0)
2024-08-15 00:02:44,271 [INFO] PluginManage:310 - Check plugin power
2024-08-15 00:02:44,303 [INFO] PluginManage:359 - Loaded plugin power (category:power,tabindex:4)
2024-08-15 00:02:44,303 [INFO] PluginManage:310 - Check plugin projectmanager
2024-08-15 00:02:44,370 [INFO] PluginManage:359 - Loaded plugin projectmanager (category:projectmanager,tabindex:4)
2024-08-15 00:02:44,370 [INFO] PluginManage:310 - Check plugin rif
2024-08-15 00:02:44,381 [INFO] PluginManage:359 - Loaded plugin rif (category:base,tabindex:3)
2024-08-15 00:02:44,383 [INFO] PluginManage:310 - Check plugin thirdparty
2024-08-15 00:02:44,714 [INFO] PluginManage:359 - Loaded plugin thirdparty (category:base,tabindex:-1)
2024-08-15 00:02:44,715 [INFO] PluginManage:310 - Check plugin tools
2024-08-15 00:02:44,718 [INFO] PluginManage:359 - Loaded plugin tools (category:base,tabindex:7)
2024-08-15 00:02:44,718 [INFO] PluginManage:310 - Check plugin tutovideos
2024-08-15 00:02:44,721 [WARN] IntegrityCheckThread:84 - waiting for thirdparty lock release [integrity check]
2024-08-15 00:02:44,722 [INFO] IntegrityCheckThread:86 - entering critical section [integrity check]
2024-08-15 00:02:44,722 [INFO] ThirdPartyUpdaterWithRetryManager:70 - Updater plugin not ready yet. [1/15]
2024-08-15 00:02:45,096 [INFO] PluginManage:359 - Loaded plugin tutovideos (category:base,tabindex:-1)
2024-08-15 00:02:45,097 [INFO] PluginManage:310 - Check plugin updater
2024-08-15 00:02:45,176 [INFO] PluginManage:359 - Loaded plugin updater (category:base,tabindex:12)
2024-08-15 00:02:45,176 [INFO] PluginManage:310 - Check plugin userauth
2024-08-15 00:02:45,192 [INFO] UserAuth:113 - Init User Auth plugin
2024-08-15 00:02:45,193 [INFO] PluginManage:359 - Loaded plugin userauth (category:base,tabindex:14)
2024-08-15 00:02:45,194 [INFO] PluginManage:283 - PluginManage : Loaded plugins [18]
2024-08-15 00:02:45,692 [INFO] PinOutPanel:1561 - setPackage(No Configuration,No Configuration)
2024-08-15 00:02:45,951 [INFO] CADModel:165 - CPN selected for project level
2024-08-15 00:02:45,952 [INFO] CADModel:114 - Register for checkConnection events
2024-08-15 00:02:46,010 [INFO] IPUIPlugin:80 - create IPUIPlugin
2024-08-15 00:02:46,010 [INFO] PluginManager:220 - loadIPPluginJar : add extmemmanager
2024-08-15 00:02:46,014 [INFO] IPUIPlugin:80 - create IPUIPlugin
2024-08-15 00:02:46,015 [INFO] PluginManager:220 - loadIPPluginJar : add usart
2024-08-15 00:02:46,026 [INFO] IPUIPlugin:80 - create IPUIPlugin
2024-08-15 00:02:46,027 [INFO] PluginManager:220 - loadIPPluginJar : add mdma
2024-08-15 00:02:46,031 [INFO] IPUIPlugin:80 - create IPUIPlugin
2024-08-15 00:02:46,031 [INFO] PluginManager:220 - loadIPPluginJar : add pdm2pcm
2024-08-15 00:02:46,036 [INFO] IPUIPlugin:80 - create IPUIPlugin
2024-08-15 00:02:46,036 [INFO] PluginManager:220 - loadIPPluginJar : add ipddr
2024-08-15 00:02:46,038 [INFO] IPUIPlugin:80 - create IPUIPlugin
2024-08-15 00:02:46,039 [INFO] PluginManager:220 - loadIPPluginJar : add fatfs
2024-08-15 00:02:46,042 [INFO] IPUIPlugin:80 - create IPUIPlugin
2024-08-15 00:02:46,043 [INFO] PluginManager:220 - loadIPPluginJar : add openamp
2024-08-15 00:02:46,045 [INFO] IPUIPlugin:80 - create IPUIPlugin
2024-08-15 00:02:46,046 [INFO] PluginManager:220 - loadIPPluginJar : add ts
2024-08-15 00:02:46,049 [INFO] IPUIPlugin:80 - create IPUIPlugin
2024-08-15 00:02:46,050 [INFO] PluginManager:220 - loadIPPluginJar : add gfxmmu
2024-08-15 00:02:46,064 [INFO] IPUIPlugin:80 - create IPUIPlugin
2024-08-15 00:02:46,065 [INFO] PluginManager:220 - loadIPPluginJar : add linkedlist
2024-08-15 00:02:46,068 [INFO] IPUIPlugin:80 - create IPUIPlugin
2024-08-15 00:02:46,068 [INFO] PluginManager:220 - loadIPPluginJar : add tracer_emb
2024-08-15 00:02:46,074 [INFO] IPUIPlugin:80 - create IPUIPlugin
2024-08-15 00:02:46,074 [INFO] PluginManager:220 - loadIPPluginJar : add nvic
2024-08-15 00:02:46,079 [INFO] IPUIPlugin:80 - create IPUIPlugin
2024-08-15 00:02:46,080 [INFO] PluginManager:220 - loadIPPluginJar : add touchsensing
2024-08-15 00:02:46,094 [INFO] IPUIPlugin:80 - create IPUIPlugin
2024-08-15 00:02:46,095 [INFO] PluginManager:220 - loadIPPluginJar : add gpio
2024-08-15 00:02:46,108 [INFO] IPUIPlugin:80 - create IPUIPlugin
2024-08-15 00:02:46,109 [INFO] PluginManager:220 - loadIPPluginJar : add i3c
2024-08-15 00:02:46,112 [INFO] IPUIPlugin:80 - create IPUIPlugin
2024-08-15 00:02:46,121 [INFO] PluginManager:220 - loadIPPluginJar : add lorawan
2024-08-15 00:02:46,124 [INFO] IPUIPlugin:80 - create IPUIPlugin
2024-08-15 00:02:46,124 [INFO] PluginManager:220 - loadIPPluginJar : add tim
2024-08-15 00:02:46,128 [INFO] IPUIPlugin:80 - create IPUIPlugin
2024-08-15 00:02:46,128 [INFO] PluginManager:220 - loadIPPluginJar : add gtzc
2024-08-15 00:02:46,139 [INFO] IPUIPlugin:80 - create IPUIPlugin
2024-08-15 00:02:46,139 [INFO] PluginManager:220 - loadIPPluginJar : add ucpd
2024-08-15 00:02:46,155 [INFO] IPUIPlugin:80 - create IPUIPlugin
2024-08-15 00:02:46,155 [INFO] PluginManager:220 - loadIPPluginJar : add resmgrutility
2024-08-15 00:02:46,159 [INFO] IPUIPlugin:80 - create IPUIPlugin
2024-08-15 00:02:46,159 [INFO] PluginManager:220 - loadIPPluginJar : add ddr_ctrl_phy
2024-08-15 00:02:46,164 [INFO] IPUIPlugin:80 - create IPUIPlugin
2024-08-15 00:02:46,164 [INFO] PluginManager:220 - loadIPPluginJar : add sai
2024-08-15 00:02:46,167 [INFO] IPUIPlugin:80 - create IPUIPlugin
2024-08-15 00:02:46,167 [INFO] PluginManager:220 - loadIPPluginJar : add i2s
2024-08-15 00:02:46,171 [INFO] IPUIPlugin:80 - create IPUIPlugin
2024-08-15 00:02:46,171 [INFO] PluginManager:220 - loadIPPluginJar : add i2c
2024-08-15 00:02:46,180 [INFO] IPUIPlugin:80 - create IPUIPlugin
2024-08-15 00:02:46,181 [INFO] PluginManager:220 - loadIPPluginJar : add dma
2024-08-15 00:02:46,190 [INFO] IPUIPlugin:80 - create IPUIPlugin
2024-08-15 00:02:46,191 [INFO] PluginManager:220 - loadIPPluginJar : add adc
2024-08-15 00:02:46,194 [INFO] IPUIPlugin:80 - create IPUIPlugin
2024-08-15 00:02:46,194 [INFO] PluginManager:220 - loadIPPluginJar : add aes
2024-08-15 00:02:46,196 [INFO] IPUIPlugin:80 - create IPUIPlugin
2024-08-15 00:02:46,197 [INFO] PluginManager:220 - loadIPPluginJar : add tsc
2024-08-15 00:02:46,206 [INFO] IPUIPlugin:80 - create IPUIPlugin
2024-08-15 00:02:46,206 [INFO] PluginManager:220 - loadIPPluginJar : add freertos
2024-08-15 00:02:46,209 [INFO] IPUIPlugin:80 - create IPUIPlugin
2024-08-15 00:02:46,209 [INFO] PluginManager:220 - loadIPPluginJar : add spi
2024-08-15 00:02:46,211 [INFO] IPUIPlugin:80 - create IPUIPlugin
2024-08-15 00:02:46,211 [INFO] PluginManager:220 - loadIPPluginJar : add genericplugin
2024-08-15 00:02:46,229 [INFO] IPUIPlugin:80 - create IPUIPlugin
2024-08-15 00:02:46,235 [INFO] PluginManager:220 - loadIPPluginJar : add plateformsettings
2024-08-15 00:02:46,240 [INFO] IPUIPlugin:80 - create IPUIPlugin
2024-08-15 00:02:46,240 [INFO] PluginManager:220 - loadIPPluginJar : add hash
2024-08-15 00:02:46,245 [INFO] IPUIPlugin:80 - create IPUIPlugin
2024-08-15 00:02:46,245 [INFO] PluginManager:220 - loadIPPluginJar : add usbx
2024-08-15 00:02:46,253 [INFO] IPUIPlugin:80 - create IPUIPlugin
2024-08-15 00:02:46,253 [INFO] PluginManager:220 - loadIPPluginJar : add ltdc
2024-08-15 00:02:46,256 [INFO] IPUIPlugin:80 - create IPUIPlugin
2024-08-15 00:02:46,256 [INFO] PluginManager:220 - loadIPPluginJar : add radio
2024-08-15 00:02:46,271 [INFO] IPUIPlugin:80 - create IPUIPlugin
2024-08-15 00:02:46,272 [INFO] PluginManager:220 - loadIPPluginJar : add fmc
2024-08-15 00:02:46,274 [INFO] IPUIPlugin:80 - create IPUIPlugin
2024-08-15 00:02:46,274 [INFO] PluginManager:220 - loadIPPluginJar : add quadspi
2024-08-15 00:02:46,286 [INFO] IPUIPlugin:80 - create IPUIPlugin
2024-08-15 00:02:46,287 [INFO] PluginManager:220 - loadIPPluginJar : add opamp
2024-08-15 00:02:46,290 [INFO] IPUIPlugin:80 - create IPUIPlugin
2024-08-15 00:02:46,290 [INFO] PluginManager:220 - loadIPPluginJar : add dma3
2024-08-15 00:02:46,292 [INFO] IPUIPlugin:80 - create IPUIPlugin
2024-08-15 00:02:46,292 [INFO] PluginManager:220 - loadIPPluginJar : add comp
2024-08-15 00:02:46,317 [INFO] IPUIPlugin:80 - create IPUIPlugin
2024-08-15 00:02:46,318 [INFO] PluginManager:220 - loadIPPluginJar : add gic
2024-08-15 00:02:46,329 [INFO] IPUIPlugin:80 - create IPUIPlugin
2024-08-15 00:02:46,330 [INFO] PluginManager:220 - loadIPPluginJar : add can
2024-08-15 00:02:46,333 [INFO] IPUIPlugin:80 - create IPUIPlugin
2024-08-15 00:02:46,333 [INFO] PluginManager:220 - loadIPPluginJar : add dfsdm
2024-08-15 00:02:46,362 [INFO] IPUIPlugin:80 - create IPUIPlugin
2024-08-15 00:02:46,362 [INFO] PluginManager:220 - loadIPPluginJar : add stm32_wpan
2024-08-15 00:02:46,367 [INFO] IPUIPlugin:80 - create IPUIPlugin
2024-08-15 00:02:46,368 [INFO] PluginManager:220 - loadIPPluginJar : add cryp
2024-08-15 00:02:46,537 [INFO] CADModel:165 - CPN selected for project level
2024-08-15 00:02:46,538 [INFO] CADModel:114 - Register for checkConnection events
2024-08-15 00:02:46,539 [FATAL] Updater:334 - Updater called before beeing initialized
2024-08-15 00:02:46,539 [ERROR] CADModel:125 - Updater not yet initialized, retry later 
2024-08-15 00:02:46,908 [INFO] CADModel:165 - CPN selected for project level
2024-08-15 00:02:46,909 [INFO] CADModel:114 - Register for checkConnection events
2024-08-15 00:02:46,909 [FATAL] Updater:334 - Updater called before beeing initialized
2024-08-15 00:02:46,909 [ERROR] CADModel:125 - Updater not yet initialized, retry later 
2024-08-15 00:02:46,916 [FATAL] Updater:334 - Updater called before beeing initialized
2024-08-15 00:02:47,269 [FATAL] Updater:334 - Updater called before beeing initialized
2024-08-15 00:02:47,280 [INFO] DbMcusAds:53 - JSON generation date=Thu May 16 11:22:00 CEST 2024 (1715851320667)
2024-08-15 00:02:47,281 [FATAL] Updater:334 - Updater called before beeing initialized
2024-08-15 00:02:47,431 [WARN] DetailPanel:346 - Failed to get advertising image, set to default
2024-08-15 00:02:47,723 [INFO] ThirdPartyUpdaterWithRetryManager:70 - Updater plugin not ready yet. [2/15]
2024-08-15 00:02:47,783 [FATAL] Updater:334 - Updater called before beeing initialized
2024-08-15 00:02:47,786 [FATAL] Updater:334 - Updater called before beeing initialized
2024-08-15 00:02:47,786 [FATAL] Updater:334 - Updater called before beeing initialized
2024-08-15 00:02:47,786 [WARN] DetailPanel:346 - Failed to get advertising image, set to default
2024-08-15 00:02:47,788 [FATAL] Updater:334 - Updater called before beeing initialized
2024-08-15 00:02:47,944 [ERROR] Updater:1164 - MainUpdater not yet initialized. External WinMGr cannot be set.
2024-08-15 00:02:47,955 [INFO] Updater:1100 - Updater Version found : 6.12.0
2024-08-15 00:02:48,012 [INFO] ApplicationProperties:184 - Using Application install path: /opt/st/stm32cubeide_1.16.0/plugins/com.st.stm32cube.common.mx_6.12.0.202406281431
2024-08-15 00:02:48,776 [INFO] MainUpdater:2873 - connection check result : 10
2024-08-15 00:02:48,778 [INFO] MainUpdater:290 - Updater Check For Update Now.
2024-08-15 00:02:48,778 [INFO] MicroXplorer:498 - Change Database Version : DB.6.0.120
2024-08-15 00:02:48,791 [INFO] McuFinderGlobals:63 - Set McuFinder mode to 2 (CubeIDE integrated)
2024-08-15 00:02:48,792 [INFO] UserAuth:417 - Internet connection configuration mode: 1
2024-08-15 00:02:48,838 [INFO] JxBrowserEngine:152 - Initiate JxBrowser Engine with user profile folder
2024-08-15 00:02:49,326 [INFO] CheckServerUpdateThread:120 - End of CheckServer Thread
2024-08-15 00:02:49,394 [INFO] MainUpdater:2873 - connection check result : 10
2024-08-15 00:02:49,395 [INFO] MainUpdater:2873 - connection check result : 10
2024-08-15 00:02:49,643 [INFO] RulesReader:64 - Compatibility file has been processed (297 Rules)
2024-08-15 00:02:49,746 [INFO] RulesReader:64 - Compatibility file has been processed (297 Rules)
2024-08-15 00:02:49,766 [INFO] MicroXplorer:468 - Change Database Path : 
2024-08-15 00:02:49,766 [INFO] MicroXplorer:498 - Change Database Version : DB.6.0.120
2024-08-15 00:02:49,825 [WARN] ThirdParty:871 - waiting for thirdparty lock release [close project]
2024-08-15 00:02:51,676 [WARN] PackLoader:240 - Cannot read IP mode file for STMicroelectronics.FP-SNS-MOTENVWB1.1.4.0
2024-08-15 00:02:51,716 [WARN] PackLoader:240 - Cannot read IP mode file for STMicroelectronics.X-CUBE-SMBUS.2.1.0
2024-08-15 00:02:51,721 [INFO] WebApp:167 - Instantiating new browser for Auth
2024-08-15 00:02:52,145 [WARN] PackLoader:240 - Cannot read IP mode file for STMicroelectronics.X-CUBE-AZRTOS-F7.1.1.0
2024-08-15 00:02:52,206 [WARN] PackLoader:240 - Cannot read IP mode file for STMicroelectronics.FP-SNS-FLIGHT1.5.0.2
2024-08-15 00:02:52,250 [WARN] PackLoader:240 - Cannot read IP mode file for STMicroelectronics.X-CUBE-DISPLAY.3.0.0
2024-08-15 00:02:52,358 [WARN] PackLoader:240 - Cannot read IP mode file for STMicroelectronics.X-CUBE-BLE1.7.0.0
2024-08-15 00:02:52,403 [WARN] PackLoader:240 - Cannot read IP mode file for emotas.I-CUBE-CANOPEN.1.3.0
2024-08-15 00:02:52,522 [WARN] PackLoader:240 - Cannot read IP mode file for STMicroelectronics.X-CUBE-BLEMGR.3.1.0
2024-08-15 00:02:52,599 [WARN] PackLoader:240 - Cannot read IP mode file for STMicroelectronics.FP-SNS-SMARTAG2.1.2.0
2024-08-15 00:02:52,643 [INFO] LogOutputStream:77 - [STDOUT_REDIRECT] 1 : Invalid condition id : UX_CORESTACK_Condition cause : null
2024-08-15 00:02:52,646 [INFO] LogOutputStream:77 - [STDOUT_REDIRECT] 1 : Invalid condition id : UX_CORESTACK_Condition cause : null
2024-08-15 00:02:52,646 [INFO] LogOutputStream:77 - [STDOUT_REDIRECT] 1 : Invalid condition id : UX_CORESTACK_Condition cause : null
2024-08-15 00:02:52,649 [INFO] LogOutputStream:77 - [STDOUT_REDIRECT] 1 : Invalid condition id : UX_CORESTACK_Condition cause : null
2024-08-15 00:02:52,652 [INFO] LogOutputStream:77 - [STDOUT_REDIRECT] 1 : Invalid condition id : UX_CORESTACK_Condition cause : null
2024-08-15 00:02:52,676 [WARN] PackLoader:240 - Cannot read IP mode file for STMicroelectronics.X-CUBE-AZRTOS-WL.2.0.0
2024-08-15 00:02:52,712 [WARN] PackLoader:240 - Cannot read IP mode file for STMicroelectronics.FP-SNS-MOTENV1.5.0.0
2024-08-15 00:02:52,728 [WARN] PackLoader:240 - Cannot read IP mode file for wolfSSL.I-CUBE-wolfMQTT.1.19.0
2024-08-15 00:02:52,769 [WARN] PackLoader:240 - Cannot read IP mode file for WES.I-CUBE-Cesium.1.3.0
2024-08-15 00:02:52,794 [WARN] PackLoader:240 - Cannot read IP mode file for STMicroelectronics.X-CUBE-BLE2.3.3.0
2024-08-15 00:02:52,812 [WARN] PackLoader:240 - Cannot read IP mode file for STMicroelectronics.X-CUBE-TCPP.4.1.0
2024-08-15 00:02:52,927 [WARN] PackLoader:240 - Cannot read IP mode file for STMicroelectronics.X-CUBE-AZRTOS-G0.1.1.0
2024-08-15 00:02:52,981 [WARN] PackLoader:240 - Cannot read IP mode file for STMicroelectronics.X-CUBE-SAFEA1.1.2.2
2024-08-15 00:02:53,009 [WARN] PackLoader:240 - Cannot read IP mode file for STMicroelectronics.X-CUBE-NFC4.3.0.0
2024-08-15 00:02:53,074 [WARN] PackLoader:240 - Cannot read IP mode file for EmbeddedOffice.I-CUBE-FS-RTOS.1.0.1
2024-08-15 00:02:53,075 [ERROR] ConditionMgr:805 - Attr not supported : Dmpu
2024-08-15 00:02:53,076 [ERROR] ConditionMgr:805 - Attr not supported : Dmpu
2024-08-15 00:02:53,076 [ERROR] ConditionMgr:805 - Attr not supported : Dmpu
2024-08-15 00:02:53,076 [ERROR] ConditionMgr:805 - Attr not supported : Dmpu
2024-08-15 00:02:53,076 [ERROR] ConditionMgr:805 - Attr not supported : Dmpu
2024-08-15 00:02:53,076 [ERROR] ConditionMgr:805 - Attr not supported : Dmpu
2024-08-15 00:02:53,076 [ERROR] ConditionMgr:805 - Attr not supported : Dmpu
2024-08-15 00:02:53,077 [ERROR] ConditionMgr:805 - Attr not supported : Dmpu
2024-08-15 00:02:53,093 [ERROR] ConditionMgr:805 - Attr not supported : Dmpu
2024-08-15 00:02:53,093 [ERROR] ConditionMgr:805 - Attr not supported : Dmpu
2024-08-15 00:02:53,094 [ERROR] ConditionMgr:805 - Attr not supported : Dmpu
2024-08-15 00:02:53,094 [ERROR] ConditionMgr:805 - Attr not supported : Dmpu
2024-08-15 00:02:53,094 [ERROR] ConditionMgr:805 - Attr not supported : Dmpu
2024-08-15 00:02:53,094 [ERROR] ConditionMgr:805 - Attr not supported : Dmpu
2024-08-15 00:02:53,094 [ERROR] ConditionMgr:805 - Attr not supported : Dmpu
2024-08-15 00:02:53,095 [ERROR] ConditionMgr:805 - Attr not supported : Dmpu
2024-08-15 00:02:53,095 [ERROR] ConditionMgr:805 - Attr not supported : Dmpu
2024-08-15 00:02:53,095 [ERROR] ConditionMgr:805 - Attr not supported : Dmpu
2024-08-15 00:02:53,095 [ERROR] ConditionMgr:805 - Attr not supported : Dmpu
2024-08-15 00:02:53,095 [ERROR] ConditionMgr:805 - Attr not supported : Dmpu
2024-08-15 00:02:53,095 [ERROR] ConditionMgr:805 - Attr not supported : Dmpu
2024-08-15 00:02:53,095 [ERROR] ConditionMgr:805 - Attr not supported : Dmpu
2024-08-15 00:02:53,096 [ERROR] ConditionMgr:805 - Attr not supported : Dmpu
2024-08-15 00:02:53,096 [ERROR] ConditionMgr:805 - Attr not supported : Dmpu
2024-08-15 00:02:53,096 [ERROR] ConditionMgr:805 - Attr not supported : Dmpu
2024-08-15 00:02:53,096 [ERROR] ConditionMgr:805 - Attr not supported : Dmpu
2024-08-15 00:02:53,096 [ERROR] ConditionMgr:805 - Attr not supported : Dmpu
2024-08-15 00:02:53,097 [ERROR] ConditionMgr:805 - Attr not supported : Dmpu
2024-08-15 00:02:53,097 [ERROR] ConditionMgr:805 - Attr not supported : Dmpu
2024-08-15 00:02:53,097 [ERROR] ConditionMgr:805 - Attr not supported : Dmpu
2024-08-15 00:02:53,097 [ERROR] ConditionMgr:805 - Attr not supported : Dmpu
2024-08-15 00:02:53,097 [ERROR] ConditionMgr:805 - Attr not supported : Dmpu
2024-08-15 00:02:53,097 [ERROR] ConditionMgr:805 - Attr not supported : Dmpu
2024-08-15 00:02:53,098 [ERROR] ConditionMgr:805 - Attr not supported : Dmpu
2024-08-15 00:02:53,098 [ERROR] ConditionMgr:805 - Attr not supported : Dmpu
2024-08-15 00:02:53,098 [ERROR] ConditionMgr:805 - Attr not supported : Dmpu
2024-08-15 00:02:53,098 [ERROR] ConditionMgr:805 - Attr not supported : Dmpu
2024-08-15 00:02:53,098 [ERROR] ConditionMgr:805 - Attr not supported : Dmpu
2024-08-15 00:02:53,099 [ERROR] ConditionMgr:805 - Attr not supported : Dmpu
2024-08-15 00:02:53,099 [ERROR] ConditionMgr:805 - Attr not supported : Dmpu
2024-08-15 00:02:53,099 [ERROR] ConditionMgr:805 - Attr not supported : Dmpu
2024-08-15 00:02:53,099 [ERROR] ConditionMgr:805 - Attr not supported : Dmpu
2024-08-15 00:02:53,099 [ERROR] ConditionMgr:805 - Attr not supported : Dmpu
2024-08-15 00:02:53,099 [ERROR] ConditionMgr:805 - Attr not supported : Dmpu
2024-08-15 00:02:53,100 [ERROR] ConditionMgr:805 - Attr not supported : Dmpu
2024-08-15 00:02:53,100 [ERROR] ConditionMgr:805 - Attr not supported : Dmpu
2024-08-15 00:02:53,100 [ERROR] ConditionMgr:805 - Attr not supported : Dmpu
2024-08-15 00:02:53,100 [ERROR] ConditionMgr:805 - Attr not supported : Dmpu
2024-08-15 00:02:53,100 [ERROR] ConditionMgr:805 - Attr not supported : Dmpu
2024-08-15 00:02:53,101 [ERROR] ConditionMgr:805 - Attr not supported : Dmpu
2024-08-15 00:02:53,101 [ERROR] ConditionMgr:805 - Attr not supported : Dmpu
2024-08-15 00:02:53,101 [ERROR] ConditionMgr:805 - Attr not supported : Dmpu
2024-08-15 00:02:53,101 [ERROR] ConditionMgr:805 - Attr not supported : Dmpu
2024-08-15 00:02:53,101 [ERROR] ConditionMgr:805 - Attr not supported : Dmpu
2024-08-15 00:02:53,102 [ERROR] ConditionMgr:805 - Attr not supported : Dmpu
2024-08-15 00:02:53,102 [ERROR] ConditionMgr:805 - Attr not supported : Dmpu
2024-08-15 00:02:53,102 [ERROR] ConditionMgr:805 - Attr not supported : Dmpu
2024-08-15 00:02:53,102 [ERROR] ConditionMgr:805 - Attr not supported : Dmpu
2024-08-15 00:02:53,102 [ERROR] ConditionMgr:805 - Attr not supported : Dmpu
2024-08-15 00:02:53,102 [ERROR] ConditionMgr:805 - Attr not supported : Dmpu
2024-08-15 00:02:53,103 [ERROR] ConditionMgr:805 - Attr not supported : Dmpu
2024-08-15 00:02:53,103 [ERROR] ConditionMgr:805 - Attr not supported : Dmpu
2024-08-15 00:02:53,103 [ERROR] ConditionMgr:805 - Attr not supported : Dmpu
2024-08-15 00:02:53,103 [ERROR] ConditionMgr:805 - Attr not supported : Dmpu
2024-08-15 00:02:53,121 [WARN] PackLoader:240 - Cannot read IP mode file for RealThread.X-CUBE-RT-Thread_Nano.4.1.1
2024-08-15 00:02:53,138 [WARN] PackLoader:240 - Cannot read IP mode file for STMicroelectronics.FP-ATR-SIGFOX1.3.2.0
2024-08-15 00:02:53,161 [WARN] PackLoader:240 - Cannot read IP mode file for wolfSSL.I-CUBE-wolfSSL.5.7.2
2024-08-15 00:02:53,183 [WARN] PackLoader:240 - Cannot read IP mode file for STMicroelectronics.X-CUBE-EEPRMA1.5.1.0
2024-08-15 00:02:53,215 [WARN] PackLoader:240 - Cannot read IP mode file for ITTIA_DB.I-CUBE-ITTIADB.8.9.0
2024-08-15 00:02:53,500 [WARN] PackLoader:240 - Cannot read IP mode file for SEGGER.I-CUBE-embOS.1.3.1
2024-08-15 00:02:53,821 [WARN] PackLoader:240 - Cannot read IP mode file for STMicroelectronics.X-CUBE-ALGOBUILD.1.4.0
2024-08-15 00:02:53,855 [WARN] PackLoader:240 - Cannot read IP mode file for STMicroelectronics.X-CUBE-GNSS1.6.0.0
2024-08-15 00:02:53,960 [WARN] PackLoader:240 - Cannot read IP mode file for STMicroelectronics.X-CUBE-AZRTOS-F4.1.1.0
2024-08-15 00:02:54,008 [WARN] PackLoader:240 - Cannot read IP mode file for STMicroelectronics.X-CUBE-FREERTOS.1.2.0
2024-08-15 00:02:54,072 [WARN] PackLoader:240 - Cannot read IP mode file for STMicroelectronics.X-CUBE-AZRTOS-L5.2.0.0
2024-08-15 00:02:54,135 [WARN] PackLoader:240 - Cannot read IP mode file for STMicroelectronics.X-CUBE-NFC6.3.1.0
2024-08-15 00:02:54,192 [WARN] PackLoader:240 - Cannot read IP mode file for STMicroelectronics.X-CUBE-DPower.1.2.0
2024-08-15 00:02:54,259 [WARN] PackLoader:240 - Cannot read IP mode file for STMicroelectronics.X-CUBE-AI.9.0.0
2024-08-15 00:02:54,312 [WARN] PackLoader:240 - Cannot read IP mode file for STMicroelectronics.X-CUBE-NFC7.1.0.1
2024-08-15 00:02:54,377 [WARN] PackLoader:240 - Cannot read IP mode file for wolfSSL.I-CUBE-wolfTPM.3.2.0
2024-08-15 00:02:54,581 [WARN] ConditionMgr:438 - getConditionDescription Invalid condition id : LAN8742 Phy interface Condition cause : null
2024-08-15 00:02:54,587 [WARN] PackLoader:240 - Cannot read IP mode file for STMicroelectronics.X-CUBE-AZRTOS-L4.2.0.0
2024-08-15 00:02:54,619 [WARN] ConditionMgr:1039 - genDependencies : Invalid condition id : LAN8742 Phy interface Condition cause : null
2024-08-15 00:02:54,620 [WARN] ConditionMgr:1039 - genDependencies : Invalid condition id : LAN8742 Phy interface Condition cause : null
2024-08-15 00:02:54,633 [WARN] ConditionMgr:1039 - genDependencies : Invalid condition id : LAN8742 Phy interface Condition cause : null
2024-08-15 00:02:54,696 [WARN] PackLoader:240 - Cannot read IP mode file for STMicroelectronics.X-CUBE-SFXS2LP1.4.0.0
2024-08-15 00:02:54,842 [WARN] ConditionMgr:438 - getConditionDescription Invalid condition id : UX DEVICE CLASS RTOS Condition cause : null
2024-08-15 00:02:54,843 [WARN] ConditionMgr:438 - getConditionDescription Invalid condition id : UX DEVICE CLASS RTOS Condition cause : null
2024-08-15 00:02:54,868 [WARN] PackLoader:240 - Cannot read IP mode file for STMicroelectronics.X-CUBE-AZRTOS-WB.2.0.0
2024-08-15 00:02:54,878 [WARN] ConditionMgr:1039 - genDependencies : Invalid condition id : UX DEVICE CLASS RTOS Condition cause : null
2024-08-15 00:02:54,888 [WARN] ConditionMgr:1039 - genDependencies : Invalid condition id : UX DEVICE CLASS RTOS Condition cause : null
2024-08-15 00:02:54,897 [WARN] ConditionMgr:1039 - genDependencies : Invalid condition id : UX DEVICE CLASS RTOS Condition cause : null
2024-08-15 00:02:54,900 [WARN] ConditionMgr:1039 - genDependencies : Invalid condition id : UX DEVICE CLASS RTOS Condition cause : null
2024-08-15 00:02:54,905 [WARN] ConditionMgr:1039 - genDependencies : Invalid condition id : UX DEVICE CLASS RTOS Condition cause : null
2024-08-15 00:02:54,908 [INFO] WebApp:448 - Apply proxy settings
2024-08-15 00:02:54,908 [INFO] WebApp:533 - Chromium requires no authentication
2024-08-15 00:02:54,939 [INFO] WebApp:476 - Direct internet connection detected
2024-08-15 00:02:54,939 [WARN] PackLoader:240 - Cannot read IP mode file for STMicroelectronics.FP-SNS-STBOX1.2.0.0
2024-08-15 00:02:55,038 [WARN] PackLoader:240 - Cannot read IP mode file for STMicroelectronics.X-CUBE-SUBG2.5.0.0
2024-08-15 00:02:55,057 [INFO] WebApp:869 - Register for checkConnection events
2024-08-15 00:02:55,058 [INFO] WebApp:448 - Apply proxy settings
2024-08-15 00:02:55,058 [INFO] WebApp:533 - Chromium requires no authentication
2024-08-15 00:02:55,060 [INFO] WebApp:476 - Direct internet connection detected
2024-08-15 00:02:55,109 [WARN] PackLoader:240 - Cannot read IP mode file for Cesanta.I-CUBE-Mongoose.7.13.0
2024-08-15 00:02:55,299 [INFO] WebApp:186 - Connection restablished
2024-08-15 00:02:55,356 [WARN] PackLoader:240 - Cannot read IP mode file for STMicroelectronics.X-CUBE-AZRTOS-G4.2.0.0
2024-08-15 00:02:55,432 [WARN] PackLoader:240 - Cannot read IP mode file for STMicroelectronics.X-CUBE-ISPU.2.0.0
2024-08-15 00:02:55,478 [WARN] PackLoader:240 - Cannot read IP mode file for STMicroelectronics.X-CUBE-ALS.1.0.2
2024-08-15 00:02:55,941 [WARN] PackLoader:240 - Cannot read IP mode file for STMicroelectronics.X-CUBE-MEMS1.10.0.0
2024-08-15 00:02:56,645 [INFO] WebApp:220 - Starting web application
2024-08-15 00:02:56,649 [INFO] WebApp:578 - Web application path used /opt/st/stm32cubeide_1.16.0/plugins/com.st.stm32cube.common.mx_6.12.0.202406281431/db/plugins/mcufinder/reactClient1/index.html
2024-08-15 00:02:57,307 [INFO] UserAuth:417 - Internet connection configuration mode: 1
2024-08-15 00:02:57,718 [WARN] PackLoader:240 - Cannot read IP mode file for STMicroelectronics.X-CUBE-TOUCHGFX.4.24.0
2024-08-15 00:02:57,739 [WARN] PackLoader:240 - Cannot read IP mode file for portGmbH.I-Cube-SoM-uGOAL.1.1.0
2024-08-15 00:02:57,818 [WARN] PackLoader:240 - Cannot read IP mode file for STMicroelectronics.X-CUBE-AZRTOS-H7RS.1.0.0
2024-08-15 00:02:57,843 [WARN] PackLoader:240 - Cannot read IP mode file for STMicroelectronics.FP-ATR-ASTRA1.2.0.0
2024-08-15 00:02:57,885 [WARN] PackLoader:240 - Cannot read IP mode file for STMicroelectronics.X-CUBE-TOF1.3.4.2
2024-08-15 00:02:58,146 [WARN] PackLoader:240 - Cannot read IP mode file for STMicroelectronics.X-CUBE-AZRTOS-H7.3.2.0
2024-08-15 00:02:58,230 [WARN] PackLoader:240 - Cannot read IP mode file for Infineon.AIROC-Wi-Fi-Bluetooth-STM32.1.6.0
2024-08-15 00:02:58,253 [WARN] PackLoader:240 - Cannot read IP mode file for wolfSSL.I-CUBE-wolfSSH.1.4.17
2024-08-15 00:02:58,254 [INFO] ThirdParty:978 - Integrity check success = true
2024-08-15 00:02:58,255 [INFO] IntegrityCheckThread:100 - exiting critical section [integrity check]
2024-08-15 00:02:58,255 [INFO] ThirdParty:873 - entering critical section [close project]
2024-08-15 00:02:58,257 [INFO] ThirdParty:883 - exiting critical section [close project]
2024-08-15 00:02:58,265 [INFO] PinOutPanel:1561 - setPackage(No Configuration,No Configuration)
2024-08-15 00:02:58,266 [INFO] IntegrityCheckThread:103 - End integrity checks thread
2024-08-15 00:02:58,282 [INFO] UtilMem:75 - Begin LoadConfig() Used Memory: 339064888 Bytes (625999872)
2024-08-15 00:02:58,295 [INFO] MicroXplorer:468 - Change Database Path : 
2024-08-15 00:02:58,295 [INFO] MicroXplorer:498 - Change Database Version : DB.6.0.120
2024-08-15 00:02:58,295 [INFO] OpenFileManager:332 - Change cursor
2024-08-15 00:02:58,537 [INFO] Mcu:2032 - Initializing MCU STM32MP151AACx STM32MP151AACx STM32MP151AAC3
2024-08-15 00:03:14,735 [INFO] Context:742 - Trying to add GPIOservice into a context  which must be forbidden
2024-08-15 00:03:14,735 [INFO] Context:742 - Trying to add GPIOservice into a context  which must be forbidden
2024-08-15 00:03:20,977 [INFO] Context:742 - Trying to add GPIOservice into a context  which must be forbidden
2024-08-15 00:03:20,988 [WARN] Context:815 - Trying to set SPI twice on same context CortexA7NS
2024-08-15 00:03:20,989 [INFO] Context:742 - Trying to add GPIOservice into a context  which must be forbidden
2024-08-15 00:03:23,246 [INFO] RtosManager:555 - Registered RTOS mode: class=CMSIS, group=RTOS, mode=CMSIS_V1, owner=FREERTOS
2024-08-15 00:03:23,247 [INFO] RtosManager:555 - Registered RTOS mode: class=CMSIS, group=RTOS2, mode=CMSIS_V2, owner=FREERTOS
2024-08-15 00:03:23,250 [INFO] RtosManager:555 - Registered RTOS mode: class=RTOS, group=Core, mode=CMSIS_V1, owner=FREERTOS
2024-08-15 00:03:23,250 [INFO] RtosManager:555 - Registered RTOS mode: class=RTOS, group=Core, mode=CMSIS_V2, owner=FREERTOS
2024-08-15 00:03:23,251 [WARN] ModelIntegratedComponent:184 - Missing modes for component STMicroelectronics:FreeRTOS:0.0.1:STMicroelectronics:RTOS:FreeRTOS:Core:::10.2.0:
2024-08-15 00:03:23,323 [WARN] ModelIntegratedComponent:63 - No mode defined for component null
2024-08-15 00:03:23,323 [WARN] ModelIntegratedComponent:63 - No mode defined for component null
2024-08-15 00:03:23,324 [WARN] ModelIntegratedComponent:63 - No mode defined for component null
2024-08-15 00:03:23,325 [WARN] ModelIntegratedComponent:63 - No mode defined for component null
2024-08-15 00:03:23,325 [WARN] ModelIntegratedComponent:63 - No mode defined for component null
2024-08-15 00:03:23,326 [WARN] ModelIntegratedComponent:63 - No mode defined for component null
2024-08-15 00:03:23,326 [WARN] ModelIntegratedComponent:63 - No mode defined for component null
2024-08-15 00:03:23,327 [WARN] ModelIntegratedComponent:63 - No mode defined for component null
2024-08-15 00:03:23,327 [WARN] ModelIntegratedComponent:63 - No mode defined for component null
2024-08-15 00:03:23,327 [WARN] ModelIntegratedComponent:63 - No mode defined for component null
2024-08-15 00:03:23,327 [WARN] ModelIntegratedComponent:63 - No mode defined for component null
2024-08-15 00:03:23,327 [WARN] ModelIntegratedComponent:63 - No mode defined for component null
2024-08-15 00:03:23,328 [WARN] ModelIntegratedComponent:63 - No mode defined for component null
2024-08-15 00:03:23,332 [WARN] ModelIntegratedComponent:63 - No mode defined for component null
2024-08-15 00:03:23,332 [WARN] ModelIntegratedComponent:63 - No mode defined for component null
2024-08-15 00:03:23,332 [WARN] ModelIntegratedComponent:63 - No mode defined for component null
2024-08-15 00:03:23,332 [WARN] ModelIntegratedComponent:63 - No mode defined for component null
2024-08-15 00:03:23,332 [WARN] ModelIntegratedComponent:63 - No mode defined for component null
2024-08-15 00:03:23,332 [WARN] ModelIntegratedComponent:63 - No mode defined for component null
2024-08-15 00:03:23,333 [WARN] ModelIntegratedComponent:63 - No mode defined for component null
2024-08-15 00:03:23,333 [WARN] ModelIntegratedComponent:63 - No mode defined for component null
2024-08-15 00:03:23,333 [WARN] ModelIntegratedComponent:63 - No mode defined for component null
2024-08-15 00:03:23,333 [WARN] ModelIntegratedComponent:63 - No mode defined for component null
2024-08-15 00:03:23,333 [WARN] ModelIntegratedComponent:63 - No mode defined for component null
2024-08-15 00:03:23,333 [WARN] ModelIntegratedComponent:63 - No mode defined for component null
2024-08-15 00:03:23,333 [WARN] ModelIntegratedComponent:63 - No mode defined for component null
2024-08-15 00:03:23,334 [WARN] ModelIntegratedComponent:63 - No mode defined for component null
2024-08-15 00:03:23,334 [WARN] ModelIntegratedComponent:63 - No mode defined for component null
2024-08-15 00:03:23,334 [WARN] ModelIntegratedComponent:63 - No mode defined for component null
2024-08-15 00:03:23,334 [WARN] ModelIntegratedComponent:63 - No mode defined for component null
2024-08-15 00:03:23,334 [WARN] ModelIntegratedComponent:63 - No mode defined for component null
2024-08-15 00:03:23,334 [WARN] ModelIntegratedComponent:63 - No mode defined for component null
2024-08-15 00:03:23,345 [WARN] ModelIntegratedComponent:63 - No mode defined for component null
2024-08-15 00:03:23,345 [WARN] ModelIntegratedComponent:63 - No mode defined for component null
2024-08-15 00:03:23,345 [WARN] ModelIntegratedComponent:63 - No mode defined for component null
2024-08-15 00:03:23,346 [WARN] ModelPack:524 - Component already loaded: STMicroelectronics:HAL Drivers:0.0.0:STMicroelectronics:Device:STMicro_Driver:XSPI:HAL::0.0.1:HAL_XSPI
2024-08-15 00:03:25,003 [INFO] ThirdPartyModel:298 - Start build external matchings
2024-08-15 00:03:28,329 [INFO] ThirdPartyModel:316 - End build external matchings
2024-08-15 00:03:29,163 [INFO] ImportTextPane:205 - (OptionalMessage_ERROR) IP (RCC) : Invalid parameter (FamilyName)
2024-08-15 00:03:29,168 [INFO] ImportTextPane:205 - (OptionalMessage_ERROR) IP (RCC) : Parameter (PLLDSIVCOFreq_Value) has invalid value (960000000)
2024-08-15 00:03:32,092 [INFO] ApiDb:581 - Connected to CubeFinder SQLite database (/home/lubuntu/.stmcufinder/plugins/mcufinder/mcu/cube-finder-db.db)
2024-08-15 00:03:32,436 [INFO] ApiDb:668 - CubeFinder database Data Model version=2.1
2024-08-15 00:03:32,436 [INFO] ApiDb:669 - CubeFinder database Configuration version=3.0.39
2024-08-15 00:03:32,439 [INFO] ApiDb:670 - CubeFinder database generation date=2024-06-20 (1718880634)
2024-08-15 00:03:32,440 [INFO] ApiDb:671 - CubeFinder database FW Pack versions=[FP-ATR-ASTRA1_V2.0.0, FP-SNS-FLIGHT1_V5.0.2, FP-SNS-MOTENV1_V5.0.0, FP-SNS-MOTENVWB1_V1.4.0, FP-SNS-SMARTAG2_V1.2.0, STM32Cube_FW_C0_V1.2.0, STM32Cube_FW_F4_V1.28.0, STM32Cube_FW_F7_V1.17.2, STM32Cube_FW_G0_V1.6.2, STM32Cube_FW_G4_V1.6.0, STM32Cube_FW_H5_V1.3.0, STM32Cube_FW_H7RS_V1.1.0, STM32Cube_FW_H7_V1.11.2, STM32Cube_FW_L0_V1.12.2, STM32Cube_FW_L5_V1.5.1, STM32Cube_FW_U0_V1.1.0, STM32Cube_FW_U5_V1.6.0, STM32Cube_FW_WB0_V1.0.0, STM32Cube_FW_WBA_V1.4.0, STM32Cube_FW_WB_V1.20.0, STM32Cube_FW_WL_V1.3.0, X-CUBE-ALGOBUILD_V1.4.0, X-CUBE-ALS_V1.0.2, X-CUBE-AZRTOS-F4_V1.1.0, X-CUBE-AZRTOS-F7_V1.1.0, X-CUBE-AZRTOS-G0_V1.1.0, X-CUBE-AZRTOS-G4_V2.0.0, X-CUBE-AZRTOS-H7RS_V1.0.0, X-CUBE-AZRTOS-H7_V3.2.0, X-CUBE-AZRTOS-L4_V2.0.0, X-CUBE-AZRTOS-L5_V1.1.0, X-CUBE-AZRTOS-WB_V2.0.0, X-CUBE-AZRTOS-WL_V2.0.0, X-CUBE-BLE1_V7.0.0, X-CUBE-BLE2_V3.3.0, X-CUBE-BLEMGR_V3.1.0, X-CUBE-EEPRMA1_V5.1.0, X-CUBE-FREERTOS_V1.2.0, X-CUBE-GNSS1_V6.0.0, X-CUBE-MEMS1_V10.0.0, X-CUBE-NFC4_V3.0.0, X-CUBE-NFC7_V1.0.1, X-CUBE-SFXS2LP1_V4.0.0, X-CUBE-SUBG2_V5.0.0, X-CUBE-TOF1_V3.4.1]
2024-08-15 00:03:32,760 [INFO] DbBoardsSqlite:226 - include board P-NUCLEO-WB55-NUCLEO as a kit item of type 'Nucleo-64'
2024-08-15 00:03:32,761 [INFO] DbBoardsSqlite:226 - include board P-NUCLEO-WB55-USBDONGLE as a kit item of type 'Nucleo USB Dongle'
2024-08-15 00:03:32,762 [INFO] DbBoardsSqlite:226 - include board STEVAL-IDP005V1 as a kit item of type 'Evaluation Board'
2024-08-15 00:03:32,762 [INFO] DbBoardsSqlite:226 - include board STEVAL-IDP005V2 as a kit item of type 'Evaluation Board'
2024-08-15 00:03:32,899 [INFO] ApiDb:240 - Found 646 in-development CPN: [B-G473E-ZEST1S, B-WB1M-WPAN1, B-WL5M-SUBG1, NUCLEO-C031C6, NUCLEO-C071RB, NUCLEO-H503RB, NUCLEO-H533RE, NUCLEO-H563ZI, NUCLEO-H7S3L8, NUCLEO-U031R8, NUCLEO-U083RC, NUCLEO-U545RE-Q, NUCLEO-U5A5ZJ-Q, NUCLEO-WB05KZ, NUCLEO-WB07CC, NUCLEO-WB09KE, NUCLEO-WBA52CG, NUCLEO-WBA55CG, STEVAL-PROTEUS1, STEVAL-SMARTAG2, STEVAL-STWINBX1, STM320518-EVAL, STM32C0116-DK, STM32C011D6Y3TR, STM32C011D6Y6TR, STM32C011F4P3, STM32C011F4P6, STM32C011F4U3, STM32C011F4U6TR, STM32C011F6P3, STM32C011F6P6, STM32C011F6U3, STM32C011F6U6TR, STM32C011J4M3, STM32C011J4M6, STM32C011J6M3, STM32C011J6M6, STM32C0316-DK, STM32C031C4T3, STM32C031C4T6, STM32C031C4U3, STM32C031C4U6, STM32C031C6T3, STM32C031C6T6, STM32C031C6U3, STM32C031C6U6, STM32C031F4P3, STM32C031F4P6, STM32C031F6P3, STM32C031F6P6, STM32C031G4U3, STM32C031G4U6, STM32C031G6U3, STM32C031G6U6, STM32C031K4T3, STM32C031K4T6, STM32C031K4U3, STM32C031K4U6, STM32C031K6T3, STM32C031K6T6, STM32C031K6U3, STM32C031K6U6, STM32C071C8T6, STM32C071C8T6N, STM32C071C8U6, STM32C071C8U6N, STM32C071CBT6, STM32C071CBT6N, STM32C071CBU6, STM32C071CBU6N, STM32C071F8P6, STM32C071F8P6N, STM32C071FBP6, STM32C071FBP6N, STM32C071FBY6TR, STM32C071G8U6, STM32C071G8U6N, STM32C071GBU6, STM32C071GBU6N, STM32C071K8T6, STM32C071K8T6N, STM32C071K8U6, STM32C071K8U6N, STM32C071KBT6, STM32C071KBT6N, STM32C071KBU6, STM32C071KBU6N, STM32C071R8T6, STM32C071R8T6N, STM32C071RBI6N, STM32C071RBT6, STM32C071RBT6N, STM32G071K8TXN, STM32G071K8UXN, STM32G081GBU6N, STM32G081KBT6N, STM32G081KBUXN, STM32G0B1CCT6N, STM32G0B1KCT6, STM32G0B1NEY6TR, STM32G0B1RCT6N, STM32G0C1CCT6, STM32G0C1CCT6N, STM32G0C1CCU6N, STM32G0C1CET6N, STM32G0C1CEU6N, STM32G0C1KCT6, STM32G0C1NEY6TR, STM32G0C1RCI6N, STM32G0C1RCT6N, STM32G0C1REI6N, STM32G0C1RET6N, STM32G0C1VCI6, STM32G0C1VEI6, STM32G411C6T3, STM32G411C6T6, STM32G411C6U3, STM32G411C6U6, STM32G411C8T3, STM32G411C8T6, STM32G411C8U3, STM32G411C8U6, STM32G411CBT3, STM32G411CBT6, STM32G411CBU3, STM32G411CBU6, STM32G411K6T3, STM32G411K6T6, STM32G411K6U3, STM32G411K6U6, STM32G411K8T3, STM32G411K8T6, STM32G411K8U3, STM32G411K8U6, STM32G411KBT3, STM32G411KBT6, STM32G411KBU3, STM32G411KBU6, STM32G411M6T3, STM32G411M6T6, STM32G411M8T3, STM32G411M8T6, STM32G411MBT3, STM32G411MBT6, STM32G411R6T3, STM32G411R6T6, STM32G411R8T3, STM32G411R8T6, STM32G411RBT3, STM32G411RBT6, STM32G414CBT3, STM32G414CBT6, STM32G414CBU3, STM32G414CBU6, STM32G414CCT3, STM32G414CCT6, STM32G414CCU3, STM32G414CCU6, STM32G414MBT3, STM32G414MBT6, STM32G414MCT3, STM32G414MCT6, STM32G414RBT3, STM32G414RBT6, STM32G414RCT3, STM32G414RCT6, STM32G414VBT3, STM32G414VBT6, STM32G414VCT3, STM32G414VCT6, STM32G431CBT3Z, STM32G431RBT3Z, STM32G471CCT6, STM32G471CCU6, STM32G471CET3, STM32G471CET6, STM32G471CEU3, STM32G471CEU6, STM32G471MCT6, STM32G471MET3, STM32G471MET6, STM32G471MEY6TR, STM32G471QCT6, STM32G471QET3, STM32G471RCT6, STM32G471RET3, STM32G471RET6, STM32G471VCH6, STM32G471VCI6, STM32G471VCT6, STM32G471VEH3, STM32G471VEH6, STM32G471VEI3, STM32G471VEI6, STM32G471VET3, STM32G471VET6, STM32G473QET3Z, STM32G473RET3Z, STM32G474CCT6, STM32G491RET3Z, STM32H503CBT6, STM32H503CBU6, STM32H503EBY6TR, STM32H503KBU6, STM32H503RBT6, STM32H523CCT6, STM32H523CCU6, STM32H523CET6, STM32H523CEU6, STM32H523HEY6TR, STM32H523RCT6, STM32H523RET6, STM32H523VCI6, STM32H523VCT6, STM32H523VEI6, STM32H523VET6, STM32H523ZCJ6, STM32H523ZCT6, STM32H523ZEJ6, STM32H523ZET6, STM32H533CET6, STM32H533CEU6, STM32H533HEY6TR, STM32H533RET6, STM32H533VEI6, STM32H533VET6, STM32H533ZEJ6, STM32H533ZET6, STM32H562AGI6, STM32H562AII6, STM32H562IGK6, STM32H562IGT6, STM32H562IIK6, STM32H562IIT6, STM32H562RGT6, STM32H562RGV6, STM32H562RIT6, STM32H562RIV6, STM32H562VGT6, STM32H562VIT6, STM32H562ZGT6, STM32H562ZIT6, STM32H563AGI6, STM32H563AII3Q, STM32H563AII6, STM32H563IGK6, STM32H563IGT6, STM32H563IIK3Q, STM32H563IIK6, STM32H563IIT3Q, STM32H563IIT6, STM32H563MIY3QTR, STM32H563RGT6, STM32H563RGV6, STM32H563RIT6, STM32H563RIV6, STM32H563VGT6, STM32H563VIT3Q, STM32H563VIT6, STM32H563ZGT6, STM32H563ZIT3Q, STM32H563ZIT6, STM32H573AII3Q, STM32H573AII6, STM32H573I-DK, STM32H573IIK3Q, STM32H573IIK6, STM32H573IIT3Q, STM32H573IIT6, STM32H573MIY3QTR, STM32H573RIT6, STM32H573RIV6, STM32H573VIT3Q, STM32H573VIT6, STM32H573ZIT3Q, STM32H573ZIT6, STM32H7R3A8I6, STM32H7R3I8K6, STM32H7R3I8T6, STM32H7R3L8H6, STM32H7R3L8H6H, STM32H7R3R8V6, STM32H7R3V8H6, STM32H7R3V8T6, STM32H7R3V8Y6TR, STM32H7R3Z8J6, STM32H7R3Z8T6, STM32H7R7A8I6, STM32H7R7I8K6, STM32H7R7I8T6, STM32H7R7L8H6, STM32H7R7L8H6H, STM32H7R7Z8J6, STM32H7S3A8I6, STM32H7S3I8K6, STM32H7S3I8T6, STM32H7S3L8H6, STM32H7S3L8H6H, STM32H7S3R8V6, STM32H7S3V8H6, STM32H7S3V8T6, STM32H7S3V8Y6TR, STM32H7S3Z8J6, STM32H7S3Z8T6, STM32H7S78-DK, STM32H7S7A8I6, STM32H7S7I8K6, STM32H7S7I8T6, STM32H7S7L8H6, STM32H7S7L8H6H, STM32H7S7Z8J6, STM32L4R5QGI6STR, STM32MP131AAE3, STM32MP131AAF3, STM32MP131AAG3, STM32MP131CAE3, STM32MP131CAF3, STM32MP131CAG3, STM32MP131DAE7, STM32MP131DAF7, STM32MP131DAG7, STM32MP131FAE7, STM32MP131FAF7, STM32MP131FAG7, STM32MP133AAE3, STM32MP133AAF3, STM32MP133AAG3, STM32MP133CAE3, STM32MP133CAF3, STM32MP133CAG3, STM32MP133DAE7, STM32MP133DAF7, STM32MP133DAG7, STM32MP133FAE7, STM32MP133FAF7, STM32MP133FAG7, STM32MP135AAE3, STM32MP135AAF3, STM32MP135AAG3, STM32MP135CAE3, STM32MP135CAF3, STM32MP135CAG3, STM32MP135DAE7, STM32MP135DAF7, STM32MP135DAG7, STM32MP135F-DK, STM32MP135FAE7, STM32MP135FAF7, STM32MP135FAF7T, STM32MP135FAF7U, STM32MP135FAG7, STM32MP251AAI3, STM32MP251AAK3, STM32MP251AAL3, STM32MP251CAI3, STM32MP251CAK3, STM32MP251CAL3, STM32MP251DAI3, STM32MP251DAK3, STM32MP251DAL3, STM32MP251FAI3, STM32MP251FAK3, STM32MP251FAL3, STM32MP253AAI3, STM32MP253AAK3, STM32MP253AAL3, STM32MP253CAI3, STM32MP253CAK3, STM32MP253CAL3, STM32MP253DAI3, STM32MP253DAK3, STM32MP253DAL3, STM32MP253FAI3, STM32MP253FAK3, STM32MP253FAL3, STM32MP255AAI3, STM32MP255AAK3, STM32MP255AAL3, STM32MP255CAI3, STM32MP255CAK3, STM32MP255CAL3, STM32MP255DAI3, STM32MP255DAK3, STM32MP255DAL3, STM32MP255FAI3, STM32MP255FAK3, STM32MP255FAL3, STM32MP257AAI3, STM32MP257AAK3, STM32MP257AAL3, STM32MP257CAI3, STM32MP257CAK3, STM32MP257CAL3, STM32MP257DAI3, STM32MP257DAK3, STM32MP257DAL3, STM32MP257F-DK, STM32MP257F-EV1, STM32MP257FAI3, STM32MP257FAK3, STM32MP257FAL3, STM32U031C6T6, STM32U031C6U6, STM32U031C8T6, STM32U031C8U6, STM32U031F4P6, STM32U031F6P6, STM32U031F8P6, STM32U031G6Y6TR, STM32U031G8Y6TR, STM32U031K4U6, STM32U031K6U6, STM32U031K8U6, STM32U031R6I6, STM32U031R6T6, STM32U031R8I6, STM32U031R8T6, STM32U073C8T6, STM32U073C8U6, STM32U073CBT6, STM32U073CBU6, STM32U073CCT6, STM32U073CCU6, STM32U073H8Y6TR, STM32U073HBY6TR, STM32U073HCY6TR, STM32U073K8U6, STM32U073KBU6, STM32U073KCU6, STM32U073M8I6, STM32U073M8T6, STM32U073MBI6, STM32U073MBT6, STM32U073MCI6, STM32U073MCT6, STM32U073R8I6, STM32U073R8T6, STM32U073RBI6, STM32U073RBT6, STM32U073RCI6, STM32U073RCT6, STM32U083C-DK, STM32U083CCT6, STM32U083CCU6, STM32U083HCY6TR, STM32U083KCU6, STM32U083MCI6, STM32U083MCT6, STM32U083RCI6, STM32U083RCT6, STM32U535CBT6, STM32U535CBT6Q, STM32U535CBU6, STM32U535CBU6Q, STM32U535CCT6, STM32U535CCT6Q, STM32U535CCU6, STM32U535CCU6Q, STM32U535CET6, STM32U535CET6Q, STM32U535CEU6, STM32U535CEU6Q, STM32U535JEY6QTR, STM32U535NCY6QTR, STM32U535NEY6QTR, STM32U535RBI6, STM32U535RBI6Q, STM32U535RBT6, STM32U535RBT6Q, STM32U535RCI6, STM32U535RCI6Q, STM32U535RCT6, STM32U535RCT6Q, STM32U535REI6, STM32U535REI6Q, STM32U535RET6, STM32U535RET6Q, STM32U535VCI6, STM32U535VCI6Q, STM32U535VCT6, STM32U535VCT6Q, STM32U535VEI6, STM32U535VEI6Q, STM32U535VET6, STM32U535VET6Q, STM32U545CET6, STM32U545CET6Q, STM32U545CEU6, STM32U545CEU6Q, STM32U545JEY6QTR, STM32U545NEY6QTR, STM32U545REI6, STM32U545REI6Q, STM32U545RET6, STM32U545RET6Q, STM32U545VEI6, STM32U545VEI6Q, STM32U545VET6, STM32U545VET6Q, STM32U595AIH6, STM32U595AIH6Q, STM32U595AJH6, STM32U595AJH6Q, STM32U595QII6, STM32U595QII6Q, STM32U595QJI6, STM32U595QJI6Q, STM32U595RIT6, STM32U595RIT6Q, STM32U595RJT6, STM32U595RJT6Q, STM32U595VIT6, STM32U595VIT6Q, STM32U595VJT6, STM32U595VJT6Q, STM32U595ZIT6, STM32U595ZIT6Q, STM32U595ZIY6QTR, STM32U595ZJT6, STM32U595ZJT6Q, STM32U595ZJY6QTR, STM32U599BJY6QTR, STM32U599NIH6Q, STM32U599NJH6Q, STM32U599VIT6Q, STM32U599VJT6, STM32U599VJT6Q, STM32U599ZIT6Q, STM32U599ZIY6QTR, STM32U599ZJT6Q, STM32U599ZJY6QTR, STM32U5A5AJH6, STM32U5A5AJH6Q, STM32U5A5QII3Q , STM32U5A5QJI6, STM32U5A5QJI6Q, STM32U5A5RJT6, STM32U5A5RJT6Q, STM32U5A5VJT6, STM32U5A5VJT6Q, STM32U5A5ZJT6, STM32U5A5ZJT6Q, STM32U5A5ZJY6QTR, STM32U5A9BJY6QTR, STM32U5A9J-DK, STM32U5A9NJH6Q, STM32U5A9VJT6Q, STM32U5A9ZJT6Q, STM32U5A9ZJY6QTR, STM32U5F7VIT6, STM32U5F7VIT6Q, STM32U5F7VJT6, STM32U5F7VJT6Q, STM32U5F9BJY6QTR, STM32U5F9NJH6Q, STM32U5F9VIT6Q, STM32U5F9VJT6Q, STM32U5F9ZIJ6QTR, STM32U5F9ZIT6Q, STM32U5F9ZJJ6QTR, STM32U5F9ZJT6Q, STM32U5G7VJT6, STM32U5G7VJT6Q, STM32U5G9BJY6QTR, STM32U5G9J-DK1, STM32U5G9J-DK2, STM32U5G9NJH6Q, STM32U5G9VJT6Q, STM32U5G9ZJJ6QTR, STM32U5G9ZJT6Q, STM32WB05KZV6TR, STM32WB05KZV7TR, STM32WB05TZF6TR, STM32WB05TZF7TR, STM32WB06CCF6TR, STM32WB06CCF7TR, STM32WB06CCV6TR, STM32WB06CCV7TR, STM32WB06KCV6TR, STM32WB06KCV7TR, STM32WB07CCF6TR, STM32WB07CCF7TR, STM32WB07CCV6TR, STM32WB07CCV7TR, STM32WB07KCV6TR, STM32WB07KCV7TR, STM32WB09KEV6TR, STM32WB09KEV7TR, STM32WB09TEF6TR, STM32WB09TEF7TR, STM32WB1MMCH6, STM32WBA50KGU6, STM32WBA50KGU6TR, STM32WBA52CEU6, STM32WBA52CEU6TR, STM32WBA52CEU7, STM32WBA52CEU7TR, STM32WBA52CGU6, STM32WBA52CGU6TR, STM32WBA52CGU6U, STM32WBA52CGU7, STM32WBA52CGU7TR, STM32WBA52KEU6, STM32WBA52KEU6TR, STM32WBA52KGU6, STM32WBA52KGU6TR, STM32WBA54CEU6, STM32WBA54CEU6TR, STM32WBA54CEU7, STM32WBA54CEU7TR, STM32WBA54CGU6, STM32WBA54CGU6TR, STM32WBA54CGU7, STM32WBA54CGU7TR, STM32WBA54KEU6, STM32WBA54KEU6TR, STM32WBA54KEU7, STM32WBA54KEU7TR, STM32WBA54KGU6, STM32WBA54KGU6TR, STM32WBA54KGU7, STM32WBA54KGU7TR, STM32WBA55CEU6, STM32WBA55CEU6TR, STM32WBA55CEU7, STM32WBA55CEU7TR, STM32WBA55CGU6, STM32WBA55CGU6TR, STM32WBA55CGU6U, STM32WBA55CGU7, STM32WBA55CGU7TR, STM32WBA55G-DK1, STM32WBA55HEF6, STM32WBA55HEF7, STM32WBA55HGF6, STM32WBA55HGF7, STM32WBA55UEI6, STM32WBA55UEI6TR, STM32WBA55UEI7, STM32WBA55UEI7TR, STM32WBA55UGI6, STM32WBA55UGI6TR, STM32WBA55UGI7, STM32WBA55UGI7TR, STM32WL5MOCH6, STM32WL5MOCH6TR]
2024-08-15 00:03:33,614 [INFO] BoardInfo:889 - No configuration file found for board P-NUCLEO-WB55
2024-08-15 00:03:33,614 [INFO] DbBoards:161 - Kit is not supported: P-NUCLEO-WB55
2024-08-15 00:03:33,636 [INFO] BoardInfo:889 - No configuration file found for board STEVAL-BFA001V1B
2024-08-15 00:03:33,637 [INFO] DbBoards:161 - Kit is not supported: STEVAL-BFA001V1B
2024-08-15 00:03:33,644 [INFO] BoardInfo:889 - No configuration file found for board STEVAL-BFA001V2B
2024-08-15 00:03:33,644 [INFO] DbBoards:161 - Kit is not supported: STEVAL-BFA001V2B
2024-08-15 00:03:34,545 [INFO] DbBoards:168 - Found 201 boards, 198 are supported
2024-08-15 00:03:34,546 [INFO] DbBoards:169 - Found 201 boards, 25 of them is supported for  Bsp
2024-08-15 00:03:34,591 [INFO] ApiDb:668 - CubeFinder database Data Model version=2.1
2024-08-15 00:03:34,591 [INFO] ApiDb:669 - CubeFinder database Configuration version=3.0.39
2024-08-15 00:03:34,591 [INFO] ApiDb:670 - CubeFinder database generation date=2024-06-20 (1718880634)
2024-08-15 00:03:34,592 [INFO] ApiDb:671 - CubeFinder database FW Pack versions=[FP-ATR-ASTRA1_V2.0.0, FP-SNS-FLIGHT1_V5.0.2, FP-SNS-MOTENV1_V5.0.0, FP-SNS-MOTENVWB1_V1.4.0, FP-SNS-SMARTAG2_V1.2.0, STM32Cube_FW_C0_V1.2.0, STM32Cube_FW_F4_V1.28.0, STM32Cube_FW_F7_V1.17.2, STM32Cube_FW_G0_V1.6.2, STM32Cube_FW_G4_V1.6.0, STM32Cube_FW_H5_V1.3.0, STM32Cube_FW_H7RS_V1.1.0, STM32Cube_FW_H7_V1.11.2, STM32Cube_FW_L0_V1.12.2, STM32Cube_FW_L5_V1.5.1, STM32Cube_FW_U0_V1.1.0, STM32Cube_FW_U5_V1.6.0, STM32Cube_FW_WB0_V1.0.0, STM32Cube_FW_WBA_V1.4.0, STM32Cube_FW_WB_V1.20.0, STM32Cube_FW_WL_V1.3.0, X-CUBE-ALGOBUILD_V1.4.0, X-CUBE-ALS_V1.0.2, X-CUBE-AZRTOS-F4_V1.1.0, X-CUBE-AZRTOS-F7_V1.1.0, X-CUBE-AZRTOS-G0_V1.1.0, X-CUBE-AZRTOS-G4_V2.0.0, X-CUBE-AZRTOS-H7RS_V1.0.0, X-CUBE-AZRTOS-H7_V3.2.0, X-CUBE-AZRTOS-L4_V2.0.0, X-CUBE-AZRTOS-L5_V1.1.0, X-CUBE-AZRTOS-WB_V2.0.0, X-CUBE-AZRTOS-WL_V2.0.0, X-CUBE-BLE1_V7.0.0, X-CUBE-BLE2_V3.3.0, X-CUBE-BLEMGR_V3.1.0, X-CUBE-EEPRMA1_V5.1.0, X-CUBE-FREERTOS_V1.2.0, X-CUBE-GNSS1_V6.0.0, X-CUBE-MEMS1_V10.0.0, X-CUBE-NFC4_V3.0.0, X-CUBE-NFC7_V1.0.1, X-CUBE-SFXS2LP1_V4.0.0, X-CUBE-SUBG2_V5.0.0, X-CUBE-TOF1_V3.4.1]
2024-08-15 00:03:45,537 [INFO] ApiDb:240 - Found 646 in-development CPN: [B-G473E-ZEST1S, B-WB1M-WPAN1, B-WL5M-SUBG1, NUCLEO-C031C6, NUCLEO-C071RB, NUCLEO-H503RB, NUCLEO-H533RE, NUCLEO-H563ZI, NUCLEO-H7S3L8, NUCLEO-U031R8, NUCLEO-U083RC, NUCLEO-U545RE-Q, NUCLEO-U5A5ZJ-Q, NUCLEO-WB05KZ, NUCLEO-WB07CC, NUCLEO-WB09KE, NUCLEO-WBA52CG, NUCLEO-WBA55CG, STEVAL-PROTEUS1, STEVAL-SMARTAG2, STEVAL-STWINBX1, STM320518-EVAL, STM32C0116-DK, STM32C011D6Y3TR, STM32C011D6Y6TR, STM32C011F4P3, STM32C011F4P6, STM32C011F4U3, STM32C011F4U6TR, STM32C011F6P3, STM32C011F6P6, STM32C011F6U3, STM32C011F6U6TR, STM32C011J4M3, STM32C011J4M6, STM32C011J6M3, STM32C011J6M6, STM32C0316-DK, STM32C031C4T3, STM32C031C4T6, STM32C031C4U3, STM32C031C4U6, STM32C031C6T3, STM32C031C6T6, STM32C031C6U3, STM32C031C6U6, STM32C031F4P3, STM32C031F4P6, STM32C031F6P3, STM32C031F6P6, STM32C031G4U3, STM32C031G4U6, STM32C031G6U3, STM32C031G6U6, STM32C031K4T3, STM32C031K4T6, STM32C031K4U3, STM32C031K4U6, STM32C031K6T3, STM32C031K6T6, STM32C031K6U3, STM32C031K6U6, STM32C071C8T6, STM32C071C8T6N, STM32C071C8U6, STM32C071C8U6N, STM32C071CBT6, STM32C071CBT6N, STM32C071CBU6, STM32C071CBU6N, STM32C071F8P6, STM32C071F8P6N, STM32C071FBP6, STM32C071FBP6N, STM32C071FBY6TR, STM32C071G8U6, STM32C071G8U6N, STM32C071GBU6, STM32C071GBU6N, STM32C071K8T6, STM32C071K8T6N, STM32C071K8U6, STM32C071K8U6N, STM32C071KBT6, STM32C071KBT6N, STM32C071KBU6, STM32C071KBU6N, STM32C071R8T6, STM32C071R8T6N, STM32C071RBI6N, STM32C071RBT6, STM32C071RBT6N, STM32G071K8TXN, STM32G071K8UXN, STM32G081GBU6N, STM32G081KBT6N, STM32G081KBUXN, STM32G0B1CCT6N, STM32G0B1KCT6, STM32G0B1NEY6TR, STM32G0B1RCT6N, STM32G0C1CCT6, STM32G0C1CCT6N, STM32G0C1CCU6N, STM32G0C1CET6N, STM32G0C1CEU6N, STM32G0C1KCT6, STM32G0C1NEY6TR, STM32G0C1RCI6N, STM32G0C1RCT6N, STM32G0C1REI6N, STM32G0C1RET6N, STM32G0C1VCI6, STM32G0C1VEI6, STM32G411C6T3, STM32G411C6T6, STM32G411C6U3, STM32G411C6U6, STM32G411C8T3, STM32G411C8T6, STM32G411C8U3, STM32G411C8U6, STM32G411CBT3, STM32G411CBT6, STM32G411CBU3, STM32G411CBU6, STM32G411K6T3, STM32G411K6T6, STM32G411K6U3, STM32G411K6U6, STM32G411K8T3, STM32G411K8T6, STM32G411K8U3, STM32G411K8U6, STM32G411KBT3, STM32G411KBT6, STM32G411KBU3, STM32G411KBU6, STM32G411M6T3, STM32G411M6T6, STM32G411M8T3, STM32G411M8T6, STM32G411MBT3, STM32G411MBT6, STM32G411R6T3, STM32G411R6T6, STM32G411R8T3, STM32G411R8T6, STM32G411RBT3, STM32G411RBT6, STM32G414CBT3, STM32G414CBT6, STM32G414CBU3, STM32G414CBU6, STM32G414CCT3, STM32G414CCT6, STM32G414CCU3, STM32G414CCU6, STM32G414MBT3, STM32G414MBT6, STM32G414MCT3, STM32G414MCT6, STM32G414RBT3, STM32G414RBT6, STM32G414RCT3, STM32G414RCT6, STM32G414VBT3, STM32G414VBT6, STM32G414VCT3, STM32G414VCT6, STM32G431CBT3Z, STM32G431RBT3Z, STM32G471CCT6, STM32G471CCU6, STM32G471CET3, STM32G471CET6, STM32G471CEU3, STM32G471CEU6, STM32G471MCT6, STM32G471MET3, STM32G471MET6, STM32G471MEY6TR, STM32G471QCT6, STM32G471QET3, STM32G471RCT6, STM32G471RET3, STM32G471RET6, STM32G471VCH6, STM32G471VCI6, STM32G471VCT6, STM32G471VEH3, STM32G471VEH6, STM32G471VEI3, STM32G471VEI6, STM32G471VET3, STM32G471VET6, STM32G473QET3Z, STM32G473RET3Z, STM32G474CCT6, STM32G491RET3Z, STM32H503CBT6, STM32H503CBU6, STM32H503EBY6TR, STM32H503KBU6, STM32H503RBT6, STM32H523CCT6, STM32H523CCU6, STM32H523CET6, STM32H523CEU6, STM32H523HEY6TR, STM32H523RCT6, STM32H523RET6, STM32H523VCI6, STM32H523VCT6, STM32H523VEI6, STM32H523VET6, STM32H523ZCJ6, STM32H523ZCT6, STM32H523ZEJ6, STM32H523ZET6, STM32H533CET6, STM32H533CEU6, STM32H533HEY6TR, STM32H533RET6, STM32H533VEI6, STM32H533VET6, STM32H533ZEJ6, STM32H533ZET6, STM32H562AGI6, STM32H562AII6, STM32H562IGK6, STM32H562IGT6, STM32H562IIK6, STM32H562IIT6, STM32H562RGT6, STM32H562RGV6, STM32H562RIT6, STM32H562RIV6, STM32H562VGT6, STM32H562VIT6, STM32H562ZGT6, STM32H562ZIT6, STM32H563AGI6, STM32H563AII3Q, STM32H563AII6, STM32H563IGK6, STM32H563IGT6, STM32H563IIK3Q, STM32H563IIK6, STM32H563IIT3Q, STM32H563IIT6, STM32H563MIY3QTR, STM32H563RGT6, STM32H563RGV6, STM32H563RIT6, STM32H563RIV6, STM32H563VGT6, STM32H563VIT3Q, STM32H563VIT6, STM32H563ZGT6, STM32H563ZIT3Q, STM32H563ZIT6, STM32H573AII3Q, STM32H573AII6, STM32H573I-DK, STM32H573IIK3Q, STM32H573IIK6, STM32H573IIT3Q, STM32H573IIT6, STM32H573MIY3QTR, STM32H573RIT6, STM32H573RIV6, STM32H573VIT3Q, STM32H573VIT6, STM32H573ZIT3Q, STM32H573ZIT6, STM32H7R3A8I6, STM32H7R3I8K6, STM32H7R3I8T6, STM32H7R3L8H6, STM32H7R3L8H6H, STM32H7R3R8V6, STM32H7R3V8H6, STM32H7R3V8T6, STM32H7R3V8Y6TR, STM32H7R3Z8J6, STM32H7R3Z8T6, STM32H7R7A8I6, STM32H7R7I8K6, STM32H7R7I8T6, STM32H7R7L8H6, STM32H7R7L8H6H, STM32H7R7Z8J6, STM32H7S3A8I6, STM32H7S3I8K6, STM32H7S3I8T6, STM32H7S3L8H6, STM32H7S3L8H6H, STM32H7S3R8V6, STM32H7S3V8H6, STM32H7S3V8T6, STM32H7S3V8Y6TR, STM32H7S3Z8J6, STM32H7S3Z8T6, STM32H7S78-DK, STM32H7S7A8I6, STM32H7S7I8K6, STM32H7S7I8T6, STM32H7S7L8H6, STM32H7S7L8H6H, STM32H7S7Z8J6, STM32L4R5QGI6STR, STM32MP131AAE3, STM32MP131AAF3, STM32MP131AAG3, STM32MP131CAE3, STM32MP131CAF3, STM32MP131CAG3, STM32MP131DAE7, STM32MP131DAF7, STM32MP131DAG7, STM32MP131FAE7, STM32MP131FAF7, STM32MP131FAG7, STM32MP133AAE3, STM32MP133AAF3, STM32MP133AAG3, STM32MP133CAE3, STM32MP133CAF3, STM32MP133CAG3, STM32MP133DAE7, STM32MP133DAF7, STM32MP133DAG7, STM32MP133FAE7, STM32MP133FAF7, STM32MP133FAG7, STM32MP135AAE3, STM32MP135AAF3, STM32MP135AAG3, STM32MP135CAE3, STM32MP135CAF3, STM32MP135CAG3, STM32MP135DAE7, STM32MP135DAF7, STM32MP135DAG7, STM32MP135F-DK, STM32MP135FAE7, STM32MP135FAF7, STM32MP135FAF7T, STM32MP135FAF7U, STM32MP135FAG7, STM32MP251AAI3, STM32MP251AAK3, STM32MP251AAL3, STM32MP251CAI3, STM32MP251CAK3, STM32MP251CAL3, STM32MP251DAI3, STM32MP251DAK3, STM32MP251DAL3, STM32MP251FAI3, STM32MP251FAK3, STM32MP251FAL3, STM32MP253AAI3, STM32MP253AAK3, STM32MP253AAL3, STM32MP253CAI3, STM32MP253CAK3, STM32MP253CAL3, STM32MP253DAI3, STM32MP253DAK3, STM32MP253DAL3, STM32MP253FAI3, STM32MP253FAK3, STM32MP253FAL3, STM32MP255AAI3, STM32MP255AAK3, STM32MP255AAL3, STM32MP255CAI3, STM32MP255CAK3, STM32MP255CAL3, STM32MP255DAI3, STM32MP255DAK3, STM32MP255DAL3, STM32MP255FAI3, STM32MP255FAK3, STM32MP255FAL3, STM32MP257AAI3, STM32MP257AAK3, STM32MP257AAL3, STM32MP257CAI3, STM32MP257CAK3, STM32MP257CAL3, STM32MP257DAI3, STM32MP257DAK3, STM32MP257DAL3, STM32MP257F-DK, STM32MP257F-EV1, STM32MP257FAI3, STM32MP257FAK3, STM32MP257FAL3, STM32U031C6T6, STM32U031C6U6, STM32U031C8T6, STM32U031C8U6, STM32U031F4P6, STM32U031F6P6, STM32U031F8P6, STM32U031G6Y6TR, STM32U031G8Y6TR, STM32U031K4U6, STM32U031K6U6, STM32U031K8U6, STM32U031R6I6, STM32U031R6T6, STM32U031R8I6, STM32U031R8T6, STM32U073C8T6, STM32U073C8U6, STM32U073CBT6, STM32U073CBU6, STM32U073CCT6, STM32U073CCU6, STM32U073H8Y6TR, STM32U073HBY6TR, STM32U073HCY6TR, STM32U073K8U6, STM32U073KBU6, STM32U073KCU6, STM32U073M8I6, STM32U073M8T6, STM32U073MBI6, STM32U073MBT6, STM32U073MCI6, STM32U073MCT6, STM32U073R8I6, STM32U073R8T6, STM32U073RBI6, STM32U073RBT6, STM32U073RCI6, STM32U073RCT6, STM32U083C-DK, STM32U083CCT6, STM32U083CCU6, STM32U083HCY6TR, STM32U083KCU6, STM32U083MCI6, STM32U083MCT6, STM32U083RCI6, STM32U083RCT6, STM32U535CBT6, STM32U535CBT6Q, STM32U535CBU6, STM32U535CBU6Q, STM32U535CCT6, STM32U535CCT6Q, STM32U535CCU6, STM32U535CCU6Q, STM32U535CET6, STM32U535CET6Q, STM32U535CEU6, STM32U535CEU6Q, STM32U535JEY6QTR, STM32U535NCY6QTR, STM32U535NEY6QTR, STM32U535RBI6, STM32U535RBI6Q, STM32U535RBT6, STM32U535RBT6Q, STM32U535RCI6, STM32U535RCI6Q, STM32U535RCT6, STM32U535RCT6Q, STM32U535REI6, STM32U535REI6Q, STM32U535RET6, STM32U535RET6Q, STM32U535VCI6, STM32U535VCI6Q, STM32U535VCT6, STM32U535VCT6Q, STM32U535VEI6, STM32U535VEI6Q, STM32U535VET6, STM32U535VET6Q, STM32U545CET6, STM32U545CET6Q, STM32U545CEU6, STM32U545CEU6Q, STM32U545JEY6QTR, STM32U545NEY6QTR, STM32U545REI6, STM32U545REI6Q, STM32U545RET6, STM32U545RET6Q, STM32U545VEI6, STM32U545VEI6Q, STM32U545VET6, STM32U545VET6Q, STM32U595AIH6, STM32U595AIH6Q, STM32U595AJH6, STM32U595AJH6Q, STM32U595QII6, STM32U595QII6Q, STM32U595QJI6, STM32U595QJI6Q, STM32U595RIT6, STM32U595RIT6Q, STM32U595RJT6, STM32U595RJT6Q, STM32U595VIT6, STM32U595VIT6Q, STM32U595VJT6, STM32U595VJT6Q, STM32U595ZIT6, STM32U595ZIT6Q, STM32U595ZIY6QTR, STM32U595ZJT6, STM32U595ZJT6Q, STM32U595ZJY6QTR, STM32U599BJY6QTR, STM32U599NIH6Q, STM32U599NJH6Q, STM32U599VIT6Q, STM32U599VJT6, STM32U599VJT6Q, STM32U599ZIT6Q, STM32U599ZIY6QTR, STM32U599ZJT6Q, STM32U599ZJY6QTR, STM32U5A5AJH6, STM32U5A5AJH6Q, STM32U5A5QII3Q , STM32U5A5QJI6, STM32U5A5QJI6Q, STM32U5A5RJT6, STM32U5A5RJT6Q, STM32U5A5VJT6, STM32U5A5VJT6Q, STM32U5A5ZJT6, STM32U5A5ZJT6Q, STM32U5A5ZJY6QTR, STM32U5A9BJY6QTR, STM32U5A9J-DK, STM32U5A9NJH6Q, STM32U5A9VJT6Q, STM32U5A9ZJT6Q, STM32U5A9ZJY6QTR, STM32U5F7VIT6, STM32U5F7VIT6Q, STM32U5F7VJT6, STM32U5F7VJT6Q, STM32U5F9BJY6QTR, STM32U5F9NJH6Q, STM32U5F9VIT6Q, STM32U5F9VJT6Q, STM32U5F9ZIJ6QTR, STM32U5F9ZIT6Q, STM32U5F9ZJJ6QTR, STM32U5F9ZJT6Q, STM32U5G7VJT6, STM32U5G7VJT6Q, STM32U5G9BJY6QTR, STM32U5G9J-DK1, STM32U5G9J-DK2, STM32U5G9NJH6Q, STM32U5G9VJT6Q, STM32U5G9ZJJ6QTR, STM32U5G9ZJT6Q, STM32WB05KZV6TR, STM32WB05KZV7TR, STM32WB05TZF6TR, STM32WB05TZF7TR, STM32WB06CCF6TR, STM32WB06CCF7TR, STM32WB06CCV6TR, STM32WB06CCV7TR, STM32WB06KCV6TR, STM32WB06KCV7TR, STM32WB07CCF6TR, STM32WB07CCF7TR, STM32WB07CCV6TR, STM32WB07CCV7TR, STM32WB07KCV6TR, STM32WB07KCV7TR, STM32WB09KEV6TR, STM32WB09KEV7TR, STM32WB09TEF6TR, STM32WB09TEF7TR, STM32WB1MMCH6, STM32WBA50KGU6, STM32WBA50KGU6TR, STM32WBA52CEU6, STM32WBA52CEU6TR, STM32WBA52CEU7, STM32WBA52CEU7TR, STM32WBA52CGU6, STM32WBA52CGU6TR, STM32WBA52CGU6U, STM32WBA52CGU7, STM32WBA52CGU7TR, STM32WBA52KEU6, STM32WBA52KEU6TR, STM32WBA52KGU6, STM32WBA52KGU6TR, STM32WBA54CEU6, STM32WBA54CEU6TR, STM32WBA54CEU7, STM32WBA54CEU7TR, STM32WBA54CGU6, STM32WBA54CGU6TR, STM32WBA54CGU7, STM32WBA54CGU7TR, STM32WBA54KEU6, STM32WBA54KEU6TR, STM32WBA54KEU7, STM32WBA54KEU7TR, STM32WBA54KGU6, STM32WBA54KGU6TR, STM32WBA54KGU7, STM32WBA54KGU7TR, STM32WBA55CEU6, STM32WBA55CEU6TR, STM32WBA55CEU7, STM32WBA55CEU7TR, STM32WBA55CGU6, STM32WBA55CGU6TR, STM32WBA55CGU6U, STM32WBA55CGU7, STM32WBA55CGU7TR, STM32WBA55G-DK1, STM32WBA55HEF6, STM32WBA55HEF7, STM32WBA55HGF6, STM32WBA55HGF7, STM32WBA55UEI6, STM32WBA55UEI6TR, STM32WBA55UEI7, STM32WBA55UEI7TR, STM32WBA55UGI6, STM32WBA55UGI6TR, STM32WBA55UGI7, STM32WBA55UGI7TR, STM32WL5MOCH6, STM32WL5MOCH6TR]
2024-08-15 00:03:45,569 [INFO] DbMcus:218 - Found 4251 MCUs, 4251 are supported
2024-08-15 00:03:45,570 [INFO] ApiDb:423 - Load user favorites file /home/lubuntu/.stm32cubeide/favorites.mcus.txt: 0 item(s)
2024-08-15 00:03:45,570 [INFO] ApiDb:427 - User favorites MCUs=[]
2024-08-15 00:03:45,572 [INFO] DbMcus:224 - Set 0 / 0 favorites MCUs
2024-08-15 00:03:49,762 [INFO] ApiDb:423 - Load user favorites file /home/lubuntu/.stm32cubeide/favorites.boards.txt: 0 item(s)
2024-08-15 00:03:49,762 [INFO] ApiDb:427 - User favorites Boards=[]
2024-08-15 00:03:49,763 [INFO] DbBoards:198 - Set 0 / 0 favorites Boards
2024-08-15 00:03:49,945 [INFO] UtilMem:75 - End LoadConfig() Used Memory: 683878120 Bytes (956301312)
2024-08-15 00:03:51,203 [WARN] ThirdParty:833 - waiting for thirdparty lock release [change project]
2024-08-15 00:03:51,208 [INFO] ThirdParty:835 - entering critical section [change project]
2024-08-15 00:03:51,209 [INFO] ThirdParty:1030 - CMSIS Pack Vendor :STMicroelectronics USBPD 4.1
2024-08-15 00:03:51,209 [INFO] ThirdParty:1030 - CMSIS Pack Vendor :STMicroelectronics X-CUBE-GNSS1 6.0.0
2024-08-15 00:03:51,210 [INFO] ThirdParty:1030 - CMSIS Pack Vendor :STMicroelectronics USB_HOST 2.0.0
2024-08-15 00:03:51,210 [INFO] ThirdParty:1030 - CMSIS Pack Vendor :STMicroelectronics FP-SNS-MOTENVWB1 1.4.0
2024-08-15 00:03:51,211 [INFO] ThirdParty:1030 - CMSIS Pack Vendor :STMicroelectronics X-CUBE-AZRTOS-F4 1.1.0
2024-08-15 00:03:51,211 [INFO] ThirdParty:1030 - CMSIS Pack Vendor :STMicroelectronics LIBJPEG 8.0.0
2024-08-15 00:03:51,211 [INFO] ThirdParty:1030 - CMSIS Pack Vendor :STMicroelectronics X-CUBE-SMBUS 2.1.0
2024-08-15 00:03:51,211 [INFO] ThirdParty:1030 - CMSIS Pack Vendor :STMicroelectronics USB_DEVICE 3.0.0
2024-08-15 00:03:51,211 [INFO] ThirdParty:1030 - CMSIS Pack Vendor :STMicroelectronics X-CUBE-TCPP 4.1.0
2024-08-15 00:03:51,211 [INFO] ThirdParty:1030 - CMSIS Pack Vendor :STMicroelectronics X-CUBE-FREERTOS 1.2.0
2024-08-15 00:03:51,211 [INFO] ThirdParty:1030 - CMSIS Pack Vendor :STMicroelectronics X-CUBE-AZRTOS-WB 2.0.0
2024-08-15 00:03:51,212 [INFO] ThirdParty:1030 - CMSIS Pack Vendor :STMicroelectronics X-CUBE-AZRTOS-F7 1.1.0
2024-08-15 00:03:51,212 [INFO] ThirdParty:1030 - CMSIS Pack Vendor :STMicroelectronics X-CUBE-AZRTOS-L5 2.0.0
2024-08-15 00:03:51,212 [INFO] ThirdParty:1030 - CMSIS Pack Vendor :STMicroelectronics USB_DEVICE 2.0.0
2024-08-15 00:03:51,212 [INFO] ThirdParty:1030 - CMSIS Pack Vendor :STMicroelectronics X-CUBE-NFC6 3.1.0
2024-08-15 00:03:51,212 [INFO] ThirdParty:1030 - CMSIS Pack Vendor :STMicroelectronics FP-SNS-STBOX1 2.0.0
2024-08-15 00:03:51,212 [INFO] ThirdParty:1030 - CMSIS Pack Vendor :STMicroelectronics FreeRTOS 0.0.1
2024-08-15 00:03:51,212 [INFO] ThirdParty:1030 - CMSIS Pack Vendor :STMicroelectronics X-CUBE-AZRTOS-G0 1.1.0
2024-08-15 00:03:51,224 [INFO] ThirdParty:1030 - CMSIS Pack Vendor :STMicroelectronics X-CUBE-SAFEA1 1.2.2
2024-08-15 00:03:51,225 [INFO] ThirdParty:1030 - CMSIS Pack Vendor :STMicroelectronics X-CUBE-NFC4 3.0.0
2024-08-15 00:03:51,225 [INFO] ThirdParty:1030 - CMSIS Pack Vendor :STMicroelectronics X-CUBE-DPower 1.2.0
2024-08-15 00:03:51,226 [INFO] ThirdParty:1030 - CMSIS Pack Vendor :STMicroelectronics X-CUBE-SUBG2 5.0.0
2024-08-15 00:03:51,226 [INFO] ThirdParty:1030 - CMSIS Pack Vendor :STMicroelectronics STM32_WPAN 1.0.0
2024-08-15 00:03:51,226 [INFO] ThirdParty:1030 - CMSIS Pack Vendor :EmbeddedOffice I-CUBE-FS-RTOS 1.0.1
2024-08-15 00:03:51,226 [INFO] ThirdParty:1030 - CMSIS Pack Vendor :STMicroelectronics lwIP 2.0.3
2024-08-15 00:03:51,226 [INFO] ThirdParty:1030 - CMSIS Pack Vendor :STMicroelectronics FP-SNS-FLIGHT1 5.0.2
2024-08-15 00:03:51,226 [INFO] ThirdParty:1030 - CMSIS Pack Vendor :Cesanta I-CUBE-Mongoose 7.13.0
2024-08-15 00:03:51,227 [INFO] ThirdParty:1030 - CMSIS Pack Vendor :STMicroelectronics USB_HOST 1.0.0
2024-08-15 00:03:51,227 [INFO] ThirdParty:1030 - CMSIS Pack Vendor :STMicroelectronics X-CUBE-AI 9.0.0
2024-08-15 00:03:51,227 [INFO] ThirdParty:1030 - CMSIS Pack Vendor :STMicroelectronics X-CUBE-AZRTOS-G4 2.0.0
2024-08-15 00:03:51,227 [INFO] ThirdParty:1030 - CMSIS Pack Vendor :STMicroelectronics PDM2PCM 3.1.0
2024-08-15 00:03:51,227 [INFO] ThirdParty:1030 - CMSIS Pack Vendor :STMicroelectronics PDM2PCM 3.3.0
2024-08-15 00:03:51,227 [INFO] ThirdParty:1030 - CMSIS Pack Vendor :STMicroelectronics X-CUBE-DISPLAY 3.0.0
2024-08-15 00:03:51,227 [INFO] ThirdParty:1030 - CMSIS Pack Vendor :RealThread X-CUBE-RT-Thread_Nano 4.1.1
2024-08-15 00:03:51,227 [INFO] ThirdParty:1030 - CMSIS Pack Vendor :STMicroelectronics X-CUBE-BLE1 7.0.0
2024-08-15 00:03:51,228 [INFO] ThirdParty:1030 - CMSIS Pack Vendor :STMicroelectronics FP-ATR-SIGFOX1 3.2.0
2024-08-15 00:03:51,228 [INFO] ThirdParty:1030 - CMSIS Pack Vendor :wolfSSL I-CUBE-wolfSSL 5.7.2
2024-08-15 00:03:51,228 [INFO] ThirdParty:1030 - CMSIS Pack Vendor :STMicroelectronics X-CUBE-ISPU 2.0.0
2024-08-15 00:03:51,228 [INFO] ThirdParty:1030 - CMSIS Pack Vendor :STMicroelectronics X-CUBE-EEPRMA1 5.1.0
2024-08-15 00:03:51,228 [INFO] ThirdParty:1030 - CMSIS Pack Vendor :STMicroelectronics HAL Drivers 0.0.0
2024-08-15 00:03:51,228 [INFO] ThirdParty:1030 - CMSIS Pack Vendor :STMicroelectronics MBEDTLS 2.16.2
2024-08-15 00:03:51,228 [INFO] ThirdParty:1030 - CMSIS Pack Vendor :STMicroelectronics X-CUBE-ALS 1.0.2
2024-08-15 00:03:51,228 [INFO] ThirdParty:1030 - CMSIS Pack Vendor :emotas I-CUBE-CANOPEN 1.3.0
2024-08-15 00:03:51,229 [INFO] ThirdParty:1030 - CMSIS Pack Vendor :STMicroelectronics X-CUBE-MEMS1 10.0.0
2024-08-15 00:03:51,235 [INFO] ThirdParty:1030 - CMSIS Pack Vendor :STMicroelectronics X-CUBE-NFC7 1.0.1
2024-08-15 00:03:51,235 [INFO] ThirdParty:1030 - CMSIS Pack Vendor :STMicroelectronics MBEDTLS 2.14.1
2024-08-15 00:03:51,235 [INFO] ThirdParty:1030 - CMSIS Pack Vendor :STMicroelectronics X-CUBE-TOUCHGFX 4.24.0
2024-08-15 00:03:51,236 [INFO] ThirdParty:1030 - CMSIS Pack Vendor :ITTIA_DB I-CUBE-ITTIADB 8.9.0
2024-08-15 00:03:51,236 [INFO] ThirdParty:1030 - CMSIS Pack Vendor :wolfSSL I-CUBE-wolfTPM 3.2.0
2024-08-15 00:03:51,236 [INFO] ThirdParty:1030 - CMSIS Pack Vendor :portGmbH I-Cube-SoM-uGOAL 1.1.0
2024-08-15 00:03:51,236 [INFO] ThirdParty:1030 - CMSIS Pack Vendor :STMicroelectronics X-CUBE-BLEMGR 3.1.0
2024-08-15 00:03:51,236 [INFO] ThirdParty:1030 - CMSIS Pack Vendor :STMicroelectronics ThreadX 1.0.0
2024-08-15 00:03:51,236 [INFO] ThirdParty:1030 - CMSIS Pack Vendor :STMicroelectronics FP-SNS-SMARTAG2 1.2.0
2024-08-15 00:03:51,236 [INFO] ThirdParty:1030 - CMSIS Pack Vendor :STMicroelectronics X-CUBE-AZRTOS-WL 2.0.0
2024-08-15 00:03:51,237 [INFO] ThirdParty:1030 - CMSIS Pack Vendor :SEGGER I-CUBE-embOS 1.3.1
2024-08-15 00:03:51,237 [INFO] ThirdParty:1030 - CMSIS Pack Vendor :STMicroelectronics X-CUBE-ALGOBUILD 1.4.0
2024-08-15 00:03:51,237 [INFO] ThirdParty:1030 - CMSIS Pack Vendor :STMicroelectronics FP-SNS-MOTENV1 5.0.0
2024-08-15 00:03:51,241 [INFO] ThirdParty:1030 - CMSIS Pack Vendor :STMicroelectronics USB_DEVICE 1.0.0
2024-08-15 00:03:51,241 [INFO] ThirdParty:1030 - CMSIS Pack Vendor :STMicroelectronics X-CUBE-AZRTOS-H7RS 1.0.0
2024-08-15 00:03:51,241 [INFO] ThirdParty:1030 - CMSIS Pack Vendor :wolfSSL I-CUBE-wolfMQTT 1.19.0
2024-08-15 00:03:51,241 [INFO] ThirdParty:1030 - CMSIS Pack Vendor :STMicroelectronics X-CUBE-AZRTOS-L4 2.0.0
2024-08-15 00:03:51,242 [INFO] ThirdParty:1030 - CMSIS Pack Vendor :STMicroelectronics ThreadX 0.0.2
2024-08-15 00:03:51,242 [INFO] ThirdParty:1030 - CMSIS Pack Vendor :WES I-CUBE-Cesium 1.3.0
2024-08-15 00:03:51,242 [INFO] ThirdParty:1030 - CMSIS Pack Vendor :STMicroelectronics FP-ATR-ASTRA1 2.0.0
2024-08-15 00:03:51,244 [INFO] ThirdParty:1030 - CMSIS Pack Vendor :STMicroelectronics lwIP 2.1.2
2024-08-15 00:03:51,244 [INFO] ThirdParty:1030 - CMSIS Pack Vendor :STMicroelectronics X-CUBE-SFXS2LP1 4.0.0
2024-08-15 00:03:51,245 [INFO] ThirdParty:1030 - CMSIS Pack Vendor :STMicroelectronics X-CUBE-BLE2 3.3.0
2024-08-15 00:03:51,249 [INFO] ThirdParty:1030 - CMSIS Pack Vendor :STMicroelectronics X-CUBE-TOF1 3.4.2
2024-08-15 00:03:51,249 [INFO] ThirdParty:1030 - CMSIS Pack Vendor :STMicroelectronics X-CUBE-AZRTOS-H7 3.2.0
2024-08-15 00:03:51,250 [INFO] ThirdParty:1030 - CMSIS Pack Vendor :Infineon AIROC-Wi-Fi-Bluetooth-STM32 1.6.0
2024-08-15 00:03:51,250 [INFO] ThirdParty:1030 - CMSIS Pack Vendor :STMicroelectronics PDM2PCM 3.2.0
2024-08-15 00:03:51,250 [INFO] ThirdParty:1030 - CMSIS Pack Vendor :wolfSSL I-CUBE-wolfSSH 1.4.17
2024-08-15 00:03:51,250 [INFO] ThirdParty:841 - exiting critical section [change project]
2024-08-15 00:03:58,452 [INFO] PinOutPanel:1561 - setPackage(No Configuration,No Configuration)
2024-08-15 00:03:58,461 [INFO] PinOutPanel:1561 - setPackage(STM32MP151AACx,TFBGA361)
2024-08-15 00:04:06,100 [INFO] UtilMem:75 - Before build in PCC Used Memory: 681473648 Bytes (1009778688)
2024-08-15 00:04:14,926 [INFO] UtilMem:75 - After build in PCC Used Memory: 630486176 Bytes (1009778688)
2024-08-15 00:04:15,582 [INFO] IPUIPlugin:80 - create IPUIPlugin
2024-08-15 00:04:15,582 [INFO] IPUIPlugin:80 - create IPUIPlugin
2024-08-15 00:04:15,583 [INFO] IPUIPlugin:80 - create IPUIPlugin
2024-08-15 00:04:15,583 [INFO] IPUIPlugin:80 - create IPUIPlugin
2024-08-15 00:04:15,584 [INFO] IPUIPlugin:80 - create IPUIPlugin
2024-08-15 00:04:15,584 [INFO] IPUIPlugin:80 - create IPUIPlugin
2024-08-15 00:04:15,592 [INFO] IPUIPlugin:80 - create IPUIPlugin
2024-08-15 00:04:15,593 [INFO] IPUIPlugin:80 - create IPUIPlugin
2024-08-15 00:04:15,601 [INFO] IPUIPlugin:80 - create IPUIPlugin
2024-08-15 00:04:15,602 [INFO] IPUIPlugin:80 - create IPUIPlugin
2024-08-15 00:04:15,602 [INFO] IPUIPlugin:80 - create IPUIPlugin
2024-08-15 00:04:15,605 [INFO] IPUIPlugin:80 - create IPUIPlugin
2024-08-15 00:04:15,605 [INFO] IPUIPlugin:80 - create IPUIPlugin
2024-08-15 00:04:15,606 [INFO] IPUIPlugin:80 - create IPUIPlugin
2024-08-15 00:04:15,606 [INFO] IPUIPlugin:80 - create IPUIPlugin
2024-08-15 00:04:15,607 [INFO] IPUIPlugin:80 - create IPUIPlugin
2024-08-15 00:04:15,607 [INFO] IPUIPlugin:80 - create IPUIPlugin
2024-08-15 00:04:15,607 [INFO] IPUIPlugin:80 - create IPUIPlugin
2024-08-15 00:04:15,608 [INFO] IPUIPlugin:80 - create IPUIPlugin
2024-08-15 00:04:15,608 [INFO] IPUIPlugin:80 - create IPUIPlugin
2024-08-15 00:04:15,609 [INFO] IPUIPlugin:80 - create IPUIPlugin
2024-08-15 00:04:15,610 [INFO] IPUIPlugin:80 - create IPUIPlugin
2024-08-15 00:04:15,610 [INFO] IPUIPlugin:80 - create IPUIPlugin
2024-08-15 00:04:15,611 [INFO] IPUIPlugin:80 - create IPUIPlugin
2024-08-15 00:04:15,611 [INFO] IPUIPlugin:80 - create IPUIPlugin
2024-08-15 00:04:15,611 [INFO] IPUIPlugin:80 - create IPUIPlugin
2024-08-15 00:04:15,612 [INFO] IPUIPlugin:80 - create IPUIPlugin
2024-08-15 00:04:15,612 [INFO] IPUIPlugin:80 - create IPUIPlugin
2024-08-15 00:04:15,613 [INFO] IPUIPlugin:80 - create IPUIPlugin
2024-08-15 00:04:15,622 [INFO] IPUIPlugin:80 - create IPUIPlugin
2024-08-15 00:04:15,622 [INFO] IPUIPlugin:80 - create IPUIPlugin
2024-08-15 00:04:15,623 [INFO] IPUIPlugin:80 - create IPUIPlugin
2024-08-15 00:04:15,623 [INFO] IPUIPlugin:80 - create IPUIPlugin
2024-08-15 00:04:15,624 [INFO] IPUIPlugin:80 - create IPUIPlugin
2024-08-15 00:04:15,633 [INFO] IPUIPlugin:80 - create IPUIPlugin
2024-08-15 00:04:15,634 [INFO] IPUIPlugin:80 - create IPUIPlugin
2024-08-15 00:04:15,635 [INFO] IPUIPlugin:80 - create IPUIPlugin
2024-08-15 00:04:15,636 [INFO] IPUIPlugin:80 - create IPUIPlugin
2024-08-15 00:04:15,639 [INFO] IPUIPlugin:80 - create IPUIPlugin
2024-08-15 00:04:15,640 [INFO] IPUIPlugin:80 - create IPUIPlugin
2024-08-15 00:04:15,649 [INFO] IPUIPlugin:80 - create IPUIPlugin
2024-08-15 00:04:15,649 [INFO] IPUIPlugin:80 - create IPUIPlugin
2024-08-15 00:04:15,650 [INFO] IPUIPlugin:80 - create IPUIPlugin
2024-08-15 00:04:15,650 [INFO] IPUIPlugin:80 - create IPUIPlugin
2024-08-15 00:04:15,651 [INFO] IPUIPlugin:80 - create IPUIPlugin
2024-08-15 00:04:15,652 [INFO] IPUIPlugin:80 - create IPUIPlugin
2024-08-15 00:04:15,653 [INFO] IPUIPlugin:80 - create IPUIPlugin
2024-08-15 00:04:15,656 [INFO] IPUIPlugin:80 - create IPUIPlugin
2024-08-15 00:04:15,657 [INFO] IPUIPlugin:80 - create IPUIPlugin
2024-08-15 00:04:15,658 [INFO] IPUIPlugin:80 - create IPUIPlugin
2024-08-15 00:04:15,659 [INFO] IPUIPlugin:80 - create IPUIPlugin
2024-08-15 00:04:15,659 [INFO] IPUIPlugin:80 - create IPUIPlugin
2024-08-15 00:04:15,660 [INFO] IPUIPlugin:80 - create IPUIPlugin
2024-08-15 00:04:15,660 [INFO] IPUIPlugin:80 - create IPUIPlugin
2024-08-15 00:04:15,661 [INFO] IPUIPlugin:80 - create IPUIPlugin
2024-08-15 00:04:15,667 [INFO] IPUIPlugin:80 - create IPUIPlugin
2024-08-15 00:04:15,668 [INFO] IPUIPlugin:80 - create IPUIPlugin
2024-08-15 00:04:15,669 [INFO] IPUIPlugin:80 - create IPUIPlugin
2024-08-15 00:04:15,688 [INFO] IPUIPlugin:80 - create IPUIPlugin
2024-08-15 00:04:15,689 [INFO] IPUIPlugin:80 - create IPUIPlugin
2024-08-15 00:04:15,690 [INFO] IPUIPlugin:80 - create IPUIPlugin
2024-08-15 00:04:15,691 [INFO] IPUIPlugin:80 - create IPUIPlugin
2024-08-15 00:04:15,691 [INFO] IPUIPlugin:80 - create IPUIPlugin
2024-08-15 00:04:15,692 [INFO] IPUIPlugin:80 - create IPUIPlugin
2024-08-15 00:04:15,697 [INFO] IPUIPlugin:80 - create IPUIPlugin
2024-08-15 00:04:15,699 [INFO] IPUIPlugin:80 - create IPUIPlugin
2024-08-15 00:04:15,700 [INFO] IPUIPlugin:80 - create IPUIPlugin
2024-08-15 00:04:15,700 [INFO] IPUIPlugin:80 - create IPUIPlugin
2024-08-15 00:04:15,701 [INFO] IPUIPlugin:80 - create IPUIPlugin
2024-08-15 00:04:15,702 [INFO] IPUIPlugin:80 - create IPUIPlugin
2024-08-15 00:04:15,706 [INFO] IPUIPlugin:80 - create IPUIPlugin
2024-08-15 00:04:15,707 [INFO] IPUIPlugin:80 - create IPUIPlugin
2024-08-15 00:04:15,707 [INFO] IPUIPlugin:80 - create IPUIPlugin
2024-08-15 00:04:15,708 [INFO] IPUIPlugin:80 - create IPUIPlugin
2024-08-15 00:04:15,709 [INFO] IPUIPlugin:80 - create IPUIPlugin
2024-08-15 00:04:15,709 [INFO] IPUIPlugin:80 - create IPUIPlugin
2024-08-15 00:04:15,717 [INFO] IPUIPlugin:80 - create IPUIPlugin
2024-08-15 00:04:15,718 [INFO] IPUIPlugin:80 - create IPUIPlugin
2024-08-15 00:04:15,718 [INFO] IPUIPlugin:80 - create IPUIPlugin
2024-08-15 00:04:15,719 [INFO] IPUIPlugin:80 - create IPUIPlugin
2024-08-15 00:04:15,729 [INFO] IPUIPlugin:80 - create IPUIPlugin
2024-08-15 00:04:15,730 [INFO] IPUIPlugin:80 - create IPUIPlugin
2024-08-15 00:04:15,730 [INFO] IPUIPlugin:80 - create IPUIPlugin
2024-08-15 00:04:15,730 [INFO] IPUIPlugin:80 - create IPUIPlugin
2024-08-15 00:04:15,730 [INFO] IPUIPlugin:80 - create IPUIPlugin
2024-08-15 00:04:15,731 [INFO] IPUIPlugin:80 - create IPUIPlugin
2024-08-15 00:04:15,731 [INFO] IPUIPlugin:80 - create IPUIPlugin
2024-08-15 00:04:15,731 [INFO] IPUIPlugin:80 - create IPUIPlugin
2024-08-15 00:04:15,731 [INFO] IPUIPlugin:80 - create IPUIPlugin
2024-08-15 00:04:15,733 [INFO] IPUIPlugin:80 - create IPUIPlugin
2024-08-15 00:04:15,735 [INFO] IPUIPlugin:80 - create IPUIPlugin
2024-08-15 00:04:15,746 [INFO] IPUIPlugin:80 - create IPUIPlugin
2024-08-15 00:04:15,749 [INFO] IPUIPlugin:80 - create IPUIPlugin
2024-08-15 00:04:15,751 [INFO] IPUIPlugin:80 - create IPUIPlugin
2024-08-15 00:04:16,863 [INFO] DdrRegisterManager:71 - [DDR IP] ddrType = DDR3:true
2024-08-15 00:04:19,530 [INFO] CADModel:165 - CPN selected for project levelSTM32MP151AAC3
2024-08-15 00:04:19,530 [INFO] CADModel:114 - Register for checkConnection events
2024-08-15 00:04:19,593 [INFO] LogOutputStream:77 - [STDOUT_REDIRECT] log4j default configuration file not found
2024-08-15 00:04:19,604 [INFO] LogOutputStream:77 - [STDOUT_REDIRECT] log4j is not configured!
2024-08-15 00:04:19,980 [INFO] DdrUtils:76 - [DDR IP] The IP object exists and the DDR configuration is valid
2024-08-15 00:04:20,079 [INFO] CubeProgrammer:495 - [DDR PANEL] - PathOfProgrammer: null
2024-08-15 00:04:20,082 [INFO] CubeProgrammer:495 - [DDR PANEL] - PathOfProgrammer: /opt/st/stm32cubeide_1.16.0/plugins/com.st.stm32cube.ide.mcu.externaltools.cubeprogrammer.linux64_2.1.400.202404281720/tools/bin
2024-08-15 00:04:20,097 [INFO] ProgrammerExecThread:149 - [ProgrammerAPI] CubeProgrammer command construction: /opt/st/stm32cubeide_1.16.0/plugins/com.st.stm32cube.ide.mcu.externaltools.cubeprogrammer.linux64_2.1.400.202404281720/tools/bin/STM32_Programmer_CLI -l
2024-08-15 00:04:20,725 [INFO] MainDdrPanel:64 - [DDR PANEL] SETTER - Set cubeProgrammerPath to: /opt/st/stm32cubeide_1.16.0/plugins/com.st.stm32cube.ide.mcu.externaltools.cubeprogrammer.linux64_2.1.400.202404281720/tools/bin
2024-08-15 00:04:20,879 [INFO] OpenFileManager:363 - Restore cursor
2024-08-15 00:04:42,193 [INFO] I2cTimingTraitement:330 - 0x10707DBC
2024-08-15 00:04:42,345 [INFO] I2cTimingTraitement:330 - 0x10707DBC
2024-08-15 00:04:50,198 [INFO] I2cTimingTraitement:330 - 0x10707DBC
2024-08-15 00:04:50,294 [INFO] I2cTimingTraitement:330 - 0x10707DBC
2024-08-15 00:05:05,881 [INFO] I2cTimingTraitement:330 - 0x10707DBC
2024-08-15 00:05:05,927 [INFO] I2cTimingTraitement:330 - 0x10707DBC
2024-08-15 00:05:24,404 [INFO] I2cTimingTraitement:330 - 0x10707DBC
2024-08-15 00:05:24,464 [INFO] I2cTimingTraitement:330 - 0x10707DBC
2024-08-15 00:05:35,507 [INFO] I2cTimingTraitement:330 - 0x10707DBC
2024-08-15 00:05:35,590 [INFO] I2cTimingTraitement:330 - 0x10707DBC
2024-08-15 00:05:41,086 [INFO] I2cTimingTraitement:330 - 0x10707DBC
2024-08-15 00:05:41,128 [INFO] I2cTimingTraitement:330 - 0x10707DBC
2024-08-15 00:05:47,743 [INFO] I2cTimingTraitement:330 - 0x10707DBC
2024-08-15 00:05:47,779 [INFO] I2cTimingTraitement:330 - 0x10707DBC
2024-08-15 00:05:53,030 [INFO] I2cTimingTraitement:330 - 0x10707DBC
2024-08-15 00:05:53,075 [INFO] I2cTimingTraitement:330 - 0x10707DBC
2024-08-15 00:05:57,294 [INFO] I2cTimingTraitement:330 - 0x10707DBC
2024-08-15 00:05:57,375 [INFO] I2cTimingTraitement:330 - 0x10707DBC
2024-08-15 00:06:03,098 [INFO] I2cTimingTraitement:330 - 0x10707DBC
2024-08-15 00:06:03,141 [INFO] I2cTimingTraitement:330 - 0x10707DBC
2024-08-15 00:06:08,810 [INFO] I2cTimingTraitement:330 - 0x10707DBC
2024-08-15 00:06:08,845 [INFO] I2cTimingTraitement:330 - 0x10707DBC
2024-08-15 00:06:14,685 [INFO] I2cTimingTraitement:330 - 0x10707DBC
2024-08-15 00:06:14,759 [INFO] I2cTimingTraitement:330 - 0x10707DBC
2024-08-15 00:06:18,278 [INFO] I2cTimingTraitement:330 - 0x10707DBC
2024-08-15 00:06:18,340 [INFO] I2cTimingTraitement:330 - 0x10707DBC
2024-08-15 00:06:21,281 [INFO] I2cTimingTraitement:330 - 0x10707DBC
2024-08-15 00:06:21,314 [INFO] I2cTimingTraitement:330 - 0x10707DBC
2024-08-15 00:06:30,020 [INFO] I2cTimingTraitement:330 - 0x10707DBC
2024-08-15 00:06:30,100 [INFO] I2cTimingTraitement:330 - 0x10707DBC
2024-08-15 00:06:34,121 [INFO] I2cTimingTraitement:330 - 0x10707DBC
2024-08-15 00:06:34,196 [INFO] I2cTimingTraitement:330 - 0x10707DBC
2024-08-15 00:06:40,557 [INFO] I2cTimingTraitement:330 - 0x10707DBC
2024-08-15 00:06:40,620 [INFO] I2cTimingTraitement:330 - 0x10707DBC
2024-08-15 00:06:44,689 [INFO] I2cTimingTraitement:330 - 0x10707DBC
2024-08-15 00:06:44,721 [INFO] I2cTimingTraitement:330 - 0x10707DBC
2024-08-15 00:06:59,034 [INFO] I2cTimingTraitement:330 - 0x10707DBC
2024-08-15 00:06:59,073 [INFO] I2cTimingTraitement:330 - 0x10707DBC
2024-08-15 00:07:15,615 [INFO] IpGicPanel:101 - GIC parent = javax.swing.JViewport[,0,0,0x0,invalid,layout=javax.swing.ViewportLayout,alignmentX=0.0,alignmentY=0.0,border=,flags=8388616,maximumSize=,minimumSize=,preferredSize=,isViewSizeSet=false,lastPaintPosition=,scrollUnderway=false]
2024-08-15 00:18:36,977 [INFO] UtilMem:75 - End SaveConfig() Used Memory: 784741208 Bytes (1073741824)
2024-08-15 00:18:37,828 [INFO] UtilMem:75 - End SaveConfig() Used Memory: 815095008 Bytes (1073741824)
2024-08-15 00:19:09,566 [INFO] UtilMem:75 - End SaveConfig() Used Memory: 451936256 Bytes (1073741824)
2024-08-15 00:19:15,516 [INFO] BlockDiagram:2766 - set Specific Code input for plugin: USBH_HS
2024-08-15 00:19:15,516 [INFO] BlockDiagram:2766 - set Specific Code input for plugin: USB_OTG_HS
2024-08-15 00:19:15,516 [INFO] BlockDiagram:2766 - set Specific Code input for plugin: GIC
2024-08-15 00:19:15,516 [INFO] BlockDiagram:2766 - set Specific Code input for plugin: RNG
2024-08-15 00:19:15,516 [INFO] BlockDiagram:2766 - set Specific Code input for plugin: LTDC
2024-08-15 00:19:15,516 [INFO] BlockDiagram:2766 - set Specific Code input for plugin: I2S
2024-08-15 00:19:15,517 [INFO] BlockDiagram:2766 - set Specific Code input for plugin: PWR
2024-08-15 00:19:15,519 [INFO] BlockDiagram:2766 - set Specific Code input for plugin: SYS
2024-08-15 00:19:15,519 [INFO] BlockDiagram:2766 - set Specific Code input for plugin: BSEC
2024-08-15 00:19:15,519 [INFO] BlockDiagram:2766 - set Specific Code input for plugin: RCC
2024-08-15 00:19:15,519 [INFO] BlockDiagram:2766 - set Specific Code input for plugin: I2C
2024-08-15 00:19:15,520 [INFO] BlockDiagram:2766 - set Specific Code input for plugin: I2C
2024-08-15 00:19:15,520 [INFO] BlockDiagram:2766 - set Specific Code input for plugin: RTC
2024-08-15 00:19:15,520 [INFO] BlockDiagram:2766 - set Specific Code input for plugin: SDMMC
2024-08-15 00:19:15,520 [INFO] BlockDiagram:2766 - set Specific Code input for plugin: NVIC
2024-08-15 00:19:15,520 [INFO] BlockDiagram:2766 - set Specific Code input for plugin: ETZPC
2024-08-15 00:19:15,520 [INFO] BlockDiagram:2766 - set Specific Code input for plugin: HSEM
2024-08-15 00:19:15,520 [INFO] BlockDiagram:2766 - set Specific Code input for plugin: DDR
2024-08-15 00:19:15,520 [INFO] BlockDiagram:2766 - set Specific Code input for plugin: HDMI_CEC
2024-08-15 00:19:15,520 [INFO] BlockDiagram:2766 - set Specific Code input for plugin: UART
2024-08-15 00:19:15,533 [INFO] BlockDiagram:2766 - set Specific Code input for plugin: DEBUG
2024-08-15 00:19:15,542 [INFO] BlockDiagram:2766 - set Specific Code input for plugin: GPIO
2024-08-15 00:19:15,543 [INFO] BlockDiagram:2766 - set Specific Code input for plugin: TAMP
2024-08-15 00:19:15,543 [INFO] BlockDiagram:2766 - set Specific Code input for plugin: ETH
2024-08-15 00:19:15,544 [INFO] CodeGenerator:807 - code generatio: config db path: /opt/st/stm32cubeide_1.16.0/plugins/com.st.stm32cube.common.mx_6.12.0.202406281431//db/
2024-08-15 00:19:18,475 [INFO] CodeGenerator:1531 - *******************Project context A7 ROM selected
2024-08-15 00:19:18,475 [INFO] CodeGenerator:1531 - *******************Project context A7S selected
2024-08-15 00:19:18,475 [INFO] CodeGenerator:1531 - *******************Project context A7S selected
2024-08-15 00:19:18,475 [INFO] CodeGenerator:1531 - *******************Project context A7NS selected
2024-08-15 00:19:18,475 [INFO] CodeGenerator:1531 - *******************Project context M4 selected
2024-08-15 00:19:19,824 [INFO] CodeEngine:255 - oldGeneratedFile, /home/lubuntu/Dokument/GitHub/STM32-Computer/Firmware/STM32-Computer-Firmware/MXTmpFiles/license.tmp_save
2024-08-15 00:19:23,363 [INFO] CodeEngine:279 - Generated code: /home/lubuntu/Dokument/GitHub/STM32-Computer/Firmware/STM32-Computer-Firmware/MXTmpFiles/license.tmp
2024-08-15 00:19:24,615 [INFO] CodeEngine:255 - oldGeneratedFile, /home/lubuntu/Dokument/GitHub/STM32-Computer/Firmware/STM32-Computer-Firmware/CM4/MXTmpFiles/gpio.tmp_save
2024-08-15 00:19:26,144 [INFO] CodeEngine:279 - Generated code: /home/lubuntu/Dokument/GitHub/STM32-Computer/Firmware/STM32-Computer-Firmware/CM4/MXTmpFiles/gpio.tmp
2024-08-15 00:19:26,169 [WARN] IPConfigManager:98 - WARNING: Missing Config File for DEBUG ip!!
2024-08-15 00:19:26,245 [WARN] IPConfigManager:98 - WARNING: Missing Config File for MDMA ip!!
2024-08-15 00:19:26,505 [WARN] IPConfigManager:98 - WARNING: Missing Config File for ETZPC ip!!
2024-08-15 00:19:26,566 [WARN] IPConfigManager:98 - WARNING: Missing Config File for MDMA ip!!
2024-08-15 00:19:27,079 [WARN] IPConfigManager:98 - WARNING: Missing Config File for MDMA ip!!
2024-08-15 00:19:27,593 [WARN] IPConfigManager:98 - WARNING: Missing Config File for MDMA ip!!
2024-08-15 00:19:28,099 [INFO] CodeEngine:255 - oldGeneratedFile, /home/lubuntu/Dokument/GitHub/STM32-Computer/Firmware/STM32-Computer-Firmware/CM4/Core/Src/stm32mp1xx_it.c_save
2024-08-15 00:19:29,504 [INFO] CodeEngine:279 - Generated code: /home/lubuntu/Dokument/GitHub/STM32-Computer/Firmware/STM32-Computer-Firmware/CM4/Core/Src/stm32mp1xx_it.c
2024-08-15 00:19:29,542 [INFO] CodeEngine:255 - oldGeneratedFile, /home/lubuntu/Dokument/GitHub/STM32-Computer/Firmware/STM32-Computer-Firmware/CM4/Core/Inc/stm32mp1xx_it.h_save
2024-08-15 00:19:30,167 [INFO] CodeEngine:279 - Generated code: /home/lubuntu/Dokument/GitHub/STM32-Computer/Firmware/STM32-Computer-Firmware/CM4/Core/Inc/stm32mp1xx_it.h
2024-08-15 00:19:30,352 [WARN] IPConfigManager:98 - WARNING: Missing Config File for VREFBUF ip!!
2024-08-15 00:19:30,397 [WARN] IPConfigManager:98 - WARNING: Missing Config File for MDMA ip!!
2024-08-15 00:19:30,432 [INFO] CodeEngine:255 - oldGeneratedFile, /home/lubuntu/Dokument/GitHub/STM32-Computer/Firmware/STM32-Computer-Firmware/CM4/Core/Src/stm32mp1xx_hal_msp.c_save
2024-08-15 00:19:31,439 [INFO] CodeEngine:279 - Generated code: /home/lubuntu/Dokument/GitHub/STM32-Computer/Firmware/STM32-Computer-Firmware/CM4/Core/Src/stm32mp1xx_hal_msp.c
2024-08-15 00:19:31,457 [INFO] CodeEngine:255 - oldGeneratedFile, /home/lubuntu/Dokument/GitHub/STM32-Computer/Firmware/STM32-Computer-Firmware/CM4/MXTmpFiles/system.tmp_save
2024-08-15 00:19:32,126 [INFO] CodeEngine:279 - Generated code: /home/lubuntu/Dokument/GitHub/STM32-Computer/Firmware/STM32-Computer-Firmware/CM4/MXTmpFiles/system.tmp
2024-08-15 00:19:32,176 [INFO] CodeEngine:311 - oldGeneratedFile, /home/lubuntu/Dokument/GitHub/STM32-Computer/Firmware/STM32-Computer-Firmware/CM4/Core/Inc/stm32mp1xx_hal_conf.h_save
2024-08-15 00:19:33,276 [INFO] CodeEngine:335 - Generated code: /home/lubuntu/Dokument/GitHub/STM32-Computer/Firmware/STM32-Computer-Firmware/CM4/Core/Inc/stm32mp1xx_hal_conf.h
2024-08-15 00:19:33,809 [INFO] CodeEngine:255 - oldGeneratedFile, /home/lubuntu/Dokument/GitHub/STM32-Computer/Firmware/STM32-Computer-Firmware/CM4/Core/Inc/main.h_save
2024-08-15 00:19:34,952 [INFO] CodeEngine:279 - Generated code: /home/lubuntu/Dokument/GitHub/STM32-Computer/Firmware/STM32-Computer-Firmware/CM4/Core/Inc/main.h
2024-08-15 00:19:34,976 [INFO] CodeEngine:255 - oldGeneratedFile, /home/lubuntu/Dokument/GitHub/STM32-Computer/Firmware/STM32-Computer-Firmware/CM4/Core/Src/main.c_save
2024-08-15 00:19:36,625 [INFO] CodeEngine:279 - Generated code: /home/lubuntu/Dokument/GitHub/STM32-Computer/Firmware/STM32-Computer-Firmware/CM4/Core/Src/main.c
2024-08-15 00:19:36,978 [INFO] DTGenerator:243 - 

>>> DTGen : IN

2024-08-15 00:19:39,243 [INFO] GenProcessManager:166 - 
2024-08-15 00:19:39,243 [INFO] GenProcessManager:167 - Launching process: kernel-dtsBind

2024-08-15 00:19:39,244 [INFO] GenerationProcess:393 - 

GenProcess for OUTPUT : processName=kernel-dtsBind - Output=kernel
=======================

2024-08-15 00:19:39,244 [INFO] GenerationProcess:393 - 

GenProcess for OUTPUT : processName=kernel-dtsBind - Output=u-boot
=======================

2024-08-15 00:19:39,294 [INFO] GenProcessDtsBind:272 -   >>> FW bind process - processName=kernel-dtsBind - FW=LINUX - matchingCtxt=CortexA7NS

2024-08-15 00:19:39,409 [INFO] GenProcessDtsBind:272 -   >>> FW bind process - processName=kernel-dtsBind - FW=CUBE - matchingCtxt=CortexM4

2024-08-15 00:19:39,486 [INFO] CodeEngine:255 - oldGeneratedFile, /home/lubuntu/Dokument/GitHub/STM32-Computer/Firmware/STM32-Computer-Firmware/CA7/DeviceTree/STM32-Computer-Firmware/kernel/stm32mp151a-stm32-computer-firmware-mx.dts_save
2024-08-15 00:19:42,252 [INFO] CodeEngine:279 - Generated code: /home/lubuntu/Dokument/GitHub/STM32-Computer/Firmware/STM32-Computer-Firmware/CA7/DeviceTree/STM32-Computer-Firmware/kernel/stm32mp151a-stm32-computer-firmware-mx.dts
2024-08-15 00:19:42,264 [INFO] GenProcessManager:166 - 
2024-08-15 00:19:42,264 [INFO] GenProcessManager:167 - Launching process: ddrConfigGen

2024-08-15 00:19:42,264 [INFO] GenerationProcess:393 - 

GenProcess for OUTPUT : processName=ddrConfigGen - Output=tf-a
=======================

2024-08-15 00:19:42,303 [INFO] GenProcessManager:166 - 
2024-08-15 00:19:42,303 [INFO] GenProcessManager:167 - Launching process: uboot-dtsBind

2024-08-15 00:19:42,304 [INFO] GenerationProcess:393 - 

GenProcess for OUTPUT : processName=uboot-dtsBind - Output=u-boot
=======================

2024-08-15 00:19:42,304 [INFO] GenProcessDtsBind:272 -   >>> FW bind process - processName=uboot-dtsBind - FW=U-BOOT - matchingCtxt=

2024-08-15 00:19:42,331 [INFO] CodeEngine:255 - oldGeneratedFile, /home/lubuntu/Dokument/GitHub/STM32-Computer/Firmware/STM32-Computer-Firmware/CA7/DeviceTree/STM32-Computer-Firmware/u-boot/stm32mp151a-stm32-computer-firmware-mx-u-boot.dtsi_save
2024-08-15 00:19:43,270 [INFO] CodeEngine:279 - Generated code: /home/lubuntu/Dokument/GitHub/STM32-Computer/Firmware/STM32-Computer-Firmware/CA7/DeviceTree/STM32-Computer-Firmware/u-boot/stm32mp151a-stm32-computer-firmware-mx-u-boot.dtsi
2024-08-15 00:19:43,271 [INFO] GenProcessManager:166 - 
2024-08-15 00:19:43,271 [INFO] GenProcessManager:167 - Launching process: tfa-dtsBind

2024-08-15 00:19:43,271 [INFO] GenerationProcess:393 - 

GenProcess for OUTPUT : processName=tfa-dtsBind - Output=tf-a
=======================

2024-08-15 00:19:43,271 [INFO] GenProcessDtsBind:272 -   >>> FW bind process - processName=tfa-dtsBind - FW=TF-A - matchingCtxt=BootLoader

2024-08-15 00:19:43,330 [INFO] CodeEngine:255 - oldGeneratedFile, /home/lubuntu/Dokument/GitHub/STM32-Computer/Firmware/STM32-Computer-Firmware/CA7/DeviceTree/STM32-Computer-Firmware/tf-a/stm32mp151a-stm32-computer-firmware-mx.dts_save
2024-08-15 00:19:44,796 [INFO] CodeEngine:279 - Generated code: /home/lubuntu/Dokument/GitHub/STM32-Computer/Firmware/STM32-Computer-Firmware/CA7/DeviceTree/STM32-Computer-Firmware/tf-a/stm32mp151a-stm32-computer-firmware-mx.dts
2024-08-15 00:19:44,798 [INFO] GenProcessManager:166 - 
2024-08-15 00:19:44,798 [INFO] GenProcessManager:167 - Launching process: fwconfig-dtsBind

2024-08-15 00:19:44,798 [INFO] GenerationProcess:393 - 

GenProcess for OUTPUT : processName=fwconfig-dtsBind - Output=tf-a
=======================

2024-08-15 00:19:44,803 [INFO] CodeEngine:255 - oldGeneratedFile, /home/lubuntu/Dokument/GitHub/STM32-Computer/Firmware/STM32-Computer-Firmware/CA7/DeviceTree/STM32-Computer-Firmware/tf-a/stm32mp151a-stm32-computer-firmware-mx-fw-config.dts_save
2024-08-15 00:19:45,789 [INFO] CodeEngine:279 - Generated code: /home/lubuntu/Dokument/GitHub/STM32-Computer/Firmware/STM32-Computer-Firmware/CA7/DeviceTree/STM32-Computer-Firmware/tf-a/stm32mp151a-stm32-computer-firmware-mx-fw-config.dts
2024-08-15 00:19:45,790 [INFO] GenProcessManager:166 - 
2024-08-15 00:19:45,790 [INFO] GenProcessManager:167 - Launching process: optee-dtsBind

2024-08-15 00:19:45,790 [INFO] GenerationProcess:393 - 

GenProcess for OUTPUT : processName=optee-dtsBind - Output=optee-os
=======================

2024-08-15 00:19:45,791 [INFO] GenProcessDtsBind:272 -   >>> FW bind process - processName=optee-dtsBind - FW=OP-TEE - matchingCtxt=CortexA7S

2024-08-15 00:19:45,859 [INFO] CodeEngine:255 - oldGeneratedFile, /home/lubuntu/Dokument/GitHub/STM32-Computer/Firmware/STM32-Computer-Firmware/CA7/DeviceTree/STM32-Computer-Firmware/optee-os/stm32mp151a-stm32-computer-firmware-mx.dts_save
2024-08-15 00:19:47,820 [INFO] CodeEngine:279 - Generated code: /home/lubuntu/Dokument/GitHub/STM32-Computer/Firmware/STM32-Computer-Firmware/CA7/DeviceTree/STM32-Computer-Firmware/optee-os/stm32mp151a-stm32-computer-firmware-mx.dts
2024-08-15 00:19:47,836 [INFO] DTGenerator:341 - 

>>> DTGen : OUT

2024-08-15 00:19:49,690 [INFO] ProjectBuilder:3249 - Time for Copy HAL[1] : 570mS.
2024-08-15 00:19:49,719 [INFO] ProjectBuilder:4828 - Project Generator version: 4.4.0-B60
2024-08-15 00:19:50,880 [INFO] ConfigFileManager:1531 - The Die is : DIE500
2024-08-15 00:19:56,298 [INFO] LogOutputStream:77 - [STDOUT_REDIRECT] 
2024-08-15 00:22:28,911 [INFO] ProjectBuilder:5097 - Time for Generating toolchain IDE Files: 159189mS.
2024-08-15 00:22:28,912 [INFO] ProjectBuilder:3107 - Time for Copy CMSIS : 1mS.
2024-08-15 00:22:28,913 [INFO] ProjectBuilder:3107 - Time for Copy CMSIS : 0mS.
