2024-11-16 12:11:08,921 [INFO] LogOutputStream:77 - [STDOUT_REDIRECT] log4j default configuration file not found
2024-11-16 12:11:08,962 [INFO] LogOutputStream:77 - [STDOUT_REDIRECT] log4j is not configured!
2024-11-16 12:40:20,005 [INFO] LogOutputStream:77 - [STDOUT_REDIRECT] 
2024-11-16 15:22:40,669 [INFO] Activator:176 - 


2024-11-16 15:22:40,686 [INFO] Activator:177 - !SESSION log4j initialized
2024-11-16 15:22:53,650 [INFO] LogOutputStream:77 - [STDOUT_REDIRECT] 
2024-11-16 15:25:58,933 [INFO] ApplicationProperties:184 - Using Application install path: /opt/st/stm32cubeide_1.16.0/../../../home/lubuntu/.eclipse/com.st.stm32cube.ide.mcu.rcp.product_1.16.0_139065174_linux_gtk_x86_64/plugins/com.st.stm32cube.common.mx_6.12.1.202409122256
2024-11-16 15:25:59,013 [INFO] DbMcusXml:78 - Set database path to: /opt/st/stm32cubeide_1.16.0/../../../home/lubuntu/.eclipse/com.st.stm32cube.ide.mcu.rcp.product_1.16.0_139065174_linux_gtk_x86_64/plugins/com.st.stm32cube.common.mx_6.12.1.202409122256//db//mcu/
2024-11-16 15:25:59,014 [INFO] ApiDb:274 - Set plugin database path to: /opt/st/stm32cubeide_1.16.0/../../../home/lubuntu/.eclipse/com.st.stm32cube.ide.mcu.rcp.product_1.16.0_139065174_linux_gtk_x86_64/plugins/com.st.stm32cube.common.mx_6.12.1.202409122256//db//plugins/boardmanager/
2024-11-16 15:25:59,015 [WARN] ApiDb:259 - Overriding images path with different value:  => /opt/st/stm32cubeide_1.16.0/../../../home/lubuntu/.eclipse/com.st.stm32cube.ide.mcu.rcp.product_1.16.0_139065174_linux_gtk_x86_64/plugins/com.st.stm32cube.common.mx_6.12.1.202409122256//db//plugins/mcufinder/images/
2024-11-16 15:25:59,103 [INFO] ApiDb:250 - Set database path to: /home/lubuntu/.stmcufinder/plugins/mcufinder//mcu/
2024-11-16 15:25:59,106 [INFO] DbMcusAds:125 - Set database path to: /home/lubuntu/.stmcufinder/plugins/mcufinder//mcu/
2024-11-16 15:26:14,946 [INFO] CrossReferenceDbSqlite:203 - Set database path to: /home/lubuntu/.stmcufinder/plugins/mcufinder//mcu/cs/
2024-11-16 15:26:15,253 [INFO] RulesReader:64 - Compatibility file has been processed (297 Rules)
2024-11-16 15:26:15,544 [INFO] DbMcusXml:78 - Set database path to: /opt/st/stm32cubeide_1.16.0/../../../home/lubuntu/.eclipse/com.st.stm32cube.ide.mcu.rcp.product_1.16.0_139065174_linux_gtk_x86_64/plugins/com.st.stm32cube.common.mx_6.12.1.202409122256//db//mcu/
2024-11-16 15:26:15,544 [INFO] ApiDb:274 - Set plugin database path to: /opt/st/stm32cubeide_1.16.0/../../../home/lubuntu/.eclipse/com.st.stm32cube.ide.mcu.rcp.product_1.16.0_139065174_linux_gtk_x86_64/plugins/com.st.stm32cube.common.mx_6.12.1.202409122256//db//plugins/boardmanager/
2024-11-16 15:26:15,545 [INFO] ApiDb:261 - Set plugin images path to: /opt/st/stm32cubeide_1.16.0/../../../home/lubuntu/.eclipse/com.st.stm32cube.ide.mcu.rcp.product_1.16.0_139065174_linux_gtk_x86_64/plugins/com.st.stm32cube.common.mx_6.12.1.202409122256//db//plugins/mcufinder/images/
2024-11-16 15:26:15,545 [WARN] DbFile:41 - Overriding database path with different value: /home/lubuntu/.stmcufinder/plugins/mcufinder/ => /home/lubuntu/.stmcufinder/plugins/mcufinder
2024-11-16 15:26:15,545 [INFO] ApiDb:250 - Set database path to: /home/lubuntu/.stmcufinder/plugins/mcufinder//mcu/
2024-11-16 15:26:15,545 [WARN] DbFile:41 - Overriding database path with different value: /home/lubuntu/.stmcufinder/plugins/mcufinder/ => /home/lubuntu/.stmcufinder/plugins/mcufinder
2024-11-16 15:26:15,545 [INFO] DbMcusAds:125 - Set database path to: /home/lubuntu/.stmcufinder/plugins/mcufinder//mcu/
2024-11-16 15:26:15,545 [WARN] DbFile:41 - Overriding database path with different value: /home/lubuntu/.stmcufinder/plugins/mcufinder/ => /home/lubuntu/.stmcufinder/plugins/mcufinder
2024-11-16 15:26:15,546 [WARN] DbFile:41 - Overriding database path with different value: /home/lubuntu/.stmcufinder/plugins/mcufinder/ => /home/lubuntu/.stmcufinder/plugins/mcufinder
2024-11-16 15:26:15,546 [INFO] CrossReferenceDbSqlite:203 - Set database path to: /home/lubuntu/.stmcufinder/plugins/mcufinder//mcu/cs/
2024-11-16 15:26:15,835 [INFO] MainPanel:268 - HeapMemory: 1073741824
2024-11-16 15:26:16,453 [INFO] DbMcusXml:78 - Set database path to: /opt/st/stm32cubeide_1.16.0/../../../home/lubuntu/.eclipse/com.st.stm32cube.ide.mcu.rcp.product_1.16.0_139065174_linux_gtk_x86_64/plugins/com.st.stm32cube.common.mx_6.12.1.202409122256//db//mcu/
2024-11-16 15:26:16,453 [INFO] ApiDb:274 - Set plugin database path to: /opt/st/stm32cubeide_1.16.0/../../../home/lubuntu/.eclipse/com.st.stm32cube.ide.mcu.rcp.product_1.16.0_139065174_linux_gtk_x86_64/plugins/com.st.stm32cube.common.mx_6.12.1.202409122256//db//plugins/boardmanager/
2024-11-16 15:26:16,454 [INFO] ApiDb:261 - Set plugin images path to: /opt/st/stm32cubeide_1.16.0/../../../home/lubuntu/.eclipse/com.st.stm32cube.ide.mcu.rcp.product_1.16.0_139065174_linux_gtk_x86_64/plugins/com.st.stm32cube.common.mx_6.12.1.202409122256//db//plugins/mcufinder/images/
2024-11-16 15:26:16,455 [WARN] DbFile:41 - Overriding database path with different value: /home/lubuntu/.stmcufinder/plugins/mcufinder/ => /home/lubuntu/.stmcufinder/plugins/mcufinder
2024-11-16 15:26:16,455 [INFO] ApiDb:250 - Set database path to: /home/lubuntu/.stmcufinder/plugins/mcufinder//mcu/
2024-11-16 15:26:16,455 [WARN] DbFile:41 - Overriding database path with different value: /home/lubuntu/.stmcufinder/plugins/mcufinder/ => /home/lubuntu/.stmcufinder/plugins/mcufinder
2024-11-16 15:26:16,455 [INFO] DbMcusAds:125 - Set database path to: /home/lubuntu/.stmcufinder/plugins/mcufinder//mcu/
2024-11-16 15:26:16,456 [WARN] DbFile:41 - Overriding database path with different value: /home/lubuntu/.stmcufinder/plugins/mcufinder/ => /home/lubuntu/.stmcufinder/plugins/mcufinder
2024-11-16 15:26:16,456 [WARN] DbFile:41 - Overriding database path with different value: /home/lubuntu/.stmcufinder/plugins/mcufinder/ => /home/lubuntu/.stmcufinder/plugins/mcufinder
2024-11-16 15:26:16,456 [INFO] CrossReferenceDbSqlite:203 - Set database path to: /home/lubuntu/.stmcufinder/plugins/mcufinder//mcu/cs/
2024-11-16 15:26:16,638 [INFO] ApplicationProperties:184 - Using Application install path: /opt/st/stm32cubeide_1.16.0/../../../home/lubuntu/.eclipse/com.st.stm32cube.ide.mcu.rcp.product_1.16.0_139065174_linux_gtk_x86_64/plugins/com.st.stm32cube.common.mx_6.12.1.202409122256
2024-11-16 15:26:16,642 [INFO] PluginManage:196 - Search for loadable plugins [exclusion list=, ]
2024-11-16 15:26:16,669 [INFO] PluginManage:310 - Check plugin analytics
2024-11-16 15:26:16,981 [INFO] AnalyticsPlugin:253 - Accepted Software Licenses: 
2024-11-16 15:26:16,981 [INFO] AnalyticsPlugin:255 - Accepted CMSIS Pack Licenses: 
2024-11-16 15:26:16,982 [INFO] AnalyticsPlugin:257 - Accepted Firmware Licenses: FW.MP1.1.6.0
2024-11-16 15:26:16,986 [INFO] PluginManage:359 - Loaded plugin analytics (category:tool,tabindex:-1)
2024-11-16 15:26:16,986 [INFO] PluginManage:310 - Check plugin cadmodel
2024-11-16 15:26:17,013 [INFO] CADModel:105 - Init CAD model plugin
2024-11-16 15:26:17,013 [INFO] PluginManage:359 - Loaded plugin cadmodel (category:power,tabindex:5)
2024-11-16 15:26:17,013 [INFO] PluginManage:310 - Check plugin clock
2024-11-16 15:26:17,066 [INFO] PluginManage:359 - Loaded plugin clock (category:base,tabindex:2)
2024-11-16 15:26:17,066 [INFO] PluginManage:310 - Check plugin ddr
2024-11-16 15:26:17,091 [INFO] PluginManage:359 - Loaded plugin ddr (category:tool,tabindex:6)
2024-11-16 15:26:17,091 [INFO] PluginManage:310 - Check plugin filemanager
2024-11-16 15:26:17,405 [INFO] PluginManage:359 - Loaded plugin filemanager (category:base,tabindex:10)
2024-11-16 15:26:17,406 [INFO] PluginManage:310 - Check plugin ipmanager
2024-11-16 15:26:17,439 [INFO] PluginManage:359 - Loaded plugin ipmanager (category:base,tabindex:5)
2024-11-16 15:26:17,439 [INFO] PluginManage:310 - Check plugin lpbam
2024-11-16 15:26:17,475 [INFO] PluginManage:359 - Loaded plugin lpbam (category:base,tabindex:0)
2024-11-16 15:26:17,475 [INFO] PluginManage:310 - Check plugin memorymap
2024-11-16 15:26:17,538 [INFO] PluginManage:359 - Loaded plugin memorymap (category:base,tabindex:4)
2024-11-16 15:26:17,538 [INFO] PluginManage:310 - Check plugin pinoutandconfiguration
2024-11-16 15:26:17,583 [INFO] PluginManage:359 - Loaded plugin pinoutandconfiguration (category:base,tabindex:1)
2024-11-16 15:26:17,583 [INFO] PluginManage:310 - Check plugin pinoutconfig
2024-11-16 15:26:17,784 [WARN] SupportedApi:132 - Cannot load RTOS API schema: s4s-elt-must-match.1: The content of 'definitions' must match (annotation?, (simpleType | complexType)?, (unique | key | keyref)*)). A problem was found starting at: attribute.
2024-11-16 15:26:17,963 [INFO] PluginManage:359 - Loaded plugin pinoutconfig (category:base,tabindex:0)
2024-11-16 15:26:17,963 [INFO] PluginManage:310 - Check plugin power
2024-11-16 15:26:17,997 [INFO] PluginManage:359 - Loaded plugin power (category:power,tabindex:4)
2024-11-16 15:26:17,997 [INFO] PluginManage:310 - Check plugin projectmanager
2024-11-16 15:26:18,032 [INFO] PluginManage:359 - Loaded plugin projectmanager (category:projectmanager,tabindex:4)
2024-11-16 15:26:18,032 [INFO] PluginManage:310 - Check plugin rif
2024-11-16 15:26:18,059 [INFO] PluginManage:359 - Loaded plugin rif (category:base,tabindex:3)
2024-11-16 15:26:18,059 [INFO] PluginManage:310 - Check plugin thirdparty
2024-11-16 15:26:18,404 [INFO] PluginManage:359 - Loaded plugin thirdparty (category:base,tabindex:-1)
2024-11-16 15:26:18,404 [WARN] IntegrityCheckThread:84 - waiting for thirdparty lock release [integrity check]
2024-11-16 15:26:18,404 [INFO] PluginManage:310 - Check plugin tools
2024-11-16 15:26:18,404 [INFO] IntegrityCheckThread:86 - entering critical section [integrity check]
2024-11-16 15:26:18,405 [INFO] ThirdPartyUpdaterWithRetryManager:70 - Updater plugin not ready yet. [1/15]
2024-11-16 15:26:18,418 [INFO] PluginManage:359 - Loaded plugin tools (category:base,tabindex:7)
2024-11-16 15:26:18,418 [INFO] PluginManage:310 - Check plugin tutovideos
2024-11-16 15:26:18,691 [INFO] PluginManage:359 - Loaded plugin tutovideos (category:base,tabindex:-1)
2024-11-16 15:26:18,691 [INFO] PluginManage:310 - Check plugin updater
2024-11-16 15:26:18,727 [INFO] PluginManage:359 - Loaded plugin updater (category:base,tabindex:12)
2024-11-16 15:26:18,727 [INFO] PluginManage:310 - Check plugin userauth
2024-11-16 15:26:18,748 [INFO] UserAuth:113 - Init User Auth plugin
2024-11-16 15:26:18,748 [INFO] PluginManage:359 - Loaded plugin userauth (category:base,tabindex:14)
2024-11-16 15:26:18,749 [INFO] PluginManage:283 - PluginManage : Loaded plugins [18]
2024-11-16 15:26:19,300 [INFO] PinOutPanel:1561 - setPackage(No Configuration,No Configuration)
2024-11-16 15:26:19,613 [INFO] CADModel:165 - CPN selected for project level
2024-11-16 15:26:19,614 [INFO] CADModel:114 - Register for checkConnection events
2024-11-16 15:26:19,689 [INFO] IPUIPlugin:80 - create IPUIPlugin
2024-11-16 15:26:19,690 [INFO] PluginManager:220 - loadIPPluginJar : add spi
2024-11-16 15:26:19,704 [INFO] IPUIPlugin:80 - create IPUIPlugin
2024-11-16 15:26:19,704 [INFO] PluginManager:220 - loadIPPluginJar : add genericplugin
2024-11-16 15:26:19,711 [INFO] IPUIPlugin:80 - create IPUIPlugin
2024-11-16 15:26:19,712 [INFO] PluginManager:220 - loadIPPluginJar : add extmemmanager
2024-11-16 15:26:19,716 [INFO] IPUIPlugin:80 - create IPUIPlugin
2024-11-16 15:26:19,717 [INFO] PluginManager:220 - loadIPPluginJar : add i2c
2024-11-16 15:26:19,728 [INFO] IPUIPlugin:80 - create IPUIPlugin
2024-11-16 15:26:19,728 [INFO] PluginManager:220 - loadIPPluginJar : add fmc
2024-11-16 15:26:19,733 [INFO] IPUIPlugin:80 - create IPUIPlugin
2024-11-16 15:26:19,733 [INFO] PluginManager:220 - loadIPPluginJar : add usbx
2024-11-16 15:26:19,736 [INFO] IPUIPlugin:80 - create IPUIPlugin
2024-11-16 15:26:19,736 [INFO] PluginManager:220 - loadIPPluginJar : add tim
2024-11-16 15:26:19,741 [INFO] IPUIPlugin:80 - create IPUIPlugin
2024-11-16 15:26:19,741 [INFO] PluginManager:220 - loadIPPluginJar : add i3c
2024-11-16 15:26:19,747 [INFO] IPUIPlugin:80 - create IPUIPlugin
2024-11-16 15:26:19,747 [INFO] PluginManager:220 - loadIPPluginJar : add touchsensing
2024-11-16 15:26:19,760 [INFO] IPUIPlugin:80 - create IPUIPlugin
2024-11-16 15:26:19,760 [INFO] PluginManager:220 - loadIPPluginJar : add ipddr
2024-11-16 15:26:19,789 [INFO] IPUIPlugin:80 - create IPUIPlugin
2024-11-16 15:26:19,791 [INFO] PluginManager:220 - loadIPPluginJar : add nvic
2024-11-16 15:26:19,823 [INFO] IPUIPlugin:80 - create IPUIPlugin
2024-11-16 15:26:19,824 [INFO] PluginManager:220 - loadIPPluginJar : add mdma
2024-11-16 15:26:19,829 [INFO] IPUIPlugin:80 - create IPUIPlugin
2024-11-16 15:26:19,829 [INFO] PluginManager:220 - loadIPPluginJar : add ts
2024-11-16 15:26:19,842 [INFO] IPUIPlugin:80 - create IPUIPlugin
2024-11-16 15:26:19,843 [INFO] PluginManager:220 - loadIPPluginJar : add stm32_wpan
2024-11-16 15:26:19,847 [INFO] IPUIPlugin:80 - create IPUIPlugin
2024-11-16 15:26:19,847 [INFO] PluginManager:220 - loadIPPluginJar : add gfxmmu
2024-11-16 15:26:19,849 [INFO] IPUIPlugin:80 - create IPUIPlugin
2024-11-16 15:26:19,850 [INFO] PluginManager:220 - loadIPPluginJar : add fatfs
2024-11-16 15:26:19,854 [INFO] IPUIPlugin:80 - create IPUIPlugin
2024-11-16 15:26:19,854 [INFO] PluginManager:220 - loadIPPluginJar : add pdm2pcm
2024-11-16 15:26:19,858 [INFO] IPUIPlugin:80 - create IPUIPlugin
2024-11-16 15:26:19,858 [INFO] PluginManager:220 - loadIPPluginJar : add resmgrutility
2024-11-16 15:26:19,860 [INFO] IPUIPlugin:80 - create IPUIPlugin
2024-11-16 15:26:19,860 [INFO] PluginManager:220 - loadIPPluginJar : add tracer_emb
2024-11-16 15:26:19,863 [INFO] IPUIPlugin:80 - create IPUIPlugin
2024-11-16 15:26:19,863 [INFO] PluginManager:220 - loadIPPluginJar : add can
2024-11-16 15:26:19,884 [INFO] IPUIPlugin:80 - create IPUIPlugin
2024-11-16 15:26:19,884 [INFO] PluginManager:220 - loadIPPluginJar : add linkedlist
2024-11-16 15:26:19,907 [INFO] IPUIPlugin:80 - create IPUIPlugin
2024-11-16 15:26:19,908 [INFO] PluginManager:220 - loadIPPluginJar : add ddr_ctrl_phy
2024-11-16 15:26:19,911 [INFO] IPUIPlugin:80 - create IPUIPlugin
2024-11-16 15:26:19,911 [INFO] PluginManager:220 - loadIPPluginJar : add tsc
2024-11-16 15:26:19,914 [INFO] IPUIPlugin:80 - create IPUIPlugin
2024-11-16 15:26:19,915 [INFO] PluginManager:220 - loadIPPluginJar : add comp
2024-11-16 15:26:19,919 [INFO] IPUIPlugin:80 - create IPUIPlugin
2024-11-16 15:26:19,919 [INFO] PluginManager:220 - loadIPPluginJar : add gtzc
2024-11-16 15:26:19,944 [INFO] IPUIPlugin:80 - create IPUIPlugin
2024-11-16 15:26:19,944 [INFO] PluginManager:220 - loadIPPluginJar : add dma
2024-11-16 15:26:19,949 [INFO] IPUIPlugin:80 - create IPUIPlugin
2024-11-16 15:26:19,949 [INFO] PluginManager:220 - loadIPPluginJar : add aes
2024-11-16 15:26:19,954 [INFO] IPUIPlugin:80 - create IPUIPlugin
2024-11-16 15:26:19,955 [INFO] PluginManager:220 - loadIPPluginJar : add opamp
2024-11-16 15:26:19,958 [INFO] IPUIPlugin:80 - create IPUIPlugin
2024-11-16 15:26:19,996 [INFO] PluginManager:220 - loadIPPluginJar : add radio
2024-11-16 15:26:20,013 [INFO] IPUIPlugin:80 - create IPUIPlugin
2024-11-16 15:26:20,014 [INFO] PluginManager:220 - loadIPPluginJar : add dfsdm
2024-11-16 15:26:20,027 [INFO] IPUIPlugin:80 - create IPUIPlugin
2024-11-16 15:26:20,027 [INFO] PluginManager:220 - loadIPPluginJar : add adc
2024-11-16 15:26:20,040 [INFO] IPUIPlugin:80 - create IPUIPlugin
2024-11-16 15:26:20,046 [INFO] PluginManager:220 - loadIPPluginJar : add plateformsettings
2024-11-16 15:26:20,049 [INFO] IPUIPlugin:80 - create IPUIPlugin
2024-11-16 15:26:20,050 [INFO] PluginManager:220 - loadIPPluginJar : add ucpd
2024-11-16 15:26:20,055 [INFO] IPUIPlugin:80 - create IPUIPlugin
2024-11-16 15:26:20,055 [INFO] PluginManager:220 - loadIPPluginJar : add usart
2024-11-16 15:26:20,058 [INFO] IPUIPlugin:80 - create IPUIPlugin
2024-11-16 15:26:20,058 [INFO] PluginManager:220 - loadIPPluginJar : add quadspi
2024-11-16 15:26:20,064 [INFO] IPUIPlugin:80 - create IPUIPlugin
2024-11-16 15:26:20,064 [INFO] PluginManager:220 - loadIPPluginJar : add sai
2024-11-16 15:26:20,068 [INFO] IPUIPlugin:80 - create IPUIPlugin
2024-11-16 15:26:20,068 [INFO] PluginManager:220 - loadIPPluginJar : add cryp
2024-11-16 15:26:20,086 [INFO] IPUIPlugin:80 - create IPUIPlugin
2024-11-16 15:26:20,086 [INFO] PluginManager:220 - loadIPPluginJar : add freertos
2024-11-16 15:26:20,089 [INFO] IPUIPlugin:80 - create IPUIPlugin
2024-11-16 15:26:20,089 [INFO] PluginManager:220 - loadIPPluginJar : add lorawan
2024-11-16 15:26:20,091 [INFO] IPUIPlugin:80 - create IPUIPlugin
2024-11-16 15:26:20,091 [INFO] PluginManager:220 - loadIPPluginJar : add ltdc
2024-11-16 15:26:20,100 [INFO] IPUIPlugin:80 - create IPUIPlugin
2024-11-16 15:26:20,100 [INFO] PluginManager:220 - loadIPPluginJar : add gpio
2024-11-16 15:26:20,102 [INFO] IPUIPlugin:80 - create IPUIPlugin
2024-11-16 15:26:20,102 [INFO] PluginManager:220 - loadIPPluginJar : add openamp
2024-11-16 15:26:20,104 [INFO] IPUIPlugin:80 - create IPUIPlugin
2024-11-16 15:26:20,104 [INFO] PluginManager:220 - loadIPPluginJar : add i2s
2024-11-16 15:26:20,108 [INFO] IPUIPlugin:80 - create IPUIPlugin
2024-11-16 15:26:20,109 [INFO] PluginManager:220 - loadIPPluginJar : add gic
2024-11-16 15:26:20,111 [INFO] IPUIPlugin:80 - create IPUIPlugin
2024-11-16 15:26:20,111 [INFO] PluginManager:220 - loadIPPluginJar : add hash
2024-11-16 15:26:20,113 [INFO] IPUIPlugin:80 - create IPUIPlugin
2024-11-16 15:26:20,113 [INFO] PluginManager:220 - loadIPPluginJar : add dma3
2024-11-16 15:26:20,254 [INFO] CADModel:165 - CPN selected for project level
2024-11-16 15:26:20,254 [INFO] CADModel:114 - Register for checkConnection events
2024-11-16 15:26:20,254 [FATAL] Updater:334 - Updater called before beeing initialized
2024-11-16 15:26:20,254 [ERROR] CADModel:125 - Updater not yet initialized, retry later 
2024-11-16 15:26:20,630 [INFO] CADModel:165 - CPN selected for project level
2024-11-16 15:26:20,630 [INFO] CADModel:114 - Register for checkConnection events
2024-11-16 15:26:20,630 [FATAL] Updater:334 - Updater called before beeing initialized
2024-11-16 15:26:20,630 [ERROR] CADModel:125 - Updater not yet initialized, retry later 
2024-11-16 15:26:20,633 [FATAL] Updater:334 - Updater called before beeing initialized
2024-11-16 15:26:20,759 [FATAL] Updater:334 - Updater called before beeing initialized
2024-11-16 15:26:20,777 [INFO] DbMcusAds:53 - JSON generation date=Fri Sep 20 15:04:23 CEST 2024 (1726837463113)
2024-11-16 15:26:20,777 [FATAL] Updater:334 - Updater called before beeing initialized
2024-11-16 15:26:20,912 [WARN] DetailPanel:346 - Failed to get advertising image, set to default
2024-11-16 15:26:21,016 [FATAL] Updater:334 - Updater called before beeing initialized
2024-11-16 15:26:21,018 [FATAL] Updater:334 - Updater called before beeing initialized
2024-11-16 15:26:21,018 [FATAL] Updater:334 - Updater called before beeing initialized
2024-11-16 15:26:21,018 [WARN] DetailPanel:346 - Failed to get advertising image, set to default
2024-11-16 15:26:21,019 [FATAL] Updater:334 - Updater called before beeing initialized
2024-11-16 15:26:21,092 [ERROR] Updater:1164 - MainUpdater not yet initialized. External WinMGr cannot be set.
2024-11-16 15:26:21,109 [INFO] Updater:1100 - Updater Version found : 6.12.1
2024-11-16 15:26:21,147 [INFO] ApplicationProperties:184 - Using Application install path: /opt/st/stm32cubeide_1.16.0/../../../home/lubuntu/.eclipse/com.st.stm32cube.ide.mcu.rcp.product_1.16.0_139065174_linux_gtk_x86_64/plugins/com.st.stm32cube.common.mx_6.12.1.202409122256
2024-11-16 15:26:21,405 [INFO] ThirdPartyUpdaterWithRetryManager:70 - Updater plugin not ready yet. [2/15]
2024-11-16 15:26:21,661 [INFO] MainUpdater:2873 - connection check result : 10
2024-11-16 15:26:21,662 [INFO] MainUpdater:290 - Updater Check For Update Now.
2024-11-16 15:26:21,662 [INFO] MicroXplorer:498 - Change Database Version : DB.6.0.121
2024-11-16 15:26:21,721 [INFO] McuFinderGlobals:63 - Set McuFinder mode to 2 (CubeIDE integrated)
2024-11-16 15:26:21,801 [INFO] UserAuth:417 - Internet connection configuration mode: 1
2024-11-16 15:26:21,927 [INFO] JxBrowserEngine:152 - Initiate JxBrowser Engine with user profile folder
2024-11-16 15:26:22,009 [INFO] CheckServerUpdateThread:120 - End of CheckServer Thread
2024-11-16 15:26:25,500 [WARN] PackLoader:240 - Cannot read IP mode file for STMicroelectronics.FP-SNS-MOTENVWB1.1.4.0
2024-11-16 15:26:25,529 [WARN] PackLoader:240 - Cannot read IP mode file for STMicroelectronics.FP-ATR-ASTRA1.2.0.1
2024-11-16 15:26:25,559 [WARN] PackLoader:240 - Cannot read IP mode file for STMicroelectronics.X-CUBE-SMBUS.2.1.0
2024-11-16 15:26:25,583 [WARN] PackLoader:240 - Cannot read IP mode file for STMicroelectronics.X-CUBE-WB05N.1.1.0
2024-11-16 15:26:25,696 [WARN] PackLoader:240 - Cannot read IP mode file for STMicroelectronics.X-CUBE-AZRTOS-F7.1.1.0
2024-11-16 15:26:25,853 [WARN] PackLoader:240 - Cannot read IP mode file for STMicroelectronics.X-CUBE-MEMS1.11.0.0
2024-11-16 15:26:26,017 [WARN] PackLoader:240 - Cannot read IP mode file for STMicroelectronics.FP-SNS-FLIGHT1.5.0.2
2024-11-16 15:26:26,049 [WARN] PackLoader:240 - Cannot read IP mode file for STMicroelectronics.X-CUBE-DISPLAY.3.0.0
2024-11-16 15:26:26,102 [WARN] PackLoader:240 - Cannot read IP mode file for STMicroelectronics.X-CUBE-BLE1.7.0.0
2024-11-16 15:26:26,132 [WARN] PackLoader:240 - Cannot read IP mode file for STMicroelectronics.X-CUBE-NFC10.1.0.0
2024-11-16 15:26:26,151 [WARN] PackLoader:240 - Cannot read IP mode file for emotas.I-CUBE-CANOPEN.1.3.0
2024-11-16 15:26:26,176 [WARN] PackLoader:240 - Cannot read IP mode file for STMicroelectronics.X-CUBE-BLEMGR.3.1.0
2024-11-16 15:26:26,194 [WARN] PackLoader:240 - Cannot read IP mode file for STMicroelectronics.FP-SNS-SMARTAG2.1.2.0
2024-11-16 15:26:26,248 [INFO] LogOutputStream:77 - [STDOUT_REDIRECT] 1 : Invalid condition id : UX_CORESTACK_Condition cause : null
2024-11-16 15:26:26,249 [INFO] LogOutputStream:77 - [STDOUT_REDIRECT] 1 : Invalid condition id : UX_CORESTACK_Condition cause : null
2024-11-16 15:26:26,249 [INFO] LogOutputStream:77 - [STDOUT_REDIRECT] 1 : Invalid condition id : UX_CORESTACK_Condition cause : null
2024-11-16 15:26:26,249 [INFO] LogOutputStream:77 - [STDOUT_REDIRECT] 1 : Invalid condition id : UX_CORESTACK_Condition cause : null
2024-11-16 15:26:26,250 [INFO] LogOutputStream:77 - [STDOUT_REDIRECT] 1 : Invalid condition id : UX_CORESTACK_Condition cause : null
2024-11-16 15:26:26,253 [WARN] PackLoader:240 - Cannot read IP mode file for STMicroelectronics.X-CUBE-AZRTOS-WL.2.0.0
2024-11-16 15:26:26,263 [WARN] PackLoader:240 - Cannot read IP mode file for STMicroelectronics.FP-SNS-MOTENV1.5.0.0
2024-11-16 15:26:26,292 [WARN] PackLoader:240 - Cannot read IP mode file for wolfSSL.I-CUBE-wolfMQTT.1.19.0
2024-11-16 15:26:26,358 [WARN] PackLoader:240 - Cannot read IP mode file for WES.I-CUBE-Cesium.1.3.0
2024-11-16 15:26:26,394 [WARN] PackLoader:240 - Cannot read IP mode file for STMicroelectronics.X-CUBE-BLE2.3.3.0
2024-11-16 15:26:26,415 [WARN] PackLoader:240 - Cannot read IP mode file for STMicroelectronics.X-CUBE-NFC9.1.0.0
2024-11-16 15:26:26,460 [WARN] PackLoader:240 - Cannot read IP mode file for STMicroelectronics.X-CUBE-TCPP.4.1.0
2024-11-16 15:26:26,548 [WARN] PackLoader:240 - Cannot read IP mode file for STMicroelectronics.X-CUBE-AZRTOS-G0.1.1.0
2024-11-16 15:26:26,559 [WARN] PackLoader:240 - Cannot read IP mode file for STMicroelectronics.X-CUBE-SAFEA1.1.2.2
2024-11-16 15:26:26,564 [WARN] PackLoader:240 - Cannot read IP mode file for STMicroelectronics.X-CUBE-NFC4.3.0.0
2024-11-16 15:26:26,580 [WARN] PackLoader:240 - Cannot read IP mode file for EmbeddedOffice.I-CUBE-FS-RTOS.1.0.1
2024-11-16 15:26:26,581 [ERROR] ConditionMgr:805 - Attr not supported : Dmpu
2024-11-16 15:26:26,581 [ERROR] ConditionMgr:805 - Attr not supported : Dmpu
2024-11-16 15:26:26,581 [ERROR] ConditionMgr:805 - Attr not supported : Dmpu
2024-11-16 15:26:26,581 [ERROR] ConditionMgr:805 - Attr not supported : Dmpu
2024-11-16 15:26:26,581 [ERROR] ConditionMgr:805 - Attr not supported : Dmpu
2024-11-16 15:26:26,581 [ERROR] ConditionMgr:805 - Attr not supported : Dmpu
2024-11-16 15:26:26,581 [ERROR] ConditionMgr:805 - Attr not supported : Dmpu
2024-11-16 15:26:26,581 [ERROR] ConditionMgr:805 - Attr not supported : Dmpu
2024-11-16 15:26:26,581 [ERROR] ConditionMgr:805 - Attr not supported : Dmpu
2024-11-16 15:26:26,581 [ERROR] ConditionMgr:805 - Attr not supported : Dmpu
2024-11-16 15:26:26,581 [ERROR] ConditionMgr:805 - Attr not supported : Dmpu
2024-11-16 15:26:26,581 [ERROR] ConditionMgr:805 - Attr not supported : Dmpu
2024-11-16 15:26:26,582 [ERROR] ConditionMgr:805 - Attr not supported : Dmpu
2024-11-16 15:26:26,582 [ERROR] ConditionMgr:805 - Attr not supported : Dmpu
2024-11-16 15:26:26,582 [ERROR] ConditionMgr:805 - Attr not supported : Dmpu
2024-11-16 15:26:26,582 [ERROR] ConditionMgr:805 - Attr not supported : Dmpu
2024-11-16 15:26:26,582 [ERROR] ConditionMgr:805 - Attr not supported : Dmpu
2024-11-16 15:26:26,582 [ERROR] ConditionMgr:805 - Attr not supported : Dmpu
2024-11-16 15:26:26,582 [ERROR] ConditionMgr:805 - Attr not supported : Dmpu
2024-11-16 15:26:26,582 [ERROR] ConditionMgr:805 - Attr not supported : Dmpu
2024-11-16 15:26:26,582 [ERROR] ConditionMgr:805 - Attr not supported : Dmpu
2024-11-16 15:26:26,582 [ERROR] ConditionMgr:805 - Attr not supported : Dmpu
2024-11-16 15:26:26,582 [ERROR] ConditionMgr:805 - Attr not supported : Dmpu
2024-11-16 15:26:26,582 [ERROR] ConditionMgr:805 - Attr not supported : Dmpu
2024-11-16 15:26:26,582 [ERROR] ConditionMgr:805 - Attr not supported : Dmpu
2024-11-16 15:26:26,582 [ERROR] ConditionMgr:805 - Attr not supported : Dmpu
2024-11-16 15:26:26,582 [ERROR] ConditionMgr:805 - Attr not supported : Dmpu
2024-11-16 15:26:26,583 [ERROR] ConditionMgr:805 - Attr not supported : Dmpu
2024-11-16 15:26:26,583 [ERROR] ConditionMgr:805 - Attr not supported : Dmpu
2024-11-16 15:26:26,583 [ERROR] ConditionMgr:805 - Attr not supported : Dmpu
2024-11-16 15:26:26,583 [ERROR] ConditionMgr:805 - Attr not supported : Dmpu
2024-11-16 15:26:26,583 [ERROR] ConditionMgr:805 - Attr not supported : Dmpu
2024-11-16 15:26:26,583 [ERROR] ConditionMgr:805 - Attr not supported : Dmpu
2024-11-16 15:26:26,583 [ERROR] ConditionMgr:805 - Attr not supported : Dmpu
2024-11-16 15:26:26,583 [ERROR] ConditionMgr:805 - Attr not supported : Dmpu
2024-11-16 15:26:26,583 [ERROR] ConditionMgr:805 - Attr not supported : Dmpu
2024-11-16 15:26:26,583 [ERROR] ConditionMgr:805 - Attr not supported : Dmpu
2024-11-16 15:26:26,583 [ERROR] ConditionMgr:805 - Attr not supported : Dmpu
2024-11-16 15:26:26,583 [ERROR] ConditionMgr:805 - Attr not supported : Dmpu
2024-11-16 15:26:26,584 [ERROR] ConditionMgr:805 - Attr not supported : Dmpu
2024-11-16 15:26:26,584 [ERROR] ConditionMgr:805 - Attr not supported : Dmpu
2024-11-16 15:26:26,584 [ERROR] ConditionMgr:805 - Attr not supported : Dmpu
2024-11-16 15:26:26,584 [ERROR] ConditionMgr:805 - Attr not supported : Dmpu
2024-11-16 15:26:26,584 [ERROR] ConditionMgr:805 - Attr not supported : Dmpu
2024-11-16 15:26:26,584 [ERROR] ConditionMgr:805 - Attr not supported : Dmpu
2024-11-16 15:26:26,584 [ERROR] ConditionMgr:805 - Attr not supported : Dmpu
2024-11-16 15:26:26,584 [ERROR] ConditionMgr:805 - Attr not supported : Dmpu
2024-11-16 15:26:26,584 [ERROR] ConditionMgr:805 - Attr not supported : Dmpu
2024-11-16 15:26:26,584 [ERROR] ConditionMgr:805 - Attr not supported : Dmpu
2024-11-16 15:26:26,584 [ERROR] ConditionMgr:805 - Attr not supported : Dmpu
2024-11-16 15:26:26,584 [ERROR] ConditionMgr:805 - Attr not supported : Dmpu
2024-11-16 15:26:26,585 [ERROR] ConditionMgr:805 - Attr not supported : Dmpu
2024-11-16 15:26:26,585 [ERROR] ConditionMgr:805 - Attr not supported : Dmpu
2024-11-16 15:26:26,585 [ERROR] ConditionMgr:805 - Attr not supported : Dmpu
2024-11-16 15:26:26,585 [ERROR] ConditionMgr:805 - Attr not supported : Dmpu
2024-11-16 15:26:26,585 [ERROR] ConditionMgr:805 - Attr not supported : Dmpu
2024-11-16 15:26:26,585 [ERROR] ConditionMgr:805 - Attr not supported : Dmpu
2024-11-16 15:26:26,585 [ERROR] ConditionMgr:805 - Attr not supported : Dmpu
2024-11-16 15:26:26,585 [ERROR] ConditionMgr:805 - Attr not supported : Dmpu
2024-11-16 15:26:26,585 [ERROR] ConditionMgr:805 - Attr not supported : Dmpu
2024-11-16 15:26:26,585 [ERROR] ConditionMgr:805 - Attr not supported : Dmpu
2024-11-16 15:26:26,585 [ERROR] ConditionMgr:805 - Attr not supported : Dmpu
2024-11-16 15:26:26,585 [ERROR] ConditionMgr:805 - Attr not supported : Dmpu
2024-11-16 15:26:26,586 [ERROR] ConditionMgr:805 - Attr not supported : Dmpu
2024-11-16 15:26:26,611 [WARN] PackLoader:240 - Cannot read IP mode file for RealThread.X-CUBE-RT-Thread_Nano.4.1.1
2024-11-16 15:26:26,616 [WARN] PackLoader:240 - Cannot read IP mode file for STMicroelectronics.FP-ATR-SIGFOX1.3.2.0
2024-11-16 15:26:26,638 [WARN] PackLoader:240 - Cannot read IP mode file for wolfSSL.I-CUBE-wolfSSL.5.7.2
2024-11-16 15:26:26,662 [WARN] ConditionMgr:438 - getConditionDescription Invalid condition id : Cortex-A Device cause : null
2024-11-16 15:26:26,676 [WARN] ConditionMgr:1039 - genDependencies : Invalid condition id : Cortex-A Device cause : null
2024-11-16 15:26:26,676 [WARN] ConditionMgr:1039 - genDependencies : Invalid condition id : Cortex-A Device cause : null
2024-11-16 15:26:26,677 [WARN] ConditionMgr:1039 - genDependencies : Invalid condition id : Cortex-A Device cause : null
2024-11-16 15:26:26,762 [WARN] PackLoader:240 - Cannot read IP mode file for STMicroelectronics.X-CUBE-EEPRMA1.5.1.0
2024-11-16 15:26:26,786 [WARN] PackLoader:240 - Cannot read IP mode file for ITTIA_DB.I-CUBE-ITTIADB.8.9.0
2024-11-16 15:26:26,887 [WARN] PackLoader:240 - Cannot read IP mode file for SEGGER.I-CUBE-embOS.1.3.1
2024-11-16 15:26:26,943 [WARN] PackLoader:240 - Cannot read IP mode file for STMicroelectronics.X-CUBE-ALGOBUILD.1.4.0
2024-11-16 15:26:26,969 [WARN] PackLoader:240 - Cannot read IP mode file for STMicroelectronics.X-CUBE-AI.9.1.0
2024-11-16 15:26:27,047 [WARN] PackLoader:240 - Cannot read IP mode file for STMicroelectronics.X-CUBE-AZRTOS-F4.1.1.0
2024-11-16 15:26:27,062 [WARN] PackLoader:240 - Cannot read IP mode file for STMicroelectronics.X-CUBE-ISPU.2.1.0
2024-11-16 15:26:27,088 [WARN] PackLoader:240 - Cannot read IP mode file for STMicroelectronics.X-CUBE-FREERTOS.1.2.0
2024-11-16 15:26:27,199 [WARN] PackLoader:240 - Cannot read IP mode file for STMicroelectronics.X-CUBE-AZRTOS-L5.2.0.0
2024-11-16 15:26:27,240 [WARN] PackLoader:240 - Cannot read IP mode file for STMicroelectronics.X-CUBE-NFC6.3.1.0
2024-11-16 15:26:27,271 [WARN] PackLoader:240 - Cannot read IP mode file for STMicroelectronics.X-CUBE-DPower.1.2.0
2024-11-16 15:26:27,285 [WARN] PackLoader:240 - Cannot read IP mode file for STMicroelectronics.X-CUBE-AI.9.0.0
2024-11-16 15:26:27,293 [WARN] PackLoader:240 - Cannot read IP mode file for STMicroelectronics.X-CUBE-NFC7.1.0.1
2024-11-16 15:26:27,399 [WARN] ConditionMgr:438 - getConditionDescription Invalid condition id : LAN8742 Phy interface Condition cause : null
2024-11-16 15:26:27,400 [WARN] PackLoader:240 - Cannot read IP mode file for STMicroelectronics.X-CUBE-AZRTOS-L4.2.0.0
2024-11-16 15:26:27,402 [WARN] ConditionMgr:1039 - genDependencies : Invalid condition id : LAN8742 Phy interface Condition cause : null
2024-11-16 15:26:27,403 [WARN] ConditionMgr:1039 - genDependencies : Invalid condition id : LAN8742 Phy interface Condition cause : null
2024-11-16 15:26:27,404 [WARN] ConditionMgr:1039 - genDependencies : Invalid condition id : LAN8742 Phy interface Condition cause : null
2024-11-16 15:26:27,423 [WARN] PackLoader:240 - Cannot read IP mode file for STMicroelectronics.X-CUBE-SFXS2LP1.4.0.0
2024-11-16 15:26:27,519 [WARN] PackLoader:240 - Cannot read IP mode file for STMicroelectronics.X-CUBE-AZRTOS-H7.3.3.0
2024-11-16 15:26:27,549 [WARN] PackLoader:240 - Cannot read IP mode file for STMicroelectronics.X-CUBE-IPS.3.0.0
2024-11-16 15:26:27,599 [WARN] ConditionMgr:438 - getConditionDescription Invalid condition id : UX DEVICE CLASS RTOS Condition cause : null
2024-11-16 15:26:27,599 [WARN] ConditionMgr:438 - getConditionDescription Invalid condition id : UX DEVICE CLASS RTOS Condition cause : null
2024-11-16 15:26:27,602 [WARN] PackLoader:240 - Cannot read IP mode file for STMicroelectronics.X-CUBE-AZRTOS-WB.2.0.0
2024-11-16 15:26:27,603 [WARN] ConditionMgr:1039 - genDependencies : Invalid condition id : UX DEVICE CLASS RTOS Condition cause : null
2024-11-16 15:26:27,604 [WARN] ConditionMgr:1039 - genDependencies : Invalid condition id : UX DEVICE CLASS RTOS Condition cause : null
2024-11-16 15:26:27,604 [WARN] ConditionMgr:1039 - genDependencies : Invalid condition id : UX DEVICE CLASS RTOS Condition cause : null
2024-11-16 15:26:27,605 [WARN] ConditionMgr:1039 - genDependencies : Invalid condition id : UX DEVICE CLASS RTOS Condition cause : null
2024-11-16 15:26:27,605 [WARN] ConditionMgr:1039 - genDependencies : Invalid condition id : UX DEVICE CLASS RTOS Condition cause : null
2024-11-16 15:26:27,619 [WARN] PackLoader:240 - Cannot read IP mode file for STMicroelectronics.X-CUBE-GNSS1.7.0.0
2024-11-16 15:26:27,644 [WARN] PackLoader:240 - Cannot read IP mode file for STMicroelectronics.FP-SNS-STBOX1.2.0.0
2024-11-16 15:26:27,679 [WARN] PackLoader:240 - Cannot read IP mode file for STMicroelectronics.X-CUBE-SUBG2.5.0.0
2024-11-16 15:26:27,707 [WARN] PackLoader:240 - Cannot read IP mode file for Cesanta.I-CUBE-Mongoose.7.13.0
2024-11-16 15:26:27,785 [WARN] PackLoader:240 - Cannot read IP mode file for STMicroelectronics.X-CUBE-AZRTOS-G4.2.0.0
2024-11-16 15:26:27,810 [WARN] PackLoader:240 - Cannot read IP mode file for STMicroelectronics.X-CUBE-ISPU.2.0.0
2024-11-16 15:26:27,834 [WARN] PackLoader:240 - Cannot read IP mode file for STMicroelectronics.X-CUBE-ALS.1.0.2
2024-11-16 15:26:27,849 [WARN] PackLoader:240 - Cannot read IP mode file for STMicroelectronics.X-CUBE-TOUCHGFX.4.24.0
2024-11-16 15:26:27,866 [WARN] PackLoader:240 - Cannot read IP mode file for STMicroelectronics.X-CUBE-TOUCHGFX.4.24.1
2024-11-16 15:26:27,925 [WARN] PackLoader:240 - Cannot read IP mode file for wolfSSL.I-CUBE-wolfTPM.3.4.0
2024-11-16 15:26:27,947 [WARN] PackLoader:240 - Cannot read IP mode file for portGmbH.I-Cube-SoM-uGOAL.1.1.0
2024-11-16 15:26:28,036 [WARN] PackLoader:240 - Cannot read IP mode file for STMicroelectronics.X-CUBE-AZRTOS-H7RS.1.0.0
2024-11-16 15:26:28,087 [WARN] PackLoader:240 - Cannot read IP mode file for STMicroelectronics.FP-ATR-ASTRA1.2.0.0
2024-11-16 15:26:28,150 [WARN] PackLoader:240 - Cannot read IP mode file for STMicroelectronics.X-CUBE-TOF1.3.4.2
2024-11-16 15:26:28,219 [WARN] PackLoader:240 - Cannot read IP mode file for Infineon.AIROC-Wi-Fi-Bluetooth-STM32.1.6.1
2024-11-16 15:26:28,227 [WARN] PackLoader:240 - Cannot read IP mode file for wolfSSL.I-CUBE-wolfSSH.1.4.17
2024-11-16 15:26:28,228 [INFO] ThirdParty:978 - Integrity check success = true
2024-11-16 15:26:28,228 [INFO] IntegrityCheckThread:100 - exiting critical section [integrity check]
2024-11-16 15:26:28,228 [INFO] IntegrityCheckThread:103 - End integrity checks thread
2024-11-16 15:26:46,856 [INFO] WebApp:167 - Instantiating new browser for Auth
2024-11-16 15:26:59,269 [INFO] WebApp:448 - Apply proxy settings
2024-11-16 15:26:59,269 [INFO] WebApp:533 - Chromium requires no authentication
2024-11-16 15:26:59,607 [INFO] WebApp:476 - Direct internet connection detected
2024-11-16 15:26:59,856 [INFO] WebApp:869 - Register for checkConnection events
2024-11-16 15:26:59,856 [INFO] WebApp:448 - Apply proxy settings
2024-11-16 15:26:59,856 [INFO] WebApp:533 - Chromium requires no authentication
2024-11-16 15:26:59,857 [INFO] WebApp:476 - Direct internet connection detected
2024-11-16 15:27:02,800 [INFO] WebApp:220 - Starting web application
2024-11-16 15:27:02,801 [INFO] WebApp:578 - Web application path used /opt/st/stm32cubeide_1.16.0/../../../home/lubuntu/.eclipse/com.st.stm32cube.ide.mcu.rcp.product_1.16.0_139065174_linux_gtk_x86_64/plugins/com.st.stm32cube.common.mx_6.12.1.202409122256/db/plugins/mcufinder/reactClient1/index.html
2024-11-16 15:27:03,595 [INFO] WebApp:186 - Connection restablished
2024-11-16 15:27:05,182 [INFO] UserAuth:417 - Internet connection configuration mode: 1
2024-11-16 16:24:00,555 [INFO] McuFinderGlobals:63 - Set McuFinder mode to 2 (CubeIDE integrated)
2024-11-16 16:24:00,652 [INFO] MainUpdater:2873 - connection check result : 10
2024-11-16 16:24:00,652 [INFO] MainUpdater:2873 - connection check result : 10
2024-11-16 16:24:00,952 [INFO] RulesReader:64 - Compatibility file has been processed (297 Rules)
2024-11-16 16:24:00,965 [INFO] RulesReader:64 - Compatibility file has been processed (297 Rules)
2024-11-16 16:24:00,991 [INFO] MicroXplorer:468 - Change Database Path : 
2024-11-16 16:24:00,992 [INFO] MicroXplorer:498 - Change Database Version : DB.6.0.121
2024-11-16 16:24:01,030 [WARN] ThirdParty:871 - waiting for thirdparty lock release [close project]
2024-11-16 16:24:01,030 [INFO] ThirdParty:873 - entering critical section [close project]
2024-11-16 16:24:01,103 [INFO] ThirdParty:883 - exiting critical section [close project]
2024-11-16 16:24:01,146 [INFO] PinOutPanel:1561 - setPackage(No Configuration,No Configuration)
2024-11-16 16:24:01,151 [INFO] UtilMem:75 - Begin LoadConfig() Used Memory: 723941432 Bytes (1073741824)
2024-11-16 16:24:01,165 [INFO] MicroXplorer:468 - Change Database Path : 
2024-11-16 16:24:01,165 [INFO] MicroXplorer:498 - Change Database Version : DB.6.0.121
2024-11-16 16:24:01,165 [INFO] OpenFileManager:332 - Change cursor
2024-11-16 16:24:01,420 [INFO] Mcu:2032 - Initializing MCU STM32MP151AACx STM32MP151AACx STM32MP151AAC3
2024-11-16 16:24:05,935 [INFO] Context:742 - Trying to add GPIOservice into a context  which must be forbidden
2024-11-16 16:24:05,935 [INFO] Context:742 - Trying to add GPIOservice into a context  which must be forbidden
2024-11-16 16:24:07,425 [INFO] Context:742 - Trying to add GPIOservice into a context  which must be forbidden
2024-11-16 16:24:07,426 [WARN] Context:815 - Trying to set SPI twice on same context CortexA7NS
2024-11-16 16:24:07,426 [INFO] Context:742 - Trying to add GPIOservice into a context  which must be forbidden
2024-11-16 16:24:07,942 [INFO] RtosManager:555 - Registered RTOS mode: class=CMSIS, group=RTOS, mode=CMSIS_V1, owner=FREERTOS
2024-11-16 16:24:07,942 [INFO] RtosManager:555 - Registered RTOS mode: class=CMSIS, group=RTOS2, mode=CMSIS_V2, owner=FREERTOS
2024-11-16 16:24:07,942 [INFO] RtosManager:555 - Registered RTOS mode: class=RTOS, group=Core, mode=CMSIS_V1, owner=FREERTOS
2024-11-16 16:24:07,942 [INFO] RtosManager:555 - Registered RTOS mode: class=RTOS, group=Core, mode=CMSIS_V2, owner=FREERTOS
2024-11-16 16:24:07,942 [WARN] ModelIntegratedComponent:184 - Missing modes for component STMicroelectronics:FreeRTOS:0.0.1:STMicroelectronics:RTOS:FreeRTOS:Core:::10.2.0:
2024-11-16 16:24:07,955 [WARN] ModelIntegratedComponent:63 - No mode defined for component null
2024-11-16 16:24:07,955 [WARN] ModelIntegratedComponent:63 - No mode defined for component null
2024-11-16 16:24:07,955 [WARN] ModelIntegratedComponent:63 - No mode defined for component null
2024-11-16 16:24:07,955 [WARN] ModelIntegratedComponent:63 - No mode defined for component null
2024-11-16 16:24:07,956 [WARN] ModelIntegratedComponent:63 - No mode defined for component null
2024-11-16 16:24:07,956 [WARN] ModelIntegratedComponent:63 - No mode defined for component null
2024-11-16 16:24:07,956 [WARN] ModelIntegratedComponent:63 - No mode defined for component null
2024-11-16 16:24:07,956 [WARN] ModelIntegratedComponent:63 - No mode defined for component null
2024-11-16 16:24:07,956 [WARN] ModelIntegratedComponent:63 - No mode defined for component null
2024-11-16 16:24:07,956 [WARN] ModelIntegratedComponent:63 - No mode defined for component null
2024-11-16 16:24:07,956 [WARN] ModelIntegratedComponent:63 - No mode defined for component null
2024-11-16 16:24:07,956 [WARN] ModelIntegratedComponent:63 - No mode defined for component null
2024-11-16 16:24:07,956 [WARN] ModelIntegratedComponent:63 - No mode defined for component null
2024-11-16 16:24:07,957 [WARN] ModelIntegratedComponent:63 - No mode defined for component null
2024-11-16 16:24:07,957 [WARN] ModelIntegratedComponent:63 - No mode defined for component null
2024-11-16 16:24:07,957 [WARN] ModelIntegratedComponent:63 - No mode defined for component null
2024-11-16 16:24:07,957 [WARN] ModelIntegratedComponent:63 - No mode defined for component null
2024-11-16 16:24:07,957 [WARN] ModelIntegratedComponent:63 - No mode defined for component null
2024-11-16 16:24:07,957 [WARN] ModelIntegratedComponent:63 - No mode defined for component null
2024-11-16 16:24:07,957 [WARN] ModelIntegratedComponent:63 - No mode defined for component null
2024-11-16 16:24:07,957 [WARN] ModelIntegratedComponent:63 - No mode defined for component null
2024-11-16 16:24:07,957 [WARN] ModelIntegratedComponent:63 - No mode defined for component null
2024-11-16 16:24:07,957 [WARN] ModelIntegratedComponent:63 - No mode defined for component null
2024-11-16 16:24:07,957 [WARN] ModelIntegratedComponent:63 - No mode defined for component null
2024-11-16 16:24:07,957 [WARN] ModelIntegratedComponent:63 - No mode defined for component null
2024-11-16 16:24:07,957 [WARN] ModelIntegratedComponent:63 - No mode defined for component null
2024-11-16 16:24:07,957 [WARN] ModelIntegratedComponent:63 - No mode defined for component null
2024-11-16 16:24:07,957 [WARN] ModelIntegratedComponent:63 - No mode defined for component null
2024-11-16 16:24:07,957 [WARN] ModelIntegratedComponent:63 - No mode defined for component null
2024-11-16 16:24:07,958 [WARN] ModelIntegratedComponent:63 - No mode defined for component null
2024-11-16 16:24:07,958 [WARN] ModelIntegratedComponent:63 - No mode defined for component null
2024-11-16 16:24:07,958 [WARN] ModelIntegratedComponent:63 - No mode defined for component null
2024-11-16 16:24:07,958 [WARN] ModelIntegratedComponent:63 - No mode defined for component null
2024-11-16 16:24:07,958 [WARN] ModelIntegratedComponent:63 - No mode defined for component null
2024-11-16 16:24:07,958 [WARN] ModelIntegratedComponent:63 - No mode defined for component null
2024-11-16 16:24:07,958 [WARN] ModelPack:524 - Component already loaded: STMicroelectronics:HAL Drivers:0.0.0:STMicroelectronics:Device:STMicro_Driver:XSPI:HAL::0.0.1:HAL_XSPI
2024-11-16 16:24:08,013 [INFO] ThirdPartyModel:298 - Start build external matchings
2024-11-16 16:24:08,527 [INFO] ThirdPartyModel:316 - End build external matchings
2024-11-16 16:24:08,654 [INFO] ImportTextPane:205 - (OptionalMessage_ERROR) IP (RCC) : Invalid parameter (FamilyName)
2024-11-16 16:24:08,655 [INFO] ImportTextPane:205 - (OptionalMessage_ERROR) IP (RCC) : Parameter (PLLDSIVCOFreq_Value) has invalid value (960000000)
2024-11-16 16:24:09,138 [INFO] ApiDb:581 - Connected to CubeFinder SQLite database (/home/lubuntu/.stmcufinder/plugins/mcufinder/mcu/cube-finder-db.db)
2024-11-16 16:24:09,344 [INFO] ApiDb:668 - CubeFinder database Data Model version=2.1
2024-11-16 16:24:09,345 [INFO] ApiDb:669 - CubeFinder database Configuration version=3.0.39
2024-11-16 16:24:09,346 [INFO] ApiDb:670 - CubeFinder database generation date=2024-10-15 (1729006872)
2024-11-16 16:24:09,347 [INFO] ApiDb:671 - CubeFinder database FW Pack versions=[FP-ATR-ASTRA1_V2.0.0, FP-SNS-FLIGHT1_V5.0.2, FP-SNS-MOTENV1_V5.0.0, FP-SNS-MOTENVWB1_V1.4.0, FP-SNS-SMARTAG2_V1.2.0, FP-SNS-STBOX1_V2.0.0, STM32Cube_FW_C0_V1.2.0, STM32Cube_FW_F4_V1.28.1, STM32Cube_FW_F7_V1.17.2, STM32Cube_FW_G0_V1.6.2, STM32Cube_FW_G4_V1.6.0, STM32Cube_FW_H5_V1.3.0, STM32Cube_FW_H7RS_V1.1.0, STM32Cube_FW_H7_V1.11.2, STM32Cube_FW_L0_V1.12.2, STM32Cube_FW_L5_V1.5.1, STM32Cube_FW_U0_V1.1.0, STM32Cube_FW_U5_V1.6.0, STM32Cube_FW_WB0_V1.0.0, STM32Cube_FW_WBA_V1.4.1, STM32Cube_FW_WB_V1.20.0, STM32Cube_FW_WL_V1.3.0, X-CUBE-ALGOBUILD_V1.4.0, X-CUBE-ALS_V1.0.2, X-CUBE-AZRTOS-F4_V1.1.0, X-CUBE-AZRTOS-F7_V1.1.0, X-CUBE-AZRTOS-G0_V1.1.0, X-CUBE-AZRTOS-G4_V2.0.0, X-CUBE-AZRTOS-H7RS_V1.0.0, X-CUBE-AZRTOS-H7_V3.3.0, X-CUBE-AZRTOS-L4_V2.0.0, X-CUBE-AZRTOS-L5_V2.0.0, X-CUBE-AZRTOS-WB_V2.0.0, X-CUBE-AZRTOS-WL_V2.0.0, X-CUBE-BLE1_V7.0.0, X-CUBE-BLE2_V3.3.0, X-CUBE-BLEMGR_V3.1.0, X-CUBE-EEPRMA1_V5.1.0, X-CUBE-FREERTOS_V1.2.0, X-CUBE-GNSS1_V6.0.0, X-CUBE-MEMS1_V11.0.0, X-CUBE-NFC4_V3.0.0, X-CUBE-NFC7_V1.0.1, X-CUBE-SFXS2LP1_V4.0.0, X-CUBE-SUBG2_V5.0.0, X-CUBE-TOF1_V3.4.2]
2024-11-16 16:24:09,856 [INFO] DbBoardsSqlite:226 - include board P-NUCLEO-WB55-NUCLEO as a kit item of type 'Nucleo-64'
2024-11-16 16:24:09,857 [INFO] DbBoardsSqlite:226 - include board P-NUCLEO-WB55-USBDONGLE as a kit item of type 'Nucleo USB Dongle'
2024-11-16 16:24:09,880 [INFO] DbBoardsSqlite:226 - include board STEVAL-IDP005V1 as a kit item of type 'Evaluation Board'
2024-11-16 16:24:09,881 [INFO] DbBoardsSqlite:226 - include board STEVAL-IDP005V2 as a kit item of type 'Evaluation Board'
2024-11-16 16:24:10,391 [INFO] ApiDb:240 - Found 646 in-development CPN: [B-G473E-ZEST1S, B-WB1M-WPAN1, B-WL5M-SUBG1, NUCLEO-C031C6, NUCLEO-C071RB, NUCLEO-H503RB, NUCLEO-H533RE, NUCLEO-H563ZI, NUCLEO-H7S3L8, NUCLEO-U031R8, NUCLEO-U083RC, NUCLEO-U545RE-Q, NUCLEO-U5A5ZJ-Q, NUCLEO-WB05KZ, NUCLEO-WB07CC, NUCLEO-WB09KE, NUCLEO-WBA52CG, NUCLEO-WBA55CG, STEVAL-PROTEUS1, STEVAL-SMARTAG2, STEVAL-STWINBX1, STM320518-EVAL, STM32C0116-DK, STM32C011D6Y3TR, STM32C011D6Y6TR, STM32C011F4P3, STM32C011F4P6, STM32C011F4U3, STM32C011F4U6TR, STM32C011F6P3, STM32C011F6P6, STM32C011F6U3, STM32C011F6U6TR, STM32C011J4M3, STM32C011J4M6, STM32C011J6M3, STM32C011J6M6, STM32C0316-DK, STM32C031C4T3, STM32C031C4T6, STM32C031C4U3, STM32C031C4U6, STM32C031C6T3, STM32C031C6T6, STM32C031C6U3, STM32C031C6U6, STM32C031F4P3, STM32C031F4P6, STM32C031F6P3, STM32C031F6P6, STM32C031G4U3, STM32C031G4U6, STM32C031G6U3, STM32C031G6U6, STM32C031K4T3, STM32C031K4T6, STM32C031K4U3, STM32C031K4U6, STM32C031K6T3, STM32C031K6T6, STM32C031K6U3, STM32C031K6U6, STM32C071C8T6, STM32C071C8T6N, STM32C071C8U6, STM32C071C8U6N, STM32C071CBT6, STM32C071CBT6N, STM32C071CBU6, STM32C071CBU6N, STM32C071F8P6, STM32C071F8P6N, STM32C071FBP6, STM32C071FBP6N, STM32C071FBY6TR, STM32C071G8U6, STM32C071G8U6N, STM32C071GBU6, STM32C071GBU6N, STM32C071K8T6, STM32C071K8T6N, STM32C071K8U6, STM32C071K8U6N, STM32C071KBT6, STM32C071KBT6N, STM32C071KBU6, STM32C071KBU6N, STM32C071R8T6, STM32C071R8T6N, STM32C071RBI6N, STM32C071RBT6, STM32C071RBT6N, STM32G071K8TXN, STM32G071K8UXN, STM32G081GBU6N, STM32G081KBT6N, STM32G081KBUXN, STM32G0B1CCT6N, STM32G0B1KCT6, STM32G0B1NEY6TR, STM32G0B1RCT6N, STM32G0C1CCT6, STM32G0C1CCT6N, STM32G0C1CCU6N, STM32G0C1CET6N, STM32G0C1CEU6N, STM32G0C1KCT6, STM32G0C1NEY6TR, STM32G0C1RCI6N, STM32G0C1RCT6N, STM32G0C1REI6N, STM32G0C1RET6N, STM32G0C1VCI6, STM32G0C1VEI6, STM32G411C6T3, STM32G411C6T6, STM32G411C6U3, STM32G411C6U6, STM32G411C8T3, STM32G411C8T6, STM32G411C8U3, STM32G411C8U6, STM32G411CBT3, STM32G411CBT6, STM32G411CBU3, STM32G411CBU6, STM32G411K6T3, STM32G411K6T6, STM32G411K6U3, STM32G411K6U6, STM32G411K8T3, STM32G411K8T6, STM32G411K8U3, STM32G411K8U6, STM32G411KBT3, STM32G411KBT6, STM32G411KBU3, STM32G411KBU6, STM32G411M6T3, STM32G411M6T6, STM32G411M8T3, STM32G411M8T6, STM32G411MBT3, STM32G411MBT6, STM32G411R6T3, STM32G411R6T6, STM32G411R8T3, STM32G411R8T6, STM32G411RBT3, STM32G411RBT6, STM32G414CBT3, STM32G414CBT6, STM32G414CBU3, STM32G414CBU6, STM32G414CCT3, STM32G414CCT6, STM32G414CCU3, STM32G414CCU6, STM32G414MBT3, STM32G414MBT6, STM32G414MCT3, STM32G414MCT6, STM32G414RBT3, STM32G414RBT6, STM32G414RCT3, STM32G414RCT6, STM32G414VBT3, STM32G414VBT6, STM32G414VCT3, STM32G414VCT6, STM32G431CBT3Z, STM32G431RBT3Z, STM32G471CCT6, STM32G471CCU6, STM32G471CET3, STM32G471CET6, STM32G471CEU3, STM32G471CEU6, STM32G471MCT6, STM32G471MET3, STM32G471MET6, STM32G471MEY6TR, STM32G471QCT6, STM32G471QET3, STM32G471RCT6, STM32G471RET3, STM32G471RET6, STM32G471VCH6, STM32G471VCI6, STM32G471VCT6, STM32G471VEH3, STM32G471VEH6, STM32G471VEI3, STM32G471VEI6, STM32G471VET3, STM32G471VET6, STM32G473QET3Z, STM32G473RET3Z, STM32G474CCT6, STM32G491RET3Z, STM32H503CBT6, STM32H503CBU6, STM32H503EBY6TR, STM32H503KBU6, STM32H503RBT6, STM32H523CCT6, STM32H523CCU6, STM32H523CET6, STM32H523CEU6, STM32H523HEY6TR, STM32H523RCT6, STM32H523RET6, STM32H523VCI6, STM32H523VCT6, STM32H523VEI6, STM32H523VET6, STM32H523ZCJ6, STM32H523ZCT6, STM32H523ZEJ6, STM32H523ZET6, STM32H533CET6, STM32H533CEU6, STM32H533HEY6TR, STM32H533RET6, STM32H533VEI6, STM32H533VET6, STM32H533ZEJ6, STM32H533ZET6, STM32H562AGI6, STM32H562AII6, STM32H562IGK6, STM32H562IGT6, STM32H562IIK6, STM32H562IIT6, STM32H562RGT6, STM32H562RGV6, STM32H562RIT6, STM32H562RIV6, STM32H562VGT6, STM32H562VIT6, STM32H562ZGT6, STM32H562ZIT6, STM32H563AGI6, STM32H563AII3Q, STM32H563AII6, STM32H563IGK6, STM32H563IGT6, STM32H563IIK3Q, STM32H563IIK6, STM32H563IIT3Q, STM32H563IIT6, STM32H563MIY3QTR, STM32H563RGT6, STM32H563RGV6, STM32H563RIT6, STM32H563RIV6, STM32H563VGT6, STM32H563VIT3Q, STM32H563VIT6, STM32H563ZGT6, STM32H563ZIT3Q, STM32H563ZIT6, STM32H573AII3Q, STM32H573AII6, STM32H573I-DK, STM32H573IIK3Q, STM32H573IIK6, STM32H573IIT3Q, STM32H573IIT6, STM32H573MIY3QTR, STM32H573RIT6, STM32H573RIV6, STM32H573VIT3Q, STM32H573VIT6, STM32H573ZIT3Q, STM32H573ZIT6, STM32H7R3A8I6, STM32H7R3I8K6, STM32H7R3I8T6, STM32H7R3L8H6, STM32H7R3L8H6H, STM32H7R3R8V6, STM32H7R3V8H6, STM32H7R3V8T6, STM32H7R3V8Y6TR, STM32H7R3Z8J6, STM32H7R3Z8T6, STM32H7R7A8I6, STM32H7R7I8K6, STM32H7R7I8T6, STM32H7R7L8H6, STM32H7R7L8H6H, STM32H7R7Z8J6, STM32H7S3A8I6, STM32H7S3I8K6, STM32H7S3I8T6, STM32H7S3L8H6, STM32H7S3L8H6H, STM32H7S3R8V6, STM32H7S3V8H6, STM32H7S3V8T6, STM32H7S3V8Y6TR, STM32H7S3Z8J6, STM32H7S3Z8T6, STM32H7S78-DK, STM32H7S7A8I6, STM32H7S7I8K6, STM32H7S7I8T6, STM32H7S7L8H6, STM32H7S7L8H6H, STM32H7S7Z8J6, STM32L4R5QGI6STR, STM32MP131AAE3, STM32MP131AAF3, STM32MP131AAG3, STM32MP131CAE3, STM32MP131CAF3, STM32MP131CAG3, STM32MP131DAE7, STM32MP131DAF7, STM32MP131DAG7, STM32MP131FAE7, STM32MP131FAF7, STM32MP131FAG7, STM32MP133AAE3, STM32MP133AAF3, STM32MP133AAG3, STM32MP133CAE3, STM32MP133CAF3, STM32MP133CAG3, STM32MP133DAE7, STM32MP133DAF7, STM32MP133DAG7, STM32MP133FAE7, STM32MP133FAF7, STM32MP133FAG7, STM32MP135AAE3, STM32MP135AAF3, STM32MP135AAG3, STM32MP135CAE3, STM32MP135CAF3, STM32MP135CAG3, STM32MP135DAE7, STM32MP135DAF7, STM32MP135DAG7, STM32MP135F-DK, STM32MP135FAE7, STM32MP135FAF7, STM32MP135FAF7T, STM32MP135FAF7U, STM32MP135FAG7, STM32MP251AAI3, STM32MP251AAK3, STM32MP251AAL3, STM32MP251CAI3, STM32MP251CAK3, STM32MP251CAL3, STM32MP251DAI3, STM32MP251DAK3, STM32MP251DAL3, STM32MP251FAI3, STM32MP251FAK3, STM32MP251FAL3, STM32MP253AAI3, STM32MP253AAK3, STM32MP253AAL3, STM32MP253CAI3, STM32MP253CAK3, STM32MP253CAL3, STM32MP253DAI3, STM32MP253DAK3, STM32MP253DAL3, STM32MP253FAI3, STM32MP253FAK3, STM32MP253FAL3, STM32MP255AAI3, STM32MP255AAK3, STM32MP255AAL3, STM32MP255CAI3, STM32MP255CAK3, STM32MP255CAL3, STM32MP255DAI3, STM32MP255DAK3, STM32MP255DAL3, STM32MP255FAI3, STM32MP255FAK3, STM32MP255FAL3, STM32MP257AAI3, STM32MP257AAK3, STM32MP257AAL3, STM32MP257CAI3, STM32MP257CAK3, STM32MP257CAL3, STM32MP257DAI3, STM32MP257DAK3, STM32MP257DAL3, STM32MP257F-DK, STM32MP257F-EV1, STM32MP257FAI3, STM32MP257FAK3, STM32MP257FAL3, STM32U031C6T6, STM32U031C6U6, STM32U031C8T6, STM32U031C8U6, STM32U031F4P6, STM32U031F6P6, STM32U031F8P6, STM32U031G6Y6TR, STM32U031G8Y6TR, STM32U031K4U6, STM32U031K6U6, STM32U031K8U6, STM32U031R6I6, STM32U031R6T6, STM32U031R8I6, STM32U031R8T6, STM32U073C8T6, STM32U073C8U6, STM32U073CBT6, STM32U073CBU6, STM32U073CCT6, STM32U073CCU6, STM32U073H8Y6TR, STM32U073HBY6TR, STM32U073HCY6TR, STM32U073K8U6, STM32U073KBU6, STM32U073KCU6, STM32U073M8I6, STM32U073M8T6, STM32U073MBI6, STM32U073MBT6, STM32U073MCI6, STM32U073MCT6, STM32U073R8I6, STM32U073R8T6, STM32U073RBI6, STM32U073RBT6, STM32U073RCI6, STM32U073RCT6, STM32U083C-DK, STM32U083CCT6, STM32U083CCU6, STM32U083HCY6TR, STM32U083KCU6, STM32U083MCI6, STM32U083MCT6, STM32U083RCI6, STM32U083RCT6, STM32U535CBT6, STM32U535CBT6Q, STM32U535CBU6, STM32U535CBU6Q, STM32U535CCT6, STM32U535CCT6Q, STM32U535CCU6, STM32U535CCU6Q, STM32U535CET6, STM32U535CET6Q, STM32U535CEU6, STM32U535CEU6Q, STM32U535JEY6QTR, STM32U535NCY6QTR, STM32U535NEY6QTR, STM32U535RBI6, STM32U535RBI6Q, STM32U535RBT6, STM32U535RBT6Q, STM32U535RCI6, STM32U535RCI6Q, STM32U535RCT6, STM32U535RCT6Q, STM32U535REI6, STM32U535REI6Q, STM32U535RET6, STM32U535RET6Q, STM32U535VCI6, STM32U535VCI6Q, STM32U535VCT6, STM32U535VCT6Q, STM32U535VEI6, STM32U535VEI6Q, STM32U535VET6, STM32U535VET6Q, STM32U545CET6, STM32U545CET6Q, STM32U545CEU6, STM32U545CEU6Q, STM32U545JEY6QTR, STM32U545NEY6QTR, STM32U545REI6, STM32U545REI6Q, STM32U545RET6, STM32U545RET6Q, STM32U545VEI6, STM32U545VEI6Q, STM32U545VET6, STM32U545VET6Q, STM32U595AIH6, STM32U595AIH6Q, STM32U595AJH6, STM32U595AJH6Q, STM32U595QII6, STM32U595QII6Q, STM32U595QJI6, STM32U595QJI6Q, STM32U595RIT6, STM32U595RIT6Q, STM32U595RJT6, STM32U595RJT6Q, STM32U595VIT6, STM32U595VIT6Q, STM32U595VJT6, STM32U595VJT6Q, STM32U595ZIT6, STM32U595ZIT6Q, STM32U595ZIY6QTR, STM32U595ZJT6, STM32U595ZJT6Q, STM32U595ZJY6QTR, STM32U599BJY6QTR, STM32U599NIH6Q, STM32U599NJH6Q, STM32U599VIT6Q, STM32U599VJT6, STM32U599VJT6Q, STM32U599ZIT6Q, STM32U599ZIY6QTR, STM32U599ZJT6Q, STM32U599ZJY6QTR, STM32U5A5AJH6, STM32U5A5AJH6Q, STM32U5A5QII3Q , STM32U5A5QJI6, STM32U5A5QJI6Q, STM32U5A5RJT6, STM32U5A5RJT6Q, STM32U5A5VJT6, STM32U5A5VJT6Q, STM32U5A5ZJT6, STM32U5A5ZJT6Q, STM32U5A5ZJY6QTR, STM32U5A9BJY6QTR, STM32U5A9J-DK, STM32U5A9NJH6Q, STM32U5A9VJT6Q, STM32U5A9ZJT6Q, STM32U5A9ZJY6QTR, STM32U5F7VIT6, STM32U5F7VIT6Q, STM32U5F7VJT6, STM32U5F7VJT6Q, STM32U5F9BJY6QTR, STM32U5F9NJH6Q, STM32U5F9VIT6Q, STM32U5F9VJT6Q, STM32U5F9ZIJ6QTR, STM32U5F9ZIT6Q, STM32U5F9ZJJ6QTR, STM32U5F9ZJT6Q, STM32U5G7VJT6, STM32U5G7VJT6Q, STM32U5G9BJY6QTR, STM32U5G9J-DK1, STM32U5G9J-DK2, STM32U5G9NJH6Q, STM32U5G9VJT6Q, STM32U5G9ZJJ6QTR, STM32U5G9ZJT6Q, STM32WB05KZV6TR, STM32WB05KZV7TR, STM32WB05TZF6TR, STM32WB05TZF7TR, STM32WB06CCF6TR, STM32WB06CCF7TR, STM32WB06CCV6TR, STM32WB06CCV7TR, STM32WB06KCV6TR, STM32WB06KCV7TR, STM32WB07CCF6TR, STM32WB07CCF7TR, STM32WB07CCV6TR, STM32WB07CCV7TR, STM32WB07KCV6TR, STM32WB07KCV7TR, STM32WB09KEV6TR, STM32WB09KEV7TR, STM32WB09TEF6TR, STM32WB09TEF7TR, STM32WB1MMCH6, STM32WBA50KGU6, STM32WBA50KGU6TR, STM32WBA52CEU6, STM32WBA52CEU6TR, STM32WBA52CEU7, STM32WBA52CEU7TR, STM32WBA52CGU6, STM32WBA52CGU6TR, STM32WBA52CGU6U, STM32WBA52CGU7, STM32WBA52CGU7TR, STM32WBA52KEU6, STM32WBA52KEU6TR, STM32WBA52KGU6, STM32WBA52KGU6TR, STM32WBA54CEU6, STM32WBA54CEU6TR, STM32WBA54CEU7, STM32WBA54CEU7TR, STM32WBA54CGU6, STM32WBA54CGU6TR, STM32WBA54CGU7, STM32WBA54CGU7TR, STM32WBA54KEU6, STM32WBA54KEU6TR, STM32WBA54KEU7, STM32WBA54KEU7TR, STM32WBA54KGU6, STM32WBA54KGU6TR, STM32WBA54KGU7, STM32WBA54KGU7TR, STM32WBA55CEU6, STM32WBA55CEU6TR, STM32WBA55CEU7, STM32WBA55CEU7TR, STM32WBA55CGU6, STM32WBA55CGU6TR, STM32WBA55CGU6U, STM32WBA55CGU7, STM32WBA55CGU7TR, STM32WBA55G-DK1, STM32WBA55HEF6, STM32WBA55HEF7, STM32WBA55HGF6, STM32WBA55HGF7, STM32WBA55UEI6, STM32WBA55UEI6TR, STM32WBA55UEI7, STM32WBA55UEI7TR, STM32WBA55UGI6, STM32WBA55UGI6TR, STM32WBA55UGI7, STM32WBA55UGI7TR, STM32WL5MOCH6, STM32WL5MOCH6TR]
2024-11-16 16:24:10,539 [INFO] BoardInfo:889 - No configuration file found for board P-NUCLEO-WB55
2024-11-16 16:24:10,539 [INFO] DbBoards:161 - Kit is not supported: P-NUCLEO-WB55
2024-11-16 16:24:10,543 [INFO] BoardInfo:889 - No configuration file found for board STEVAL-BFA001V1B
2024-11-16 16:24:10,544 [INFO] DbBoards:161 - Kit is not supported: STEVAL-BFA001V1B
2024-11-16 16:24:10,545 [INFO] BoardInfo:889 - No configuration file found for board STEVAL-BFA001V2B
2024-11-16 16:24:10,545 [INFO] DbBoards:161 - Kit is not supported: STEVAL-BFA001V2B
2024-11-16 16:24:10,685 [INFO] DbBoards:168 - Found 201 boards, 198 are supported
2024-11-16 16:24:10,686 [INFO] DbBoards:169 - Found 201 boards, 25 of them is supported for  Bsp
2024-11-16 16:24:10,689 [INFO] ApiDb:668 - CubeFinder database Data Model version=2.1
2024-11-16 16:24:10,689 [INFO] ApiDb:669 - CubeFinder database Configuration version=3.0.39
2024-11-16 16:24:10,689 [INFO] ApiDb:670 - CubeFinder database generation date=2024-10-15 (1729006872)
2024-11-16 16:24:10,690 [INFO] ApiDb:671 - CubeFinder database FW Pack versions=[FP-ATR-ASTRA1_V2.0.0, FP-SNS-FLIGHT1_V5.0.2, FP-SNS-MOTENV1_V5.0.0, FP-SNS-MOTENVWB1_V1.4.0, FP-SNS-SMARTAG2_V1.2.0, FP-SNS-STBOX1_V2.0.0, STM32Cube_FW_C0_V1.2.0, STM32Cube_FW_F4_V1.28.1, STM32Cube_FW_F7_V1.17.2, STM32Cube_FW_G0_V1.6.2, STM32Cube_FW_G4_V1.6.0, STM32Cube_FW_H5_V1.3.0, STM32Cube_FW_H7RS_V1.1.0, STM32Cube_FW_H7_V1.11.2, STM32Cube_FW_L0_V1.12.2, STM32Cube_FW_L5_V1.5.1, STM32Cube_FW_U0_V1.1.0, STM32Cube_FW_U5_V1.6.0, STM32Cube_FW_WB0_V1.0.0, STM32Cube_FW_WBA_V1.4.1, STM32Cube_FW_WB_V1.20.0, STM32Cube_FW_WL_V1.3.0, X-CUBE-ALGOBUILD_V1.4.0, X-CUBE-ALS_V1.0.2, X-CUBE-AZRTOS-F4_V1.1.0, X-CUBE-AZRTOS-F7_V1.1.0, X-CUBE-AZRTOS-G0_V1.1.0, X-CUBE-AZRTOS-G4_V2.0.0, X-CUBE-AZRTOS-H7RS_V1.0.0, X-CUBE-AZRTOS-H7_V3.3.0, X-CUBE-AZRTOS-L4_V2.0.0, X-CUBE-AZRTOS-L5_V2.0.0, X-CUBE-AZRTOS-WB_V2.0.0, X-CUBE-AZRTOS-WL_V2.0.0, X-CUBE-BLE1_V7.0.0, X-CUBE-BLE2_V3.3.0, X-CUBE-BLEMGR_V3.1.0, X-CUBE-EEPRMA1_V5.1.0, X-CUBE-FREERTOS_V1.2.0, X-CUBE-GNSS1_V6.0.0, X-CUBE-MEMS1_V11.0.0, X-CUBE-NFC4_V3.0.0, X-CUBE-NFC7_V1.0.1, X-CUBE-SFXS2LP1_V4.0.0, X-CUBE-SUBG2_V5.0.0, X-CUBE-TOF1_V3.4.2]
2024-11-16 16:24:13,503 [INFO] ApiDb:240 - Found 646 in-development CPN: [B-G473E-ZEST1S, B-WB1M-WPAN1, B-WL5M-SUBG1, NUCLEO-C031C6, NUCLEO-C071RB, NUCLEO-H503RB, NUCLEO-H533RE, NUCLEO-H563ZI, NUCLEO-H7S3L8, NUCLEO-U031R8, NUCLEO-U083RC, NUCLEO-U545RE-Q, NUCLEO-U5A5ZJ-Q, NUCLEO-WB05KZ, NUCLEO-WB07CC, NUCLEO-WB09KE, NUCLEO-WBA52CG, NUCLEO-WBA55CG, STEVAL-PROTEUS1, STEVAL-SMARTAG2, STEVAL-STWINBX1, STM320518-EVAL, STM32C0116-DK, STM32C011D6Y3TR, STM32C011D6Y6TR, STM32C011F4P3, STM32C011F4P6, STM32C011F4U3, STM32C011F4U6TR, STM32C011F6P3, STM32C011F6P6, STM32C011F6U3, STM32C011F6U6TR, STM32C011J4M3, STM32C011J4M6, STM32C011J6M3, STM32C011J6M6, STM32C0316-DK, STM32C031C4T3, STM32C031C4T6, STM32C031C4U3, STM32C031C4U6, STM32C031C6T3, STM32C031C6T6, STM32C031C6U3, STM32C031C6U6, STM32C031F4P3, STM32C031F4P6, STM32C031F6P3, STM32C031F6P6, STM32C031G4U3, STM32C031G4U6, STM32C031G6U3, STM32C031G6U6, STM32C031K4T3, STM32C031K4T6, STM32C031K4U3, STM32C031K4U6, STM32C031K6T3, STM32C031K6T6, STM32C031K6U3, STM32C031K6U6, STM32C071C8T6, STM32C071C8T6N, STM32C071C8U6, STM32C071C8U6N, STM32C071CBT6, STM32C071CBT6N, STM32C071CBU6, STM32C071CBU6N, STM32C071F8P6, STM32C071F8P6N, STM32C071FBP6, STM32C071FBP6N, STM32C071FBY6TR, STM32C071G8U6, STM32C071G8U6N, STM32C071GBU6, STM32C071GBU6N, STM32C071K8T6, STM32C071K8T6N, STM32C071K8U6, STM32C071K8U6N, STM32C071KBT6, STM32C071KBT6N, STM32C071KBU6, STM32C071KBU6N, STM32C071R8T6, STM32C071R8T6N, STM32C071RBI6N, STM32C071RBT6, STM32C071RBT6N, STM32G071K8TXN, STM32G071K8UXN, STM32G081GBU6N, STM32G081KBT6N, STM32G081KBUXN, STM32G0B1CCT6N, STM32G0B1KCT6, STM32G0B1NEY6TR, STM32G0B1RCT6N, STM32G0C1CCT6, STM32G0C1CCT6N, STM32G0C1CCU6N, STM32G0C1CET6N, STM32G0C1CEU6N, STM32G0C1KCT6, STM32G0C1NEY6TR, STM32G0C1RCI6N, STM32G0C1RCT6N, STM32G0C1REI6N, STM32G0C1RET6N, STM32G0C1VCI6, STM32G0C1VEI6, STM32G411C6T3, STM32G411C6T6, STM32G411C6U3, STM32G411C6U6, STM32G411C8T3, STM32G411C8T6, STM32G411C8U3, STM32G411C8U6, STM32G411CBT3, STM32G411CBT6, STM32G411CBU3, STM32G411CBU6, STM32G411K6T3, STM32G411K6T6, STM32G411K6U3, STM32G411K6U6, STM32G411K8T3, STM32G411K8T6, STM32G411K8U3, STM32G411K8U6, STM32G411KBT3, STM32G411KBT6, STM32G411KBU3, STM32G411KBU6, STM32G411M6T3, STM32G411M6T6, STM32G411M8T3, STM32G411M8T6, STM32G411MBT3, STM32G411MBT6, STM32G411R6T3, STM32G411R6T6, STM32G411R8T3, STM32G411R8T6, STM32G411RBT3, STM32G411RBT6, STM32G414CBT3, STM32G414CBT6, STM32G414CBU3, STM32G414CBU6, STM32G414CCT3, STM32G414CCT6, STM32G414CCU3, STM32G414CCU6, STM32G414MBT3, STM32G414MBT6, STM32G414MCT3, STM32G414MCT6, STM32G414RBT3, STM32G414RBT6, STM32G414RCT3, STM32G414RCT6, STM32G414VBT3, STM32G414VBT6, STM32G414VCT3, STM32G414VCT6, STM32G431CBT3Z, STM32G431RBT3Z, STM32G471CCT6, STM32G471CCU6, STM32G471CET3, STM32G471CET6, STM32G471CEU3, STM32G471CEU6, STM32G471MCT6, STM32G471MET3, STM32G471MET6, STM32G471MEY6TR, STM32G471QCT6, STM32G471QET3, STM32G471RCT6, STM32G471RET3, STM32G471RET6, STM32G471VCH6, STM32G471VCI6, STM32G471VCT6, STM32G471VEH3, STM32G471VEH6, STM32G471VEI3, STM32G471VEI6, STM32G471VET3, STM32G471VET6, STM32G473QET3Z, STM32G473RET3Z, STM32G474CCT6, STM32G491RET3Z, STM32H503CBT6, STM32H503CBU6, STM32H503EBY6TR, STM32H503KBU6, STM32H503RBT6, STM32H523CCT6, STM32H523CCU6, STM32H523CET6, STM32H523CEU6, STM32H523HEY6TR, STM32H523RCT6, STM32H523RET6, STM32H523VCI6, STM32H523VCT6, STM32H523VEI6, STM32H523VET6, STM32H523ZCJ6, STM32H523ZCT6, STM32H523ZEJ6, STM32H523ZET6, STM32H533CET6, STM32H533CEU6, STM32H533HEY6TR, STM32H533RET6, STM32H533VEI6, STM32H533VET6, STM32H533ZEJ6, STM32H533ZET6, STM32H562AGI6, STM32H562AII6, STM32H562IGK6, STM32H562IGT6, STM32H562IIK6, STM32H562IIT6, STM32H562RGT6, STM32H562RGV6, STM32H562RIT6, STM32H562RIV6, STM32H562VGT6, STM32H562VIT6, STM32H562ZGT6, STM32H562ZIT6, STM32H563AGI6, STM32H563AII3Q, STM32H563AII6, STM32H563IGK6, STM32H563IGT6, STM32H563IIK3Q, STM32H563IIK6, STM32H563IIT3Q, STM32H563IIT6, STM32H563MIY3QTR, STM32H563RGT6, STM32H563RGV6, STM32H563RIT6, STM32H563RIV6, STM32H563VGT6, STM32H563VIT3Q, STM32H563VIT6, STM32H563ZGT6, STM32H563ZIT3Q, STM32H563ZIT6, STM32H573AII3Q, STM32H573AII6, STM32H573I-DK, STM32H573IIK3Q, STM32H573IIK6, STM32H573IIT3Q, STM32H573IIT6, STM32H573MIY3QTR, STM32H573RIT6, STM32H573RIV6, STM32H573VIT3Q, STM32H573VIT6, STM32H573ZIT3Q, STM32H573ZIT6, STM32H7R3A8I6, STM32H7R3I8K6, STM32H7R3I8T6, STM32H7R3L8H6, STM32H7R3L8H6H, STM32H7R3R8V6, STM32H7R3V8H6, STM32H7R3V8T6, STM32H7R3V8Y6TR, STM32H7R3Z8J6, STM32H7R3Z8T6, STM32H7R7A8I6, STM32H7R7I8K6, STM32H7R7I8T6, STM32H7R7L8H6, STM32H7R7L8H6H, STM32H7R7Z8J6, STM32H7S3A8I6, STM32H7S3I8K6, STM32H7S3I8T6, STM32H7S3L8H6, STM32H7S3L8H6H, STM32H7S3R8V6, STM32H7S3V8H6, STM32H7S3V8T6, STM32H7S3V8Y6TR, STM32H7S3Z8J6, STM32H7S3Z8T6, STM32H7S78-DK, STM32H7S7A8I6, STM32H7S7I8K6, STM32H7S7I8T6, STM32H7S7L8H6, STM32H7S7L8H6H, STM32H7S7Z8J6, STM32L4R5QGI6STR, STM32MP131AAE3, STM32MP131AAF3, STM32MP131AAG3, STM32MP131CAE3, STM32MP131CAF3, STM32MP131CAG3, STM32MP131DAE7, STM32MP131DAF7, STM32MP131DAG7, STM32MP131FAE7, STM32MP131FAF7, STM32MP131FAG7, STM32MP133AAE3, STM32MP133AAF3, STM32MP133AAG3, STM32MP133CAE3, STM32MP133CAF3, STM32MP133CAG3, STM32MP133DAE7, STM32MP133DAF7, STM32MP133DAG7, STM32MP133FAE7, STM32MP133FAF7, STM32MP133FAG7, STM32MP135AAE3, STM32MP135AAF3, STM32MP135AAG3, STM32MP135CAE3, STM32MP135CAF3, STM32MP135CAG3, STM32MP135DAE7, STM32MP135DAF7, STM32MP135DAG7, STM32MP135F-DK, STM32MP135FAE7, STM32MP135FAF7, STM32MP135FAF7T, STM32MP135FAF7U, STM32MP135FAG7, STM32MP251AAI3, STM32MP251AAK3, STM32MP251AAL3, STM32MP251CAI3, STM32MP251CAK3, STM32MP251CAL3, STM32MP251DAI3, STM32MP251DAK3, STM32MP251DAL3, STM32MP251FAI3, STM32MP251FAK3, STM32MP251FAL3, STM32MP253AAI3, STM32MP253AAK3, STM32MP253AAL3, STM32MP253CAI3, STM32MP253CAK3, STM32MP253CAL3, STM32MP253DAI3, STM32MP253DAK3, STM32MP253DAL3, STM32MP253FAI3, STM32MP253FAK3, STM32MP253FAL3, STM32MP255AAI3, STM32MP255AAK3, STM32MP255AAL3, STM32MP255CAI3, STM32MP255CAK3, STM32MP255CAL3, STM32MP255DAI3, STM32MP255DAK3, STM32MP255DAL3, STM32MP255FAI3, STM32MP255FAK3, STM32MP255FAL3, STM32MP257AAI3, STM32MP257AAK3, STM32MP257AAL3, STM32MP257CAI3, STM32MP257CAK3, STM32MP257CAL3, STM32MP257DAI3, STM32MP257DAK3, STM32MP257DAL3, STM32MP257F-DK, STM32MP257F-EV1, STM32MP257FAI3, STM32MP257FAK3, STM32MP257FAL3, STM32U031C6T6, STM32U031C6U6, STM32U031C8T6, STM32U031C8U6, STM32U031F4P6, STM32U031F6P6, STM32U031F8P6, STM32U031G6Y6TR, STM32U031G8Y6TR, STM32U031K4U6, STM32U031K6U6, STM32U031K8U6, STM32U031R6I6, STM32U031R6T6, STM32U031R8I6, STM32U031R8T6, STM32U073C8T6, STM32U073C8U6, STM32U073CBT6, STM32U073CBU6, STM32U073CCT6, STM32U073CCU6, STM32U073H8Y6TR, STM32U073HBY6TR, STM32U073HCY6TR, STM32U073K8U6, STM32U073KBU6, STM32U073KCU6, STM32U073M8I6, STM32U073M8T6, STM32U073MBI6, STM32U073MBT6, STM32U073MCI6, STM32U073MCT6, STM32U073R8I6, STM32U073R8T6, STM32U073RBI6, STM32U073RBT6, STM32U073RCI6, STM32U073RCT6, STM32U083C-DK, STM32U083CCT6, STM32U083CCU6, STM32U083HCY6TR, STM32U083KCU6, STM32U083MCI6, STM32U083MCT6, STM32U083RCI6, STM32U083RCT6, STM32U535CBT6, STM32U535CBT6Q, STM32U535CBU6, STM32U535CBU6Q, STM32U535CCT6, STM32U535CCT6Q, STM32U535CCU6, STM32U535CCU6Q, STM32U535CET6, STM32U535CET6Q, STM32U535CEU6, STM32U535CEU6Q, STM32U535JEY6QTR, STM32U535NCY6QTR, STM32U535NEY6QTR, STM32U535RBI6, STM32U535RBI6Q, STM32U535RBT6, STM32U535RBT6Q, STM32U535RCI6, STM32U535RCI6Q, STM32U535RCT6, STM32U535RCT6Q, STM32U535REI6, STM32U535REI6Q, STM32U535RET6, STM32U535RET6Q, STM32U535VCI6, STM32U535VCI6Q, STM32U535VCT6, STM32U535VCT6Q, STM32U535VEI6, STM32U535VEI6Q, STM32U535VET6, STM32U535VET6Q, STM32U545CET6, STM32U545CET6Q, STM32U545CEU6, STM32U545CEU6Q, STM32U545JEY6QTR, STM32U545NEY6QTR, STM32U545REI6, STM32U545REI6Q, STM32U545RET6, STM32U545RET6Q, STM32U545VEI6, STM32U545VEI6Q, STM32U545VET6, STM32U545VET6Q, STM32U595AIH6, STM32U595AIH6Q, STM32U595AJH6, STM32U595AJH6Q, STM32U595QII6, STM32U595QII6Q, STM32U595QJI6, STM32U595QJI6Q, STM32U595RIT6, STM32U595RIT6Q, STM32U595RJT6, STM32U595RJT6Q, STM32U595VIT6, STM32U595VIT6Q, STM32U595VJT6, STM32U595VJT6Q, STM32U595ZIT6, STM32U595ZIT6Q, STM32U595ZIY6QTR, STM32U595ZJT6, STM32U595ZJT6Q, STM32U595ZJY6QTR, STM32U599BJY6QTR, STM32U599NIH6Q, STM32U599NJH6Q, STM32U599VIT6Q, STM32U599VJT6, STM32U599VJT6Q, STM32U599ZIT6Q, STM32U599ZIY6QTR, STM32U599ZJT6Q, STM32U599ZJY6QTR, STM32U5A5AJH6, STM32U5A5AJH6Q, STM32U5A5QII3Q , STM32U5A5QJI6, STM32U5A5QJI6Q, STM32U5A5RJT6, STM32U5A5RJT6Q, STM32U5A5VJT6, STM32U5A5VJT6Q, STM32U5A5ZJT6, STM32U5A5ZJT6Q, STM32U5A5ZJY6QTR, STM32U5A9BJY6QTR, STM32U5A9J-DK, STM32U5A9NJH6Q, STM32U5A9VJT6Q, STM32U5A9ZJT6Q, STM32U5A9ZJY6QTR, STM32U5F7VIT6, STM32U5F7VIT6Q, STM32U5F7VJT6, STM32U5F7VJT6Q, STM32U5F9BJY6QTR, STM32U5F9NJH6Q, STM32U5F9VIT6Q, STM32U5F9VJT6Q, STM32U5F9ZIJ6QTR, STM32U5F9ZIT6Q, STM32U5F9ZJJ6QTR, STM32U5F9ZJT6Q, STM32U5G7VJT6, STM32U5G7VJT6Q, STM32U5G9BJY6QTR, STM32U5G9J-DK1, STM32U5G9J-DK2, STM32U5G9NJH6Q, STM32U5G9VJT6Q, STM32U5G9ZJJ6QTR, STM32U5G9ZJT6Q, STM32WB05KZV6TR, STM32WB05KZV7TR, STM32WB05TZF6TR, STM32WB05TZF7TR, STM32WB06CCF6TR, STM32WB06CCF7TR, STM32WB06CCV6TR, STM32WB06CCV7TR, STM32WB06KCV6TR, STM32WB06KCV7TR, STM32WB07CCF6TR, STM32WB07CCF7TR, STM32WB07CCV6TR, STM32WB07CCV7TR, STM32WB07KCV6TR, STM32WB07KCV7TR, STM32WB09KEV6TR, STM32WB09KEV7TR, STM32WB09TEF6TR, STM32WB09TEF7TR, STM32WB1MMCH6, STM32WBA50KGU6, STM32WBA50KGU6TR, STM32WBA52CEU6, STM32WBA52CEU6TR, STM32WBA52CEU7, STM32WBA52CEU7TR, STM32WBA52CGU6, STM32WBA52CGU6TR, STM32WBA52CGU6U, STM32WBA52CGU7, STM32WBA52CGU7TR, STM32WBA52KEU6, STM32WBA52KEU6TR, STM32WBA52KGU6, STM32WBA52KGU6TR, STM32WBA54CEU6, STM32WBA54CEU6TR, STM32WBA54CEU7, STM32WBA54CEU7TR, STM32WBA54CGU6, STM32WBA54CGU6TR, STM32WBA54CGU7, STM32WBA54CGU7TR, STM32WBA54KEU6, STM32WBA54KEU6TR, STM32WBA54KEU7, STM32WBA54KEU7TR, STM32WBA54KGU6, STM32WBA54KGU6TR, STM32WBA54KGU7, STM32WBA54KGU7TR, STM32WBA55CEU6, STM32WBA55CEU6TR, STM32WBA55CEU7, STM32WBA55CEU7TR, STM32WBA55CGU6, STM32WBA55CGU6TR, STM32WBA55CGU6U, STM32WBA55CGU7, STM32WBA55CGU7TR, STM32WBA55G-DK1, STM32WBA55HEF6, STM32WBA55HEF7, STM32WBA55HGF6, STM32WBA55HGF7, STM32WBA55UEI6, STM32WBA55UEI6TR, STM32WBA55UEI7, STM32WBA55UEI7TR, STM32WBA55UGI6, STM32WBA55UGI6TR, STM32WBA55UGI7, STM32WBA55UGI7TR, STM32WL5MOCH6, STM32WL5MOCH6TR]
2024-11-16 16:24:13,508 [INFO] DbMcus:218 - Found 4252 MCUs, 4252 are supported
2024-11-16 16:24:13,518 [INFO] ApiDb:423 - Load user favorites file /home/lubuntu/.stm32cubeide/favorites.mcus.txt: 0 item(s)
2024-11-16 16:24:13,518 [INFO] ApiDb:427 - User favorites MCUs=[]
2024-11-16 16:24:13,519 [INFO] DbMcus:224 - Set 0 / 0 favorites MCUs
2024-11-16 16:24:14,116 [INFO] ApiDb:423 - Load user favorites file /home/lubuntu/.stm32cubeide/favorites.boards.txt: 0 item(s)
2024-11-16 16:24:14,116 [INFO] ApiDb:427 - User favorites Boards=[]
2024-11-16 16:24:14,116 [INFO] DbBoards:198 - Set 0 / 0 favorites Boards
2024-11-16 16:24:14,248 [INFO] UtilMem:75 - End LoadConfig() Used Memory: 612945608 Bytes (1073741824)
2024-11-16 16:24:14,583 [WARN] ThirdParty:833 - waiting for thirdparty lock release [change project]
2024-11-16 16:24:14,583 [INFO] ThirdParty:835 - entering critical section [change project]
2024-11-16 16:24:14,584 [INFO] ThirdParty:1030 - CMSIS Pack Vendor :STMicroelectronics USBPD 4.1
2024-11-16 16:24:14,584 [INFO] ThirdParty:1030 - CMSIS Pack Vendor :STMicroelectronics X-CUBE-AZRTOS-H7 3.3.0
2024-11-16 16:24:14,584 [INFO] ThirdParty:1030 - CMSIS Pack Vendor :STMicroelectronics X-CUBE-NFC9 1.0.0
2024-11-16 16:24:14,584 [INFO] ThirdParty:1030 - CMSIS Pack Vendor :STMicroelectronics USB_HOST 2.0.0
2024-11-16 16:24:14,584 [INFO] ThirdParty:1030 - CMSIS Pack Vendor :STMicroelectronics FP-SNS-MOTENVWB1 1.4.0
2024-11-16 16:24:14,584 [INFO] ThirdParty:1030 - CMSIS Pack Vendor :STMicroelectronics X-CUBE-AZRTOS-F4 1.1.0
2024-11-16 16:24:14,584 [INFO] ThirdParty:1030 - CMSIS Pack Vendor :STMicroelectronics LIBJPEG 8.0.0
2024-11-16 16:24:14,584 [INFO] ThirdParty:1030 - CMSIS Pack Vendor :STMicroelectronics FP-ATR-ASTRA1 2.0.1
2024-11-16 16:24:14,584 [INFO] ThirdParty:1030 - CMSIS Pack Vendor :STMicroelectronics X-CUBE-SMBUS 2.1.0
2024-11-16 16:24:14,584 [INFO] ThirdParty:1030 - CMSIS Pack Vendor :STMicroelectronics X-CUBE-WB05N 1.1.0
2024-11-16 16:24:14,584 [INFO] ThirdParty:1030 - CMSIS Pack Vendor :STMicroelectronics USB_DEVICE 3.0.0
2024-11-16 16:24:14,584 [INFO] ThirdParty:1030 - CMSIS Pack Vendor :STMicroelectronics X-CUBE-TCPP 4.1.0
2024-11-16 16:24:14,584 [INFO] ThirdParty:1030 - CMSIS Pack Vendor :STMicroelectronics X-CUBE-ISPU 2.1.0
2024-11-16 16:24:14,585 [INFO] ThirdParty:1030 - CMSIS Pack Vendor :STMicroelectronics X-CUBE-FREERTOS 1.2.0
2024-11-16 16:24:14,585 [INFO] ThirdParty:1030 - CMSIS Pack Vendor :STMicroelectronics X-CUBE-IPS 3.0.0
2024-11-16 16:24:14,585 [INFO] ThirdParty:1030 - CMSIS Pack Vendor :STMicroelectronics X-CUBE-AZRTOS-WB 2.0.0
2024-11-16 16:24:14,585 [INFO] ThirdParty:1030 - CMSIS Pack Vendor :STMicroelectronics X-CUBE-GNSS1 7.0.0
2024-11-16 16:24:14,585 [INFO] ThirdParty:1030 - CMSIS Pack Vendor :STMicroelectronics X-CUBE-AZRTOS-F7 1.1.0
2024-11-16 16:24:14,585 [INFO] ThirdParty:1030 - CMSIS Pack Vendor :STMicroelectronics X-CUBE-AZRTOS-L5 2.0.0
2024-11-16 16:24:14,585 [INFO] ThirdParty:1030 - CMSIS Pack Vendor :STMicroelectronics USB_DEVICE 2.0.0
2024-11-16 16:24:14,585 [INFO] ThirdParty:1030 - CMSIS Pack Vendor :STMicroelectronics X-CUBE-NFC6 3.1.0
2024-11-16 16:24:14,585 [INFO] ThirdParty:1030 - CMSIS Pack Vendor :STMicroelectronics FP-SNS-STBOX1 2.0.0
2024-11-16 16:24:14,585 [INFO] ThirdParty:1030 - CMSIS Pack Vendor :STMicroelectronics X-CUBE-MEMS1 11.0.0
2024-11-16 16:24:14,585 [INFO] ThirdParty:1030 - CMSIS Pack Vendor :STMicroelectronics FreeRTOS 0.0.1
2024-11-16 16:24:14,585 [INFO] ThirdParty:1030 - CMSIS Pack Vendor :STMicroelectronics X-CUBE-AZRTOS-G0 1.1.0
2024-11-16 16:24:14,585 [INFO] ThirdParty:1030 - CMSIS Pack Vendor :STMicroelectronics X-CUBE-SAFEA1 1.2.2
2024-11-16 16:24:14,585 [INFO] ThirdParty:1030 - CMSIS Pack Vendor :STMicroelectronics X-CUBE-NFC4 3.0.0
2024-11-16 16:24:14,585 [INFO] ThirdParty:1030 - CMSIS Pack Vendor :STMicroelectronics X-CUBE-DPower 1.2.0
2024-11-16 16:24:14,585 [INFO] ThirdParty:1030 - CMSIS Pack Vendor :STMicroelectronics X-CUBE-SUBG2 5.0.0
2024-11-16 16:24:14,585 [INFO] ThirdParty:1030 - CMSIS Pack Vendor :STMicroelectronics STM32_WPAN 1.0.0
2024-11-16 16:24:14,585 [INFO] ThirdParty:1030 - CMSIS Pack Vendor :EmbeddedOffice I-CUBE-FS-RTOS 1.0.1
2024-11-16 16:24:14,585 [INFO] ThirdParty:1030 - CMSIS Pack Vendor :STMicroelectronics lwIP 2.0.3
2024-11-16 16:24:14,585 [INFO] ThirdParty:1030 - CMSIS Pack Vendor :STMicroelectronics FP-SNS-FLIGHT1 5.0.2
2024-11-16 16:24:14,586 [INFO] ThirdParty:1030 - CMSIS Pack Vendor :Cesanta I-CUBE-Mongoose 7.13.0
2024-11-16 16:24:14,586 [INFO] ThirdParty:1030 - CMSIS Pack Vendor :STMicroelectronics USB_HOST 1.0.0
2024-11-16 16:24:14,586 [INFO] ThirdParty:1030 - CMSIS Pack Vendor :STMicroelectronics X-CUBE-AI 9.0.0
2024-11-16 16:24:14,586 [INFO] ThirdParty:1030 - CMSIS Pack Vendor :STMicroelectronics X-CUBE-AZRTOS-G4 2.0.0
2024-11-16 16:24:14,586 [INFO] ThirdParty:1030 - CMSIS Pack Vendor :STMicroelectronics PDM2PCM 3.1.0
2024-11-16 16:24:14,586 [INFO] ThirdParty:1030 - CMSIS Pack Vendor :STMicroelectronics PDM2PCM 3.3.0
2024-11-16 16:24:14,586 [INFO] ThirdParty:1030 - CMSIS Pack Vendor :STMicroelectronics X-CUBE-DISPLAY 3.0.0
2024-11-16 16:24:14,586 [INFO] ThirdParty:1030 - CMSIS Pack Vendor :RealThread X-CUBE-RT-Thread_Nano 4.1.1
2024-11-16 16:24:14,586 [INFO] ThirdParty:1030 - CMSIS Pack Vendor :STMicroelectronics X-CUBE-BLE1 7.0.0
2024-11-16 16:24:14,586 [INFO] ThirdParty:1030 - CMSIS Pack Vendor :STMicroelectronics FP-ATR-SIGFOX1 3.2.0
2024-11-16 16:24:14,586 [INFO] ThirdParty:1030 - CMSIS Pack Vendor :STMicroelectronics X-CUBE-NFC10 1.0.0
2024-11-16 16:24:14,586 [INFO] ThirdParty:1030 - CMSIS Pack Vendor :wolfSSL I-CUBE-wolfSSL 5.7.2
2024-11-16 16:24:14,586 [INFO] ThirdParty:1030 - CMSIS Pack Vendor :quantropi X-CUBE-qispace-sdk-base 1.9.3
2024-11-16 16:24:14,586 [INFO] ThirdParty:1030 - CMSIS Pack Vendor :STMicroelectronics X-CUBE-ISPU 2.0.0
2024-11-16 16:24:14,586 [INFO] ThirdParty:1030 - CMSIS Pack Vendor :STMicroelectronics X-CUBE-EEPRMA1 5.1.0
2024-11-16 16:24:14,586 [INFO] ThirdParty:1030 - CMSIS Pack Vendor :STMicroelectronics HAL Drivers 0.0.0
2024-11-16 16:24:14,586 [INFO] ThirdParty:1030 - CMSIS Pack Vendor :STMicroelectronics MBEDTLS 2.16.2
2024-11-16 16:24:14,586 [INFO] ThirdParty:1030 - CMSIS Pack Vendor :STMicroelectronics X-CUBE-ALS 1.0.2
2024-11-16 16:24:14,586 [INFO] ThirdParty:1030 - CMSIS Pack Vendor :emotas I-CUBE-CANOPEN 1.3.0
2024-11-16 16:24:14,586 [INFO] ThirdParty:1030 - CMSIS Pack Vendor :STMicroelectronics X-CUBE-NFC7 1.0.1
2024-11-16 16:24:14,586 [INFO] ThirdParty:1030 - CMSIS Pack Vendor :STMicroelectronics MBEDTLS 2.14.1
2024-11-16 16:24:14,587 [INFO] ThirdParty:1030 - CMSIS Pack Vendor :STMicroelectronics X-CUBE-TOUCHGFX 4.24.0
2024-11-16 16:24:14,587 [INFO] ThirdParty:1030 - CMSIS Pack Vendor :ITTIA_DB I-CUBE-ITTIADB 8.9.0
2024-11-16 16:24:14,587 [INFO] ThirdParty:1030 - CMSIS Pack Vendor :STMicroelectronics X-CUBE-TOUCHGFX 4.24.1
2024-11-16 16:24:14,587 [INFO] ThirdParty:1030 - CMSIS Pack Vendor :wolfSSL I-CUBE-wolfTPM 3.4.0
2024-11-16 16:24:14,587 [INFO] ThirdParty:1030 - CMSIS Pack Vendor :portGmbH I-Cube-SoM-uGOAL 1.1.0
2024-11-16 16:24:14,587 [INFO] ThirdParty:1030 - CMSIS Pack Vendor :STMicroelectronics X-CUBE-BLEMGR 3.1.0
2024-11-16 16:24:14,587 [INFO] ThirdParty:1030 - CMSIS Pack Vendor :STMicroelectronics ThreadX 1.0.0
2024-11-16 16:24:14,587 [INFO] ThirdParty:1030 - CMSIS Pack Vendor :STMicroelectronics FP-SNS-SMARTAG2 1.2.0
2024-11-16 16:24:14,587 [INFO] ThirdParty:1030 - CMSIS Pack Vendor :STMicroelectronics X-CUBE-AZRTOS-WL 2.0.0
2024-11-16 16:24:14,587 [INFO] ThirdParty:1030 - CMSIS Pack Vendor :SEGGER I-CUBE-embOS 1.3.1
2024-11-16 16:24:14,588 [INFO] ThirdParty:1030 - CMSIS Pack Vendor :STMicroelectronics X-CUBE-ALGOBUILD 1.4.0
2024-11-16 16:24:14,588 [INFO] ThirdParty:1030 - CMSIS Pack Vendor :STMicroelectronics FP-SNS-MOTENV1 5.0.0
2024-11-16 16:24:14,588 [INFO] ThirdParty:1030 - CMSIS Pack Vendor :STMicroelectronics USB_DEVICE 1.0.0
2024-11-16 16:24:14,588 [INFO] ThirdParty:1030 - CMSIS Pack Vendor :STMicroelectronics X-CUBE-AZRTOS-H7RS 1.0.0
2024-11-16 16:24:14,588 [INFO] ThirdParty:1030 - CMSIS Pack Vendor :wolfSSL I-CUBE-wolfMQTT 1.19.0
2024-11-16 16:24:14,588 [INFO] ThirdParty:1030 - CMSIS Pack Vendor :STMicroelectronics X-CUBE-AZRTOS-L4 2.0.0
2024-11-16 16:24:14,588 [INFO] ThirdParty:1030 - CMSIS Pack Vendor :STMicroelectronics ThreadX 0.0.2
2024-11-16 16:24:14,588 [INFO] ThirdParty:1030 - CMSIS Pack Vendor :WES I-CUBE-Cesium 1.3.0
2024-11-16 16:24:14,588 [INFO] ThirdParty:1030 - CMSIS Pack Vendor :STMicroelectronics FP-ATR-ASTRA1 2.0.0
2024-11-16 16:24:14,588 [INFO] ThirdParty:1030 - CMSIS Pack Vendor :STMicroelectronics lwIP 2.1.2
2024-11-16 16:24:14,588 [INFO] ThirdParty:1030 - CMSIS Pack Vendor :STMicroelectronics X-CUBE-SFXS2LP1 4.0.0
2024-11-16 16:24:14,588 [INFO] ThirdParty:1030 - CMSIS Pack Vendor :STMicroelectronics X-CUBE-BLE2 3.3.0
2024-11-16 16:24:14,588 [INFO] ThirdParty:1030 - CMSIS Pack Vendor :STMicroelectronics X-CUBE-TOF1 3.4.2
2024-11-16 16:24:14,588 [INFO] ThirdParty:1030 - CMSIS Pack Vendor :STMicroelectronics X-CUBE-AI 9.1.0
2024-11-16 16:24:14,588 [INFO] ThirdParty:1030 - CMSIS Pack Vendor :Infineon AIROC-Wi-Fi-Bluetooth-STM32 1.6.1
2024-11-16 16:24:14,588 [INFO] ThirdParty:1030 - CMSIS Pack Vendor :STMicroelectronics PDM2PCM 3.2.0
2024-11-16 16:24:14,588 [INFO] ThirdParty:1030 - CMSIS Pack Vendor :wolfSSL I-CUBE-wolfSSH 1.4.17
2024-11-16 16:24:14,588 [INFO] ThirdParty:841 - exiting critical section [change project]
2024-11-16 16:24:16,148 [INFO] PinOutPanel:1561 - setPackage(No Configuration,No Configuration)
2024-11-16 16:24:16,150 [INFO] PinOutPanel:1561 - setPackage(STM32MP151AACx,TFBGA361)
2024-11-16 16:24:18,922 [INFO] UtilMem:75 - Before build in PCC Used Memory: 580290496 Bytes (1073741824)
2024-11-16 16:24:21,851 [INFO] UtilMem:75 - After build in PCC Used Memory: 532437104 Bytes (1073741824)
2024-11-16 16:24:21,962 [INFO] IPUIPlugin:80 - create IPUIPlugin
2024-11-16 16:24:21,963 [INFO] IPUIPlugin:80 - create IPUIPlugin
2024-11-16 16:24:21,963 [INFO] IPUIPlugin:80 - create IPUIPlugin
2024-11-16 16:24:21,963 [INFO] IPUIPlugin:80 - create IPUIPlugin
2024-11-16 16:24:21,963 [INFO] IPUIPlugin:80 - create IPUIPlugin
2024-11-16 16:24:21,963 [INFO] IPUIPlugin:80 - create IPUIPlugin
2024-11-16 16:24:21,964 [INFO] IPUIPlugin:80 - create IPUIPlugin
2024-11-16 16:24:21,964 [INFO] IPUIPlugin:80 - create IPUIPlugin
2024-11-16 16:24:21,964 [INFO] IPUIPlugin:80 - create IPUIPlugin
2024-11-16 16:24:21,964 [INFO] IPUIPlugin:80 - create IPUIPlugin
2024-11-16 16:24:21,964 [INFO] IPUIPlugin:80 - create IPUIPlugin
2024-11-16 16:24:21,964 [INFO] IPUIPlugin:80 - create IPUIPlugin
2024-11-16 16:24:21,965 [INFO] IPUIPlugin:80 - create IPUIPlugin
2024-11-16 16:24:21,965 [INFO] IPUIPlugin:80 - create IPUIPlugin
2024-11-16 16:24:21,965 [INFO] IPUIPlugin:80 - create IPUIPlugin
2024-11-16 16:24:21,965 [INFO] IPUIPlugin:80 - create IPUIPlugin
2024-11-16 16:24:21,965 [INFO] IPUIPlugin:80 - create IPUIPlugin
2024-11-16 16:24:21,965 [INFO] IPUIPlugin:80 - create IPUIPlugin
2024-11-16 16:24:21,966 [INFO] IPUIPlugin:80 - create IPUIPlugin
2024-11-16 16:24:21,966 [INFO] IPUIPlugin:80 - create IPUIPlugin
2024-11-16 16:24:21,966 [INFO] IPUIPlugin:80 - create IPUIPlugin
2024-11-16 16:24:21,966 [INFO] IPUIPlugin:80 - create IPUIPlugin
2024-11-16 16:24:21,966 [INFO] IPUIPlugin:80 - create IPUIPlugin
2024-11-16 16:24:21,967 [INFO] IPUIPlugin:80 - create IPUIPlugin
2024-11-16 16:24:21,967 [INFO] IPUIPlugin:80 - create IPUIPlugin
2024-11-16 16:24:21,967 [INFO] IPUIPlugin:80 - create IPUIPlugin
2024-11-16 16:24:21,967 [INFO] IPUIPlugin:80 - create IPUIPlugin
2024-11-16 16:24:21,967 [INFO] IPUIPlugin:80 - create IPUIPlugin
2024-11-16 16:24:21,967 [INFO] IPUIPlugin:80 - create IPUIPlugin
2024-11-16 16:24:21,967 [INFO] IPUIPlugin:80 - create IPUIPlugin
2024-11-16 16:24:21,967 [INFO] IPUIPlugin:80 - create IPUIPlugin
2024-11-16 16:24:21,968 [INFO] IPUIPlugin:80 - create IPUIPlugin
2024-11-16 16:24:21,968 [INFO] IPUIPlugin:80 - create IPUIPlugin
2024-11-16 16:24:21,968 [INFO] IPUIPlugin:80 - create IPUIPlugin
2024-11-16 16:24:21,968 [INFO] IPUIPlugin:80 - create IPUIPlugin
2024-11-16 16:24:21,969 [INFO] IPUIPlugin:80 - create IPUIPlugin
2024-11-16 16:24:21,970 [INFO] IPUIPlugin:80 - create IPUIPlugin
2024-11-16 16:24:21,970 [INFO] IPUIPlugin:80 - create IPUIPlugin
2024-11-16 16:24:21,971 [INFO] IPUIPlugin:80 - create IPUIPlugin
2024-11-16 16:24:21,971 [INFO] IPUIPlugin:80 - create IPUIPlugin
2024-11-16 16:24:21,971 [INFO] IPUIPlugin:80 - create IPUIPlugin
2024-11-16 16:24:21,972 [INFO] IPUIPlugin:80 - create IPUIPlugin
2024-11-16 16:24:21,972 [INFO] IPUIPlugin:80 - create IPUIPlugin
2024-11-16 16:24:21,972 [INFO] IPUIPlugin:80 - create IPUIPlugin
2024-11-16 16:24:21,972 [INFO] IPUIPlugin:80 - create IPUIPlugin
2024-11-16 16:24:21,973 [INFO] IPUIPlugin:80 - create IPUIPlugin
2024-11-16 16:24:21,973 [INFO] IPUIPlugin:80 - create IPUIPlugin
2024-11-16 16:24:21,973 [INFO] IPUIPlugin:80 - create IPUIPlugin
2024-11-16 16:24:21,973 [INFO] IPUIPlugin:80 - create IPUIPlugin
2024-11-16 16:24:21,974 [INFO] IPUIPlugin:80 - create IPUIPlugin
2024-11-16 16:24:21,974 [INFO] IPUIPlugin:80 - create IPUIPlugin
2024-11-16 16:24:21,974 [INFO] IPUIPlugin:80 - create IPUIPlugin
2024-11-16 16:24:21,975 [INFO] IPUIPlugin:80 - create IPUIPlugin
2024-11-16 16:24:21,975 [INFO] IPUIPlugin:80 - create IPUIPlugin
2024-11-16 16:24:21,975 [INFO] IPUIPlugin:80 - create IPUIPlugin
2024-11-16 16:24:21,976 [INFO] IPUIPlugin:80 - create IPUIPlugin
2024-11-16 16:24:21,976 [INFO] IPUIPlugin:80 - create IPUIPlugin
2024-11-16 16:24:21,976 [INFO] IPUIPlugin:80 - create IPUIPlugin
2024-11-16 16:24:21,977 [INFO] IPUIPlugin:80 - create IPUIPlugin
2024-11-16 16:24:21,977 [INFO] IPUIPlugin:80 - create IPUIPlugin
2024-11-16 16:24:21,977 [INFO] IPUIPlugin:80 - create IPUIPlugin
2024-11-16 16:24:21,977 [INFO] IPUIPlugin:80 - create IPUIPlugin
2024-11-16 16:24:21,977 [INFO] IPUIPlugin:80 - create IPUIPlugin
2024-11-16 16:24:21,977 [INFO] IPUIPlugin:80 - create IPUIPlugin
2024-11-16 16:24:21,977 [INFO] IPUIPlugin:80 - create IPUIPlugin
2024-11-16 16:24:21,977 [INFO] IPUIPlugin:80 - create IPUIPlugin
2024-11-16 16:24:21,978 [INFO] IPUIPlugin:80 - create IPUIPlugin
2024-11-16 16:24:21,978 [INFO] IPUIPlugin:80 - create IPUIPlugin
2024-11-16 16:24:21,978 [INFO] IPUIPlugin:80 - create IPUIPlugin
2024-11-16 16:24:21,978 [INFO] IPUIPlugin:80 - create IPUIPlugin
2024-11-16 16:24:21,978 [INFO] IPUIPlugin:80 - create IPUIPlugin
2024-11-16 16:24:21,978 [INFO] IPUIPlugin:80 - create IPUIPlugin
2024-11-16 16:24:21,979 [INFO] IPUIPlugin:80 - create IPUIPlugin
2024-11-16 16:24:21,979 [INFO] IPUIPlugin:80 - create IPUIPlugin
2024-11-16 16:24:21,979 [INFO] IPUIPlugin:80 - create IPUIPlugin
2024-11-16 16:24:21,979 [INFO] IPUIPlugin:80 - create IPUIPlugin
2024-11-16 16:24:21,979 [INFO] IPUIPlugin:80 - create IPUIPlugin
2024-11-16 16:24:21,979 [INFO] IPUIPlugin:80 - create IPUIPlugin
2024-11-16 16:24:21,979 [INFO] IPUIPlugin:80 - create IPUIPlugin
2024-11-16 16:24:21,979 [INFO] IPUIPlugin:80 - create IPUIPlugin
2024-11-16 16:24:21,980 [INFO] IPUIPlugin:80 - create IPUIPlugin
2024-11-16 16:24:21,980 [INFO] IPUIPlugin:80 - create IPUIPlugin
2024-11-16 16:24:21,980 [INFO] IPUIPlugin:80 - create IPUIPlugin
2024-11-16 16:24:21,981 [INFO] IPUIPlugin:80 - create IPUIPlugin
2024-11-16 16:24:21,981 [INFO] IPUIPlugin:80 - create IPUIPlugin
2024-11-16 16:24:21,982 [INFO] IPUIPlugin:80 - create IPUIPlugin
2024-11-16 16:24:21,982 [INFO] IPUIPlugin:80 - create IPUIPlugin
2024-11-16 16:24:21,982 [INFO] IPUIPlugin:80 - create IPUIPlugin
2024-11-16 16:24:21,983 [INFO] IPUIPlugin:80 - create IPUIPlugin
2024-11-16 16:24:21,983 [INFO] IPUIPlugin:80 - create IPUIPlugin
2024-11-16 16:24:21,984 [INFO] IPUIPlugin:80 - create IPUIPlugin
2024-11-16 16:24:21,984 [INFO] IPUIPlugin:80 - create IPUIPlugin
2024-11-16 16:24:21,985 [INFO] IPUIPlugin:80 - create IPUIPlugin
2024-11-16 16:24:21,986 [INFO] IPUIPlugin:80 - create IPUIPlugin
2024-11-16 16:24:22,136 [INFO] DdrRegisterManager:71 - [DDR IP] ddrType = DDR3:true
2024-11-16 16:24:22,948 [INFO] CADModel:165 - CPN selected for project levelSTM32MP151AAC3
2024-11-16 16:24:22,948 [INFO] CADModel:114 - Register for checkConnection events
2024-11-16 16:24:23,011 [INFO] LogOutputStream:77 - [STDOUT_REDIRECT] log4j default configuration file not found
2024-11-16 16:24:23,012 [INFO] LogOutputStream:77 - [STDOUT_REDIRECT] log4j is not configured!
2024-11-16 16:24:23,330 [INFO] DdrUtils:76 - [DDR IP] The IP object exists and the DDR configuration is valid
2024-11-16 16:24:23,378 [INFO] CubeProgrammer:495 - [DDR PANEL] - PathOfProgrammer: null
2024-11-16 16:24:23,381 [INFO] CubeProgrammer:495 - [DDR PANEL] - PathOfProgrammer: /opt/st/stm32cubeide_1.16.0/plugins/com.st.stm32cube.ide.mcu.externaltools.cubeprogrammer.linux64_2.1.400.202404281720/tools/bin
2024-11-16 16:24:23,385 [INFO] ProgrammerExecThread:149 - [ProgrammerAPI] CubeProgrammer command construction: /opt/st/stm32cubeide_1.16.0/plugins/com.st.stm32cube.ide.mcu.externaltools.cubeprogrammer.linux64_2.1.400.202404281720/tools/bin/STM32_Programmer_CLI -l
2024-11-16 16:24:26,588 [INFO] MainDdrPanel:64 - [DDR PANEL] SETTER - Set cubeProgrammerPath to: /opt/st/stm32cubeide_1.16.0/plugins/com.st.stm32cube.ide.mcu.externaltools.cubeprogrammer.linux64_2.1.400.202404281720/tools/bin
2024-11-16 16:24:26,640 [INFO] OpenFileManager:363 - Restore cursor
2024-11-16 16:27:48,289 [INFO] UtilMem:75 - End SaveConfig() Used Memory: 673189632 Bytes (1073741824)
2024-11-16 16:27:49,328 [INFO] BlockDiagram:2766 - set Specific Code input for plugin: USBH_HS
2024-11-16 16:27:49,328 [INFO] BlockDiagram:2766 - set Specific Code input for plugin: USB_OTG_HS
2024-11-16 16:27:49,328 [INFO] BlockDiagram:2766 - set Specific Code input for plugin: GIC
2024-11-16 16:27:49,329 [INFO] BlockDiagram:2766 - set Specific Code input for plugin: RNG
2024-11-16 16:27:49,329 [INFO] BlockDiagram:2766 - set Specific Code input for plugin: LTDC
2024-11-16 16:27:49,329 [INFO] BlockDiagram:2766 - set Specific Code input for plugin: I2S
2024-11-16 16:27:49,329 [INFO] BlockDiagram:2766 - set Specific Code input for plugin: PWR
2024-11-16 16:27:49,329 [INFO] BlockDiagram:2766 - set Specific Code input for plugin: SYS
2024-11-16 16:27:49,329 [INFO] BlockDiagram:2766 - set Specific Code input for plugin: BSEC
2024-11-16 16:27:49,329 [INFO] BlockDiagram:2766 - set Specific Code input for plugin: RCC
2024-11-16 16:27:49,329 [INFO] BlockDiagram:2766 - set Specific Code input for plugin: I2C
2024-11-16 16:27:49,329 [INFO] BlockDiagram:2766 - set Specific Code input for plugin: I2C
2024-11-16 16:27:49,329 [INFO] BlockDiagram:2766 - set Specific Code input for plugin: RTC
2024-11-16 16:27:49,329 [INFO] BlockDiagram:2766 - set Specific Code input for plugin: SDMMC
2024-11-16 16:27:49,329 [INFO] BlockDiagram:2766 - set Specific Code input for plugin: NVIC
2024-11-16 16:27:49,329 [INFO] BlockDiagram:2766 - set Specific Code input for plugin: ETZPC
2024-11-16 16:27:49,329 [INFO] BlockDiagram:2766 - set Specific Code input for plugin: HSEM
2024-11-16 16:27:49,330 [INFO] BlockDiagram:2766 - set Specific Code input for plugin: DDR
2024-11-16 16:27:49,330 [INFO] BlockDiagram:2766 - set Specific Code input for plugin: HDMI_CEC
2024-11-16 16:27:49,330 [INFO] BlockDiagram:2766 - set Specific Code input for plugin: UART
2024-11-16 16:27:49,330 [INFO] BlockDiagram:2766 - set Specific Code input for plugin: DEBUG
2024-11-16 16:27:49,332 [INFO] BlockDiagram:2766 - set Specific Code input for plugin: GPIO
2024-11-16 16:27:49,332 [INFO] BlockDiagram:2766 - set Specific Code input for plugin: TAMP
2024-11-16 16:27:49,332 [INFO] BlockDiagram:2766 - set Specific Code input for plugin: ETH
2024-11-16 16:27:49,349 [INFO] CodeGenerator:807 - code generatio: config db path: /opt/st/stm32cubeide_1.16.0/../../../home/lubuntu/.eclipse/com.st.stm32cube.ide.mcu.rcp.product_1.16.0_139065174_linux_gtk_x86_64/plugins/com.st.stm32cube.common.mx_6.12.1.202409122256//db/
2024-11-16 16:27:49,866 [INFO] CodeGenerator:1531 - *******************Project context A7 ROM selected
2024-11-16 16:27:49,867 [INFO] CodeGenerator:1531 - *******************Project context A7S selected
2024-11-16 16:27:49,867 [INFO] CodeGenerator:1531 - *******************Project context A7S selected
2024-11-16 16:27:49,867 [INFO] CodeGenerator:1531 - *******************Project context A7NS selected
2024-11-16 16:27:49,867 [INFO] CodeGenerator:1531 - *******************Project context M4 selected
2024-11-16 16:27:50,229 [INFO] CodeEngine:255 - oldGeneratedFile, /home/lubuntu/Dokument/GitHub/STM32-Computer/Firmware/STM32-Computer-Firmware/MXTmpFiles/license.tmp_save
2024-11-16 16:27:50,750 [INFO] CodeEngine:279 - Generated code: /home/lubuntu/Dokument/GitHub/STM32-Computer/Firmware/STM32-Computer-Firmware/MXTmpFiles/license.tmp
2024-11-16 16:27:50,934 [INFO] CodeEngine:255 - oldGeneratedFile, /home/lubuntu/Dokument/GitHub/STM32-Computer/Firmware/STM32-Computer-Firmware/CM4/MXTmpFiles/gpio.tmp_save
2024-11-16 16:27:51,079 [INFO] CodeEngine:279 - Generated code: /home/lubuntu/Dokument/GitHub/STM32-Computer/Firmware/STM32-Computer-Firmware/CM4/MXTmpFiles/gpio.tmp
2024-11-16 16:27:51,096 [WARN] IPConfigManager:98 - WARNING: Missing Config File for DEBUG ip!!
2024-11-16 16:27:51,116 [WARN] IPConfigManager:98 - WARNING: Missing Config File for MDMA ip!!
2024-11-16 16:27:51,198 [WARN] IPConfigManager:98 - WARNING: Missing Config File for ETZPC ip!!
2024-11-16 16:27:51,208 [WARN] IPConfigManager:98 - WARNING: Missing Config File for MDMA ip!!
2024-11-16 16:27:51,284 [WARN] IPConfigManager:98 - WARNING: Missing Config File for MDMA ip!!
2024-11-16 16:27:51,331 [WARN] IPConfigManager:98 - WARNING: Missing Config File for MDMA ip!!
2024-11-16 16:27:51,439 [INFO] CodeEngine:255 - oldGeneratedFile, /home/lubuntu/Dokument/GitHub/STM32-Computer/Firmware/STM32-Computer-Firmware/CM4/Core/Src/stm32mp1xx_it.c_save
2024-11-16 16:27:51,599 [INFO] CodeEngine:279 - Generated code: /home/lubuntu/Dokument/GitHub/STM32-Computer/Firmware/STM32-Computer-Firmware/CM4/Core/Src/stm32mp1xx_it.c
2024-11-16 16:27:51,601 [INFO] CodeEngine:255 - oldGeneratedFile, /home/lubuntu/Dokument/GitHub/STM32-Computer/Firmware/STM32-Computer-Firmware/CM4/Core/Inc/stm32mp1xx_it.h_save
2024-11-16 16:27:51,721 [INFO] CodeEngine:279 - Generated code: /home/lubuntu/Dokument/GitHub/STM32-Computer/Firmware/STM32-Computer-Firmware/CM4/Core/Inc/stm32mp1xx_it.h
2024-11-16 16:27:51,745 [WARN] IPConfigManager:98 - WARNING: Missing Config File for VREFBUF ip!!
2024-11-16 16:27:51,759 [WARN] IPConfigManager:98 - WARNING: Missing Config File for MDMA ip!!
2024-11-16 16:27:51,785 [INFO] CodeEngine:255 - oldGeneratedFile, /home/lubuntu/Dokument/GitHub/STM32-Computer/Firmware/STM32-Computer-Firmware/CM4/Core/Src/stm32mp1xx_hal_msp.c_save
2024-11-16 16:27:51,952 [INFO] CodeEngine:279 - Generated code: /home/lubuntu/Dokument/GitHub/STM32-Computer/Firmware/STM32-Computer-Firmware/CM4/Core/Src/stm32mp1xx_hal_msp.c
2024-11-16 16:27:51,954 [INFO] CodeEngine:255 - oldGeneratedFile, /home/lubuntu/Dokument/GitHub/STM32-Computer/Firmware/STM32-Computer-Firmware/CM4/MXTmpFiles/system.tmp_save
2024-11-16 16:27:52,041 [INFO] CodeEngine:279 - Generated code: /home/lubuntu/Dokument/GitHub/STM32-Computer/Firmware/STM32-Computer-Firmware/CM4/MXTmpFiles/system.tmp
2024-11-16 16:27:52,062 [INFO] CodeEngine:311 - oldGeneratedFile, /home/lubuntu/Dokument/GitHub/STM32-Computer/Firmware/STM32-Computer-Firmware/CM4/Core/Inc/stm32mp1xx_hal_conf.h_save
2024-11-16 16:27:52,155 [INFO] CodeEngine:335 - Generated code: /home/lubuntu/Dokument/GitHub/STM32-Computer/Firmware/STM32-Computer-Firmware/CM4/Core/Inc/stm32mp1xx_hal_conf.h
2024-11-16 16:27:52,286 [INFO] CodeEngine:255 - oldGeneratedFile, /home/lubuntu/Dokument/GitHub/STM32-Computer/Firmware/STM32-Computer-Firmware/CM4/Core/Inc/main.h_save
2024-11-16 16:27:52,404 [INFO] CodeEngine:279 - Generated code: /home/lubuntu/Dokument/GitHub/STM32-Computer/Firmware/STM32-Computer-Firmware/CM4/Core/Inc/main.h
2024-11-16 16:27:52,433 [INFO] CodeEngine:255 - oldGeneratedFile, /home/lubuntu/Dokument/GitHub/STM32-Computer/Firmware/STM32-Computer-Firmware/CM4/Core/Src/main.c_save
2024-11-16 16:27:52,585 [INFO] CodeEngine:279 - Generated code: /home/lubuntu/Dokument/GitHub/STM32-Computer/Firmware/STM32-Computer-Firmware/CM4/Core/Src/main.c
2024-11-16 16:27:52,710 [INFO] DTGenerator:243 - 

>>> DTGen : IN

2024-11-16 16:27:53,329 [INFO] GenProcessManager:166 - 
2024-11-16 16:27:53,329 [INFO] GenProcessManager:167 - Launching process: kernel-dtsBind

2024-11-16 16:27:53,330 [INFO] GenerationProcess:393 - 

GenProcess for OUTPUT : processName=kernel-dtsBind - Output=kernel
=======================

2024-11-16 16:27:53,330 [INFO] GenerationProcess:393 - 

GenProcess for OUTPUT : processName=kernel-dtsBind - Output=u-boot
=======================

2024-11-16 16:27:53,385 [INFO] GenProcessDtsBind:272 -   >>> FW bind process - processName=kernel-dtsBind - FW=LINUX - matchingCtxt=CortexA7NS

2024-11-16 16:27:53,424 [INFO] GenProcessDtsBind:272 -   >>> FW bind process - processName=kernel-dtsBind - FW=CUBE - matchingCtxt=CortexM4

2024-11-16 16:27:53,443 [INFO] CodeEngine:255 - oldGeneratedFile, /home/lubuntu/Dokument/GitHub/STM32-Computer/Firmware/STM32-Computer-Firmware/CA7/DeviceTree/STM32-Computer-Firmware/kernel/stm32mp151a-stm32-computer-firmware-mx.dts_save
2024-11-16 16:27:53,885 [INFO] CodeEngine:279 - Generated code: /home/lubuntu/Dokument/GitHub/STM32-Computer/Firmware/STM32-Computer-Firmware/CA7/DeviceTree/STM32-Computer-Firmware/kernel/stm32mp151a-stm32-computer-firmware-mx.dts
2024-11-16 16:27:53,886 [INFO] GenProcessManager:166 - 
2024-11-16 16:27:53,886 [INFO] GenProcessManager:167 - Launching process: ddrConfigGen

2024-11-16 16:27:53,887 [INFO] GenerationProcess:393 - 

GenProcess for OUTPUT : processName=ddrConfigGen - Output=tf-a
=======================

2024-11-16 16:27:53,896 [INFO] GenProcessManager:166 - 
2024-11-16 16:27:53,896 [INFO] GenProcessManager:167 - Launching process: uboot-dtsBind

2024-11-16 16:27:53,897 [INFO] GenerationProcess:393 - 

GenProcess for OUTPUT : processName=uboot-dtsBind - Output=u-boot
=======================

2024-11-16 16:27:53,897 [INFO] GenProcessDtsBind:272 -   >>> FW bind process - processName=uboot-dtsBind - FW=U-BOOT - matchingCtxt=

2024-11-16 16:27:53,903 [INFO] CodeEngine:255 - oldGeneratedFile, /home/lubuntu/Dokument/GitHub/STM32-Computer/Firmware/STM32-Computer-Firmware/CA7/DeviceTree/STM32-Computer-Firmware/u-boot/stm32mp151a-stm32-computer-firmware-mx-u-boot.dtsi_save
2024-11-16 16:27:54,047 [INFO] CodeEngine:279 - Generated code: /home/lubuntu/Dokument/GitHub/STM32-Computer/Firmware/STM32-Computer-Firmware/CA7/DeviceTree/STM32-Computer-Firmware/u-boot/stm32mp151a-stm32-computer-firmware-mx-u-boot.dtsi
2024-11-16 16:27:54,048 [INFO] GenProcessManager:166 - 
2024-11-16 16:27:54,048 [INFO] GenProcessManager:167 - Launching process: tfa-dtsBind

2024-11-16 16:27:54,048 [INFO] GenerationProcess:393 - 

GenProcess for OUTPUT : processName=tfa-dtsBind - Output=tf-a
=======================

2024-11-16 16:27:54,048 [INFO] GenProcessDtsBind:272 -   >>> FW bind process - processName=tfa-dtsBind - FW=TF-A - matchingCtxt=BootLoader

2024-11-16 16:27:54,058 [INFO] CodeEngine:255 - oldGeneratedFile, /home/lubuntu/Dokument/GitHub/STM32-Computer/Firmware/STM32-Computer-Firmware/CA7/DeviceTree/STM32-Computer-Firmware/tf-a/stm32mp151a-stm32-computer-firmware-mx.dts_save
2024-11-16 16:27:54,334 [INFO] CodeEngine:279 - Generated code: /home/lubuntu/Dokument/GitHub/STM32-Computer/Firmware/STM32-Computer-Firmware/CA7/DeviceTree/STM32-Computer-Firmware/tf-a/stm32mp151a-stm32-computer-firmware-mx.dts
2024-11-16 16:27:54,335 [INFO] GenProcessManager:166 - 
2024-11-16 16:27:54,335 [INFO] GenProcessManager:167 - Launching process: fwconfig-dtsBind

2024-11-16 16:27:54,335 [INFO] GenerationProcess:393 - 

GenProcess for OUTPUT : processName=fwconfig-dtsBind - Output=tf-a
=======================

2024-11-16 16:27:54,336 [INFO] CodeEngine:255 - oldGeneratedFile, /home/lubuntu/Dokument/GitHub/STM32-Computer/Firmware/STM32-Computer-Firmware/CA7/DeviceTree/STM32-Computer-Firmware/tf-a/stm32mp151a-stm32-computer-firmware-mx-fw-config.dts_save
2024-11-16 16:27:54,435 [INFO] CodeEngine:279 - Generated code: /home/lubuntu/Dokument/GitHub/STM32-Computer/Firmware/STM32-Computer-Firmware/CA7/DeviceTree/STM32-Computer-Firmware/tf-a/stm32mp151a-stm32-computer-firmware-mx-fw-config.dts
2024-11-16 16:27:54,436 [INFO] GenProcessManager:166 - 
2024-11-16 16:27:54,436 [INFO] GenProcessManager:167 - Launching process: optee-dtsBind

2024-11-16 16:27:54,436 [INFO] GenerationProcess:393 - 

GenProcess for OUTPUT : processName=optee-dtsBind - Output=optee-os
=======================

2024-11-16 16:27:54,436 [INFO] GenProcessDtsBind:272 -   >>> FW bind process - processName=optee-dtsBind - FW=OP-TEE - matchingCtxt=CortexA7S

2024-11-16 16:27:54,448 [INFO] CodeEngine:255 - oldGeneratedFile, /home/lubuntu/Dokument/GitHub/STM32-Computer/Firmware/STM32-Computer-Firmware/CA7/DeviceTree/STM32-Computer-Firmware/optee-os/stm32mp151a-stm32-computer-firmware-mx.dts_save
2024-11-16 16:27:54,723 [INFO] CodeEngine:279 - Generated code: /home/lubuntu/Dokument/GitHub/STM32-Computer/Firmware/STM32-Computer-Firmware/CA7/DeviceTree/STM32-Computer-Firmware/optee-os/stm32mp151a-stm32-computer-firmware-mx.dts
2024-11-16 16:27:54,724 [INFO] DTGenerator:341 - 

>>> DTGen : OUT

2024-11-16 16:27:55,502 [INFO] ProjectBuilder:3249 - Time for Copy HAL[1] : 469mS.
2024-11-16 16:27:55,515 [INFO] ProjectBuilder:4828 - Project Generator version: 4.5.0-B34
2024-11-16 16:27:55,627 [INFO] ConfigFileManager:1531 - The Die is : DIE500
2024-11-16 16:27:56,657 [INFO] LogOutputStream:77 - [STDOUT_REDIRECT] 
2024-11-16 16:28:48,002 [INFO] ProjectBuilder:5097 - Time for Generating toolchain IDE Files: 52486mS.
2024-11-16 16:28:48,004 [INFO] ProjectBuilder:3107 - Time for Copy CMSIS : 2mS.
2024-11-16 16:28:48,005 [INFO] ProjectBuilder:3107 - Time for Copy CMSIS : 0mS.
