2024-08-14 00:00:51,764 [INFO] IpGicPanel:101 - GIC parent = javax.swing.JViewport[,0,0,302x102,layout=javax.swing.ViewportLayout,alignmentX=0.0,alignmentY=0.0,border=,flags=8388616,maximumSize=,minimumSize=,preferredSize=,isViewSizeSet=true,lastPaintPosition=java.awt.Point[x=0,y=0],scrollUnderway=false]
2024-08-14 00:02:54,686 [WARN] MainPanel:400 - Warning: This peripheral has no parameters to be configured
2024-08-14 00:02:54,723 [INFO] IpGicPanel:101 - GIC parent = javax.swing.JViewport[,0,0,0x0,invalid,layout=javax.swing.ViewportLayout,alignmentX=0.0,alignmentY=0.0,border=,flags=8388616,maximumSize=,minimumSize=,preferredSize=,isViewSizeSet=false,lastPaintPosition=,scrollUnderway=false]
2024-08-14 00:03:29,938 [WARN] MainPanel:400 - Warning: This peripheral has no parameters to be configured
2024-08-14 00:03:29,978 [INFO] IpGicPanel:101 - GIC parent = javax.swing.JViewport[,0,0,0x0,invalid,layout=javax.swing.ViewportLayout,alignmentX=0.0,alignmentY=0.0,border=,flags=8388616,maximumSize=,minimumSize=,preferredSize=,isViewSizeSet=false,lastPaintPosition=,scrollUnderway=false]
2024-08-14 00:04:26,678 [INFO] UtilMem:75 - End SaveConfig() Used Memory: 488375128 Bytes (1073741824)
2024-08-14 00:04:27,194 [INFO] UtilMem:75 - End SaveConfig() Used Memory: 514063192 Bytes (1073741824)
2024-08-14 00:04:37,862 [INFO] UtilMem:75 - End SaveConfig() Used Memory: 562456056 Bytes (1073741824)
2024-08-14 00:04:39,383 [INFO] BlockDiagram:2766 - set Specific Code input for plugin: USBH_HS
2024-08-14 00:04:39,384 [INFO] BlockDiagram:2766 - set Specific Code input for plugin: USB_OTG_HS
2024-08-14 00:04:39,384 [INFO] BlockDiagram:2766 - set Specific Code input for plugin: RNG
2024-08-14 00:04:39,384 [INFO] BlockDiagram:2766 - set Specific Code input for plugin: LTDC
2024-08-14 00:04:39,384 [INFO] BlockDiagram:2766 - set Specific Code input for plugin: I2S
2024-08-14 00:04:39,384 [INFO] BlockDiagram:2766 - set Specific Code input for plugin: PWR
2024-08-14 00:04:39,384 [INFO] BlockDiagram:2766 - set Specific Code input for plugin: RCC
2024-08-14 00:04:39,384 [INFO] BlockDiagram:2766 - set Specific Code input for plugin: I2C
2024-08-14 00:04:39,384 [INFO] BlockDiagram:2766 - set Specific Code input for plugin: I2C
2024-08-14 00:04:39,384 [INFO] BlockDiagram:2766 - set Specific Code input for plugin: RTC
2024-08-14 00:04:39,384 [INFO] BlockDiagram:2766 - set Specific Code input for plugin: SDMMC
2024-08-14 00:04:39,384 [INFO] BlockDiagram:2766 - set Specific Code input for plugin: ETZPC
2024-08-14 00:04:39,384 [INFO] BlockDiagram:2766 - set Specific Code input for plugin: GIC
2024-08-14 00:04:39,384 [INFO] BlockDiagram:2766 - set Specific Code input for plugin: SYS
2024-08-14 00:04:39,384 [INFO] BlockDiagram:2766 - set Specific Code input for plugin: BSEC
2024-08-14 00:04:39,385 [INFO] BlockDiagram:2766 - set Specific Code input for plugin: NVIC
2024-08-14 00:04:39,385 [INFO] BlockDiagram:2766 - set Specific Code input for plugin: HSEM
2024-08-14 00:04:39,385 [INFO] BlockDiagram:2766 - set Specific Code input for plugin: DDR
2024-08-14 00:04:39,385 [INFO] BlockDiagram:2766 - set Specific Code input for plugin: HDMI_CEC
2024-08-14 00:04:39,385 [INFO] BlockDiagram:2766 - set Specific Code input for plugin: UART
2024-08-14 00:04:39,385 [INFO] BlockDiagram:2766 - set Specific Code input for plugin: DEBUG
2024-08-14 00:04:39,394 [INFO] BlockDiagram:2766 - set Specific Code input for plugin: GPIO
2024-08-14 00:04:39,394 [INFO] BlockDiagram:2766 - set Specific Code input for plugin: TAMP
2024-08-14 00:04:39,394 [INFO] BlockDiagram:2766 - set Specific Code input for plugin: ETH
2024-08-14 00:04:39,395 [INFO] CodeGenerator:807 - code generatio: config db path: /opt/st/stm32cubeide_1.16.0/plugins/com.st.stm32cube.common.mx_6.12.0.202406281431//db/
2024-08-14 00:04:40,763 [INFO] CodeGenerator:1531 - *******************Project context A7 ROM selected
2024-08-14 00:04:40,763 [INFO] CodeGenerator:1531 - *******************Project context A7S selected
2024-08-14 00:04:40,763 [INFO] CodeGenerator:1531 - *******************Project context A7S selected
2024-08-14 00:04:40,764 [INFO] CodeGenerator:1531 - *******************Project context A7NS selected
2024-08-14 00:04:40,764 [INFO] CodeGenerator:1531 - *******************Project context M4 selected
2024-08-14 00:04:41,171 [INFO] CodeEngine:255 - oldGeneratedFile, /home/lubuntu/Dokument/GitHub/STM32-Computer/Firmware/STM32-Computer-Firmware/MXTmpFiles/license.tmp_save
2024-08-14 00:04:41,770 [INFO] CodeEngine:279 - Generated code: /home/lubuntu/Dokument/GitHub/STM32-Computer/Firmware/STM32-Computer-Firmware/MXTmpFiles/license.tmp
2024-08-14 00:04:42,062 [INFO] CodeEngine:255 - oldGeneratedFile, /home/lubuntu/Dokument/GitHub/STM32-Computer/Firmware/STM32-Computer-Firmware/CM4/MXTmpFiles/gpio.tmp_save
2024-08-14 00:04:42,919 [INFO] CodeEngine:279 - Generated code: /home/lubuntu/Dokument/GitHub/STM32-Computer/Firmware/STM32-Computer-Firmware/CM4/MXTmpFiles/gpio.tmp
2024-08-14 00:04:42,922 [WARN] IPConfigManager:98 - WARNING: Missing Config File for DEBUG ip!!
2024-08-14 00:04:43,005 [WARN] IPConfigManager:98 - WARNING: Missing Config File for MDMA ip!!
2024-08-14 00:04:43,157 [WARN] IPConfigManager:98 - WARNING: Missing Config File for ETZPC ip!!
2024-08-14 00:04:43,223 [WARN] IPConfigManager:98 - WARNING: Missing Config File for MDMA ip!!
2024-08-14 00:04:43,371 [WARN] IPConfigManager:98 - WARNING: Missing Config File for MDMA ip!!
2024-08-14 00:04:43,680 [WARN] IPConfigManager:98 - WARNING: Missing Config File for MDMA ip!!
2024-08-14 00:04:43,914 [INFO] CodeEngine:255 - oldGeneratedFile, /home/lubuntu/Dokument/GitHub/STM32-Computer/Firmware/STM32-Computer-Firmware/CM4/Core/Src/stm32mp1xx_it.c_save
2024-08-14 00:04:45,177 [INFO] CodeEngine:279 - Generated code: /home/lubuntu/Dokument/GitHub/STM32-Computer/Firmware/STM32-Computer-Firmware/CM4/Core/Src/stm32mp1xx_it.c
2024-08-14 00:04:45,180 [INFO] CodeEngine:255 - oldGeneratedFile, /home/lubuntu/Dokument/GitHub/STM32-Computer/Firmware/STM32-Computer-Firmware/CM4/Core/Inc/stm32mp1xx_it.h_save
2024-08-14 00:04:45,606 [INFO] CodeEngine:279 - Generated code: /home/lubuntu/Dokument/GitHub/STM32-Computer/Firmware/STM32-Computer-Firmware/CM4/Core/Inc/stm32mp1xx_it.h
2024-08-14 00:04:45,783 [WARN] IPConfigManager:98 - WARNING: Missing Config File for VREFBUF ip!!
2024-08-14 00:04:45,812 [WARN] IPConfigManager:98 - WARNING: Missing Config File for MDMA ip!!
2024-08-14 00:04:45,846 [INFO] CodeEngine:255 - oldGeneratedFile, /home/lubuntu/Dokument/GitHub/STM32-Computer/Firmware/STM32-Computer-Firmware/CM4/Core/Src/stm32mp1xx_hal_msp.c_save
2024-08-14 00:04:46,459 [INFO] CodeEngine:279 - Generated code: /home/lubuntu/Dokument/GitHub/STM32-Computer/Firmware/STM32-Computer-Firmware/CM4/Core/Src/stm32mp1xx_hal_msp.c
2024-08-14 00:04:46,462 [INFO] CodeEngine:255 - oldGeneratedFile, /home/lubuntu/Dokument/GitHub/STM32-Computer/Firmware/STM32-Computer-Firmware/CM4/MXTmpFiles/system.tmp_save
2024-08-14 00:04:46,864 [INFO] CodeEngine:279 - Generated code: /home/lubuntu/Dokument/GitHub/STM32-Computer/Firmware/STM32-Computer-Firmware/CM4/MXTmpFiles/system.tmp
2024-08-14 00:04:46,905 [INFO] CodeEngine:311 - oldGeneratedFile, /home/lubuntu/Dokument/GitHub/STM32-Computer/Firmware/STM32-Computer-Firmware/CM4/Core/Inc/stm32mp1xx_hal_conf.h_save
2024-08-14 00:04:47,343 [INFO] CodeEngine:335 - Generated code: /home/lubuntu/Dokument/GitHub/STM32-Computer/Firmware/STM32-Computer-Firmware/CM4/Core/Inc/stm32mp1xx_hal_conf.h
2024-08-14 00:04:47,563 [INFO] CodeEngine:255 - oldGeneratedFile, /home/lubuntu/Dokument/GitHub/STM32-Computer/Firmware/STM32-Computer-Firmware/CM4/Core/Inc/main.h_save
2024-08-14 00:04:48,276 [INFO] CodeEngine:279 - Generated code: /home/lubuntu/Dokument/GitHub/STM32-Computer/Firmware/STM32-Computer-Firmware/CM4/Core/Inc/main.h
2024-08-14 00:04:48,286 [INFO] CodeEngine:255 - oldGeneratedFile, /home/lubuntu/Dokument/GitHub/STM32-Computer/Firmware/STM32-Computer-Firmware/CM4/Core/Src/main.c_save
2024-08-14 00:04:49,214 [INFO] CodeEngine:279 - Generated code: /home/lubuntu/Dokument/GitHub/STM32-Computer/Firmware/STM32-Computer-Firmware/CM4/Core/Src/main.c
2024-08-14 00:04:49,761 [INFO] DTGenerator:243 - 

>>> DTGen : IN

2024-08-14 00:04:52,028 [INFO] GenProcessManager:166 - 
2024-08-14 00:04:52,028 [INFO] GenProcessManager:167 - Launching process: kernel-dtsBind

2024-08-14 00:04:52,028 [INFO] GenerationProcess:393 - 

GenProcess for OUTPUT : processName=kernel-dtsBind - Output=kernel
=======================

2024-08-14 00:04:52,028 [INFO] GenerationProcess:393 - 

GenProcess for OUTPUT : processName=kernel-dtsBind - Output=u-boot
=======================

2024-08-14 00:04:52,029 [INFO] GenProcessDtsBind:272 -   >>> FW bind process - processName=kernel-dtsBind - FW=LINUX - matchingCtxt=CortexA7NS

2024-08-14 00:04:52,102 [INFO] GenProcessDtsBind:272 -   >>> FW bind process - processName=kernel-dtsBind - FW=CUBE - matchingCtxt=CortexM4

2024-08-14 00:04:52,123 [INFO] CodeEngine:255 - oldGeneratedFile, /home/lubuntu/Dokument/GitHub/STM32-Computer/Firmware/STM32-Computer-Firmware/CA7/DeviceTree/STM32-Computer-Firmware/kernel/stm32mp151a-stm32-computer-firmware-mx.dts_save
2024-08-14 00:04:54,289 [INFO] CodeEngine:279 - Generated code: /home/lubuntu/Dokument/GitHub/STM32-Computer/Firmware/STM32-Computer-Firmware/CA7/DeviceTree/STM32-Computer-Firmware/kernel/stm32mp151a-stm32-computer-firmware-mx.dts
2024-08-14 00:04:54,327 [INFO] GenProcessManager:166 - 
2024-08-14 00:04:54,327 [INFO] GenProcessManager:167 - Launching process: ddrConfigGen

2024-08-14 00:04:54,328 [INFO] GenerationProcess:393 - 

GenProcess for OUTPUT : processName=ddrConfigGen - Output=tf-a
=======================

2024-08-14 00:04:54,368 [INFO] GenProcessManager:166 - 
2024-08-14 00:04:54,368 [INFO] GenProcessManager:167 - Launching process: uboot-dtsBind

2024-08-14 00:04:54,378 [INFO] GenerationProcess:393 - 

GenProcess for OUTPUT : processName=uboot-dtsBind - Output=u-boot
=======================

2024-08-14 00:04:54,378 [INFO] GenProcessDtsBind:272 -   >>> FW bind process - processName=uboot-dtsBind - FW=U-BOOT - matchingCtxt=

2024-08-14 00:04:54,395 [INFO] CodeEngine:255 - oldGeneratedFile, /home/lubuntu/Dokument/GitHub/STM32-Computer/Firmware/STM32-Computer-Firmware/CA7/DeviceTree/STM32-Computer-Firmware/u-boot/stm32mp151a-stm32-computer-firmware-mx-u-boot.dtsi_save
2024-08-14 00:04:54,909 [INFO] CodeEngine:279 - Generated code: /home/lubuntu/Dokument/GitHub/STM32-Computer/Firmware/STM32-Computer-Firmware/CA7/DeviceTree/STM32-Computer-Firmware/u-boot/stm32mp151a-stm32-computer-firmware-mx-u-boot.dtsi
2024-08-14 00:04:54,910 [INFO] GenProcessManager:166 - 
2024-08-14 00:04:54,910 [INFO] GenProcessManager:167 - Launching process: tfa-dtsBind

2024-08-14 00:04:54,910 [INFO] GenerationProcess:393 - 

GenProcess for OUTPUT : processName=tfa-dtsBind - Output=tf-a
=======================

2024-08-14 00:04:54,910 [INFO] GenProcessDtsBind:272 -   >>> FW bind process - processName=tfa-dtsBind - FW=TF-A - matchingCtxt=BootLoader

2024-08-14 00:04:54,931 [INFO] CodeEngine:255 - oldGeneratedFile, /home/lubuntu/Dokument/GitHub/STM32-Computer/Firmware/STM32-Computer-Firmware/CA7/DeviceTree/STM32-Computer-Firmware/tf-a/stm32mp151a-stm32-computer-firmware-mx.dts_save
2024-08-14 00:04:55,972 [INFO] CodeEngine:279 - Generated code: /home/lubuntu/Dokument/GitHub/STM32-Computer/Firmware/STM32-Computer-Firmware/CA7/DeviceTree/STM32-Computer-Firmware/tf-a/stm32mp151a-stm32-computer-firmware-mx.dts
2024-08-14 00:04:55,974 [INFO] GenProcessManager:166 - 
2024-08-14 00:04:55,974 [INFO] GenProcessManager:167 - Launching process: fwconfig-dtsBind

2024-08-14 00:04:55,974 [INFO] GenerationProcess:393 - 

GenProcess for OUTPUT : processName=fwconfig-dtsBind - Output=tf-a
=======================

2024-08-14 00:04:55,975 [INFO] CodeEngine:255 - oldGeneratedFile, /home/lubuntu/Dokument/GitHub/STM32-Computer/Firmware/STM32-Computer-Firmware/CA7/DeviceTree/STM32-Computer-Firmware/tf-a/stm32mp151a-stm32-computer-firmware-mx-fw-config.dts_save
2024-08-14 00:04:56,363 [INFO] CodeEngine:279 - Generated code: /home/lubuntu/Dokument/GitHub/STM32-Computer/Firmware/STM32-Computer-Firmware/CA7/DeviceTree/STM32-Computer-Firmware/tf-a/stm32mp151a-stm32-computer-firmware-mx-fw-config.dts
2024-08-14 00:04:56,364 [INFO] GenProcessManager:166 - 
2024-08-14 00:04:56,364 [INFO] GenProcessManager:167 - Launching process: optee-dtsBind

2024-08-14 00:04:56,364 [INFO] GenerationProcess:393 - 

GenProcess for OUTPUT : processName=optee-dtsBind - Output=optee-os
=======================

2024-08-14 00:04:56,364 [INFO] GenProcessDtsBind:272 -   >>> FW bind process - processName=optee-dtsBind - FW=OP-TEE - matchingCtxt=CortexA7S

2024-08-14 00:04:56,430 [INFO] CodeEngine:255 - oldGeneratedFile, /home/lubuntu/Dokument/GitHub/STM32-Computer/Firmware/STM32-Computer-Firmware/CA7/DeviceTree/STM32-Computer-Firmware/optee-os/stm32mp151a-stm32-computer-firmware-mx.dts_save
2024-08-14 00:04:57,264 [INFO] CodeEngine:279 - Generated code: /home/lubuntu/Dokument/GitHub/STM32-Computer/Firmware/STM32-Computer-Firmware/CA7/DeviceTree/STM32-Computer-Firmware/optee-os/stm32mp151a-stm32-computer-firmware-mx.dts
2024-08-14 00:04:57,275 [INFO] DTGenerator:341 - 

>>> DTGen : OUT

2024-08-14 00:04:58,758 [INFO] ProjectBuilder:3249 - Time for Copy HAL[1] : 656mS.
2024-08-14 00:04:58,769 [INFO] ProjectBuilder:4828 - Project Generator version: 4.4.0-B60
2024-08-14 00:04:59,648 [INFO] ConfigFileManager:1531 - The Die is : DIE500
2024-08-14 00:07:22,417 [INFO] ProjectBuilder:5097 - Time for Generating toolchain IDE Files: 143648mS.
2024-08-14 00:07:22,418 [INFO] ProjectBuilder:3107 - Time for Copy CMSIS : 1mS.
2024-08-14 00:07:22,418 [INFO] ProjectBuilder:3107 - Time for Copy CMSIS : 0mS.
2024-08-14 00:39:19,460 [WARN] MainPanel:400 - Warning: This peripheral has no parameters to be configured
2024-08-14 00:39:26,493 [INFO] IpGicPanel:101 - GIC parent = javax.swing.JViewport[,0,0,444x48,layout=javax.swing.ViewportLayout,alignmentX=0.0,alignmentY=0.0,border=,flags=8388616,maximumSize=,minimumSize=,preferredSize=,isViewSizeSet=true,lastPaintPosition=java.awt.Point[x=0,y=0],scrollUnderway=false]
