2024-07-06 22:34:31,672 [INFO] Activator:176 - 


2024-07-06 22:34:31,675 [INFO] Activator:177 - !SESSION log4j initialized
2024-07-06 22:34:34,521 [INFO] LogOutputStream:77 - [STDOUT_REDIRECT] 
2024-07-06 22:34:45,283 [INFO] ApplicationProperties:184 - Using Application install path: C:\Program Files\STM32CubeIDE_1.15.1\STM32CubeIDE\plugins\com.st.stm32cube.common.mx_6.11.1.202404110753
2024-07-06 22:34:45,305 [INFO] DbMcusXml:78 - Set database path to: C:\Program Files\STM32CubeIDE_1.15.1\STM32CubeIDE\plugins\com.st.stm32cube.common.mx_6.11.1.202404110753\\db\/mcu/
2024-07-06 22:34:45,305 [INFO] ApiDb:274 - Set plugin database path to: C:\Program Files\STM32CubeIDE_1.15.1\STM32CubeIDE\plugins\com.st.stm32cube.common.mx_6.11.1.202404110753\\db\/plugins/boardmanager/
2024-07-06 22:34:45,306 [WARN] ApiDb:259 - Overriding images path with different value:  => C:\Program Files\STM32CubeIDE_1.15.1\STM32CubeIDE\plugins\com.st.stm32cube.common.mx_6.11.1.202404110753\\db\/plugins/mcufinder/images/
2024-07-06 22:34:45,315 [INFO] ApiDb:250 - Set database path to: C:\Users\danie\.stmcufinder\plugins\mcufinder//mcu/
2024-07-06 22:34:45,316 [INFO] DbMcusAds:125 - Set database path to: C:\Users\danie\.stmcufinder\plugins\mcufinder//mcu/
2024-07-06 22:34:45,319 [INFO] CrossReferenceDbSqlite:203 - Set database path to: C:\Users\danie\.stmcufinder\plugins\mcufinder//mcu/cs/
2024-07-06 22:34:45,564 [INFO] RulesReader:64 - Compatibility file has been processed (297 Rules)
2024-07-06 22:34:45,762 [INFO] DbMcusXml:78 - Set database path to: C:\Program Files\STM32CubeIDE_1.15.1\STM32CubeIDE\plugins\com.st.stm32cube.common.mx_6.11.1.202404110753\\db\/mcu/
2024-07-06 22:34:45,762 [INFO] ApiDb:274 - Set plugin database path to: C:\Program Files\STM32CubeIDE_1.15.1\STM32CubeIDE\plugins\com.st.stm32cube.common.mx_6.11.1.202404110753\\db\/plugins/boardmanager/
2024-07-06 22:34:45,762 [INFO] ApiDb:261 - Set plugin images path to: C:\Program Files\STM32CubeIDE_1.15.1\STM32CubeIDE\plugins\com.st.stm32cube.common.mx_6.11.1.202404110753\\db\/plugins/mcufinder/images/
2024-07-06 22:34:45,763 [WARN] DbFile:41 - Overriding database path with different value: C:\Users\danie\.stmcufinder\plugins\mcufinder/ => C:\Users\danie\.stmcufinder\plugins\mcufinder
2024-07-06 22:34:45,763 [INFO] ApiDb:250 - Set database path to: C:\Users\danie\.stmcufinder\plugins\mcufinder//mcu/
2024-07-06 22:34:45,763 [WARN] DbFile:41 - Overriding database path with different value: C:\Users\danie\.stmcufinder\plugins\mcufinder/ => C:\Users\danie\.stmcufinder\plugins\mcufinder
2024-07-06 22:34:45,763 [INFO] DbMcusAds:125 - Set database path to: C:\Users\danie\.stmcufinder\plugins\mcufinder//mcu/
2024-07-06 22:34:45,763 [WARN] DbFile:41 - Overriding database path with different value: C:\Users\danie\.stmcufinder\plugins\mcufinder/ => C:\Users\danie\.stmcufinder\plugins\mcufinder
2024-07-06 22:34:45,763 [WARN] DbFile:41 - Overriding database path with different value: C:\Users\danie\.stmcufinder\plugins\mcufinder/ => C:\Users\danie\.stmcufinder\plugins\mcufinder
2024-07-06 22:34:45,764 [INFO] CrossReferenceDbSqlite:203 - Set database path to: C:\Users\danie\.stmcufinder\plugins\mcufinder//mcu/cs/
2024-07-06 22:34:46,036 [INFO] MainPanel:264 - HeapMemory: 268435456
2024-07-06 22:34:46,160 [INFO] DbMcusXml:78 - Set database path to: C:\Program Files\STM32CubeIDE_1.15.1\STM32CubeIDE\plugins\com.st.stm32cube.common.mx_6.11.1.202404110753\\db\/mcu/
2024-07-06 22:34:46,160 [INFO] ApiDb:274 - Set plugin database path to: C:\Program Files\STM32CubeIDE_1.15.1\STM32CubeIDE\plugins\com.st.stm32cube.common.mx_6.11.1.202404110753\\db\/plugins/boardmanager/
2024-07-06 22:34:46,161 [INFO] ApiDb:261 - Set plugin images path to: C:\Program Files\STM32CubeIDE_1.15.1\STM32CubeIDE\plugins\com.st.stm32cube.common.mx_6.11.1.202404110753\\db\/plugins/mcufinder/images/
2024-07-06 22:34:46,161 [WARN] DbFile:41 - Overriding database path with different value: C:\Users\danie\.stmcufinder\plugins\mcufinder/ => C:\Users\danie\.stmcufinder\plugins\mcufinder
2024-07-06 22:34:46,161 [INFO] ApiDb:250 - Set database path to: C:\Users\danie\.stmcufinder\plugins\mcufinder//mcu/
2024-07-06 22:34:46,161 [WARN] DbFile:41 - Overriding database path with different value: C:\Users\danie\.stmcufinder\plugins\mcufinder/ => C:\Users\danie\.stmcufinder\plugins\mcufinder
2024-07-06 22:34:46,161 [INFO] DbMcusAds:125 - Set database path to: C:\Users\danie\.stmcufinder\plugins\mcufinder//mcu/
2024-07-06 22:34:46,161 [WARN] DbFile:41 - Overriding database path with different value: C:\Users\danie\.stmcufinder\plugins\mcufinder/ => C:\Users\danie\.stmcufinder\plugins\mcufinder
2024-07-06 22:34:46,162 [WARN] DbFile:41 - Overriding database path with different value: C:\Users\danie\.stmcufinder\plugins\mcufinder/ => C:\Users\danie\.stmcufinder\plugins\mcufinder
2024-07-06 22:34:46,162 [INFO] CrossReferenceDbSqlite:203 - Set database path to: C:\Users\danie\.stmcufinder\plugins\mcufinder//mcu/cs/
2024-07-06 22:34:46,285 [INFO] ApplicationProperties:184 - Using Application install path: C:\Program Files\STM32CubeIDE_1.15.1\STM32CubeIDE\plugins\com.st.stm32cube.common.mx_6.11.1.202404110753
2024-07-06 22:34:46,287 [INFO] PluginManage:196 - Search for loadable plugins [exclusion list=, ]
2024-07-06 22:34:46,288 [INFO] PluginManage:310 - Check plugin analytics
2024-07-06 22:34:46,730 [INFO] AnalyticsPlugin:253 - Accepted Software Licenses: 
2024-07-06 22:34:46,730 [INFO] AnalyticsPlugin:255 - Accepted CMSIS Pack Licenses: 
2024-07-06 22:34:46,731 [INFO] AnalyticsPlugin:257 - Accepted Firmware Licenses: 
2024-07-06 22:34:46,736 [INFO] PluginManage:359 - Loaded plugin analytics (category:tool,tabindex:-1)
2024-07-06 22:34:46,736 [INFO] PluginManage:310 - Check plugin cadmodel
2024-07-06 22:34:46,757 [INFO] CADModel:105 - Init CAD model plugin
2024-07-06 22:34:46,758 [INFO] PluginManage:359 - Loaded plugin cadmodel (category:power,tabindex:5)
2024-07-06 22:34:46,759 [INFO] PluginManage:310 - Check plugin clock
2024-07-06 22:34:46,792 [INFO] PluginManage:359 - Loaded plugin clock (category:base,tabindex:2)
2024-07-06 22:34:46,792 [INFO] PluginManage:310 - Check plugin ddr
2024-07-06 22:34:46,799 [INFO] PluginManage:359 - Loaded plugin ddr (category:tool,tabindex:6)
2024-07-06 22:34:46,799 [INFO] PluginManage:310 - Check plugin filemanager
2024-07-06 22:34:48,008 [INFO] PluginManage:359 - Loaded plugin filemanager (category:base,tabindex:10)
2024-07-06 22:34:48,009 [INFO] PluginManage:310 - Check plugin ipmanager
2024-07-06 22:34:48,030 [INFO] PluginManage:359 - Loaded plugin ipmanager (category:base,tabindex:5)
2024-07-06 22:34:48,031 [INFO] PluginManage:310 - Check plugin lpbam
2024-07-06 22:34:48,045 [INFO] PluginManage:359 - Loaded plugin lpbam (category:base,tabindex:0)
2024-07-06 22:34:48,046 [INFO] PluginManage:310 - Check plugin memorymap
2024-07-06 22:34:48,058 [INFO] PluginManage:359 - Loaded plugin memorymap (category:base,tabindex:4)
2024-07-06 22:34:48,059 [INFO] PluginManage:310 - Check plugin pinoutandconfiguration
2024-07-06 22:34:48,073 [INFO] PluginManage:359 - Loaded plugin pinoutandconfiguration (category:base,tabindex:1)
2024-07-06 22:34:48,073 [INFO] PluginManage:310 - Check plugin pinoutconfig
2024-07-06 22:34:48,444 [WARN] SupportedApi:132 - Cannot load RTOS API schema: s4s-elt-must-match.1: The content of 'definitions' must match (annotation?, (simpleType | complexType)?, (unique | key | keyref)*)). A problem was found starting at: attribute.
2024-07-06 22:34:48,788 [INFO] PluginManage:359 - Loaded plugin pinoutconfig (category:base,tabindex:0)
2024-07-06 22:34:48,788 [INFO] PluginManage:310 - Check plugin power
2024-07-06 22:34:48,819 [INFO] PluginManage:359 - Loaded plugin power (category:power,tabindex:4)
2024-07-06 22:34:48,820 [INFO] PluginManage:310 - Check plugin projectmanager
2024-07-06 22:34:48,862 [INFO] PluginManage:359 - Loaded plugin projectmanager (category:projectmanager,tabindex:3)
2024-07-06 22:34:48,863 [INFO] PluginManage:310 - Check plugin thirdparty
2024-07-06 22:34:49,590 [INFO] PluginManage:359 - Loaded plugin thirdparty (category:base,tabindex:-1)
2024-07-06 22:34:49,590 [INFO] PluginManage:310 - Check plugin tools
2024-07-06 22:34:49,590 [WARN] IntegrityCheckThread:84 - waiting for thirdparty lock release [integrity check]
2024-07-06 22:34:49,591 [INFO] IntegrityCheckThread:86 - entering critical section [integrity check]
2024-07-06 22:34:49,591 [INFO] ThirdPartyUpdaterWithRetryManager:70 - Updater plugin not ready yet. [1/15]
2024-07-06 22:34:49,596 [INFO] PluginManage:359 - Loaded plugin tools (category:base,tabindex:7)
2024-07-06 22:34:49,597 [INFO] PluginManage:310 - Check plugin tutovideos
2024-07-06 22:34:49,840 [INFO] PluginManage:359 - Loaded plugin tutovideos (category:base,tabindex:-1)
2024-07-06 22:34:49,840 [INFO] PluginManage:310 - Check plugin updater
2024-07-06 22:34:49,855 [INFO] PluginManage:359 - Loaded plugin updater (category:base,tabindex:12)
2024-07-06 22:34:49,855 [INFO] PluginManage:310 - Check plugin userauth
2024-07-06 22:34:49,862 [INFO] UserAuth:114 - Init User Auth plugin
2024-07-06 22:34:49,862 [INFO] PluginManage:359 - Loaded plugin userauth (category:base,tabindex:14)
2024-07-06 22:34:49,863 [INFO] PluginManage:283 - PluginManage : Loaded plugins [17]
2024-07-06 22:34:50,309 [INFO] PinOutPanel:1561 - setPackage(No Configuration,No Configuration)
2024-07-06 22:34:50,412 [INFO] CADModel:165 - CPN selected for project level
2024-07-06 22:34:50,412 [INFO] CADModel:114 - Register for checkConnection events
2024-07-06 22:34:50,432 [INFO] IPUIPlugin:80 - create IPUIPlugin
2024-07-06 22:34:50,432 [INFO] PluginManager:220 - loadIPPluginJar : add adc
2024-07-06 22:34:50,436 [INFO] IPUIPlugin:80 - create IPUIPlugin
2024-07-06 22:34:50,437 [INFO] PluginManager:220 - loadIPPluginJar : add aes
2024-07-06 22:34:50,439 [INFO] IPUIPlugin:80 - create IPUIPlugin
2024-07-06 22:34:50,440 [INFO] PluginManager:220 - loadIPPluginJar : add can
2024-07-06 22:34:50,442 [INFO] IPUIPlugin:80 - create IPUIPlugin
2024-07-06 22:34:50,442 [INFO] PluginManager:220 - loadIPPluginJar : add comp
2024-07-06 22:34:50,446 [INFO] IPUIPlugin:80 - create IPUIPlugin
2024-07-06 22:34:50,446 [INFO] PluginManager:220 - loadIPPluginJar : add cryp
2024-07-06 22:34:50,451 [INFO] IPUIPlugin:80 - create IPUIPlugin
2024-07-06 22:34:50,452 [INFO] PluginManager:220 - loadIPPluginJar : add dfsdm
2024-07-06 22:34:50,463 [INFO] IPUIPlugin:80 - create IPUIPlugin
2024-07-06 22:34:50,463 [INFO] PluginManager:220 - loadIPPluginJar : add dma
2024-07-06 22:34:50,470 [INFO] IPUIPlugin:80 - create IPUIPlugin
2024-07-06 22:34:50,470 [INFO] PluginManager:220 - loadIPPluginJar : add dma3
2024-07-06 22:34:50,473 [INFO] IPUIPlugin:80 - create IPUIPlugin
2024-07-06 22:34:50,474 [INFO] PluginManager:220 - loadIPPluginJar : add extmemmanager
2024-07-06 22:34:50,477 [INFO] IPUIPlugin:80 - create IPUIPlugin
2024-07-06 22:34:50,477 [INFO] PluginManager:220 - loadIPPluginJar : add fatfs
2024-07-06 22:34:50,487 [INFO] IPUIPlugin:80 - create IPUIPlugin
2024-07-06 22:34:50,487 [INFO] PluginManager:220 - loadIPPluginJar : add fmc
2024-07-06 22:34:50,495 [INFO] IPUIPlugin:80 - create IPUIPlugin
2024-07-06 22:34:50,495 [INFO] PluginManager:220 - loadIPPluginJar : add freertos
2024-07-06 22:34:50,496 [INFO] IPUIPlugin:80 - create IPUIPlugin
2024-07-06 22:34:50,496 [INFO] PluginManager:220 - loadIPPluginJar : add genericplugin
2024-07-06 22:34:50,501 [INFO] IPUIPlugin:80 - create IPUIPlugin
2024-07-06 22:34:50,501 [INFO] PluginManager:220 - loadIPPluginJar : add gfxmmu
2024-07-06 22:34:50,506 [INFO] IPUIPlugin:80 - create IPUIPlugin
2024-07-06 22:34:50,506 [INFO] PluginManager:220 - loadIPPluginJar : add gic
2024-07-06 22:34:50,511 [INFO] IPUIPlugin:80 - create IPUIPlugin
2024-07-06 22:34:50,512 [INFO] PluginManager:220 - loadIPPluginJar : add gpio
2024-07-06 22:34:50,516 [INFO] IPUIPlugin:80 - create IPUIPlugin
2024-07-06 22:34:50,517 [INFO] PluginManager:220 - loadIPPluginJar : add gtzc
2024-07-06 22:34:50,520 [INFO] IPUIPlugin:80 - create IPUIPlugin
2024-07-06 22:34:50,520 [INFO] PluginManager:220 - loadIPPluginJar : add hash
2024-07-06 22:34:50,524 [INFO] IPUIPlugin:80 - create IPUIPlugin
2024-07-06 22:34:50,524 [INFO] PluginManager:220 - loadIPPluginJar : add i2c
2024-07-06 22:34:50,527 [INFO] IPUIPlugin:80 - create IPUIPlugin
2024-07-06 22:34:50,527 [INFO] PluginManager:220 - loadIPPluginJar : add i2s
2024-07-06 22:34:50,532 [INFO] IPUIPlugin:80 - create IPUIPlugin
2024-07-06 22:34:50,533 [INFO] PluginManager:220 - loadIPPluginJar : add i3c
2024-07-06 22:34:50,538 [INFO] IPUIPlugin:80 - create IPUIPlugin
2024-07-06 22:34:50,538 [INFO] PluginManager:220 - loadIPPluginJar : add ipddr
2024-07-06 22:34:50,546 [INFO] IPUIPlugin:80 - create IPUIPlugin
2024-07-06 22:34:50,546 [INFO] PluginManager:220 - loadIPPluginJar : add linkedlist
2024-07-06 22:34:50,551 [INFO] IPUIPlugin:80 - create IPUIPlugin
2024-07-06 22:34:50,551 [INFO] PluginManager:220 - loadIPPluginJar : add lorawan
2024-07-06 22:34:50,554 [INFO] IPUIPlugin:80 - create IPUIPlugin
2024-07-06 22:34:50,555 [INFO] PluginManager:220 - loadIPPluginJar : add ltdc
2024-07-06 22:34:50,564 [INFO] IPUIPlugin:80 - create IPUIPlugin
2024-07-06 22:34:50,565 [INFO] PluginManager:220 - loadIPPluginJar : add mdma
2024-07-06 22:34:50,572 [INFO] IPUIPlugin:80 - create IPUIPlugin
2024-07-06 22:34:50,572 [INFO] PluginManager:220 - loadIPPluginJar : add nvic
2024-07-06 22:34:50,576 [INFO] IPUIPlugin:80 - create IPUIPlugin
2024-07-06 22:34:50,576 [INFO] PluginManager:220 - loadIPPluginJar : add opamp
2024-07-06 22:34:50,582 [INFO] IPUIPlugin:80 - create IPUIPlugin
2024-07-06 22:34:50,583 [INFO] PluginManager:220 - loadIPPluginJar : add openamp
2024-07-06 22:34:50,587 [INFO] IPUIPlugin:80 - create IPUIPlugin
2024-07-06 22:34:50,588 [INFO] PluginManager:220 - loadIPPluginJar : add pdm2pcm
2024-07-06 22:34:50,596 [INFO] IPUIPlugin:80 - create IPUIPlugin
2024-07-06 22:34:50,600 [INFO] PluginManager:220 - loadIPPluginJar : add plateformsettings
2024-07-06 22:34:50,602 [INFO] IPUIPlugin:80 - create IPUIPlugin
2024-07-06 22:34:50,602 [INFO] PluginManager:220 - loadIPPluginJar : add quadspi
2024-07-06 22:34:50,606 [INFO] IPUIPlugin:80 - create IPUIPlugin
2024-07-06 22:34:50,606 [INFO] PluginManager:220 - loadIPPluginJar : add resmgrutility
2024-07-06 22:34:50,610 [INFO] IPUIPlugin:80 - create IPUIPlugin
2024-07-06 22:34:50,610 [INFO] PluginManager:220 - loadIPPluginJar : add sai
2024-07-06 22:34:50,612 [INFO] IPUIPlugin:80 - create IPUIPlugin
2024-07-06 22:34:50,612 [INFO] PluginManager:220 - loadIPPluginJar : add spi
2024-07-06 22:34:50,620 [INFO] IPUIPlugin:80 - create IPUIPlugin
2024-07-06 22:34:50,620 [INFO] PluginManager:220 - loadIPPluginJar : add stm32_wpan
2024-07-06 22:34:50,622 [INFO] IPUIPlugin:80 - create IPUIPlugin
2024-07-06 22:34:50,622 [INFO] PluginManager:220 - loadIPPluginJar : add tim
2024-07-06 22:34:50,625 [INFO] IPUIPlugin:80 - create IPUIPlugin
2024-07-06 22:34:50,626 [INFO] PluginManager:220 - loadIPPluginJar : add touchsensing
2024-07-06 22:34:50,628 [INFO] IPUIPlugin:80 - create IPUIPlugin
2024-07-06 22:34:50,628 [INFO] PluginManager:220 - loadIPPluginJar : add tracer_emb
2024-07-06 22:34:50,631 [INFO] IPUIPlugin:80 - create IPUIPlugin
2024-07-06 22:34:50,631 [INFO] PluginManager:220 - loadIPPluginJar : add ts
2024-07-06 22:34:50,634 [INFO] IPUIPlugin:80 - create IPUIPlugin
2024-07-06 22:34:50,634 [INFO] PluginManager:220 - loadIPPluginJar : add tsc
2024-07-06 22:34:50,637 [INFO] IPUIPlugin:80 - create IPUIPlugin
2024-07-06 22:34:50,637 [INFO] PluginManager:220 - loadIPPluginJar : add ucpd
2024-07-06 22:34:50,641 [INFO] IPUIPlugin:80 - create IPUIPlugin
2024-07-06 22:34:50,641 [INFO] PluginManager:220 - loadIPPluginJar : add usart
2024-07-06 22:34:50,645 [INFO] IPUIPlugin:80 - create IPUIPlugin
2024-07-06 22:34:50,645 [INFO] PluginManager:220 - loadIPPluginJar : add usbx
2024-07-06 22:34:50,794 [INFO] CADModel:165 - CPN selected for project level
2024-07-06 22:34:50,794 [INFO] CADModel:114 - Register for checkConnection events
2024-07-06 22:34:50,794 [FATAL] Updater:308 - Updater called before beeing initialized
2024-07-06 22:34:50,795 [ERROR] CADModel:125 - Updater not yet initialized, retry later 
2024-07-06 22:34:50,958 [INFO] CADModel:165 - CPN selected for project level
2024-07-06 22:34:50,959 [INFO] CADModel:114 - Register for checkConnection events
2024-07-06 22:34:50,959 [FATAL] Updater:308 - Updater called before beeing initialized
2024-07-06 22:34:50,959 [ERROR] CADModel:125 - Updater not yet initialized, retry later 
2024-07-06 22:34:50,962 [FATAL] Updater:308 - Updater called before beeing initialized
2024-07-06 22:34:51,154 [FATAL] Updater:308 - Updater called before beeing initialized
2024-07-06 22:34:51,160 [INFO] DbMcusAds:53 - JSON generation date=Thu May 16 11:22:00 CEST 2024 (1715851320852)
2024-07-06 22:34:51,160 [FATAL] Updater:308 - Updater called before beeing initialized
2024-07-06 22:34:51,215 [WARN] DetailPanel:346 - Failed to get advertising image, set to default
2024-07-06 22:34:51,336 [FATAL] Updater:308 - Updater called before beeing initialized
2024-07-06 22:34:51,338 [FATAL] Updater:308 - Updater called before beeing initialized
2024-07-06 22:34:51,338 [FATAL] Updater:308 - Updater called before beeing initialized
2024-07-06 22:34:51,338 [WARN] DetailPanel:346 - Failed to get advertising image, set to default
2024-07-06 22:34:51,339 [FATAL] Updater:308 - Updater called before beeing initialized
2024-07-06 22:34:51,427 [ERROR] Updater:1120 - MainUpdater not yet initialized. External WinMGr cannot be set.
2024-07-06 22:34:51,441 [INFO] Updater:1056 - Updater Version found : 6.11.1
2024-07-06 22:34:51,460 [INFO] ApplicationProperties:184 - Using Application install path: C:\Program Files\STM32CubeIDE_1.15.1\STM32CubeIDE\plugins\com.st.stm32cube.common.mx_6.11.1.202404110753
2024-07-06 22:34:52,592 [INFO] ThirdPartyUpdaterWithRetryManager:70 - Updater plugin not ready yet. [2/15]
2024-07-06 22:34:53,038 [ERROR] LogOutputStream:75 - [STDERR_REDIRECT] Jul 06, 2024 10:34:53 PM java.util.prefs.WindowsPreferences <init>
2024-07-06 22:34:53,040 [ERROR] LogOutputStream:75 - [STDERR_REDIRECT] WARNING: Could not open/create prefs root node Software\JavaSoft\Prefs at root 0xffffffff80000002. Windows RegCreateKeyEx(...) returned error code 5.
2024-07-06 22:34:53,041 [ERROR] LogOutputStream:75 - [STDERR_REDIRECT] 
2024-07-06 22:34:53,469 [INFO] MainUpdater:2873 - connection check result : 10
2024-07-06 22:34:53,470 [INFO] MainUpdater:290 - Updater Check For Update Now.
2024-07-06 22:34:53,471 [INFO] MicroXplorer:498 - Change Database Version : DB.6.0.111
2024-07-06 22:34:53,522 [INFO] McuFinderGlobals:63 - Set McuFinder mode to 2 (CubeIDE integrated)
2024-07-06 22:34:53,522 [INFO] UserAuth:179 - activating auth plugin
2024-07-06 22:34:53,526 [INFO] UserAuth:415 - Internet connection configuration mode: 1
2024-07-06 22:34:53,580 [INFO] JxBrowserEngine:152 - Initiate JxBrowser Engine with user profile folder
2024-07-06 22:34:53,797 [INFO] CheckServerUpdateThread:120 - End of CheckServer Thread
2024-07-06 22:34:54,752 [INFO] WebApp:161 - Instantiating new browser for Auth
2024-07-06 22:34:57,781 [WARN] PackLoader:240 - Cannot read IP mode file for STMicroelectronics.FP-SNS-MOTENVWB1.1.4.0
2024-07-06 22:34:58,464 [WARN] PackLoader:240 - Cannot read IP mode file for STMicroelectronics.X-CUBE-SMBUS.2.1.0
2024-07-06 22:34:58,739 [WARN] PackLoader:240 - Cannot read IP mode file for STMicroelectronics.X-CUBE-TOUCHGFX.4.23.2
2024-07-06 22:34:59,235 [WARN] PackLoader:240 - Cannot read IP mode file for STMicroelectronics.X-CUBE-AZRTOS-F7.1.1.0
2024-07-06 22:34:59,427 [WARN] PackLoader:240 - Cannot read IP mode file for STMicroelectronics.FP-SNS-FLIGHT1.5.0.2
2024-07-06 22:34:59,600 [WARN] PackLoader:240 - Cannot read IP mode file for STMicroelectronics.X-CUBE-DISPLAY.3.0.0
2024-07-06 22:35:00,090 [WARN] PackLoader:240 - Cannot read IP mode file for STMicroelectronics.X-CUBE-BLE1.7.0.0
2024-07-06 22:35:00,442 [WARN] PackLoader:240 - Cannot read IP mode file for emotas.I-CUBE-CANOPEN.1.3.0
2024-07-06 22:35:00,562 [WARN] PackLoader:240 - Cannot read IP mode file for STMicroelectronics.X-CUBE-BLEMGR.3.1.0
2024-07-06 22:35:00,767 [WARN] PackLoader:240 - Cannot read IP mode file for STMicroelectronics.FP-SNS-SMARTAG2.1.2.0
2024-07-06 22:35:00,978 [INFO] LogOutputStream:77 - [STDOUT_REDIRECT] 1 : Invalid condition id : UX_CORESTACK_Condition cause : null
2024-07-06 22:35:00,979 [INFO] LogOutputStream:77 - [STDOUT_REDIRECT] 1 : Invalid condition id : UX_CORESTACK_Condition cause : null
2024-07-06 22:35:00,981 [INFO] LogOutputStream:77 - [STDOUT_REDIRECT] 1 : Invalid condition id : UX_CORESTACK_Condition cause : null
2024-07-06 22:35:00,983 [INFO] LogOutputStream:77 - [STDOUT_REDIRECT] 1 : Invalid condition id : UX_CORESTACK_Condition cause : null
2024-07-06 22:35:00,985 [INFO] LogOutputStream:77 - [STDOUT_REDIRECT] 1 : Invalid condition id : UX_CORESTACK_Condition cause : null
2024-07-06 22:35:00,992 [WARN] PackLoader:240 - Cannot read IP mode file for STMicroelectronics.X-CUBE-AZRTOS-WL.2.0.0
2024-07-06 22:35:01,084 [WARN] PackLoader:240 - Cannot read IP mode file for STMicroelectronics.FP-SNS-MOTENV1.5.0.0
2024-07-06 22:35:01,210 [WARN] PackLoader:240 - Cannot read IP mode file for wolfSSL.I-CUBE-wolfMQTT.1.19.0
2024-07-06 22:35:01,391 [WARN] PackLoader:240 - Cannot read IP mode file for WES.I-CUBE-Cesium.1.3.0
2024-07-06 22:35:01,583 [WARN] PackLoader:240 - Cannot read IP mode file for STMicroelectronics.X-CUBE-BLE2.3.3.0
2024-07-06 22:35:01,707 [WARN] PackLoader:240 - Cannot read IP mode file for STMicroelectronics.X-CUBE-TCPP.4.1.0
2024-07-06 22:35:01,903 [WARN] PackLoader:240 - Cannot read IP mode file for STMicroelectronics.X-CUBE-AZRTOS-G0.1.1.0
2024-07-06 22:35:02,016 [WARN] PackLoader:240 - Cannot read IP mode file for STMicroelectronics.X-CUBE-SAFEA1.1.2.2
2024-07-06 22:35:02,092 [WARN] PackLoader:240 - Cannot read IP mode file for STMicroelectronics.X-CUBE-NFC4.3.0.0
2024-07-06 22:35:02,274 [WARN] PackLoader:240 - Cannot read IP mode file for EmbeddedOffice.I-CUBE-FS-RTOS.1.0.1
2024-07-06 22:35:02,275 [ERROR] ConditionMgr:805 - Attr not supported : Dmpu
2024-07-06 22:35:02,275 [ERROR] ConditionMgr:805 - Attr not supported : Dmpu
2024-07-06 22:35:02,275 [ERROR] ConditionMgr:805 - Attr not supported : Dmpu
2024-07-06 22:35:02,275 [ERROR] ConditionMgr:805 - Attr not supported : Dmpu
2024-07-06 22:35:02,275 [ERROR] ConditionMgr:805 - Attr not supported : Dmpu
2024-07-06 22:35:02,275 [ERROR] ConditionMgr:805 - Attr not supported : Dmpu
2024-07-06 22:35:02,275 [ERROR] ConditionMgr:805 - Attr not supported : Dmpu
2024-07-06 22:35:02,275 [ERROR] ConditionMgr:805 - Attr not supported : Dmpu
2024-07-06 22:35:02,275 [ERROR] ConditionMgr:805 - Attr not supported : Dmpu
2024-07-06 22:35:02,275 [ERROR] ConditionMgr:805 - Attr not supported : Dmpu
2024-07-06 22:35:02,275 [ERROR] ConditionMgr:805 - Attr not supported : Dmpu
2024-07-06 22:35:02,275 [ERROR] ConditionMgr:805 - Attr not supported : Dmpu
2024-07-06 22:35:02,276 [ERROR] ConditionMgr:805 - Attr not supported : Dmpu
2024-07-06 22:35:02,276 [ERROR] ConditionMgr:805 - Attr not supported : Dmpu
2024-07-06 22:35:02,276 [ERROR] ConditionMgr:805 - Attr not supported : Dmpu
2024-07-06 22:35:02,276 [ERROR] ConditionMgr:805 - Attr not supported : Dmpu
2024-07-06 22:35:02,276 [ERROR] ConditionMgr:805 - Attr not supported : Dmpu
2024-07-06 22:35:02,276 [ERROR] ConditionMgr:805 - Attr not supported : Dmpu
2024-07-06 22:35:02,276 [ERROR] ConditionMgr:805 - Attr not supported : Dmpu
2024-07-06 22:35:02,276 [ERROR] ConditionMgr:805 - Attr not supported : Dmpu
2024-07-06 22:35:02,276 [ERROR] ConditionMgr:805 - Attr not supported : Dmpu
2024-07-06 22:35:02,276 [ERROR] ConditionMgr:805 - Attr not supported : Dmpu
2024-07-06 22:35:02,276 [ERROR] ConditionMgr:805 - Attr not supported : Dmpu
2024-07-06 22:35:02,276 [ERROR] ConditionMgr:805 - Attr not supported : Dmpu
2024-07-06 22:35:02,276 [ERROR] ConditionMgr:805 - Attr not supported : Dmpu
2024-07-06 22:35:02,276 [ERROR] ConditionMgr:805 - Attr not supported : Dmpu
2024-07-06 22:35:02,277 [ERROR] ConditionMgr:805 - Attr not supported : Dmpu
2024-07-06 22:35:02,277 [ERROR] ConditionMgr:805 - Attr not supported : Dmpu
2024-07-06 22:35:02,277 [ERROR] ConditionMgr:805 - Attr not supported : Dmpu
2024-07-06 22:35:02,277 [ERROR] ConditionMgr:805 - Attr not supported : Dmpu
2024-07-06 22:35:02,277 [ERROR] ConditionMgr:805 - Attr not supported : Dmpu
2024-07-06 22:35:02,277 [ERROR] ConditionMgr:805 - Attr not supported : Dmpu
2024-07-06 22:35:02,277 [ERROR] ConditionMgr:805 - Attr not supported : Dmpu
2024-07-06 22:35:02,277 [ERROR] ConditionMgr:805 - Attr not supported : Dmpu
2024-07-06 22:35:02,277 [ERROR] ConditionMgr:805 - Attr not supported : Dmpu
2024-07-06 22:35:02,277 [ERROR] ConditionMgr:805 - Attr not supported : Dmpu
2024-07-06 22:35:02,277 [ERROR] ConditionMgr:805 - Attr not supported : Dmpu
2024-07-06 22:35:02,277 [ERROR] ConditionMgr:805 - Attr not supported : Dmpu
2024-07-06 22:35:02,277 [ERROR] ConditionMgr:805 - Attr not supported : Dmpu
2024-07-06 22:35:02,278 [ERROR] ConditionMgr:805 - Attr not supported : Dmpu
2024-07-06 22:35:02,278 [ERROR] ConditionMgr:805 - Attr not supported : Dmpu
2024-07-06 22:35:02,278 [ERROR] ConditionMgr:805 - Attr not supported : Dmpu
2024-07-06 22:35:02,278 [ERROR] ConditionMgr:805 - Attr not supported : Dmpu
2024-07-06 22:35:02,278 [ERROR] ConditionMgr:805 - Attr not supported : Dmpu
2024-07-06 22:35:02,278 [ERROR] ConditionMgr:805 - Attr not supported : Dmpu
2024-07-06 22:35:02,278 [ERROR] ConditionMgr:805 - Attr not supported : Dmpu
2024-07-06 22:35:02,278 [ERROR] ConditionMgr:805 - Attr not supported : Dmpu
2024-07-06 22:35:02,278 [ERROR] ConditionMgr:805 - Attr not supported : Dmpu
2024-07-06 22:35:02,278 [ERROR] ConditionMgr:805 - Attr not supported : Dmpu
2024-07-06 22:35:02,278 [ERROR] ConditionMgr:805 - Attr not supported : Dmpu
2024-07-06 22:35:02,279 [ERROR] ConditionMgr:805 - Attr not supported : Dmpu
2024-07-06 22:35:02,279 [ERROR] ConditionMgr:805 - Attr not supported : Dmpu
2024-07-06 22:35:02,279 [ERROR] ConditionMgr:805 - Attr not supported : Dmpu
2024-07-06 22:35:02,279 [ERROR] ConditionMgr:805 - Attr not supported : Dmpu
2024-07-06 22:35:02,279 [ERROR] ConditionMgr:805 - Attr not supported : Dmpu
2024-07-06 22:35:02,279 [ERROR] ConditionMgr:805 - Attr not supported : Dmpu
2024-07-06 22:35:02,279 [ERROR] ConditionMgr:805 - Attr not supported : Dmpu
2024-07-06 22:35:02,279 [ERROR] ConditionMgr:805 - Attr not supported : Dmpu
2024-07-06 22:35:02,279 [ERROR] ConditionMgr:805 - Attr not supported : Dmpu
2024-07-06 22:35:02,279 [ERROR] ConditionMgr:805 - Attr not supported : Dmpu
2024-07-06 22:35:02,279 [ERROR] ConditionMgr:805 - Attr not supported : Dmpu
2024-07-06 22:35:02,279 [ERROR] ConditionMgr:805 - Attr not supported : Dmpu
2024-07-06 22:35:02,279 [ERROR] ConditionMgr:805 - Attr not supported : Dmpu
2024-07-06 22:35:02,280 [ERROR] ConditionMgr:805 - Attr not supported : Dmpu
2024-07-06 22:35:02,423 [WARN] PackLoader:240 - Cannot read IP mode file for RealThread.X-CUBE-RT-Thread_Nano.4.1.1
2024-07-06 22:35:02,489 [WARN] PackLoader:240 - Cannot read IP mode file for wolfSSL.I-CUBE-wolfSSL.5.7.0
2024-07-06 22:35:02,607 [WARN] PackLoader:240 - Cannot read IP mode file for STMicroelectronics.FP-ATR-SIGFOX1.3.2.0
2024-07-06 22:35:02,689 [WARN] PackLoader:240 - Cannot read IP mode file for STMicroelectronics.X-CUBE-EEPRMA1.5.1.0
2024-07-06 22:35:02,745 [INFO] WebApp:779 - Register for checkConnection events
2024-07-06 22:35:02,745 [INFO] WebApp:414 - Apply proxy settings
2024-07-06 22:35:02,746 [INFO] WebApp:499 - Chromium requires no authentication
2024-07-06 22:35:02,809 [WARN] PackLoader:240 - Cannot read IP mode file for ITTIA_DB.I-CUBE-ITTIADB.8.9.0
2024-07-06 22:35:02,992 [WARN] PackLoader:240 - Cannot read IP mode file for SEGGER.I-CUBE-embOS.1.3.1
2024-07-06 22:35:03,026 [INFO] WebApp:442 - Direct internet connection detected
2024-07-06 22:35:03,188 [WARN] PackLoader:240 - Cannot read IP mode file for STMicroelectronics.X-CUBE-ALGOBUILD.1.4.0
2024-07-06 22:35:03,317 [WARN] PackLoader:240 - Cannot read IP mode file for STMicroelectronics.X-CUBE-GNSS1.6.0.0
2024-07-06 22:35:03,458 [WARN] PackLoader:240 - Cannot read IP mode file for STMicroelectronics.X-CUBE-AZRTOS-F4.1.1.0
2024-07-06 22:35:03,510 [WARN] PackLoader:240 - Cannot read IP mode file for STMicroelectronics.X-CUBE-FREERTOS.1.2.0
2024-07-06 22:35:03,575 [WARN] PackLoader:240 - Cannot read IP mode file for STMicroelectronics.X-CUBE-AZRTOS-L5.2.0.0
2024-07-06 22:35:03,706 [WARN] PackLoader:240 - Cannot read IP mode file for STMicroelectronics.X-CUBE-NFC6.3.1.0
2024-07-06 22:35:03,751 [WARN] PackLoader:240 - Cannot read IP mode file for STMicroelectronics.X-CUBE-DPower.1.2.0
2024-07-06 22:35:03,791 [WARN] PackLoader:240 - Cannot read IP mode file for STMicroelectronics.X-CUBE-AI.9.0.0
2024-07-06 22:35:03,812 [WARN] PackLoader:240 - Cannot read IP mode file for STMicroelectronics.X-CUBE-NFC7.1.0.1
2024-07-06 22:35:03,842 [WARN] PackLoader:240 - Cannot read IP mode file for wolfSSL.I-CUBE-wolfTPM.3.2.0
2024-07-06 22:35:03,886 [WARN] ConditionMgr:438 - getConditionDescription Invalid condition id : LAN8742 Phy interface Condition cause : null
2024-07-06 22:35:03,888 [WARN] PackLoader:240 - Cannot read IP mode file for STMicroelectronics.X-CUBE-AZRTOS-L4.2.0.0
2024-07-06 22:35:03,890 [WARN] ConditionMgr:1039 - genDependencies : Invalid condition id : LAN8742 Phy interface Condition cause : null
2024-07-06 22:35:03,891 [WARN] ConditionMgr:1039 - genDependencies : Invalid condition id : LAN8742 Phy interface Condition cause : null
2024-07-06 22:35:03,891 [WARN] ConditionMgr:1039 - genDependencies : Invalid condition id : LAN8742 Phy interface Condition cause : null
2024-07-06 22:35:03,939 [WARN] PackLoader:240 - Cannot read IP mode file for STMicroelectronics.X-CUBE-SFXS2LP1.4.0.0
2024-07-06 22:35:03,972 [WARN] ConditionMgr:438 - getConditionDescription Invalid condition id : UX DEVICE CLASS RTOS Condition cause : null
2024-07-06 22:35:03,973 [WARN] ConditionMgr:438 - getConditionDescription Invalid condition id : UX DEVICE CLASS RTOS Condition cause : null
2024-07-06 22:35:03,977 [WARN] PackLoader:240 - Cannot read IP mode file for STMicroelectronics.X-CUBE-AZRTOS-WB.2.0.0
2024-07-06 22:35:03,979 [WARN] ConditionMgr:1039 - genDependencies : Invalid condition id : UX DEVICE CLASS RTOS Condition cause : null
2024-07-06 22:35:03,979 [WARN] ConditionMgr:1039 - genDependencies : Invalid condition id : UX DEVICE CLASS RTOS Condition cause : null
2024-07-06 22:35:03,980 [WARN] ConditionMgr:1039 - genDependencies : Invalid condition id : UX DEVICE CLASS RTOS Condition cause : null
2024-07-06 22:35:03,981 [WARN] ConditionMgr:1039 - genDependencies : Invalid condition id : UX DEVICE CLASS RTOS Condition cause : null
2024-07-06 22:35:03,981 [WARN] ConditionMgr:1039 - genDependencies : Invalid condition id : UX DEVICE CLASS RTOS Condition cause : null
2024-07-06 22:35:04,026 [WARN] PackLoader:240 - Cannot read IP mode file for STMicroelectronics.X-CUBE-SUBG2.5.0.0
2024-07-06 22:35:04,060 [WARN] PackLoader:240 - Cannot read IP mode file for Cesanta.I-CUBE-Mongoose.7.13.0
2024-07-06 22:35:04,101 [WARN] PackLoader:240 - Cannot read IP mode file for STMicroelectronics.X-CUBE-AZRTOS-G4.2.0.0
2024-07-06 22:35:04,127 [WARN] PackLoader:240 - Cannot read IP mode file for STMicroelectronics.X-CUBE-ISPU.2.0.0
2024-07-06 22:35:04,161 [WARN] PackLoader:240 - Cannot read IP mode file for STMicroelectronics.X-CUBE-ALS.1.0.2
2024-07-06 22:35:04,250 [WARN] PackLoader:240 - Cannot read IP mode file for STMicroelectronics.X-CUBE-MEMS1.10.0.0
2024-07-06 22:35:04,459 [WARN] PackLoader:240 - Cannot read IP mode file for STMicroelectronics.X-CUBE-TOUCHGFX.4.24.0
2024-07-06 22:35:04,502 [WARN] PackLoader:240 - Cannot read IP mode file for portGmbH.I-Cube-SoM-uGOAL.1.1.0
2024-07-06 22:35:04,556 [WARN] PackLoader:240 - Cannot read IP mode file for STMicroelectronics.X-CUBE-AZRTOS-H7RS.1.0.0
2024-07-06 22:35:04,560 [INFO] WebApp:192 - Starting web application
2024-07-06 22:35:04,560 [INFO] WebApp:544 - Web application path used C:\Program Files\STM32CubeIDE_1.15.1\STM32CubeIDE\plugins\com.st.stm32cube.common.mx_6.11.1.202404110753\db\plugins\mcufinder\reactClient1\index.html
2024-07-06 22:35:04,578 [WARN] PackLoader:240 - Cannot read IP mode file for STMicroelectronics.FP-ATR-ASTRA1.2.0.0
2024-07-06 22:35:04,623 [WARN] PackLoader:240 - Cannot read IP mode file for STMicroelectronics.X-CUBE-TOF1.3.4.1
2024-07-06 22:35:04,914 [WARN] PackLoader:240 - Cannot read IP mode file for STMicroelectronics.X-CUBE-AZRTOS-H7.3.2.0
2024-07-06 22:35:05,166 [WARN] PackLoader:240 - Cannot read IP mode file for Infineon.AIROC-Wi-Fi-Bluetooth-STM32.1.6.0
2024-07-06 22:35:05,172 [INFO] ThirdParty:978 - Integrity check success = true
2024-07-06 22:35:05,172 [INFO] IntegrityCheckThread:100 - exiting critical section [integrity check]
2024-07-06 22:35:05,172 [INFO] IntegrityCheckThread:103 - End integrity checks thread
2024-07-06 22:39:03,868 [ERROR] LogOutputStream:75 - [STDERR_REDIRECT] 
