00:06:50 **** Build of configuration Default for project STM32-Computer-Firmware_CA7_u-boot-2022.10.r2 ****
make -f ../Makefile.sdk.ide fip 
#
# configuration written to .config
#
make[2]: Leaving directory '/home/lubuntu/Dokument/GitHub/STM32-Computer/Firmware/STM32-Computer-Firmware/CA7/u-boot-2022.10.r2/build/stm32mp15_defconfig'
make[1]: Leaving directory '/home/lubuntu/Dokument/GitHub/STM32-Computer/Firmware/STM32-Computer-Firmware/CA7/u-boot-2022.10.r2/u-boot-stm32mp-v2022.10-stm32mp-r2'
make[1]: Entering directory '/home/lubuntu/Dokument/GitHub/STM32-Computer/Firmware/STM32-Computer-Firmware/CA7/u-boot-2022.10.r2/u-boot-stm32mp-v2022.10-stm32mp-r2'
Wrapper for /opt/st/stm32cubeide_1.16.0/plugins/com.st.stm32cube.ide.mpu.linux.toolchain_2.1.0.202305092038/tools/bin/make
FIP_DEPLOYDIR_ROOT: /home/lubuntu/Dokument/GitHub/STM32-Computer/Firmware/STM32-Computer-Firmware/CA7/u-boot-2022.10.r2/u-boot-stm32mp-v2022.10-stm32mp-r2/../../FIP_artifacts
+ case "$command" in
+ exec make -f ../Makefile.sdk.ide fip
make[2]: Entering directory '/home/lubuntu/Dokument/GitHub/STM32-Computer/Firmware/STM32-Computer-Firmware/CA7/u-boot-2022.10.r2/build/stm32mp15_defconfig'
make -C /home/lubuntu/Dokument/GitHub/STM32-Computer/Firmware/STM32-Computer-Firmware/CA7/u-boot-2022.10.r2/u-boot-stm32mp-v2022.10-stm32mp-r2 O=/home/lubuntu/Dokument/GitHub/STM32-Computer/Firmware/STM32-Computer-Firmware/CA7/u-boot-2022.10.r2/u-boot-stm32mp-v2022.10-stm32mp-r2/../build/stm32mp15_defconfig stm32mp15_defconfig || exit 1
make[1]: Entering directory '/home/lubuntu/Dokument/GitHub/STM32-Computer/Firmware/STM32-Computer-Firmware/CA7/u-boot-2022.10.r2/u-boot-stm32mp-v2022.10-stm32mp-r2'
make[2]: Entering directory '/home/lubuntu/Dokument/GitHub/STM32-Computer/Firmware/STM32-Computer-Firmware/CA7/u-boot-2022.10.r2/build/stm32mp15_defconfig'
  GEN     Makefile
#
# configuration written to .config
#
make[2]: Leaving directory '/home/lubuntu/Dokument/GitHub/STM32-Computer/Firmware/STM32-Computer-Firmware/CA7/u-boot-2022.10.r2/build/stm32mp15_defconfig'
make[1]: Leaving directory '/home/lubuntu/Dokument/GitHub/STM32-Computer/Firmware/STM32-Computer-Firmware/CA7/u-boot-2022.10.r2/u-boot-stm32mp-v2022.10-stm32mp-r2'
make[1]: Entering directory '/home/lubuntu/Dokument/GitHub/STM32-Computer/Firmware/STM32-Computer-Firmware/CA7/u-boot-2022.10.r2/u-boot-stm32mp-v2022.10-stm32mp-r2'
make[2]: Entering directory '/home/lubuntu/Dokument/GitHub/STM32-Computer/Firmware/STM32-Computer-Firmware/CA7/u-boot-2022.10.r2/build/stm32mp15_defconfig'
  GEN     Makefile
scripts/kconfig/conf  --syncconfig Kconfig
  CFGCHK  u-boot.cfg
  CFG     u-boot.cfg
  OFCHK   .config
  Using /home/lubuntu/Dokument/GitHub/STM32-Computer/Firmware/STM32-Computer-Firmware/CA7/u-boot-2022.10.r2/u-boot-stm32mp-v2022.10-stm32mp-r2 as source for U-Boot
  GEN     Makefile
  GEN     include/autoconf.mk
  UPD     include/generated/timestamp_autogenerated.h
  UPD     include/generated/dt.h
  ENVC    include/generated/env.txt
  ENVP    include/generated/env.in
  ENVT    include/generated/environment.h
  CC      lib/asm-offsets.s
  GEN     include/autoconf.mk.dep
  CC      arch/arm/lib/asm-offsets.s
  CC      boot/bootm.o
  CFGCHK  u-boot.cfg
  OFCHK   .config
  Using /home/lubuntu/Dokument/GitHub/STM32-Computer/Firmware/STM32-Computer-Firmware/CA7/u-boot-2022.10.r2/u-boot-stm32mp-v2022.10-stm32mp-r2 as source for U-Boot
  GEN     Makefile
  CC      boot/bootm_os.o
  UPD     include/generated/timestamp_autogenerated.h
  UPD     include/generated/dt.h
  ENVC    include/generated/env.txt
  ENVP    include/generated/env.in
  ENVT    include/generated/environment.h
  CC      lib/asm-offsets.s
  CC      arch/arm/lib/asm-offsets.s
  CC      boot/pxe_utils.o
  CC      boot/image.o
  CC      boot/bootm.o
  CC      boot/image-board.o
  CC      boot/bootm_os.o
  CC      boot/pxe_utils.o
  CC      boot/image-android.o
  CC      boot/image-android-dt.o
  CC      boot/bootdev-uclass.o
  AR      boot/built-in.o
  CC      cmd/version.o
  CC      boot/bootflow.o
  AR      cmd/built-in.o
  CC      boot/bootmeth-uclass.o
  CC      boot/bootstd-uclass.o
  CC      boot/bootmeth_distro.o
  CC      boot/bootmeth_pxe.o
  CC      boot/bootmeth_efi.o
  CC      boot/image-fdt.o
  CC      boot/fdt_region.o
  CC      boot/image-fit.o
  CC      env/common.o
  AR      env/built-in.o
  CC      boot/image-sig.o
  CC      boot/image-fit-sig.o
  CC      lib/efi_loader/dtbdump.o
  CC      boot/vbe.o
  LD      lib/efi_loader/dtbdump_efi.so
  OBJCOPY lib/efi_loader/dtbdump.efi
  CC      lib/efi_loader/initrddump.o
  CC      boot/vbe_simple.o
  LD      lib/efi_loader/initrddump_efi.so
  OBJCOPY lib/efi_loader/initrddump.efi
  AR      boot/built-in.o
  CC      lib/efi_selftest/efi_selftest_miniapp_exception.o
  CC      cmd/boot.o
  LD      lib/efi_selftest/efi_selftest_miniapp_exception_efi.so
  OBJCOPY lib/efi_selftest/efi_selftest_miniapp_exception.efi
lib/efi_selftest/../../tools/file2include lib/efi_selftest/efi_selftest_miniapp_exception.efi > \
lib/efi_selftest/efi_miniapp_file_image_exception.h
  CC      lib/efi_selftest/efi_selftest_exception.o
  CC      cmd/bootm.o
  CC      lib/efi_selftest/efi_selftest_miniapp_exit.o
  LD      lib/efi_selftest/efi_selftest_miniapp_exit_efi.so
  OBJCOPY lib/efi_selftest/efi_selftest_miniapp_exit.efi
lib/efi_selftest/../../tools/file2include lib/efi_selftest/efi_selftest_miniapp_exit.efi > \
lib/efi_selftest/efi_miniapp_file_image_exit.h
  CC      lib/efi_selftest/efi_selftest_load_file.o
  CC      cmd/help.o
  CC      cmd/panic.o
  CC      lib/efi_selftest/efi_selftest_loadimage.o
  CC      cmd/version.o
  CC      cmd/adc.o
  CC      lib/efi_selftest/efi_selftest_startimage_exit.o
  CC      cmd/blk_common.o
  CC      lib/efi_selftest/efi_selftest_miniapp_return.o
  LD      lib/efi_selftest/efi_selftest_miniapp_return_efi.so
  OBJCOPY lib/efi_selftest/efi_selftest_miniapp_return.efi
lib/efi_selftest/../../tools/file2include lib/efi_selftest/efi_selftest_miniapp_return.efi > \
lib/efi_selftest/efi_miniapp_file_image_return.h
  CC      lib/efi_selftest/efi_selftest_startimage_return.o
  CC      cmd/bootflow.o
  CC      cmd/source.o
  AR      lib/efi_selftest/built-in.o
  CC      cmd/bdinfo.o
  AR      lib/built-in.o
  CC      cmd/blkcache.o
  CC      cmd/bmp.o
  LD      u-boot
  CC      cmd/bootefi.o
  CC      cmd/bootstage.o
  CC      cmd/bootz.o
  CC      cmd/cache.o
  CC      cmd/clk.o
  CC      cmd/cls.o
  CC      cmd/console.o
  CC      cmd/date.o
  CC      cmd/dm.o
  OBJCOPY u-boot.srec
  OBJCOPY u-boot-nodtb.bin
  CC      cmd/adtimg.o
  CC      cmd/echo.o
  SHIPPED dts/dt.dtb
  CAT     u-boot-dtb.bin
  COPY    u-boot.bin
  SYM     u-boot.sym
  CC      cmd/efidebug.o
  COPY    u-boot.dtb
  BINMAN  all
  CC      cmd/elf.o
  CC      cmd/exit.o
  CC      cmd/ext4.o
  CC      cmd/ext2.o
make[2]: Leaving directory '/home/lubuntu/Dokument/GitHub/STM32-Computer/Firmware/STM32-Computer-Firmware/CA7/u-boot-2022.10.r2/build/stm32mp15_defconfig'
make[1]: Leaving directory '/home/lubuntu/Dokument/GitHub/STM32-Computer/Firmware/STM32-Computer-Firmware/CA7/u-boot-2022.10.r2/u-boot-stm32mp-v2022.10-stm32mp-r2'
for fipconfig in optee-emmc ; do \
	FIP_DEPLOYDIR_UBOOT=/home/lubuntu/Dokument/GitHub/STM32-Computer/Firmware/STM32-Computer-Firmware/CA7/u-boot-2022.10.r2/u-boot-stm32mp-v2022.10-stm32mp-r2/../../FIP_artifacts/u-boot FIP_CONFIG="$fipconfig" FIP_DEVICETREE="stm32mp151a-stm32-computer-firmware-mx" /home/lubuntu/Dokument/GitHub/STM32-Computer/Firmware/STM32-Computer-Firmware/CA7/u-boot-2022.10.r2/u-boot-stm32mp-v2022.10-stm32mp-r2/../fiptool-stm32mp || exit 1; \
done
  CC      cmd/fat.o

fiptool-stm32mp config:
  optee-emmc:
    bl32 config value: optee
    devicetree config: stm32mp151a-stm32-computer-firmware-mx
    u-boot config    : default
    device config    : 

Switch configuration:
  FIP_BL31_ENABLE : 0

Output folders:
  FIP_DEPLOYDIR_ROOT  : /home/lubuntu/Dokument/GitHub/STM32-Computer/Firmware/STM32-Computer-Firmware/CA7/u-boot-2022.10.r2/u-boot-stm32mp-v2022.10-stm32mp-r2/../../FIP_artifacts
  FIP_DEPLOYDIR_FIP   : /home/lubuntu/Dokument/GitHub/STM32-Computer/Firmware/STM32-Computer-Firmware/CA7/u-boot-2022.10.r2/u-boot-stm32mp-v2022.10-stm32mp-r2/../../FIP_artifacts/fip
  FIP_DEPLOYDIR_TFA   : /home/lubuntu/Dokument/GitHub/STM32-Computer/Firmware/STM32-Computer-Firmware/CA7/u-boot-2022.10.r2/u-boot-stm32mp-v2022.10-stm32mp-r2/../../FIP_artifacts/arm-trusted-firmware/bl32
  FIP_DEPLOYDIR_BL31  : /home/lubuntu/Dokument/GitHub/STM32-Computer/Firmware/STM32-Computer-Firmware/CA7/u-boot-2022.10.r2/u-boot-stm32mp-v2022.10-stm32mp-r2/../../FIP_artifacts/arm-trusted-firmware/bl31
  FIP_DEPLOYDIR_FWCONF: /home/lubuntu/Dokument/GitHub/STM32-Computer/Firmware/STM32-Computer-Firmware/CA7/u-boot-2022.10.r2/u-boot-stm32mp-v2022.10-stm32mp-r2/../../FIP_artifacts/arm-trusted-firmware/fwconfig
  FIP_DEPLOYDIR_FWDDR : /home/lubuntu/Dokument/GitHub/STM32-Computer/Firmware/STM32-Computer-Firmware/CA7/u-boot-2022.10.r2/u-boot-stm32mp-v2022.10-stm32mp-r2/../../FIP_artifacts/arm-trusted-firmware/ddr
  FIP_DEPLOYDIR_OPTEE : /home/lubuntu/Dokument/GitHub/STM32-Computer/Firmware/STM32-Computer-Firmware/CA7/u-boot-2022.10.r2/u-boot-stm32mp-v2022.10-stm32mp-r2/../../FIP_artifacts/optee
  FIP_DEPLOYDIR_UBOOT : /home/lubuntu/Dokument/GitHub/STM32-Computer/Firmware/STM32-Computer-Firmware/CA7/u-boot-2022.10.r2/u-boot-stm32mp-v2022.10-stm32mp-r2/../../FIP_artifacts/u-boot

create_st_fip_binary.sh                                                                    --search-secondary-config default                 --search-configuration optee-emmc                 --search-devicetree stm32mp151a-stm32-computer-firmware-mx                 --search-soc-name stm32mp15                 --output /home/lubuntu/Dokument/GitHub/STM32-Computer/Firmware/STM32-Computer-Firmware/CA7/u-boot-2022.10.r2/u-boot-stm32mp-v2022.10-stm32mp-r2/../../FIP_artifacts/fip
------------------------------------
File found:
 arm-trusted-firmware
       FW_config : /home/lubuntu/Dokument/GitHub/STM32-Computer/Firmware/STM32-Computer-Firmware/CA7/u-boot-2022.10.r2/u-boot-stm32mp-v2022.10-stm32mp-r2/../../FIP_artifacts/arm-trusted-firmware/fwconfig/stm32mp151a-stm32-computer-firmware-mx-fw-config-optee-emmc.dtb
 optee-os
    Optee_header : /home/lubuntu/Dokument/GitHub/STM32-Computer/Firmware/STM32-Computer-Firmware/CA7/u-boot-2022.10.r2/u-boot-stm32mp-v2022.10-stm32mp-r2/../../FIP_artifacts/optee/tee-header_v2-stm32mp151a-stm32-computer-firmware-mx.bin
     Optee_pager : /home/lubuntu/Dokument/GitHub/STM32-Computer/Firmware/STM32-Computer-Firmware/CA7/u-boot-2022.10.r2/u-boot-stm32mp-v2022.10-stm32mp-r2/../../FIP_artifacts/optee/tee-pager_v2-stm32mp151a-stm32-computer-firmware-mx.bin
  Optee_pageable : /home/lubuntu/Dokument/GitHub/STM32-Computer/Firmware/STM32-Computer-Firmware/CA7/u-boot-2022.10.r2/u-boot-stm32mp-v2022.10-stm32mp-r2/../../FIP_artifacts/optee/tee-pageable_v2-stm32mp151a-stm32-computer-firmware-mx.bin
 U-Boot  
       U-BOOT_FW : /home/lubuntu/Dokument/GitHub/STM32-Computer/Firmware/STM32-Computer-Firmware/CA7/u-boot-2022.10.r2/u-boot-stm32mp-v2022.10-stm32mp-r2/../../FIP_artifacts/u-boot/u-boot-nodtb-stm32mp15-default.bin
      U-BOOT_dtb : /home/lubuntu/Dokument/GitHub/STM32-Computer/Firmware/STM32-Computer-Firmware/CA7/u-boot-2022.10.r2/u-boot-stm32mp-v2022.10-stm32mp-r2/../../FIP_artifacts/u-boot/u-boot-stm32mp151a-stm32-computer-firmware-mx.dtb
------------------------------------
------------------------------------
Fip tool command:
CMD> fiptool create   \ 
	--fw-config /home/lubuntu/Dokument/GitHub/STM32-Computer/Firmware/STM32-Computer-Firmware/CA7/u-boot-2022.10.r2/u-boot-stm32mp-v2022.10-stm32mp-r2/../../FIP_artifacts/arm-trusted-firmware/fwconfig/stm32mp151a-stm32-computer-firmware-mx-fw-config-optee-emmc.dtb \ 
	--tos-fw /home/lubuntu/Dokument/GitHub/STM32-Computer/Firmware/STM32-Computer-Firmware/CA7/u-boot-2022.10.r2/u-boot-stm32mp-v2022.10-stm32mp-r2/../../FIP_artifacts/optee/tee-header_v2-stm32mp151a-stm32-computer-firmware-mx.bin \ 
	--tos-fw-extra1 /home/lubuntu/Dokument/GitHub/STM32-Computer/Firmware/STM32-Computer-Firmware/CA7/u-boot-2022.10.r2/u-boot-stm32mp-v2022.10-stm32mp-r2/../../FIP_artifacts/optee/tee-pager_v2-stm32mp151a-stm32-computer-firmware-mx.bin \ 
	--tos-fw-extra2 /home/lubuntu/Dokument/GitHub/STM32-Computer/Firmware/STM32-Computer-Firmware/CA7/u-boot-2022.10.r2/u-boot-stm32mp-v2022.10-stm32mp-r2/../../FIP_artifacts/optee/tee-pageable_v2-stm32mp151a-stm32-computer-firmware-mx.bin \ 
	--nt-fw /home/lubuntu/Dokument/GitHub/STM32-Computer/Firmware/STM32-Computer-Firmware/CA7/u-boot-2022.10.r2/u-boot-stm32mp-v2022.10-stm32mp-r2/../../FIP_artifacts/u-boot/u-boot-nodtb-stm32mp15-default.bin \ 
	--hw-config /home/lubuntu/Dokument/GitHub/STM32-Computer/Firmware/STM32-Computer-Firmware/CA7/u-boot-2022.10.r2/u-boot-stm32mp-v2022.10-stm32mp-r2/../../FIP_artifacts/u-boot/u-boot-stm32mp151a-stm32-computer-firmware-mx.dtb   \ 
	/home/lubuntu/Dokument/GitHub/STM32-Computer/Firmware/STM32-Computer-Firmware/CA7/u-boot-2022.10.r2/u-boot-stm32mp-v2022.10-stm32mp-r2/../../FIP_artifacts/fip/fip-stm32mp151a-stm32-computer-firmware-mx-optee-emmc.bin

00:08:48 Build Finished. 0 errors, 0 warnings. (took 2m:4s.20ms)

  CC      cmd/fdt.o
  CC      cmd/flash.o
  CC      cmd/fs.o
  CC      cmd/fuse.o
  CC      cmd/fwu_mdata.o
  CC      cmd/gpio.o
  CC      cmd/i2c.o
  CC      cmd/itest.o
  CC      cmd/led.o
  CC      cmd/load.o
  CC      cmd/log.o
  CC      cmd/mem.o
  CC      cmd/mii.o
  CC      cmd/mdio.o
  CC      cmd/sleep.o
  CC      cmd/mmc.o
  CC      cmd/mtd.o
  CC      cmd/legacy-mtd-utils.o
  CC      cmd/nand.o
  CC      cmd/net.o
  CC      cmd/nvedit_efi.o
  CC      cmd/part.o
  CC      cmd/pinmux.o
  CC      cmd/pxe.o
  CC      cmd/remoteproc.o
  CC      cmd/rng.o
  CC      cmd/sf.o
  CC      cmd/setexpr.o
  CC      cmd/spi.o
  CC      cmd/sysboot.o
  CC      cmd/time.o
  CC      cmd/timer.o
  CC      cmd/test.o
  CC      cmd/ubi.o
  CC      cmd/ubifs.o
  CC      cmd/unzip.o
  CC      cmd/usb.o
  CC      cmd/disk.o
  CC      cmd/fastboot.o
  CC      cmd/usb_mass_storage.o
  CC      cmd/ximg.o
  CC      cmd/dfu.o
  CC      cmd/gpt.o
  CC      cmd/pmic.o
  CC      cmd/regulator.o
  CC      cmd/nvedit.o
  AR      cmd/built-in.o
  CC      common/init/board_init.o
  AR      common/init/built-in.o
  CC      common/main.o
  CC      common/exports.o
  CC      common/cli_hush.o
  CC      common/autoboot.o
  CC      common/board_f.o
  CC      common/board_r.o
  CC      common/board_info.o
  CC      common/fdt_simplefb.o
  CC      common/fdt_support.o
  CC      common/miiphyutil.o
  CC      common/usb.o
  CC      common/usb_hub.o
  CC      common/usb_storage.o
  CC      common/usb_onboard_hub.o
  CC      common/iomux.o
  CC      common/splash.o
  CC      common/menu.o
  CC      common/update.o
  CC      common/cli_readline.o
  CC      common/cli_simple.o
  CC      common/bootstage.o
  CC      common/console.o
  CC      common/dlmalloc.o
  CC      common/malloc_simple.o
  CC      common/event.o
  CC      common/hash.o
  CC      common/memsize.o
  CC      common/stdio.o
  CC      common/cli.o
  CC      common/dfu.o
  CC      common/command.o
  CC      common/log.o
  CC      common/log_console.o
  CC      common/s_record.o
  CC      common/xyzModem.o
  AR      common/built-in.o
  CC      disk/part.o
  CC      disk/disk-uclass.o
  CC      disk/part_dos.o
  CC      disk/part_iso.o
  CC      disk/part_efi.o
  AR      disk/built-in.o
  CC      drivers/adc/adc-uclass.o
  CC      drivers/adc/stm32-adc.o
  CC      drivers/adc/stm32-adc-core.o
  AR      drivers/adc/built-in.o
  CC      drivers/block/blk-uclass.o
  CC      drivers/block/blkcache.o
  AR      drivers/block/built-in.o
  CC      drivers/clk/clk-uclass.o
  CC      drivers/clk/clk_fixed_rate.o
  CC      drivers/clk/clk_fixed_factor.o
  CC      drivers/clk/stm32/clk-stm32mp1.o
  AR      drivers/clk/stm32/built-in.o
  CC      drivers/clk/clk_scmi.o
  AR      drivers/clk/built-in.o
  CC      drivers/core/device.o
  CC      drivers/core/fdtaddr.o
  CC      drivers/core/lists.o
  CC      drivers/core/root.o
  CC      drivers/core/uclass.o
  CC      drivers/core/util.o
  CC      drivers/core/tag.o
  CC      drivers/core/device-remove.o
  CC      drivers/core/simple-bus.o
  CC      drivers/core/dump.o
  CC      drivers/core/regmap.o
  CC      drivers/core/syscon-uclass.o
  CC      drivers/core/of_access.o
  CC      drivers/core/of_addr.o
  CC      drivers/core/read.o
  CC      drivers/core/of_extra.o
  CC      drivers/core/ofnode.o
  CC      drivers/core/read_extra.o
  AR      drivers/core/built-in.o
  CC      drivers/crypto/fsl/sec.o
  AR      drivers/crypto/fsl/built-in.o
  CC      drivers/crypto/rsa_mod_exp/mod_exp_uclass.o
  CC      drivers/crypto/rsa_mod_exp/mod_exp_sw.o
  AR      drivers/crypto/rsa_mod_exp/built-in.o
  AR      drivers/crypto/built-in.o
  CC      drivers/dfu/dfu.o
  CC      drivers/dfu/dfu_mmc.o
  CC      drivers/dfu/dfu_mtd.o
  CC      drivers/dfu/dfu_ram.o
  CC      drivers/dfu/dfu_alt.o
  CC      drivers/dfu/dfu_virt.o
  AR      drivers/dfu/built-in.o
  CC      drivers/fastboot/fb_common.o
  CC      drivers/fastboot/fb_getvar.o
  CC      drivers/fastboot/fb_command.o
  CC      drivers/fastboot/fb_mmc.o
  AR      drivers/fastboot/built-in.o
  CC      drivers/firmware/firmware-uclass.o
  CC      drivers/firmware/psci.o
  CC      drivers/firmware/scmi/scmi_agent-uclass.o
  CC      drivers/firmware/scmi/smt.o
  CC      drivers/firmware/scmi/smccc_agent.o
  CC      drivers/firmware/scmi/optee_agent.o
  AR      drivers/firmware/scmi/built-in.o
  AR      drivers/firmware/built-in.o
  CC      drivers/fwu-mdata/fwu-mdata-uclass.o
  CC      drivers/fwu-mdata/gpt_blk.o
  AR      drivers/fwu-mdata/built-in.o
  CC      drivers/gpio/gpio-uclass.o
  CC      drivers/gpio/stm32_gpio.o
  AR      drivers/gpio/built-in.o
  CC      drivers/hwspinlock/hwspinlock-uclass.o
  CC      drivers/hwspinlock/stm32_hwspinlock.o
  AR      drivers/hwspinlock/built-in.o
  CC      drivers/i2c/i2c-uclass.o
  CC      drivers/i2c/stm32f7_i2c.o
  AR      drivers/i2c/built-in.o
  CC      drivers/input/key_matrix.o
  AR      drivers/input/built-in.o
  CC      drivers/led/led-uclass.o
  CC      drivers/led/led_gpio.o
  AR      drivers/led/built-in.o
  CC      drivers/memory/stm32-fmc2-ebi.o
  AR      drivers/memory/built-in.o
  CC      drivers/misc/misc-uclass.o
  CC      drivers/misc/nvmem.o
  CC      drivers/misc/stm32mp_fuse.o
  CC      drivers/misc/stm32_rcc.o
  AR      drivers/misc/built-in.o
  CC      drivers/mmc/mmc.o
  CC      drivers/mmc/mmc-uclass.o
  CC      drivers/mmc/mmc_bootdev.o
  CC      drivers/mmc/mmc_write.o
  CC      drivers/mmc/mmc_boot.o
  CC      drivers/mmc/stm32_sdmmc2.o
  AR      drivers/mmc/built-in.o
  CC      drivers/mtd/mtdcore.o
  CC      drivers/mtd/mtd_uboot.o
  CC      drivers/mtd/mtd-uclass.o
  CC      drivers/mtd/mtdpart.o
  AR      drivers/mtd/mtd.o
  CC      drivers/mtd/nand/core.o
  CC      drivers/mtd/nand/bbt.o
  AR      drivers/mtd/nand/nandcore.o
  CC      drivers/mtd/nand/raw/nand.o
  CC      drivers/mtd/nand/raw/nand_bbt.o
  CC      drivers/mtd/nand/raw/nand_ids.o
  CC      drivers/mtd/nand/raw/nand_util.o
  CC      drivers/mtd/nand/raw/nand_ecc.o
  CC      drivers/mtd/nand/raw/nand_base.o
  CC      drivers/mtd/nand/raw/nand_amd.o
  CC      drivers/mtd/nand/raw/nand_hynix.o
  CC      drivers/mtd/nand/raw/nand_macronix.o
  CC      drivers/mtd/nand/raw/nand_micron.o
  CC      drivers/mtd/nand/raw/nand_samsung.o
  CC      drivers/mtd/nand/raw/nand_toshiba.o
  CC      drivers/mtd/nand/raw/nand_timings.o
  CC      drivers/mtd/nand/raw/stm32_fmc2_nand.o
  AR      drivers/mtd/nand/raw/built-in.o
  CC      drivers/mtd/nand/spi/core.o
  CC      drivers/mtd/nand/spi/gigadevice.o
  CC      drivers/mtd/nand/spi/macronix.o
  CC      drivers/mtd/nand/spi/micron.o
  CC      drivers/mtd/nand/spi/toshiba.o
  CC      drivers/mtd/nand/spi/winbond.o
  AR      drivers/mtd/nand/spi/spinand.o
  AR      drivers/mtd/nand/spi/built-in.o
  AR      drivers/mtd/nand/built-in.o
  CC      drivers/mtd/spi/sf-uclass.o
  CC      drivers/mtd/spi/sf_probe.o
  CC      drivers/mtd/spi/spi-nor-ids.o
  CC      drivers/mtd/spi/spi-nor-core.o
  AR      drivers/mtd/spi/spi-nor.o
  CC      drivers/mtd/spi/sf_mtd.o
  AR      drivers/mtd/spi/built-in.o
  CC      drivers/mtd/ubi/attach.o
  CC      drivers/mtd/ubi/build.o
  CC      drivers/mtd/ubi/vtbl.o
  CC      drivers/mtd/ubi/vmt.o
  CC      drivers/mtd/ubi/upd.o
  CC      drivers/mtd/ubi/kapi.o
  CC      drivers/mtd/ubi/eba.o
  CC      drivers/mtd/ubi/io.o
  CC      drivers/mtd/ubi/wl.o
  CC      drivers/mtd/ubi/crc32.o
  CC      drivers/mtd/ubi/misc.o
  CC      drivers/mtd/ubi/debug.o
  AR      drivers/mtd/ubi/built-in.o
  AR      drivers/mtd/built-in.o
  CC      drivers/net/eth-phy-uclass.o
  CC      drivers/net/dwc_eth_qos.o
  CC      drivers/net/phy/phy.o
  CC      drivers/net/phy/realtek.o
  AR      drivers/net/phy/built-in.o
  AR      drivers/net/built-in.o
  CC      drivers/phy/phy-uclass.o
  CC      drivers/phy/phy-stm32-usbphyc.o
  AR      drivers/phy/built-in.o
  CC      drivers/pinctrl/pinctrl-uclass.o
  CC      drivers/pinctrl/pinctrl-generic.o
  CC      drivers/pinctrl/pinctrl_stm32.o
  CC      drivers/pinctrl/pinctrl-stmfx.o
  AR      drivers/pinctrl/built-in.o
  CC      drivers/power/pmic/pmic-uclass.o
  CC      drivers/power/pmic/stpmic1.o
  AR      drivers/power/pmic/built-in.o
  CC      drivers/power/regulator/regulator-uclass.o
  CC      drivers/power/regulator/regulator_common.o
  CC      drivers/power/regulator/fixed.o
  CC      drivers/power/regulator/gpio-regulator.o
  CC      drivers/power/regulator/stm32-vrefbuf.o
  CC      drivers/power/regulator/stpmic1.o
  CC      drivers/power/regulator/scmi_regulator.o
  AR      drivers/power/regulator/built-in.o
  AR      drivers/power/built-in.o
  CC      drivers/ram/ram-uclass.o
  CC      drivers/ram/stm32mp1/stm32mp1_ram.o
  CC      drivers/ram/stm32mp1/stm32mp1_ddr.o
  AR      drivers/ram/stm32mp1/built-in.o
  AR      drivers/ram/built-in.o
  CC      drivers/remoteproc/rproc-uclass.o
  CC      drivers/remoteproc/rproc-elf-loader.o
  CC      drivers/remoteproc/rproc-optee.o
  CC      drivers/remoteproc/stm32_copro.o
  AR      drivers/remoteproc/built-in.o
  CC      drivers/reset/reset-uclass.o
  CC      drivers/reset/stm32-reset.o
  CC      drivers/reset/reset-scmi.o
  AR      drivers/reset/built-in.o
  CC      drivers/rng/rng-uclass.o
  CC      drivers/rng/optee_rng.o
  CC      drivers/rng/stm32_rng.o
  AR      drivers/rng/built-in.o
  CC      drivers/rtc/rtc-uclass.o
  CC      drivers/rtc/stm32_rtc.o
  AR      drivers/rtc/built-in.o
  CC      drivers/serial/serial-uclass.o
  CC      drivers/serial/serial_stm32.o
  AR      drivers/serial/built-in.o
  CC      drivers/spi/spi-uclass.o
  CC      drivers/spi/spi-mem.o
  CC      drivers/spi/stm32_qspi.o
  CC      drivers/spi/stm32_spi.o
  AR      drivers/spi/built-in.o
  CC      drivers/sysreset/sysreset-uclass.o
  CC      drivers/sysreset/sysreset_psci.o
  AR      drivers/sysreset/built-in.o
  CC      drivers/tee/tee-uclass.o
  CC      drivers/tee/broadcom/chimp_optee.o
  AR      drivers/tee/broadcom/built-in.o
  CC      drivers/tee/optee/core.o
  CC      drivers/tee/optee/supplicant.o
  CC      drivers/tee/optee/i2c.o
  AR      drivers/tee/optee/built-in.o
  AR      drivers/tee/built-in.o
  CC      drivers/video/backlight-uclass.o
  CC      drivers/video/backlight_gpio.o
  CC      drivers/video/console_normal.o
  CC      drivers/video/dsi-host-uclass.o
  CC      drivers/video/video-uclass.o
  CC      drivers/video/vidconsole-uclass.o
  CC      drivers/video/video_bmp.o
  CC      drivers/video/panel-uclass.o
  CC      drivers/video/simple_panel.o
  CC      drivers/video/bridge/video-bridge-uclass.o
  AR      drivers/video/bridge/built-in.o
  CC      drivers/video/stm32/stm32_ltdc.o
  CC      drivers/video/stm32/stm32_dsi.o
  AR      drivers/video/stm32/built-in.o
  CC      drivers/video/dw_mipi_dsi.o
  CC      drivers/video/orisetech_otm8009a.o
  CC      drivers/video/raydium-rm68200.o
  CC      drivers/video/rocktech-hx8394.o
  CC      drivers/video/mipi_dsi.o
  AR      drivers/video/built-in.o
  CC      drivers/watchdog/wdt-uclass.o
  CC      drivers/watchdog/arm_smc_wdt.o
  CC      drivers/watchdog/stm32mp_wdt.o
  AR      drivers/watchdog/built-in.o
  AR      drivers/built-in.o
  CC      drivers/usb/common/common.o
  AR      drivers/usb/common/built-in.o
  CC      drivers/usb/gadget/epautoconf.o
  CC      drivers/usb/gadget/config.o
  CC      drivers/usb/gadget/usbstring.o
  CC      drivers/usb/gadget/dwc2_udc_otg.o
  CC      drivers/usb/gadget/g_dnl.o
  CC      drivers/usb/gadget/f_dfu.o
  CC      drivers/usb/gadget/f_mass_storage.o
  CC      drivers/usb/gadget/f_fastboot.o
  AR      drivers/usb/gadget/built-in.o
  CC      drivers/usb/gadget/udc/udc-core.o
  CC      drivers/usb/gadget/udc/udc-uclass.o
  AR      drivers/usb/gadget/udc/built-in.o
  CC      drivers/usb/host/usb-uclass.o
  CC      drivers/usb/host/usb_bootdev.o
  CC      drivers/usb/host/ohci-hcd.o
  CC      drivers/usb/host/ohci-generic.o
  CC      drivers/usb/host/ehci-hcd.o
  CC      drivers/usb/host/ehci-generic.o
  AR      drivers/usb/host/built-in.o
  CC      drivers/usb/typec/typec-uclass.o
  CC      drivers/usb/typec/typec-stusb160x.o
  AR      drivers/usb/typec/built-in.o
  CC      env/common.o
  CC      env/env.o
  CC      env/attr.o
  CC      env/flags.o
  CC      env/callback.o
  CC      env/ubi.o
  CC      env/nowhere.o
  CC      env/mmc.o
  CC      env/sf.o
  AR      env/built-in.o
  CC      fs/fs.o
  CC      fs/ext4/ext4fs.o
  CC      fs/ext4/ext4_common.o
  CC      fs/ext4/dev.o
  CC      fs/ext4/ext4_write.o
  CC      fs/ext4/ext4_journal.o
  AR      fs/ext4/built-in.o
  CC      fs/fat/fat_write.o
  AR      fs/fat/built-in.o
  CC      fs/ubifs/ubifs.o
  CC      fs/ubifs/io.o
  CC      fs/ubifs/super.o
  CC      fs/ubifs/sb.o
  CC      fs/ubifs/master.o
  CC      fs/ubifs/lpt.o
  CC      fs/ubifs/lpt_commit.o
  CC      fs/ubifs/scan.o
  CC      fs/ubifs/lprops.o
  CC      fs/ubifs/tnc.o
  CC      fs/ubifs/tnc_misc.o
  CC      fs/ubifs/debug.o
  CC      fs/ubifs/budget.o
  CC      fs/ubifs/log.o
  CC      fs/ubifs/orphan.o
  CC      fs/ubifs/recovery.o
  CC      fs/ubifs/replay.o
  CC      fs/ubifs/gc.o
  AR      fs/ubifs/built-in.o
  CC      fs/fs_internal.o
  AR      fs/built-in.o
  CC      lib/crypto/asymmetric_type.o
  AR      lib/crypto/asymmetric_keys.o
  CC      lib/crypto/public_key.o
  CC      lib/crypto/rsapubkey.asn1.o
  CC      lib/crypto/rsa_helper.o
  AR      lib/crypto/rsa_public_key.o
  CC      lib/crypto/x509.asn1.o
  CC      lib/crypto/x509_akid.asn1.o
  CC      lib/crypto/x509_cert_parser.o
  CC      lib/crypto/x509_public_key.o
  AR      lib/crypto/x509_key_parser.o
  CC      lib/crypto/pkcs7.asn1.o
  CC      lib/crypto/pkcs7_parser.o
  AR      lib/crypto/pkcs7_message.o
  CC      lib/crypto/pkcs7_verify.o
  CC      lib/crypto/mscode_parser.o
  CC      lib/crypto/mscode.asn1.o
  AR      lib/crypto/mscode.o
  AR      lib/crypto/built-in.o
  CC      lib/efi_driver/efi_uclass.o
  CC      lib/efi_driver/efi_block_device.o
  AR      lib/efi_driver/built-in.o
  CC      lib/efi_loader/helloworld.o
  AS      lib/efi_loader/efi_crt0.o
arm-ostl-linux-gnueabi-gcc: warning: /home/lubuntu/Dokument/GitHub/STM32-Computer/Firmware/STM32-Computer-Firmware/CA7/u-boot-2022.10.r2/u-boot-stm32mp-v2022.10-stm32mp-r2/arch/arm/lib/: linker input file unused because linking not done
fixdep: error opening file: lib/efi_loader/.efi_crt0.o.d: No such file or directory
make[4]: *** [scripts/Makefile.lib:438: lib/efi_loader/efi_crt0.o] Error 2
make[2]: Leaving directory '/home/lubuntu/Dokument/GitHub/STM32-Computer/Firmware/STM32-Computer-Firmware/CA7/u-boot-2022.10.r2/build/stm32mp15_defconfig'
make[1]: Leaving directory '/home/lubuntu/Dokument/GitHub/STM32-Computer/Firmware/STM32-Computer-Firmware/CA7/u-boot-2022.10.r2/u-boot-stm32mp-v2022.10-stm32mp-r2'
make[3]: *** [/home/lubuntu/Dokument/GitHub/STM32-Computer/Firmware/STM32-Computer-Firmware/CA7/u-boot-2022.10.r2/u-boot-stm32mp-v2022.10-stm32mp-r2/scripts/Makefile.build:398: lib/efi_loader] Error 2
make[2]: *** [/home/lubuntu/Dokument/GitHub/STM32-Computer/Firmware/STM32-Computer-Firmware/CA7/u-boot-2022.10.r2/u-boot-stm32mp-v2022.10-stm32mp-r2/Makefile:1884: lib] Error 2
make[1]: *** [Makefile:177: sub-make] Error 2
make: *** [../Makefile.sdk:147: uboot-stm32mp15_defconfig] Error 1
"make -f ../Makefile.sdk.ide fip" terminated with exit code 2. Build might be incomplete.

00:14:27 Build Failed. 5 errors, 0 warnings. (took 7m:36s.748ms)

