20:03:42 **** Build of configuration Default for project STM32-Computer-Firmware_CA7_optee-os-3.19.0-r2 ****
make -f ../Makefile.sdk.ide CFG_DRAM_SIZE=0x20000000 CFG_TZDRAM_START=0xde000000 CFG_EMBED_DTB_SOURCE_FILE=stm32mp151a-stm32-computer-firmware-mx optee 
Wrapper for /opt/st/stm32cubeide_1.16.0/plugins/com.st.stm32cube.ide.mpu.linux.toolchain_2.1.0.202305092038/tools/bin/make
FIP_DEPLOYDIR_ROOT: /home/lubuntu/Dokument/GitHub/STM32-Computer/Firmware/STM32-Computer-Firmware/CA7/optee-os-3.19.0-r2/optee-os-stm32mp-3.19.0-stm32mp-r2/../../FIP_artifacts
+ case "$command" in
+ exec make -f ../Makefile.sdk.ide CFG_DRAM_SIZE=0x20000000 CFG_TZDRAM_START=0xde000000 CFG_EMBED_DTB_SOURCE_FILE=stm32mp151a-stm32-computer-firmware-mx optee
make[1]: Entering directory '/home/lubuntu/Dokument/GitHub/STM32-Computer/Firmware/STM32-Computer-Firmware/CA7/optee-os-3.19.0-r2/optee-os-stm32mp-3.19.0-stm32mp-r2'
  CHK     /home/lubuntu/Dokument/GitHub/STM32-Computer/Firmware/STM32-Computer-Firmware/CA7/optee-os-3.19.0-r2/optee-os-stm32mp-3.19.0-stm32mp-r2/../build/stm32mp151a-stm32-computer-firmware-mx/conf.mk
  CHK     /home/lubuntu/Dokument/GitHub/STM32-Computer/Firmware/STM32-Computer-Firmware/CA7/optee-os-3.19.0-r2/optee-os-stm32mp-3.19.0-stm32mp-r2/../build/stm32mp151a-stm32-computer-firmware-mx/include/generated/conf.h
  CHK     /home/lubuntu/Dokument/GitHub/STM32-Computer/Firmware/STM32-Computer-Firmware/CA7/optee-os-3.19.0-r2/optee-os-stm32mp-3.19.0-stm32mp-r2/../build/stm32mp151a-stm32-computer-firmware-mx/core/include/generated/context_asm_defines.h
  CC      /home/lubuntu/Dokument/GitHub/STM32-Computer/Firmware/STM32-Computer-Firmware/CA7/optee-os-3.19.0-r2/optee-os-stm32mp-3.19.0-stm32mp-r2/../build/stm32mp151a-stm32-computer-firmware-mx/core/drivers/stm32_uart.o
  LD      /home/lubuntu/Dokument/GitHub/STM32-Computer/Firmware/STM32-Computer-Firmware/CA7/optee-os-3.19.0-r2/optee-os-stm32mp-3.19.0-stm32mp-r2/../build/stm32mp151a-stm32-computer-firmware-mx/core/all_objs.o
  GEN     /home/lubuntu/Dokument/GitHub/STM32-Computer/Firmware/STM32-Computer-Firmware/CA7/optee-os-3.19.0-r2/optee-os-stm32mp-3.19.0-stm32mp-r2/../build/stm32mp151a-stm32-computer-firmware-mx/core/unpaged_entries.txt
  LD      /home/lubuntu/Dokument/GitHub/STM32-Computer/Firmware/STM32-Computer-Firmware/CA7/optee-os-3.19.0-r2/optee-os-stm32mp-3.19.0-stm32mp-r2/../build/stm32mp151a-stm32-computer-firmware-mx/core/unpaged.o
  GEN     /home/lubuntu/Dokument/GitHub/STM32-Computer/Firmware/STM32-Computer-Firmware/CA7/optee-os-3.19.0-r2/optee-os-stm32mp-3.19.0-stm32mp-r2/../build/stm32mp151a-stm32-computer-firmware-mx/core/text_unpaged.ld.S
  GEN     /home/lubuntu/Dokument/GitHub/STM32-Computer/Firmware/STM32-Computer-Firmware/CA7/optee-os-3.19.0-r2/optee-os-stm32mp-3.19.0-stm32mp-r2/../build/stm32mp151a-stm32-computer-firmware-mx/core/rodata_unpaged.ld.S
  GEN     /home/lubuntu/Dokument/GitHub/STM32-Computer/Firmware/STM32-Computer-Firmware/CA7/optee-os-3.19.0-r2/optee-os-stm32mp-3.19.0-stm32mp-r2/../build/stm32mp151a-stm32-computer-firmware-mx/core/init_entries.txt
  UPD     /home/lubuntu/Dokument/GitHub/STM32-Computer/Firmware/STM32-Computer-Firmware/CA7/optee-os-3.19.0-r2/optee-os-stm32mp-3.19.0-stm32mp-r2/../build/stm32mp151a-stm32-computer-firmware-mx/core/.buildcount
  GEN     /home/lubuntu/Dokument/GitHub/STM32-Computer/Firmware/STM32-Computer-Firmware/CA7/optee-os-3.19.0-r2/optee-os-stm32mp-3.19.0-stm32mp-r2/../build/stm32mp151a-stm32-computer-firmware-mx/core/version.o
  LD      /home/lubuntu/Dokument/GitHub/STM32-Computer/Firmware/STM32-Computer-Firmware/CA7/optee-os-3.19.0-r2/optee-os-stm32mp-3.19.0-stm32mp-r2/../build/stm32mp151a-stm32-computer-firmware-mx/core/init.o
  GEN     /home/lubuntu/Dokument/GitHub/STM32-Computer/Firmware/STM32-Computer-Firmware/CA7/optee-os-3.19.0-r2/optee-os-stm32mp-3.19.0-stm32mp-r2/../build/stm32mp151a-stm32-computer-firmware-mx/core/text_init.ld.S
  GEN     /home/lubuntu/Dokument/GitHub/STM32-Computer/Firmware/STM32-Computer-Firmware/CA7/optee-os-3.19.0-r2/optee-os-stm32mp-3.19.0-stm32mp-r2/../build/stm32mp151a-stm32-computer-firmware-mx/core/rodata_init.ld.S
  CPP     /home/lubuntu/Dokument/GitHub/STM32-Computer/Firmware/STM32-Computer-Firmware/CA7/optee-os-3.19.0-r2/optee-os-stm32mp-3.19.0-stm32mp-r2/../build/stm32mp151a-stm32-computer-firmware-mx/core/kern.ld
  LD      /home/lubuntu/Dokument/GitHub/STM32-Computer/Firmware/STM32-Computer-Firmware/CA7/optee-os-3.19.0-r2/optee-os-stm32mp-3.19.0-stm32mp-r2/../build/stm32mp151a-stm32-computer-firmware-mx/core/tee.elf
  OBJDUMP /home/lubuntu/Dokument/GitHub/STM32-Computer/Firmware/STM32-Computer-Firmware/CA7/optee-os-3.19.0-r2/optee-os-stm32mp-3.19.0-stm32mp-r2/../build/stm32mp151a-stm32-computer-firmware-mx/core/tee.dmp
  GEN     /home/lubuntu/Dokument/GitHub/STM32-Computer/Firmware/STM32-Computer-Firmware/CA7/optee-os-3.19.0-r2/optee-os-stm32mp-3.19.0-stm32mp-r2/../build/stm32mp151a-stm32-computer-firmware-mx/core/tee.bin
  GEN     /home/lubuntu/Dokument/GitHub/STM32-Computer/Firmware/STM32-Computer-Firmware/CA7/optee-os-3.19.0-r2/optee-os-stm32mp-3.19.0-stm32mp-r2/../build/stm32mp151a-stm32-computer-firmware-mx/core/tee-header_v2.bin
  GEN     /home/lubuntu/Dokument/GitHub/STM32-Computer/Firmware/STM32-Computer-Firmware/CA7/optee-os-3.19.0-r2/optee-os-stm32mp-3.19.0-stm32mp-r2/../build/stm32mp151a-stm32-computer-firmware-mx/core/tee-pager_v2.bin
  GEN     /home/lubuntu/Dokument/GitHub/STM32-Computer/Firmware/STM32-Computer-Firmware/CA7/optee-os-3.19.0-r2/optee-os-stm32mp-3.19.0-stm32mp-r2/../build/stm32mp151a-stm32-computer-firmware-mx/core/tee-pageable_v2.bin
  GEN     /home/lubuntu/Dokument/GitHub/STM32-Computer/Firmware/STM32-Computer-Firmware/CA7/optee-os-3.19.0-r2/optee-os-stm32mp-3.19.0-stm32mp-r2/../build/stm32mp151a-stm32-computer-firmware-mx/core/tee.symb_sizes
  CHK     /home/lubuntu/Dokument/GitHub/STM32-Computer/Firmware/STM32-Computer-Firmware/CA7/optee-os-3.19.0-r2/optee-os-stm32mp-3.19.0-stm32mp-r2/../build/stm32mp151a-stm32-computer-firmware-mx/conf.cmake
  CHK     /home/lubuntu/Dokument/GitHub/STM32-Computer/Firmware/STM32-Computer-Firmware/CA7/optee-os-3.19.0-r2/optee-os-stm32mp-3.19.0-stm32mp-r2/../build/stm32mp151a-stm32-computer-firmware-mx/export-ta_arm32/mk/conf.mk
make[1]: Leaving directory '/home/lubuntu/Dokument/GitHub/STM32-Computer/Firmware/STM32-Computer-Firmware/CA7/optee-os-3.19.0-r2/optee-os-stm32mp-3.19.0-stm32mp-r2'

20:04:02 Build Finished. 0 errors, 0 warnings. (took 19s.337ms)

