16:10:44 **** Build of configuration Default for project STM32-Computer-Firmware_CA7_tf-a-2.8.15-r2 ****
make -f ../Makefile.sdk.ide TF_A_DEVICETREE=stm32mp151a-stm32-computer-firmware-mx TF_A_CONFIG=optee-emmc stm32 metadata 
Wrapper for /opt/st/stm32cubeide_1.16.0/plugins/com.st.stm32cube.ide.mpu.linux.toolchain_2.1.0.202305092038/tools/bin/make
FIP_DEPLOYDIR_ROOT: /home/lubuntu/Dokument/GitHub/STM32-Computer/STM32CubeIDE/STM32-Computer-Firmware/CA7/tf-a-2.8.15-r2/tf-a-stm32mp-v2.8.15-stm32mp-r2/../../FIP_artifacts
+ case "$command" in
+ exec make -f ../Makefile.sdk.ide TF_A_DEVICETREE=stm32mp151a-stm32-computer-firmware-mx TF_A_CONFIG=optee-emmc stm32 metadata
make[1]: Nothing to be done for 'all'.
make[1]: Entering directory '/home/lubuntu/Dokument/GitHub/STM32-Computer/STM32CubeIDE/STM32-Computer-Firmware/CA7/tf-a-2.8.15-r2/tf-a-stm32mp-v2.8.15-stm32mp-r2'
Including bl32/optee/optee.mk
Trusted Firmware-A built for OP-TEE payload support
PSA_FWU_SUPPORT is an experimental feature
  CPP     /home/lubuntu/Dokument/GitHub/STM32-Computer/STM32CubeIDE/STM32-Computer-Firmware/CA7/tf-a-2.8.15-r2/tf-a-stm32mp-v2.8.15-stm32mp-r2/../build/optee-emmc-stm32mp15-stm32mp151a-stm32-computer-firmware-mx/fdts/stm32mp151a-stm32-computer-firmware-mx-bl2.dts
  DTC     /home/lubuntu/Dokument/GitHub/STM32-Computer/STM32CubeIDE/STM32-Computer-Firmware/CA7/tf-a-2.8.15-r2/tf-a-stm32mp-v2.8.15-stm32mp-r2/../build/optee-emmc-stm32mp15-stm32mp151a-stm32-computer-firmware-mx/fdts/stm32mp151a-stm32-computer-firmware-mx-bl2.dts
Error: /home/lubuntu/Dokument/GitHub/STM32-Computer/STM32CubeIDE/STM32-Computer-Firmware/CA7/tf-a-2.8.15-r2/tf-a-stm32mp-v2.8.15-stm32mp-r2/../build/optee-emmc-stm32mp15-stm32mp151a-stm32-computer-firmware-mx/fdts/stm32mp151a-stm32-computer-firmware-mx-bl2.pre.dts:960.18-29 Label or path fmc_pins_a not found
Error: /home/lubuntu/Dokument/GitHub/STM32-Computer/STM32CubeIDE/STM32-Computer-Firmware/CA7/tf-a-2.8.15-r2/tf-a-stm32mp-v2.8.15-stm32mp-r2/../build/optee-emmc-stm32mp15-stm32mp151a-stm32-computer-firmware-mx/fdts/stm32mp151a-stm32-computer-firmware-mx-bl2.pre.dts:961.18-30 Label or path i2c2_pins_a not found
Error: /home/lubuntu/Dokument/GitHub/STM32-Computer/STM32CubeIDE/STM32-Computer-Firmware/CA7/tf-a-2.8.15-r2/tf-a-stm32mp-v2.8.15-stm32mp-r2/../build/optee-emmc-stm32mp15-stm32mp151a-stm32-computer-firmware-mx/fdts/stm32mp151a-stm32-computer-firmware-mx-bl2.pre.dts:964.18-34 Label or path qspi_bk1_pins_a not found
Error: /home/lubuntu/Dokument/GitHub/STM32-Computer/STM32CubeIDE/STM32-Computer-Firmware/CA7/tf-a-2.8.15-r2/tf-a-stm32mp-v2.8.15-stm32mp-r2/../build/optee-emmc-stm32mp15-stm32mp151a-stm32-computer-firmware-mx/fdts/stm32mp151a-stm32-computer-firmware-mx-bl2.pre.dts:965.18-34 Label or path qspi_bk2_pins_a not found
Error: /home/lubuntu/Dokument/GitHub/STM32-Computer/STM32CubeIDE/STM32-Computer-Firmware/CA7/tf-a-2.8.15-r2/tf-a-stm32mp-v2.8.15-stm32mp-r2/../build/optee-emmc-stm32mp15-stm32mp151a-stm32-computer-firmware-mx/fdts/stm32mp151a-stm32-computer-firmware-mx-bl2.pre.dts:966.18-34 Label or path qspi_clk_pins_a not found
Error: /home/lubuntu/Dokument/GitHub/STM32-Computer/STM32CubeIDE/STM32-Computer-Firmware/CA7/tf-a-2.8.15-r2/tf-a-stm32mp-v2.8.15-stm32mp-r2/../build/optee-emmc-stm32mp15-stm32mp151a-stm32-computer-firmware-mx/fdts/stm32mp151a-stm32-computer-firmware-mx-bl2.pre.dts:967.18-35 Label or path sdmmc1_b4_pins_a not found
Error: /home/lubuntu/Dokument/GitHub/STM32-Computer/STM32CubeIDE/STM32-Computer-Firmware/CA7/tf-a-2.8.15-r2/tf-a-stm32mp-v2.8.15-stm32mp-r2/../build/optee-emmc-stm32mp15-stm32mp151a-stm32-computer-firmware-mx/fdts/stm32mp151a-stm32-computer-firmware-mx-bl2.pre.dts:968.18-36 Label or path sdmmc1_dir_pins_a not found
make[1]: Leaving directory '/home/lubuntu/Dokument/GitHub/STM32-Computer/STM32CubeIDE/STM32-Computer-Firmware/CA7/tf-a-2.8.15-r2/tf-a-stm32mp-v2.8.15-stm32mp-r2'
Error: /home/lubuntu/Dokument/GitHub/STM32-Computer/STM32CubeIDE/STM32-Computer-Firmware/CA7/tf-a-2.8.15-r2/tf-a-stm32mp-v2.8.15-stm32mp-r2/../build/optee-emmc-stm32mp15-stm32mp151a-stm32-computer-firmware-mx/fdts/stm32mp151a-stm32-computer-firmware-mx-bl2.pre.dts:969.18-36 Label or path sdmmc1_dir_pins_b not found
Error: /home/lubuntu/Dokument/GitHub/STM32-Computer/STM32CubeIDE/STM32-Computer-Firmware/CA7/tf-a-2.8.15-r2/tf-a-stm32mp-v2.8.15-stm32mp-r2/../build/optee-emmc-stm32mp15-stm32mp151a-stm32-computer-firmware-mx/fdts/stm32mp151a-stm32-computer-firmware-mx-bl2.pre.dts:970.18-35 Label or path sdmmc2_b4_pins_a not found
Error: /home/lubuntu/Dokument/GitHub/STM32-Computer/STM32CubeIDE/STM32-Computer-Firmware/CA7/tf-a-2.8.15-r2/tf-a-stm32mp-v2.8.15-stm32mp-r2/../build/optee-emmc-stm32mp15-stm32mp151a-stm32-computer-firmware-mx/fdts/stm32mp151a-stm32-computer-firmware-mx-bl2.pre.dts:971.18-35 Label or path sdmmc2_b4_pins_b not found
Error: /home/lubuntu/Dokument/GitHub/STM32-Computer/STM32CubeIDE/STM32-Computer-Firmware/CA7/tf-a-2.8.15-r2/tf-a-stm32mp-v2.8.15-stm32mp-r2/../build/optee-emmc-stm32mp15-stm32mp151a-stm32-computer-firmware-mx/fdts/stm32mp151a-stm32-computer-firmware-mx-bl2.pre.dts:972.18-36 Label or path sdmmc2_d47_pins_a not found
Error: /home/lubuntu/Dokument/GitHub/STM32-Computer/STM32CubeIDE/STM32-Computer-Firmware/CA7/tf-a-2.8.15-r2/tf-a-stm32mp-v2.8.15-stm32mp-r2/../build/optee-emmc-stm32mp15-stm32mp151a-stm32-computer-firmware-mx/fdts/stm32mp151a-stm32-computer-firmware-mx-bl2.pre.dts:973.18-36 Label or path sdmmc2_d47_pins_b not found
Error: /home/lubuntu/Dokument/GitHub/STM32-Computer/STM32CubeIDE/STM32-Computer-Firmware/CA7/tf-a-2.8.15-r2/tf-a-stm32mp-v2.8.15-stm32mp-r2/../build/optee-emmc-stm32mp15-stm32mp151a-stm32-computer-firmware-mx/fdts/stm32mp151a-stm32-computer-firmware-mx-bl2.pre.dts:974.18-36 Label or path sdmmc2_d47_pins_c not found
Error: /home/lubuntu/Dokument/GitHub/STM32-Computer/STM32CubeIDE/STM32-Computer-Firmware/CA7/tf-a-2.8.15-r2/tf-a-stm32mp-v2.8.15-stm32mp-r2/../build/optee-emmc-stm32mp15-stm32mp151a-stm32-computer-firmware-mx/fdts/stm32mp151a-stm32-computer-firmware-mx-bl2.pre.dts:975.18-36 Label or path sdmmc2_d47_pins_d not found
Error: /home/lubuntu/Dokument/GitHub/STM32-Computer/STM32CubeIDE/STM32-Computer-Firmware/CA7/tf-a-2.8.15-r2/tf-a-stm32mp-v2.8.15-stm32mp-r2/../build/optee-emmc-stm32mp15-stm32mp151a-stm32-computer-firmware-mx/fdts/stm32mp151a-stm32-computer-firmware-mx-bl2.pre.dts:978.18-31 Label or path uart4_pins_b not found
Error: /home/lubuntu/Dokument/GitHub/STM32-Computer/STM32CubeIDE/STM32-Computer-Firmware/CA7/tf-a-2.8.15-r2/tf-a-stm32mp-v2.8.15-stm32mp-r2/../build/optee-emmc-stm32mp15-stm32mp151a-stm32-computer-firmware-mx/fdts/stm32mp151a-stm32-computer-firmware-mx-bl2.pre.dts:979.18-31 Label or path uart7_pins_a not found
Error: /home/lubuntu/Dokument/GitHub/STM32-Computer/STM32CubeIDE/STM32-Computer-Firmware/CA7/tf-a-2.8.15-r2/tf-a-stm32mp-v2.8.15-stm32mp-r2/../build/optee-emmc-stm32mp15-stm32mp151a-stm32-computer-firmware-mx/fdts/stm32mp151a-stm32-computer-firmware-mx-bl2.pre.dts:980.18-31 Label or path uart7_pins_b not found
Error: /home/lubuntu/Dokument/GitHub/STM32-Computer/STM32CubeIDE/STM32-Computer-Firmware/CA7/tf-a-2.8.15-r2/tf-a-stm32mp-v2.8.15-stm32mp-r2/../build/optee-emmc-stm32mp15-stm32mp151a-stm32-computer-firmware-mx/fdts/stm32mp151a-stm32-computer-firmware-mx-bl2.pre.dts:981.18-31 Label or path uart7_pins_c not found
Error: /home/lubuntu/Dokument/GitHub/STM32-Computer/STM32CubeIDE/STM32-Computer-Firmware/CA7/tf-a-2.8.15-r2/tf-a-stm32mp-v2.8.15-stm32mp-r2/../build/optee-emmc-stm32mp15-stm32mp151a-stm32-computer-firmware-mx/fdts/stm32mp151a-stm32-computer-firmware-mx-bl2.pre.dts:982.18-31 Label or path uart8_pins_a not found
Error: /home/lubuntu/Dokument/GitHub/STM32-Computer/STM32CubeIDE/STM32-Computer-Firmware/CA7/tf-a-2.8.15-r2/tf-a-stm32mp-v2.8.15-stm32mp-r2/../build/optee-emmc-stm32mp15-stm32mp151a-stm32-computer-firmware-mx/fdts/stm32mp151a-stm32-computer-firmware-mx-bl2.pre.dts:983.18-32 Label or path usart2_pins_a not found
Error: /home/lubuntu/Dokument/GitHub/STM32-Computer/STM32CubeIDE/STM32-Computer-Firmware/CA7/tf-a-2.8.15-r2/tf-a-stm32mp-v2.8.15-stm32mp-r2/../build/optee-emmc-stm32mp15-stm32mp151a-stm32-computer-firmware-mx/fdts/stm32mp151a-stm32-computer-firmware-mx-bl2.pre.dts:984.18-32 Label or path usart2_pins_b not found
Error: /home/lubuntu/Dokument/GitHub/STM32-Computer/STM32CubeIDE/STM32-Computer-Firmware/CA7/tf-a-2.8.15-r2/tf-a-stm32mp-v2.8.15-stm32mp-r2/../build/optee-emmc-stm32mp15-stm32mp151a-stm32-computer-firmware-mx/fdts/stm32mp151a-stm32-computer-firmware-mx-bl2.pre.dts:985.18-32 Label or path usart2_pins_c not found
Error: /home/lubuntu/Dokument/GitHub/STM32-Computer/STM32CubeIDE/STM32-Computer-Firmware/CA7/tf-a-2.8.15-r2/tf-a-stm32mp-v2.8.15-stm32mp-r2/../build/optee-emmc-stm32mp15-stm32mp151a-stm32-computer-firmware-mx/fdts/stm32mp151a-stm32-computer-firmware-mx-bl2.pre.dts:986.18-32 Label or path usart3_pins_a not found
Error: /home/lubuntu/Dokument/GitHub/STM32-Computer/STM32CubeIDE/STM32-Computer-Firmware/CA7/tf-a-2.8.15-r2/tf-a-stm32mp-v2.8.15-stm32mp-r2/../build/optee-emmc-stm32mp15-stm32mp151a-stm32-computer-firmware-mx/fdts/stm32mp151a-stm32-computer-firmware-mx-bl2.pre.dts:987.18-32 Label or path usart3_pins_b not found
Error: /home/lubuntu/Dokument/GitHub/STM32-Computer/STM32CubeIDE/STM32-Computer-Firmware/CA7/tf-a-2.8.15-r2/tf-a-stm32mp-v2.8.15-stm32mp-r2/../build/optee-emmc-stm32mp15-stm32mp151a-stm32-computer-firmware-mx/fdts/stm32mp151a-stm32-computer-firmware-mx-bl2.pre.dts:988.18-32 Label or path usart3_pins_c not found
Error: /home/lubuntu/Dokument/GitHub/STM32-Computer/STM32CubeIDE/STM32-Computer-Firmware/CA7/tf-a-2.8.15-r2/tf-a-stm32mp-v2.8.15-stm32mp-r2/../build/optee-emmc-stm32mp15-stm32mp151a-stm32-computer-firmware-mx/fdts/stm32mp151a-stm32-computer-firmware-mx-bl2.pre.dts:989.18-41 Label or path usbotg_fs_dp_dm_pins_a not found
Error: /home/lubuntu/Dokument/GitHub/STM32-Computer/STM32CubeIDE/STM32-Computer-Firmware/CA7/tf-a-2.8.15-r2/tf-a-stm32mp-v2.8.15-stm32mp-r2/../build/optee-emmc-stm32mp15-stm32mp151a-stm32-computer-firmware-mx/fdts/stm32mp151a-stm32-computer-firmware-mx-bl2.pre.dts:990.18-35 Label or path usbotg_hs_pins_a not found
FATAL ERROR: Syntax error parsing input tree
make[1]: *** [Makefile:1453: /home/lubuntu/Dokument/GitHub/STM32-Computer/STM32CubeIDE/STM32-Computer-Firmware/CA7/tf-a-2.8.15-r2/tf-a-stm32mp-v2.8.15-stm32mp-r2/../build/optee-emmc-stm32mp15-stm32mp151a-stm32-computer-firmware-mx/fdts/stm32mp151a-stm32-computer-firmware-mx-bl2.dtb] Error 1
make: *** [../Makefile.sdk:232: tf-optee-emmc-stm32mp15] Error 1
"make -f ../Makefile.sdk.ide TF_A_DEVICETREE=stm32mp151a-stm32-computer-firmware-mx TF_A_CONFIG=optee-emmc stm32 metadata" terminated with exit code 2. Build might be incomplete.
